[2.126s] Invoking command in '/home/melih/Desktop/AGV/src/agv_py': PYTHONPATH=/home/melih/Desktop/AGV/build/agv_py/prefix_override:/home/melih/.local/lib/python3.10/site-packages/colcon_core/task/python/colcon_distutils_commands:/home/melih/Desktop/AGV/install/agv_py/lib/python3.10/site-packages:${PYTHONPATH} /usr/bin/python3 -W ignore:setup.py install is deprecated setup.py egg_info --egg-base ../../build/agv_py build --build-base /home/melih/Desktop/AGV/build/agv_py/build install --record /home/melih/Desktop/AGV/build/agv_py/install.log --single-version-externally-managed install_data
[2.737s] running egg_info
[2.739s] writing ../../build/agv_py/agv_py.egg-info/PKG-INFO
[2.740s] writing dependency_links to ../../build/agv_py/agv_py.egg-info/dependency_links.txt
[2.740s] writing entry points to ../../build/agv_py/agv_py.egg-info/entry_points.txt
[2.740s] writing requirements to ../../build/agv_py/agv_py.egg-info/requires.txt
[2.741s] writing top-level names to ../../build/agv_py/agv_py.egg-info/top_level.txt
[2.744s] reading manifest file '../../build/agv_py/agv_py.egg-info/SOURCES.txt'
[2.747s] writing manifest file '../../build/agv_py/agv_py.egg-info/SOURCES.txt'
[2.747s] running build
[2.747s] running build_py
[2.747s] copying agv_py/qrcode.py -> /home/melih/Desktop/AGV/build/agv_py/build/lib/agv_py
[2.748s] copying agv_py/deneyap_sensor_controller.py -> /home/melih/Desktop/AGV/build/agv_py/build/lib/agv_py
[2.748s] copying agv_py/deneyap_motor_controller.py -> /home/melih/Desktop/AGV/build/agv_py/build/lib/agv_py
[2.749s] running install
[2.749s] running install_lib
[2.753s] copying /home/melih/Desktop/AGV/build/agv_py/build/lib/agv_py/qrcode.py -> /home/melih/Desktop/AGV/install/agv_py/lib/python3.10/site-packages/agv_py
[2.753s] copying /home/melih/Desktop/AGV/build/agv_py/build/lib/agv_py/deneyap_sensor_controller.py -> /home/melih/Desktop/AGV/install/agv_py/lib/python3.10/site-packages/agv_py
[2.753s] copying /home/melih/Desktop/AGV/build/agv_py/build/lib/agv_py/deneyap_motor_controller.py -> /home/melih/Desktop/AGV/install/agv_py/lib/python3.10/site-packages/agv_py
[2.755s] byte-compiling /home/melih/Desktop/AGV/install/agv_py/lib/python3.10/site-packages/agv_py/qrcode.py to qrcode.cpython-310.pyc
[2.756s] byte-compiling /home/melih/Desktop/AGV/install/agv_py/lib/python3.10/site-packages/agv_py/deneyap_sensor_controller.py to deneyap_sensor_controller.cpython-310.pyc
[2.759s] byte-compiling /home/melih/Desktop/AGV/install/agv_py/lib/python3.10/site-packages/agv_py/deneyap_motor_controller.py to deneyap_motor_controller.cpython-310.pyc
[2.761s] running install_data
[2.761s] running install_egg_info
[2.764s] removing '/home/melih/Desktop/AGV/install/agv_py/lib/python3.10/site-packages/agv_py-0.0.0-py3.10.egg-info' (and everything under it)
[2.765s] Copying ../../build/agv_py/agv_py.egg-info to /home/melih/Desktop/AGV/install/agv_py/lib/python3.10/site-packages/agv_py-0.0.0-py3.10.egg-info
[2.767s] running install_scripts
[2.805s] Installing deneyap_motor_controller script to /home/melih/Desktop/AGV/install/agv_py/lib/agv_py
[2.805s] Installing deneyap_sensor_controller script to /home/melih/Desktop/AGV/install/agv_py/lib/agv_py
[2.805s] Installing interface script to /home/melih/Desktop/AGV/install/agv_py/lib/agv_py
[2.806s] Installing lidar_web_example script to /home/melih/Desktop/AGV/install/agv_py/lib/agv_py
[2.806s] Installing qrcode script to /home/melih/Desktop/AGV/install/agv_py/lib/agv_py
[2.806s] Installing web_interface script to /home/melih/Desktop/AGV/install/agv_py/lib/agv_py
[2.807s] writing list of installed files to '/home/melih/Desktop/AGV/build/agv_py/install.log'
[2.870s] Invoked command in '/home/melih/Desktop/AGV/src/agv_py' returned '0': PYTHONPATH=/home/melih/Desktop/AGV/build/agv_py/prefix_override:/home/melih/.local/lib/python3.10/site-packages/colcon_core/task/python/colcon_distutils_commands:/home/melih/Desktop/AGV/install/agv_py/lib/python3.10/site-packages:${PYTHONPATH} /usr/bin/python3 -W ignore:setup.py install is deprecated setup.py egg_info --egg-base ../../build/agv_py build --build-base /home/melih/Desktop/AGV/build/agv_py/build install --record /home/melih/Desktop/AGV/build/agv_py/install.log --single-version-externally-managed install_data
