[2.694s] Invoking command in '/home/melih/Desktop/AGV/src/agv_py': PYTHONPATH=/home/melih/Desktop/AGV/build/agv_py/prefix_override:/home/melih/.local/lib/python3.10/site-packages/colcon_core/task/python/colcon_distutils_commands:/home/melih/Desktop/AGV/install/agv_py/lib/python3.10/site-packages:${PYTHONPATH} /usr/bin/python3 -W ignore:setup.py install is deprecated setup.py egg_info --egg-base ../../build/agv_py build --build-base /home/melih/Desktop/AGV/build/agv_py/build install --record /home/melih/Desktop/AGV/build/agv_py/install.log --single-version-externally-managed install_data
[3.352s] running egg_info
[3.354s] writing ../../build/agv_py/agv_py.egg-info/PKG-INFO
[3.355s] writing dependency_links to ../../build/agv_py/agv_py.egg-info/dependency_links.txt
[3.355s] writing entry points to ../../build/agv_py/agv_py.egg-info/entry_points.txt
[3.355s] writing requirements to ../../build/agv_py/agv_py.egg-info/requires.txt
[3.356s] writing top-level names to ../../build/agv_py/agv_py.egg-info/top_level.txt
[3.359s] reading manifest file '../../build/agv_py/agv_py.egg-info/SOURCES.txt'
[3.362s] writing manifest file '../../build/agv_py/agv_py.egg-info/SOURCES.txt'
[3.363s] running build
[3.363s] running build_py
[3.364s] running install
[3.365s] running install_lib
[3.370s] running install_data
[3.370s] running install_egg_info
[3.374s] removing '/home/melih/Desktop/AGV/install/agv_py/lib/python3.10/site-packages/agv_py-0.0.0-py3.10.egg-info' (and everything under it)
[3.377s] Copying ../../build/agv_py/agv_py.egg-info to /home/melih/Desktop/AGV/install/agv_py/lib/python3.10/site-packages/agv_py-0.0.0-py3.10.egg-info
[3.377s] running install_scripts
[3.416s] Installing deneyap_motor_controller script to /home/melih/Desktop/AGV/install/agv_py/lib/agv_py
[3.417s] Installing deneyap_sensor_controller script to /home/melih/Desktop/AGV/install/agv_py/lib/agv_py
[3.417s] Installing interface script to /home/melih/Desktop/AGV/install/agv_py/lib/agv_py
[3.417s] Installing lidar_web_example script to /home/melih/Desktop/AGV/install/agv_py/lib/agv_py
[3.418s] Installing qrcode script to /home/melih/Desktop/AGV/install/agv_py/lib/agv_py
[3.418s] Installing web_interface script to /home/melih/Desktop/AGV/install/agv_py/lib/agv_py
[3.419s] writing list of installed files to '/home/melih/Desktop/AGV/build/agv_py/install.log'
[3.493s] Invoked command in '/home/melih/Desktop/AGV/src/agv_py' returned '0': PYTHONPATH=/home/melih/Desktop/AGV/build/agv_py/prefix_override:/home/melih/.local/lib/python3.10/site-packages/colcon_core/task/python/colcon_distutils_commands:/home/melih/Desktop/AGV/install/agv_py/lib/python3.10/site-packages:${PYTHONPATH} /usr/bin/python3 -W ignore:setup.py install is deprecated setup.py egg_info --egg-base ../../build/agv_py build --build-base /home/melih/Desktop/AGV/build/agv_py/build install --record /home/melih/Desktop/AGV/build/agv_py/install.log --single-version-externally-managed install_data
