[0.050s] Invoking command in '/home/melih/Desktop/AGV/build/agv_cpp': CMAKE_PREFIX_PATH=/home/melih/Desktop/AGV/install/agv_interfaces:/home/melih/Desktop/AGV/install/agv_launch:/home/melih/Desktop/AGV/install/agv_cpp:/home/melih/Desktop/New_Folder_1/install/ydlidar_ros2_driver:/home/melih/Desktop/ros_lifecycle_node/install/lifecycle_node_cpp:/home/melih/Desktop/ros_example/turtlesim_project/install/turtlesim_launch_bringup:/home/melih/Desktop/ros_example/edouard_turtlesim_project/install/turtlesim_catch_them_all_launch_bringup:/home/melih/Desktop/ros_example/battery_led_states/install/package_cpp:/home/melih/Desktop/ros_msgs/install/my_robot_interfaces:/home/melih/Desktop/ros_cpp2/install/rdr2:/home/melih/Desktop/ros_py/install/my_robot_bringup:/home/melih/Desktop/ros_action/install/actions_cpp:/home/melih/Desktop/ros_action/install/robot_action_interfaces:/home/melih/Desktop/AGV/install/agv_py:/home/melih/Desktop/ros_lifecycle_node/install/lifecycle_node_py:/home/melih/Desktop/ros_example/turtlesim_project/install/turtlesim_py:/home/melih/Desktop/ros_example/edouard_turtlesim_project/install/turtlesim_catch_them_all:/home/melih/Desktop/ros_example/battery_led_states/install/package_py:/home/melih/Desktop/ros_py/install/my_robot:/home/melih/Desktop/ros_action/install/actions_py:/opt/ros/humble /usr/bin/cmake --build /home/melih/Desktop/AGV/build/agv_cpp -- -j4 -l4
[0.159s] [35m[1mConsolidate compiler generated dependencies of target main_node[0m
[0.207s] [ 50%] [32mBuilding CXX object CMakeFiles/main_node.dir/src/main_node.cpp.o[0m
[5.461s] In file included from [01m[K/opt/ros/humble/include/rclcpp/rclcpp/logging.hpp:24[m[K,
[5.461s]                  from [01m[K/opt/ros/humble/include/rclcpp/rclcpp/client.hpp:40[m[K,
[5.461s]                  from [01m[K/opt/ros/humble/include/rclcpp/rclcpp/callback_group.hpp:24[m[K,
[5.462s]                  from [01m[K/opt/ros/humble/include/rclcpp/rclcpp/any_executable.hpp:20[m[K,
[5.462s]                  from [01m[K/opt/ros/humble/include/rclcpp/rclcpp/memory_strategy.hpp:25[m[K,
[5.462s]                  from [01m[K/opt/ros/humble/include/rclcpp/rclcpp/memory_strategies.hpp:18[m[K,
[5.462s]                  from [01m[K/opt/ros/humble/include/rclcpp/rclcpp/executor_options.hpp:20[m[K,
[5.462s]                  from [01m[K/opt/ros/humble/include/rclcpp/rclcpp/executor.hpp:37[m[K,
[5.463s]                  from [01m[K/opt/ros/humble/include/rclcpp/rclcpp/executors/multi_threaded_executor.hpp:25[m[K,
[5.463s]                  from [01m[K/opt/ros/humble/include/rclcpp/rclcpp/executors.hpp:21[m[K,
[5.463s]                  from [01m[K/opt/ros/humble/include/rclcpp/rclcpp/rclcpp.hpp:155[m[K,
[5.463s]                  from [01m[K/home/melih/Desktop/AGV/src/agv_cpp/src/main_node.cpp:1[m[K:
[5.463s] [01m[K/home/melih/Desktop/AGV/src/agv_cpp/src/main_node.cpp:[m[K In member function ‘[01m[Kvoid MainNode::left_obstacle_callback(std_msgs::msg::Bool_<std::allocator<void> >::SharedPtr)[m[K’:
[5.463s] [01m[K/home/melih/Desktop/AGV/src/agv_cpp/src/main_node.cpp:87:45:[m[K [01;35m[Kwarning: [m[Kunknown conversion type character ‘[01m[Kb[m[K’ in format [[01;35m[K]8;;https://gcc.gnu.org/onlinedocs/gcc/Warning-Options.html#index-Wformat=-Wformat=]8;;[m[K]
[5.463s]    87 |             RCLCPP_INFO(this->get_logger(), [01;35m[K"Left obstacle state: %b"[m[K, left_obstacle_state_);
[5.464s]       |                                             [01;35m[K^~~~~~~~~~~~~~~~~~~~~~~~~[m[K
[5.464s] [01m[K/home/melih/Desktop/AGV/src/agv_cpp/src/main_node.cpp:87:68:[m[K [01;36m[Knote: [m[Kformat string is defined here
[5.464s]    87 | CLCPP_INFO(this->get_logger(), "Left obstacle state: %[01;36m[Kb[m[K", left_obstacle_state_);
[5.464s]       |                                                       [01;36m[K^[m[K
[5.464s] 
[5.464s] In file included from [01m[K/opt/ros/humble/include/rclcpp/rclcpp/logging.hpp:24[m[K,
[5.464s]                  from [01m[K/opt/ros/humble/include/rclcpp/rclcpp/client.hpp:40[m[K,
[5.465s]                  from [01m[K/opt/ros/humble/include/rclcpp/rclcpp/callback_group.hpp:24[m[K,
[5.465s]                  from [01m[K/opt/ros/humble/include/rclcpp/rclcpp/any_executable.hpp:20[m[K,
[5.465s]                  from [01m[K/opt/ros/humble/include/rclcpp/rclcpp/memory_strategy.hpp:25[m[K,
[5.465s]                  from [01m[K/opt/ros/humble/include/rclcpp/rclcpp/memory_strategies.hpp:18[m[K,
[5.465s]                  from [01m[K/opt/ros/humble/include/rclcpp/rclcpp/executor_options.hpp:20[m[K,
[5.465s]                  from [01m[K/opt/ros/humble/include/rclcpp/rclcpp/executor.hpp:37[m[K,
[5.465s]                  from [01m[K/opt/ros/humble/include/rclcpp/rclcpp/executors/multi_threaded_executor.hpp:25[m[K,
[5.466s]                  from [01m[K/opt/ros/humble/include/rclcpp/rclcpp/executors.hpp:21[m[K,
[5.466s]                  from [01m[K/opt/ros/humble/include/rclcpp/rclcpp/rclcpp.hpp:155[m[K,
[5.466s]                  from [01m[K/home/melih/Desktop/AGV/src/agv_cpp/src/main_node.cpp:1[m[K:
[5.466s] [01m[K/home/melih/Desktop/AGV/src/agv_cpp/src/main_node.cpp:87:45:[m[K [01;35m[Kwarning: [m[Ktoo many arguments for format [[01;35m[K]8;;https://gcc.gnu.org/onlinedocs/gcc/Warning-Options.html#index-Wformat-extra-args-Wformat-extra-args]8;;[m[K]
[5.466s]    87 |             RCLCPP_INFO(this->get_logger(), [01;35m[K"Left obstacle state: %b"[m[K, left_obstacle_state_);
[5.466s]       |                                             [01;35m[K^~~~~~~~~~~~~~~~~~~~~~~~~[m[K
[26.868s] [100%] [32m[1mLinking CXX executable main_node[0m
[28.386s] [100%] Built target main_node
[28.406s] Invoked command in '/home/melih/Desktop/AGV/build/agv_cpp' returned '0': CMAKE_PREFIX_PATH=/home/melih/Desktop/AGV/install/agv_interfaces:/home/melih/Desktop/AGV/install/agv_launch:/home/melih/Desktop/AGV/install/agv_cpp:/home/melih/Desktop/New_Folder_1/install/ydlidar_ros2_driver:/home/melih/Desktop/ros_lifecycle_node/install/lifecycle_node_cpp:/home/melih/Desktop/ros_example/turtlesim_project/install/turtlesim_launch_bringup:/home/melih/Desktop/ros_example/edouard_turtlesim_project/install/turtlesim_catch_them_all_launch_bringup:/home/melih/Desktop/ros_example/battery_led_states/install/package_cpp:/home/melih/Desktop/ros_msgs/install/my_robot_interfaces:/home/melih/Desktop/ros_cpp2/install/rdr2:/home/melih/Desktop/ros_py/install/my_robot_bringup:/home/melih/Desktop/ros_action/install/actions_cpp:/home/melih/Desktop/ros_action/install/robot_action_interfaces:/home/melih/Desktop/AGV/install/agv_py:/home/melih/Desktop/ros_lifecycle_node/install/lifecycle_node_py:/home/melih/Desktop/ros_example/turtlesim_project/install/turtlesim_py:/home/melih/Desktop/ros_example/edouard_turtlesim_project/install/turtlesim_catch_them_all:/home/melih/Desktop/ros_example/battery_led_states/install/package_py:/home/melih/Desktop/ros_py/install/my_robot:/home/melih/Desktop/ros_action/install/actions_py:/opt/ros/humble /usr/bin/cmake --build /home/melih/Desktop/AGV/build/agv_cpp -- -j4 -l4
[28.458s] Invoking command in '/home/melih/Desktop/AGV/build/agv_cpp': CMAKE_PREFIX_PATH=/home/melih/Desktop/AGV/install/agv_interfaces:/home/melih/Desktop/AGV/install/agv_launch:/home/melih/Desktop/AGV/install/agv_cpp:/home/melih/Desktop/New_Folder_1/install/ydlidar_ros2_driver:/home/melih/Desktop/ros_lifecycle_node/install/lifecycle_node_cpp:/home/melih/Desktop/ros_example/turtlesim_project/install/turtlesim_launch_bringup:/home/melih/Desktop/ros_example/edouard_turtlesim_project/install/turtlesim_catch_them_all_launch_bringup:/home/melih/Desktop/ros_example/battery_led_states/install/package_cpp:/home/melih/Desktop/ros_msgs/install/my_robot_interfaces:/home/melih/Desktop/ros_cpp2/install/rdr2:/home/melih/Desktop/ros_py/install/my_robot_bringup:/home/melih/Desktop/ros_action/install/actions_cpp:/home/melih/Desktop/ros_action/install/robot_action_interfaces:/home/melih/Desktop/AGV/install/agv_py:/home/melih/Desktop/ros_lifecycle_node/install/lifecycle_node_py:/home/melih/Desktop/ros_example/turtlesim_project/install/turtlesim_py:/home/melih/Desktop/ros_example/edouard_turtlesim_project/install/turtlesim_catch_them_all:/home/melih/Desktop/ros_example/battery_led_states/install/package_py:/home/melih/Desktop/ros_py/install/my_robot:/home/melih/Desktop/ros_action/install/actions_py:/opt/ros/humble /usr/bin/cmake --install /home/melih/Desktop/AGV/build/agv_cpp
[28.471s] -- Install configuration: ""
[28.471s] -- Installing: /home/melih/Desktop/AGV/install/agv_cpp/lib/agv_cpp/main_node
[28.492s] -- Set runtime path of "/home/melih/Desktop/AGV/install/agv_cpp/lib/agv_cpp/main_node" to ""
[28.493s] -- Up-to-date: /home/melih/Desktop/AGV/install/agv_cpp/share/ament_index/resource_index/package_run_dependencies/agv_cpp
[28.493s] -- Up-to-date: /home/melih/Desktop/AGV/install/agv_cpp/share/ament_index/resource_index/parent_prefix_path/agv_cpp
[28.493s] -- Up-to-date: /home/melih/Desktop/AGV/install/agv_cpp/share/agv_cpp/environment/ament_prefix_path.sh
[28.493s] -- Up-to-date: /home/melih/Desktop/AGV/install/agv_cpp/share/agv_cpp/environment/ament_prefix_path.dsv
[28.494s] -- Up-to-date: /home/melih/Desktop/AGV/install/agv_cpp/share/agv_cpp/environment/path.sh
[28.494s] -- Up-to-date: /home/melih/Desktop/AGV/install/agv_cpp/share/agv_cpp/environment/path.dsv
[28.494s] -- Up-to-date: /home/melih/Desktop/AGV/install/agv_cpp/share/agv_cpp/local_setup.bash
[28.494s] -- Up-to-date: /home/melih/Desktop/AGV/install/agv_cpp/share/agv_cpp/local_setup.sh
[28.494s] -- Up-to-date: /home/melih/Desktop/AGV/install/agv_cpp/share/agv_cpp/local_setup.zsh
[28.495s] -- Up-to-date: /home/melih/Desktop/AGV/install/agv_cpp/share/agv_cpp/local_setup.dsv
[28.495s] -- Installing: /home/melih/Desktop/AGV/install/agv_cpp/share/agv_cpp/package.dsv
[28.495s] -- Up-to-date: /home/melih/Desktop/AGV/install/agv_cpp/share/ament_index/resource_index/packages/agv_cpp
[28.495s] -- Up-to-date: /home/melih/Desktop/AGV/install/agv_cpp/share/agv_cpp/cmake/agv_cppConfig.cmake
[28.495s] -- Up-to-date: /home/melih/Desktop/AGV/install/agv_cpp/share/agv_cpp/cmake/agv_cppConfig-version.cmake
[28.495s] -- Up-to-date: /home/melih/Desktop/AGV/install/agv_cpp/share/agv_cpp/package.xml
[28.500s] Invoked command in '/home/melih/Desktop/AGV/build/agv_cpp' returned '0': CMAKE_PREFIX_PATH=/home/melih/Desktop/AGV/install/agv_interfaces:/home/melih/Desktop/AGV/install/agv_launch:/home/melih/Desktop/AGV/install/agv_cpp:/home/melih/Desktop/New_Folder_1/install/ydlidar_ros2_driver:/home/melih/Desktop/ros_lifecycle_node/install/lifecycle_node_cpp:/home/melih/Desktop/ros_example/turtlesim_project/install/turtlesim_launch_bringup:/home/melih/Desktop/ros_example/edouard_turtlesim_project/install/turtlesim_catch_them_all_launch_bringup:/home/melih/Desktop/ros_example/battery_led_states/install/package_cpp:/home/melih/Desktop/ros_msgs/install/my_robot_interfaces:/home/melih/Desktop/ros_cpp2/install/rdr2:/home/melih/Desktop/ros_py/install/my_robot_bringup:/home/melih/Desktop/ros_action/install/actions_cpp:/home/melih/Desktop/ros_action/install/robot_action_interfaces:/home/melih/Desktop/AGV/install/agv_py:/home/melih/Desktop/ros_lifecycle_node/install/lifecycle_node_py:/home/melih/Desktop/ros_example/turtlesim_project/install/turtlesim_py:/home/melih/Desktop/ros_example/edouard_turtlesim_project/install/turtlesim_catch_them_all:/home/melih/Desktop/ros_example/battery_led_states/install/package_py:/home/melih/Desktop/ros_py/install/my_robot:/home/melih/Desktop/ros_action/install/actions_py:/opt/ros/humble /usr/bin/cmake --install /home/melih/Desktop/AGV/build/agv_cpp
