[3.246s] Invoking command in '/home/melih/Desktop/AGV/src/agv_py': PYTHONPATH=/home/melih/Desktop/AGV/build/agv_py/prefix_override:/home/melih/.local/lib/python3.10/site-packages/colcon_core/task/python/colcon_distutils_commands:/home/melih/Desktop/AGV/install/agv_py/lib/python3.10/site-packages:${PYTHONPATH} /usr/bin/python3 -W ignore:setup.py install is deprecated setup.py egg_info --egg-base ../../build/agv_py build --build-base /home/melih/Desktop/AGV/build/agv_py/build install --record /home/melih/Desktop/AGV/build/agv_py/install.log --single-version-externally-managed install_data
[4.220s] running egg_info
[4.223s] writing ../../build/agv_py/agv_py.egg-info/PKG-INFO
[4.223s] writing dependency_links to ../../build/agv_py/agv_py.egg-info/dependency_links.txt
[4.224s] writing entry points to ../../build/agv_py/agv_py.egg-info/entry_points.txt
[4.224s] writing requirements to ../../build/agv_py/agv_py.egg-info/requires.txt
[4.225s] writing top-level names to ../../build/agv_py/agv_py.egg-info/top_level.txt
[4.232s] reading manifest file '../../build/agv_py/agv_py.egg-info/SOURCES.txt'
[4.245s] writing manifest file '../../build/agv_py/agv_py.egg-info/SOURCES.txt'
[4.245s] running build
[4.245s] running build_py
[4.247s] running install
[4.248s] running install_lib
[4.260s] running install_data
[4.260s] running install_egg_info
[4.270s] removing '/home/melih/Desktop/AGV/install/agv_py/lib/python3.10/site-packages/agv_py-0.0.0-py3.10.egg-info' (and everything under it)
[4.270s] Copying ../../build/agv_py/agv_py.egg-info to /home/melih/Desktop/AGV/install/agv_py/lib/python3.10/site-packages/agv_py-0.0.0-py3.10.egg-info
[4.274s] running install_scripts
[4.372s] Installing deneyap_motor_controller script to /home/melih/Desktop/AGV/install/agv_py/lib/agv_py
[4.373s] Installing deneyap_sensor_controller script to /home/melih/Desktop/AGV/install/agv_py/lib/agv_py
[4.378s] Installing interface script to /home/melih/Desktop/AGV/install/agv_py/lib/agv_py
[4.379s] Installing lidar_web_example script to /home/melih/Desktop/AGV/install/agv_py/lib/agv_py
[4.380s] Installing qrcode script to /home/melih/Desktop/AGV/install/agv_py/lib/agv_py
[4.380s] Installing web_interface script to /home/melih/Desktop/AGV/install/agv_py/lib/agv_py
[4.380s] writing list of installed files to '/home/melih/Desktop/AGV/build/agv_py/install.log'
[4.456s] Invoked command in '/home/melih/Desktop/AGV/src/agv_py' returned '0': PYTHONPATH=/home/melih/Desktop/AGV/build/agv_py/prefix_override:/home/melih/.local/lib/python3.10/site-packages/colcon_core/task/python/colcon_distutils_commands:/home/melih/Desktop/AGV/install/agv_py/lib/python3.10/site-packages:${PYTHONPATH} /usr/bin/python3 -W ignore:setup.py install is deprecated setup.py egg_info --egg-base ../../build/agv_py build --build-base /home/melih/Desktop/AGV/build/agv_py/build install --record /home/melih/Desktop/AGV/build/agv_py/install.log --single-version-externally-managed install_data
