[ 50%] [32mBuilding CXX object CMakeFiles/main_node.dir/src/main_node.cpp.o[0m
[100%] [32m[1mLinking CXX executable main_node[0m
[100%] Built target main_node
-- Install configuration: ""
-- Installing: /home/melih/Desktop/AGV/install/agv_cpp/lib/agv_cpp/main_node
-- Set runtime path of "/home/melih/Desktop/AGV/install/agv_cpp/lib/agv_cpp/main_node" to ""
-- Up-to-date: /home/melih/Desktop/AGV/install/agv_cpp/share/ament_index/resource_index/package_run_dependencies/agv_cpp
-- Up-to-date: /home/melih/Desktop/AGV/install/agv_cpp/share/ament_index/resource_index/parent_prefix_path/agv_cpp
-- Up-to-date: /home/melih/Desktop/AGV/install/agv_cpp/share/agv_cpp/environment/ament_prefix_path.sh
-- Up-to-date: /home/melih/Desktop/AGV/install/agv_cpp/share/agv_cpp/environment/ament_prefix_path.dsv
-- Up-to-date: /home/melih/Desktop/AGV/install/agv_cpp/share/agv_cpp/environment/path.sh
-- Up-to-date: /home/melih/Desktop/AGV/install/agv_cpp/share/agv_cpp/environment/path.dsv
-- Up-to-date: /home/melih/Desktop/AGV/install/agv_cpp/share/agv_cpp/local_setup.bash
-- Up-to-date: /home/melih/Desktop/AGV/install/agv_cpp/share/agv_cpp/local_setup.sh
-- Up-to-date: /home/melih/Desktop/AGV/install/agv_cpp/share/agv_cpp/local_setup.zsh
-- Up-to-date: /home/melih/Desktop/AGV/install/agv_cpp/share/agv_cpp/local_setup.dsv
-- Installing: /home/melih/Desktop/AGV/install/agv_cpp/share/agv_cpp/package.dsv
-- Up-to-date: /home/melih/Desktop/AGV/install/agv_cpp/share/ament_index/resource_index/packages/agv_cpp
-- Up-to-date: /home/melih/Desktop/AGV/install/agv_cpp/share/agv_cpp/cmake/agv_cppConfig.cmake
-- Up-to-date: /home/melih/Desktop/AGV/install/agv_cpp/share/agv_cpp/cmake/agv_cppConfig-version.cmake
-- Up-to-date: /home/melih/Desktop/AGV/install/agv_cpp/share/agv_cpp/package.xml
