[3.517s] Invoking command in '/home/melih/Desktop/AGV/src/agv_py': PYTHONPATH=/home/melih/Desktop/AGV/build/agv_py/prefix_override:/home/melih/.local/lib/python3.10/site-packages/colcon_core/task/python/colcon_distutils_commands:/home/melih/Desktop/AGV/install/agv_py/lib/python3.10/site-packages:${PYTHONPATH} /usr/bin/python3 -W ignore:setup.py install is deprecated setup.py egg_info --egg-base ../../build/agv_py build --build-base /home/melih/Desktop/AGV/build/agv_py/build install --record /home/melih/Desktop/AGV/build/agv_py/install.log --single-version-externally-managed install_data
[4.795s] running egg_info
[4.798s] writing ../../build/agv_py/agv_py.egg-info/PKG-INFO
[4.798s] writing dependency_links to ../../build/agv_py/agv_py.egg-info/dependency_links.txt
[4.799s] writing entry points to ../../build/agv_py/agv_py.egg-info/entry_points.txt
[4.799s] writing requirements to ../../build/agv_py/agv_py.egg-info/requires.txt
[4.800s] writing top-level names to ../../build/agv_py/agv_py.egg-info/top_level.txt
[4.809s] reading manifest file '../../build/agv_py/agv_py.egg-info/SOURCES.txt'
[4.822s] writing manifest file '../../build/agv_py/agv_py.egg-info/SOURCES.txt'
[4.827s] running build
[4.827s] running build_py
[4.827s] running install
[4.828s] running install_lib
[4.840s] running install_data
[4.842s] running install_egg_info
[4.855s] removing '/home/melih/Desktop/AGV/install/agv_py/lib/python3.10/site-packages/agv_py-0.0.0-py3.10.egg-info' (and everything under it)
[4.855s] Copying ../../build/agv_py/agv_py.egg-info to /home/melih/Desktop/AGV/install/agv_py/lib/python3.10/site-packages/agv_py-0.0.0-py3.10.egg-info
[4.862s] running install_scripts
[4.962s] Installing deneyap_motor_controller script to /home/melih/Desktop/AGV/install/agv_py/lib/agv_py
[4.967s] Installing deneyap_sensor_controller script to /home/melih/Desktop/AGV/install/agv_py/lib/agv_py
[4.967s] Installing interface script to /home/melih/Desktop/AGV/install/agv_py/lib/agv_py
[4.972s] Installing lidar_web_example script to /home/melih/Desktop/AGV/install/agv_py/lib/agv_py
[4.973s] Installing qrcode script to /home/melih/Desktop/AGV/install/agv_py/lib/agv_py
[4.976s] Installing web_interface script to /home/melih/Desktop/AGV/install/agv_py/lib/agv_py
[4.978s] writing list of installed files to '/home/melih/Desktop/AGV/build/agv_py/install.log'
[5.085s] Invoked command in '/home/melih/Desktop/AGV/src/agv_py' returned '0': PYTHONPATH=/home/melih/Desktop/AGV/build/agv_py/prefix_override:/home/melih/.local/lib/python3.10/site-packages/colcon_core/task/python/colcon_distutils_commands:/home/melih/Desktop/AGV/install/agv_py/lib/python3.10/site-packages:${PYTHONPATH} /usr/bin/python3 -W ignore:setup.py install is deprecated setup.py egg_info --egg-base ../../build/agv_py build --build-base /home/melih/Desktop/AGV/build/agv_py/build install --record /home/melih/Desktop/AGV/build/agv_py/install.log --single-version-externally-managed install_data
