[0.047s] Invoking command in '/home/melih/Desktop/AGV/build/agv_cpp': CMAKE_PREFIX_PATH=/home/melih/Desktop/AGV/install/agv_interfaces:/home/melih/Desktop/AGV/install/agv_launch:/home/melih/Desktop/AGV/install/agv_cpp:/home/melih/Desktop/New_Folder_1/install/ydlidar_ros2_driver:/home/melih/Desktop/ros_lifecycle_node/install/lifecycle_node_cpp:/home/melih/Desktop/ros_example/turtlesim_project/install/turtlesim_launch_bringup:/home/melih/Desktop/ros_example/edouard_turtlesim_project/install/turtlesim_catch_them_all_launch_bringup:/home/melih/Desktop/ros_example/battery_led_states/install/package_cpp:/home/melih/Desktop/ros_msgs/install/my_robot_interfaces:/home/melih/Desktop/ros_cpp2/install/rdr2:/home/melih/Desktop/ros_py/install/my_robot_bringup:/home/melih/Desktop/ros_action/install/actions_cpp:/home/melih/Desktop/ros_action/install/robot_action_interfaces:/home/melih/Desktop/AGV/install/agv_py:/home/melih/Desktop/ros_lifecycle_node/install/lifecycle_node_py:/home/melih/Desktop/ros_example/turtlesim_project/install/turtlesim_py:/home/melih/Desktop/ros_example/edouard_turtlesim_project/install/turtlesim_catch_them_all:/home/melih/Desktop/ros_example/battery_led_states/install/package_py:/home/melih/Desktop/ros_py/install/my_robot:/home/melih/Desktop/ros_action/install/actions_py:/opt/ros/humble /usr/bin/cmake --build /home/melih/Desktop/AGV/build/agv_cpp -- -j4 -l4
[0.193s] [35m[1mConsolidate compiler generated dependencies of target main_node[0m
[0.256s] [ 50%] [32mBuilding CXX object CMakeFiles/main_node.dir/src/main_node.cpp.o[0m
[43.977s] [100%] [32m[1mLinking CXX executable main_node[0m
[46.171s] [100%] Built target main_node
[46.201s] Invoked command in '/home/melih/Desktop/AGV/build/agv_cpp' returned '0': CMAKE_PREFIX_PATH=/home/melih/Desktop/AGV/install/agv_interfaces:/home/melih/Desktop/AGV/install/agv_launch:/home/melih/Desktop/AGV/install/agv_cpp:/home/melih/Desktop/New_Folder_1/install/ydlidar_ros2_driver:/home/melih/Desktop/ros_lifecycle_node/install/lifecycle_node_cpp:/home/melih/Desktop/ros_example/turtlesim_project/install/turtlesim_launch_bringup:/home/melih/Desktop/ros_example/edouard_turtlesim_project/install/turtlesim_catch_them_all_launch_bringup:/home/melih/Desktop/ros_example/battery_led_states/install/package_cpp:/home/melih/Desktop/ros_msgs/install/my_robot_interfaces:/home/melih/Desktop/ros_cpp2/install/rdr2:/home/melih/Desktop/ros_py/install/my_robot_bringup:/home/melih/Desktop/ros_action/install/actions_cpp:/home/melih/Desktop/ros_action/install/robot_action_interfaces:/home/melih/Desktop/AGV/install/agv_py:/home/melih/Desktop/ros_lifecycle_node/install/lifecycle_node_py:/home/melih/Desktop/ros_example/turtlesim_project/install/turtlesim_py:/home/melih/Desktop/ros_example/edouard_turtlesim_project/install/turtlesim_catch_them_all:/home/melih/Desktop/ros_example/battery_led_states/install/package_py:/home/melih/Desktop/ros_py/install/my_robot:/home/melih/Desktop/ros_action/install/actions_py:/opt/ros/humble /usr/bin/cmake --build /home/melih/Desktop/AGV/build/agv_cpp -- -j4 -l4
[46.268s] Invoking command in '/home/melih/Desktop/AGV/build/agv_cpp': CMAKE_PREFIX_PATH=/home/melih/Desktop/AGV/install/agv_interfaces:/home/melih/Desktop/AGV/install/agv_launch:/home/melih/Desktop/AGV/install/agv_cpp:/home/melih/Desktop/New_Folder_1/install/ydlidar_ros2_driver:/home/melih/Desktop/ros_lifecycle_node/install/lifecycle_node_cpp:/home/melih/Desktop/ros_example/turtlesim_project/install/turtlesim_launch_bringup:/home/melih/Desktop/ros_example/edouard_turtlesim_project/install/turtlesim_catch_them_all_launch_bringup:/home/melih/Desktop/ros_example/battery_led_states/install/package_cpp:/home/melih/Desktop/ros_msgs/install/my_robot_interfaces:/home/melih/Desktop/ros_cpp2/install/rdr2:/home/melih/Desktop/ros_py/install/my_robot_bringup:/home/melih/Desktop/ros_action/install/actions_cpp:/home/melih/Desktop/ros_action/install/robot_action_interfaces:/home/melih/Desktop/AGV/install/agv_py:/home/melih/Desktop/ros_lifecycle_node/install/lifecycle_node_py:/home/melih/Desktop/ros_example/turtlesim_project/install/turtlesim_py:/home/melih/Desktop/ros_example/edouard_turtlesim_project/install/turtlesim_catch_them_all:/home/melih/Desktop/ros_example/battery_led_states/install/package_py:/home/melih/Desktop/ros_py/install/my_robot:/home/melih/Desktop/ros_action/install/actions_py:/opt/ros/humble /usr/bin/cmake --install /home/melih/Desktop/AGV/build/agv_cpp
[46.299s] -- Install configuration: ""
[46.300s] -- Installing: /home/melih/Desktop/AGV/install/agv_cpp/lib/agv_cpp/main_node
[46.346s] -- Set runtime path of "/home/melih/Desktop/AGV/install/agv_cpp/lib/agv_cpp/main_node" to ""
[46.346s] -- Up-to-date: /home/melih/Desktop/AGV/install/agv_cpp/share/ament_index/resource_index/package_run_dependencies/agv_cpp
[46.347s] -- Up-to-date: /home/melih/Desktop/AGV/install/agv_cpp/share/ament_index/resource_index/parent_prefix_path/agv_cpp
[46.347s] -- Up-to-date: /home/melih/Desktop/AGV/install/agv_cpp/share/agv_cpp/environment/ament_prefix_path.sh
[46.348s] -- Up-to-date: /home/melih/Desktop/AGV/install/agv_cpp/share/agv_cpp/environment/ament_prefix_path.dsv
[46.350s] -- Up-to-date: /home/melih/Desktop/AGV/install/agv_cpp/share/agv_cpp/environment/path.sh
[46.350s] -- Up-to-date: /home/melih/Desktop/AGV/install/agv_cpp/share/agv_cpp/environment/path.dsv
[46.351s] -- Up-to-date: /home/melih/Desktop/AGV/install/agv_cpp/share/agv_cpp/local_setup.bash
[46.351s] -- Up-to-date: /home/melih/Desktop/AGV/install/agv_cpp/share/agv_cpp/local_setup.sh
[46.351s] -- Up-to-date: /home/melih/Desktop/AGV/install/agv_cpp/share/agv_cpp/local_setup.zsh
[46.352s] -- Up-to-date: /home/melih/Desktop/AGV/install/agv_cpp/share/agv_cpp/local_setup.dsv
[46.352s] -- Installing: /home/melih/Desktop/AGV/install/agv_cpp/share/agv_cpp/package.dsv
[46.352s] -- Up-to-date: /home/melih/Desktop/AGV/install/agv_cpp/share/ament_index/resource_index/packages/agv_cpp
[46.352s] -- Up-to-date: /home/melih/Desktop/AGV/install/agv_cpp/share/agv_cpp/cmake/agv_cppConfig.cmake
[46.353s] -- Up-to-date: /home/melih/Desktop/AGV/install/agv_cpp/share/agv_cpp/cmake/agv_cppConfig-version.cmake
[46.353s] -- Up-to-date: /home/melih/Desktop/AGV/install/agv_cpp/share/agv_cpp/package.xml
[46.362s] Invoked command in '/home/melih/Desktop/AGV/build/agv_cpp' returned '0': CMAKE_PREFIX_PATH=/home/melih/Desktop/AGV/install/agv_interfaces:/home/melih/Desktop/AGV/install/agv_launch:/home/melih/Desktop/AGV/install/agv_cpp:/home/melih/Desktop/New_Folder_1/install/ydlidar_ros2_driver:/home/melih/Desktop/ros_lifecycle_node/install/lifecycle_node_cpp:/home/melih/Desktop/ros_example/turtlesim_project/install/turtlesim_launch_bringup:/home/melih/Desktop/ros_example/edouard_turtlesim_project/install/turtlesim_catch_them_all_launch_bringup:/home/melih/Desktop/ros_example/battery_led_states/install/package_cpp:/home/melih/Desktop/ros_msgs/install/my_robot_interfaces:/home/melih/Desktop/ros_cpp2/install/rdr2:/home/melih/Desktop/ros_py/install/my_robot_bringup:/home/melih/Desktop/ros_action/install/actions_cpp:/home/melih/Desktop/ros_action/install/robot_action_interfaces:/home/melih/Desktop/AGV/install/agv_py:/home/melih/Desktop/ros_lifecycle_node/install/lifecycle_node_py:/home/melih/Desktop/ros_example/turtlesim_project/install/turtlesim_py:/home/melih/Desktop/ros_example/edouard_turtlesim_project/install/turtlesim_catch_them_all:/home/melih/Desktop/ros_example/battery_led_states/install/package_py:/home/melih/Desktop/ros_py/install/my_robot:/home/melih/Desktop/ros_action/install/actions_py:/opt/ros/humble /usr/bin/cmake --install /home/melih/Desktop/AGV/build/agv_cpp
