[0.337s] DEBUG:colcon:Command line arguments: ['/home/melih/.local/bin/colcon', 'build']
[0.337s] DEBUG:colcon:Parsed command line arguments: Namespace(log_base=None, log_level=None, verb_name='build', build_base='build', install_base='install', merge_install=False, symlink_install=False, test_result_base=None, continue_on_error=False, executor='parallel', parallel_workers=4, event_handlers=None, ignore_user_meta=False, metas=['./colcon.meta'], base_paths=['.'], packages_ignore=None, packages_ignore_regex=None, paths=None, packages_up_to=None, packages_up_to_regex=None, packages_above=None, packages_above_and_dependencies=None, packages_above_depth=None, packages_select_by_dep=None, packages_skip_by_dep=None, packages_skip_up_to=None, packages_select_build_failed=False, packages_skip_build_finished=False, packages_select_test_failures=False, packages_skip_test_passed=False, packages_select=None, packages_skip=None, packages_select_regex=None, packages_skip_regex=None, packages_start=None, packages_end=None, allow_overriding=[], cmake_args=None, cmake_target=None, cmake_target_skip_unavailable=False, cmake_clean_cache=False, cmake_clean_first=False, cmake_force_configure=False, ament_cmake_args=None, catkin_cmake_args=None, catkin_skip_building_tests=False, verb_parser=<colcon_defaults.argument_parser.defaults.DefaultArgumentsDecorator object at 0x70071bcdcb50>, verb_extension=<colcon_core.verb.build.BuildVerb object at 0x70071bcdc040>, main=<bound method BuildVerb.main of <colcon_core.verb.build.BuildVerb object at 0x70071bcdc040>>)
[0.787s] Level 1:colcon.colcon_core.package_discovery:discover_packages(colcon_meta) check parameters
[0.788s] Level 1:colcon.colcon_core.package_discovery:discover_packages(recursive) check parameters
[0.788s] Level 1:colcon.colcon_core.package_discovery:discover_packages(ignore) check parameters
[0.788s] Level 1:colcon.colcon_core.package_discovery:discover_packages(path) check parameters
[0.788s] Level 1:colcon.colcon_core.package_discovery:discover_packages(colcon_meta) discover
[0.788s] Level 1:colcon.colcon_core.package_discovery:discover_packages(recursive) discover
[0.789s] INFO:colcon.colcon_core.package_discovery:Crawling recursively for packages in '/home/melih/Desktop/AGV'
[0.789s] Level 1:colcon.colcon_core.package_identification:_identify(.) by extensions ['ignore', 'ignore_ament_install']
[0.789s] Level 1:colcon.colcon_core.package_identification:_identify(.) by extension 'ignore'
[0.789s] Level 1:colcon.colcon_core.package_identification:_identify(.) by extension 'ignore_ament_install'
[0.789s] Level 1:colcon.colcon_core.package_identification:_identify(.) by extensions ['colcon_pkg']
[0.789s] Level 1:colcon.colcon_core.package_identification:_identify(.) by extension 'colcon_pkg'
[0.790s] Level 1:colcon.colcon_core.package_identification:_identify(.) by extensions ['colcon_meta']
[0.790s] Level 1:colcon.colcon_core.package_identification:_identify(.) by extension 'colcon_meta'
[0.790s] Level 1:colcon.colcon_core.package_identification:_identify(.) by extensions ['ros']
[0.790s] Level 1:colcon.colcon_core.package_identification:_identify(.) by extension 'ros'
[0.821s] Level 1:colcon.colcon_core.package_identification:_identify(.) by extensions ['cmake', 'python']
[0.821s] Level 1:colcon.colcon_core.package_identification:_identify(.) by extension 'cmake'
[0.821s] Level 1:colcon.colcon_core.package_identification:_identify(.) by extension 'python'
[0.821s] Level 1:colcon.colcon_core.package_identification:_identify(.) by extensions ['python_setup_py']
[0.821s] Level 1:colcon.colcon_core.package_identification:_identify(.) by extension 'python_setup_py'
[0.821s] Level 1:colcon.colcon_core.package_identification:_identify(build) by extensions ['ignore', 'ignore_ament_install']
[0.822s] Level 1:colcon.colcon_core.package_identification:_identify(build) by extension 'ignore'
[0.822s] Level 1:colcon.colcon_core.package_identification:_identify(build) ignored
[0.822s] Level 1:colcon.colcon_core.package_identification:_identify(install) by extensions ['ignore', 'ignore_ament_install']
[0.822s] Level 1:colcon.colcon_core.package_identification:_identify(install) by extension 'ignore'
[0.822s] Level 1:colcon.colcon_core.package_identification:_identify(install) ignored
[0.823s] Level 1:colcon.colcon_core.package_identification:_identify(log) by extensions ['ignore', 'ignore_ament_install']
[0.823s] Level 1:colcon.colcon_core.package_identification:_identify(log) by extension 'ignore'
[0.823s] Level 1:colcon.colcon_core.package_identification:_identify(log) ignored
[0.823s] Level 1:colcon.colcon_core.package_identification:_identify(src) by extensions ['ignore', 'ignore_ament_install']
[0.823s] Level 1:colcon.colcon_core.package_identification:_identify(src) by extension 'ignore'
[0.823s] Level 1:colcon.colcon_core.package_identification:_identify(src) by extension 'ignore_ament_install'
[0.823s] Level 1:colcon.colcon_core.package_identification:_identify(src) by extensions ['colcon_pkg']
[0.823s] Level 1:colcon.colcon_core.package_identification:_identify(src) by extension 'colcon_pkg'
[0.824s] Level 1:colcon.colcon_core.package_identification:_identify(src) by extensions ['colcon_meta']
[0.824s] Level 1:colcon.colcon_core.package_identification:_identify(src) by extension 'colcon_meta'
[0.824s] Level 1:colcon.colcon_core.package_identification:_identify(src) by extensions ['ros']
[0.824s] Level 1:colcon.colcon_core.package_identification:_identify(src) by extension 'ros'
[0.824s] Level 1:colcon.colcon_core.package_identification:_identify(src) by extensions ['cmake', 'python']
[0.824s] Level 1:colcon.colcon_core.package_identification:_identify(src) by extension 'cmake'
[0.824s] Level 1:colcon.colcon_core.package_identification:_identify(src) by extension 'python'
[0.824s] Level 1:colcon.colcon_core.package_identification:_identify(src) by extensions ['python_setup_py']
[0.824s] Level 1:colcon.colcon_core.package_identification:_identify(src) by extension 'python_setup_py'
[0.824s] Level 1:colcon.colcon_core.package_identification:_identify(src/agv_cpp) by extensions ['ignore', 'ignore_ament_install']
[0.825s] Level 1:colcon.colcon_core.package_identification:_identify(src/agv_cpp) by extension 'ignore'
[0.825s] Level 1:colcon.colcon_core.package_identification:_identify(src/agv_cpp) by extension 'ignore_ament_install'
[0.825s] Level 1:colcon.colcon_core.package_identification:_identify(src/agv_cpp) by extensions ['colcon_pkg']
[0.825s] Level 1:colcon.colcon_core.package_identification:_identify(src/agv_cpp) by extension 'colcon_pkg'
[0.825s] Level 1:colcon.colcon_core.package_identification:_identify(src/agv_cpp) by extensions ['colcon_meta']
[0.825s] Level 1:colcon.colcon_core.package_identification:_identify(src/agv_cpp) by extension 'colcon_meta'
[0.825s] Level 1:colcon.colcon_core.package_identification:_identify(src/agv_cpp) by extensions ['ros']
[0.825s] Level 1:colcon.colcon_core.package_identification:_identify(src/agv_cpp) by extension 'ros'
[0.831s] DEBUG:colcon.colcon_core.package_identification:Package 'src/agv_cpp' with type 'ros.ament_cmake' and name 'agv_cpp'
[0.831s] Level 1:colcon.colcon_core.package_identification:_identify(src/agv_interfaces) by extensions ['ignore', 'ignore_ament_install']
[0.831s] Level 1:colcon.colcon_core.package_identification:_identify(src/agv_interfaces) by extension 'ignore'
[0.831s] Level 1:colcon.colcon_core.package_identification:_identify(src/agv_interfaces) by extension 'ignore_ament_install'
[0.832s] Level 1:colcon.colcon_core.package_identification:_identify(src/agv_interfaces) by extensions ['colcon_pkg']
[0.832s] Level 1:colcon.colcon_core.package_identification:_identify(src/agv_interfaces) by extension 'colcon_pkg'
[0.832s] Level 1:colcon.colcon_core.package_identification:_identify(src/agv_interfaces) by extensions ['colcon_meta']
[0.832s] Level 1:colcon.colcon_core.package_identification:_identify(src/agv_interfaces) by extension 'colcon_meta'
[0.832s] Level 1:colcon.colcon_core.package_identification:_identify(src/agv_interfaces) by extensions ['ros']
[0.832s] Level 1:colcon.colcon_core.package_identification:_identify(src/agv_interfaces) by extension 'ros'
[0.834s] DEBUG:colcon.colcon_core.package_identification:Package 'src/agv_interfaces' with type 'ros.ament_cmake' and name 'agv_interfaces'
[0.834s] Level 1:colcon.colcon_core.package_identification:_identify(src/agv_launch) by extensions ['ignore', 'ignore_ament_install']
[0.834s] Level 1:colcon.colcon_core.package_identification:_identify(src/agv_launch) by extension 'ignore'
[0.834s] Level 1:colcon.colcon_core.package_identification:_identify(src/agv_launch) by extension 'ignore_ament_install'
[0.834s] Level 1:colcon.colcon_core.package_identification:_identify(src/agv_launch) by extensions ['colcon_pkg']
[0.834s] Level 1:colcon.colcon_core.package_identification:_identify(src/agv_launch) by extension 'colcon_pkg'
[0.834s] Level 1:colcon.colcon_core.package_identification:_identify(src/agv_launch) by extensions ['colcon_meta']
[0.835s] Level 1:colcon.colcon_core.package_identification:_identify(src/agv_launch) by extension 'colcon_meta'
[0.835s] Level 1:colcon.colcon_core.package_identification:_identify(src/agv_launch) by extensions ['ros']
[0.835s] Level 1:colcon.colcon_core.package_identification:_identify(src/agv_launch) by extension 'ros'
[0.836s] DEBUG:colcon.colcon_core.package_identification:Package 'src/agv_launch' with type 'ros.ament_cmake' and name 'agv_launch'
[0.836s] Level 1:colcon.colcon_core.package_identification:_identify(src/agv_py) by extensions ['ignore', 'ignore_ament_install']
[0.836s] Level 1:colcon.colcon_core.package_identification:_identify(src/agv_py) by extension 'ignore'
[0.837s] Level 1:colcon.colcon_core.package_identification:_identify(src/agv_py) by extension 'ignore_ament_install'
[0.837s] Level 1:colcon.colcon_core.package_identification:_identify(src/agv_py) by extensions ['colcon_pkg']
[0.837s] Level 1:colcon.colcon_core.package_identification:_identify(src/agv_py) by extension 'colcon_pkg'
[0.837s] Level 1:colcon.colcon_core.package_identification:_identify(src/agv_py) by extensions ['colcon_meta']
[0.837s] Level 1:colcon.colcon_core.package_identification:_identify(src/agv_py) by extension 'colcon_meta'
[0.837s] Level 1:colcon.colcon_core.package_identification:_identify(src/agv_py) by extensions ['ros']
[0.837s] Level 1:colcon.colcon_core.package_identification:_identify(src/agv_py) by extension 'ros'
[0.838s] DEBUG:colcon.colcon_core.package_identification:Package 'src/agv_py' with type 'ros.ament_python' and name 'agv_py'
[0.838s] Level 1:colcon.colcon_core.package_discovery:discover_packages(recursive) using defaults
[0.838s] Level 1:colcon.colcon_core.package_discovery:discover_packages(ignore) discover
[0.839s] Level 1:colcon.colcon_core.package_discovery:discover_packages(ignore) using defaults
[0.839s] Level 1:colcon.colcon_core.package_discovery:discover_packages(path) discover
[0.839s] Level 1:colcon.colcon_core.package_discovery:discover_packages(path) using defaults
[0.887s] Level 1:colcon.colcon_core.package_discovery:discover_packages(prefix_path) check parameters
[0.887s] Level 1:colcon.colcon_core.package_discovery:discover_packages(prefix_path) discover
[0.892s] DEBUG:colcon.colcon_installed_package_information.package_discovery:Found 1 installed packages in /home/melih/Desktop/New_Folder_1/install
[0.893s] DEBUG:colcon.colcon_installed_package_information.package_discovery:Found 2 installed packages in /home/melih/Desktop/ros_lifecycle_node/install
[0.894s] DEBUG:colcon.colcon_installed_package_information.package_discovery:Found 2 installed packages in /home/melih/Desktop/ros_example/turtlesim_project/install
[0.895s] DEBUG:colcon.colcon_installed_package_information.package_discovery:Found 2 installed packages in /home/melih/Desktop/ros_example/edouard_turtlesim_project/install
[0.896s] DEBUG:colcon.colcon_installed_package_information.package_discovery:Found 2 installed packages in /home/melih/Desktop/ros_example/battery_led_states/install
[0.897s] DEBUG:colcon.colcon_installed_package_information.package_discovery:Found 1 installed packages in /home/melih/Desktop/ros_msgs/install
[0.898s] DEBUG:colcon.colcon_installed_package_information.package_discovery:Found 1 installed packages in /home/melih/Desktop/ros_cpp2/install
[0.899s] DEBUG:colcon.colcon_installed_package_information.package_discovery:Found 2 installed packages in /home/melih/Desktop/ros_py/install
[0.901s] DEBUG:colcon.colcon_installed_package_information.package_discovery:Found 4 installed packages in /home/melih/Desktop/AGV/install
[0.905s] DEBUG:colcon.colcon_installed_package_information.package_discovery:Found 0 installed packages in /home/melih/Desktop/ros_ws/install
[0.907s] DEBUG:colcon.colcon_installed_package_information.package_discovery:Found 3 installed packages in /home/melih/Desktop/ros_action/install
[0.912s] DEBUG:colcon.colcon_installed_package_information.package_discovery:Found 388 installed packages in /opt/ros/humble
[0.918s] Level 1:colcon.colcon_core.package_discovery:discover_packages(prefix_path) using defaults
[1.059s] Level 5:colcon.colcon_core.verb:set package 'agv_interfaces' build argument 'cmake_args' from command line to 'None'
[1.060s] Level 5:colcon.colcon_core.verb:set package 'agv_interfaces' build argument 'cmake_target' from command line to 'None'
[1.060s] Level 5:colcon.colcon_core.verb:set package 'agv_interfaces' build argument 'cmake_target_skip_unavailable' from command line to 'False'
[1.060s] Level 5:colcon.colcon_core.verb:set package 'agv_interfaces' build argument 'cmake_clean_cache' from command line to 'False'
[1.060s] Level 5:colcon.colcon_core.verb:set package 'agv_interfaces' build argument 'cmake_clean_first' from command line to 'False'
[1.060s] Level 5:colcon.colcon_core.verb:set package 'agv_interfaces' build argument 'cmake_force_configure' from command line to 'False'
[1.060s] Level 5:colcon.colcon_core.verb:set package 'agv_interfaces' build argument 'ament_cmake_args' from command line to 'None'
[1.060s] Level 5:colcon.colcon_core.verb:set package 'agv_interfaces' build argument 'catkin_cmake_args' from command line to 'None'
[1.060s] Level 5:colcon.colcon_core.verb:set package 'agv_interfaces' build argument 'catkin_skip_building_tests' from command line to 'False'
[1.060s] DEBUG:colcon.colcon_core.verb:Building package 'agv_interfaces' with the following arguments: {'ament_cmake_args': None, 'build_base': '/home/melih/Desktop/AGV/build/agv_interfaces', 'catkin_cmake_args': None, 'catkin_skip_building_tests': False, 'cmake_args': None, 'cmake_clean_cache': False, 'cmake_clean_first': False, 'cmake_force_configure': False, 'cmake_target': None, 'cmake_target_skip_unavailable': False, 'install_base': '/home/melih/Desktop/AGV/install/agv_interfaces', 'merge_install': False, 'path': '/home/melih/Desktop/AGV/src/agv_interfaces', 'symlink_install': False, 'test_result_base': None}
[1.061s] Level 5:colcon.colcon_core.verb:set package 'agv_py' build argument 'cmake_args' from command line to 'None'
[1.061s] Level 5:colcon.colcon_core.verb:set package 'agv_py' build argument 'cmake_target' from command line to 'None'
[1.061s] Level 5:colcon.colcon_core.verb:set package 'agv_py' build argument 'cmake_target_skip_unavailable' from command line to 'False'
[1.061s] Level 5:colcon.colcon_core.verb:set package 'agv_py' build argument 'cmake_clean_cache' from command line to 'False'
[1.061s] Level 5:colcon.colcon_core.verb:set package 'agv_py' build argument 'cmake_clean_first' from command line to 'False'
[1.061s] Level 5:colcon.colcon_core.verb:set package 'agv_py' build argument 'cmake_force_configure' from command line to 'False'
[1.061s] Level 5:colcon.colcon_core.verb:set package 'agv_py' build argument 'ament_cmake_args' from command line to 'None'
[1.061s] Level 5:colcon.colcon_core.verb:set package 'agv_py' build argument 'catkin_cmake_args' from command line to 'None'
[1.061s] Level 5:colcon.colcon_core.verb:set package 'agv_py' build argument 'catkin_skip_building_tests' from command line to 'False'
[1.061s] DEBUG:colcon.colcon_core.verb:Building package 'agv_py' with the following arguments: {'ament_cmake_args': None, 'build_base': '/home/melih/Desktop/AGV/build/agv_py', 'catkin_cmake_args': None, 'catkin_skip_building_tests': False, 'cmake_args': None, 'cmake_clean_cache': False, 'cmake_clean_first': False, 'cmake_force_configure': False, 'cmake_target': None, 'cmake_target_skip_unavailable': False, 'install_base': '/home/melih/Desktop/AGV/install/agv_py', 'merge_install': False, 'path': '/home/melih/Desktop/AGV/src/agv_py', 'symlink_install': False, 'test_result_base': None}
[1.062s] Level 5:colcon.colcon_core.verb:set package 'agv_cpp' build argument 'cmake_args' from command line to 'None'
[1.063s] Level 5:colcon.colcon_core.verb:set package 'agv_cpp' build argument 'cmake_target' from command line to 'None'
[1.063s] Level 5:colcon.colcon_core.verb:set package 'agv_cpp' build argument 'cmake_target_skip_unavailable' from command line to 'False'
[1.063s] Level 5:colcon.colcon_core.verb:set package 'agv_cpp' build argument 'cmake_clean_cache' from command line to 'False'
[1.063s] Level 5:colcon.colcon_core.verb:set package 'agv_cpp' build argument 'cmake_clean_first' from command line to 'False'
[1.063s] Level 5:colcon.colcon_core.verb:set package 'agv_cpp' build argument 'cmake_force_configure' from command line to 'False'
[1.064s] Level 5:colcon.colcon_core.verb:set package 'agv_cpp' build argument 'ament_cmake_args' from command line to 'None'
[1.064s] Level 5:colcon.colcon_core.verb:set package 'agv_cpp' build argument 'catkin_cmake_args' from command line to 'None'
[1.064s] Level 5:colcon.colcon_core.verb:set package 'agv_cpp' build argument 'catkin_skip_building_tests' from command line to 'False'
[1.064s] DEBUG:colcon.colcon_core.verb:Building package 'agv_cpp' with the following arguments: {'ament_cmake_args': None, 'build_base': '/home/melih/Desktop/AGV/build/agv_cpp', 'catkin_cmake_args': None, 'catkin_skip_building_tests': False, 'cmake_args': None, 'cmake_clean_cache': False, 'cmake_clean_first': False, 'cmake_force_configure': False, 'cmake_target': None, 'cmake_target_skip_unavailable': False, 'install_base': '/home/melih/Desktop/AGV/install/agv_cpp', 'merge_install': False, 'path': '/home/melih/Desktop/AGV/src/agv_cpp', 'symlink_install': False, 'test_result_base': None}
[1.065s] Level 5:colcon.colcon_core.verb:set package 'agv_launch' build argument 'cmake_args' from command line to 'None'
[1.065s] Level 5:colcon.colcon_core.verb:set package 'agv_launch' build argument 'cmake_target' from command line to 'None'
[1.065s] Level 5:colcon.colcon_core.verb:set package 'agv_launch' build argument 'cmake_target_skip_unavailable' from command line to 'False'
[1.065s] Level 5:colcon.colcon_core.verb:set package 'agv_launch' build argument 'cmake_clean_cache' from command line to 'False'
[1.065s] Level 5:colcon.colcon_core.verb:set package 'agv_launch' build argument 'cmake_clean_first' from command line to 'False'
[1.066s] Level 5:colcon.colcon_core.verb:set package 'agv_launch' build argument 'cmake_force_configure' from command line to 'False'
[1.066s] Level 5:colcon.colcon_core.verb:set package 'agv_launch' build argument 'ament_cmake_args' from command line to 'None'
[1.066s] Level 5:colcon.colcon_core.verb:set package 'agv_launch' build argument 'catkin_cmake_args' from command line to 'None'
[1.066s] Level 5:colcon.colcon_core.verb:set package 'agv_launch' build argument 'catkin_skip_building_tests' from command line to 'False'
[1.066s] DEBUG:colcon.colcon_core.verb:Building package 'agv_launch' with the following arguments: {'ament_cmake_args': None, 'build_base': '/home/melih/Desktop/AGV/build/agv_launch', 'catkin_cmake_args': None, 'catkin_skip_building_tests': False, 'cmake_args': None, 'cmake_clean_cache': False, 'cmake_clean_first': False, 'cmake_force_configure': False, 'cmake_target': None, 'cmake_target_skip_unavailable': False, 'install_base': '/home/melih/Desktop/AGV/install/agv_launch', 'merge_install': False, 'path': '/home/melih/Desktop/AGV/src/agv_launch', 'symlink_install': False, 'test_result_base': None}
[1.066s] INFO:colcon.colcon_core.executor:Executing jobs using 'parallel' executor
[1.068s] DEBUG:colcon.colcon_parallel_executor.executor.parallel:run_until_complete
[1.068s] INFO:colcon.colcon_ros.task.ament_cmake.build:Building ROS package in '/home/melih/Desktop/AGV/src/agv_interfaces' with build type 'ament_cmake'
[1.069s] INFO:colcon.colcon_cmake.task.cmake.build:Building CMake package in '/home/melih/Desktop/AGV/src/agv_interfaces'
[1.073s] INFO:colcon.colcon_core.plugin_system:Skipping extension 'colcon_core.shell.bat': Not used on non-Windows systems
[1.073s] INFO:colcon.colcon_core.shell:Skip shell extension 'powershell' for command environment: Not usable outside of PowerShell
[1.073s] DEBUG:colcon.colcon_core.shell:Skip shell extension 'dsv' for command environment
[1.089s] INFO:colcon.colcon_ros.task.ament_python.build:Building ROS package in '/home/melih/Desktop/AGV/src/agv_py' with build type 'ament_python'
[1.090s] Level 1:colcon.colcon_core.shell:create_environment_hook('agv_py', 'ament_prefix_path')
[1.091s] INFO:colcon.colcon_core.shell:Creating environment hook '/home/melih/Desktop/AGV/install/agv_py/share/agv_py/hook/ament_prefix_path.ps1'
[1.093s] INFO:colcon.colcon_core.shell:Creating environment descriptor '/home/melih/Desktop/AGV/install/agv_py/share/agv_py/hook/ament_prefix_path.dsv'
[1.095s] INFO:colcon.colcon_core.shell:Creating environment hook '/home/melih/Desktop/AGV/install/agv_py/share/agv_py/hook/ament_prefix_path.sh'
[1.098s] INFO:colcon.colcon_core.shell:Skip shell extension 'powershell' for command environment: Not usable outside of PowerShell
[1.098s] DEBUG:colcon.colcon_core.shell:Skip shell extension 'dsv' for command environment
[1.144s] DEBUG:colcon.colcon_core.event_handler.log_command:Invoking command in '/home/melih/Desktop/AGV/build/agv_interfaces': CMAKE_PREFIX_PATH=${CMAKE_PREFIX_PATH}:/home/melih/Desktop/AGV/install/agv_py:/home/melih/Desktop/ros_lifecycle_node/install/lifecycle_node_py:/home/melih/Desktop/ros_example/turtlesim_project/install/turtlesim_py:/home/melih/Desktop/ros_example/edouard_turtlesim_project/install/turtlesim_catch_them_all:/home/melih/Desktop/ros_example/battery_led_states/install/package_py:/home/melih/Desktop/ros_py/install/my_robot:/home/melih/Desktop/ros_action/install/actions_py:/opt/ros/humble /usr/bin/cmake --build /home/melih/Desktop/AGV/build/agv_interfaces -- -j4 -l4
[2.655s] INFO:colcon.colcon_core.task.python.build:Building Python package in '/home/melih/Desktop/AGV/src/agv_py'
[2.656s] INFO:colcon.colcon_core.shell:Skip shell extension 'powershell' for command environment: Not usable outside of PowerShell
[2.656s] DEBUG:colcon.colcon_core.shell:Skip shell extension 'dsv' for command environment
[3.023s] DEBUG:colcon.colcon_core.event_handler.log_command:Invoked command in '/home/melih/Desktop/AGV/build/agv_interfaces' returned '0': CMAKE_PREFIX_PATH=${CMAKE_PREFIX_PATH}:/home/melih/Desktop/AGV/install/agv_py:/home/melih/Desktop/ros_lifecycle_node/install/lifecycle_node_py:/home/melih/Desktop/ros_example/turtlesim_project/install/turtlesim_py:/home/melih/Desktop/ros_example/edouard_turtlesim_project/install/turtlesim_catch_them_all:/home/melih/Desktop/ros_example/battery_led_states/install/package_py:/home/melih/Desktop/ros_py/install/my_robot:/home/melih/Desktop/ros_action/install/actions_py:/opt/ros/humble /usr/bin/cmake --build /home/melih/Desktop/AGV/build/agv_interfaces -- -j4 -l4
[3.347s] DEBUG:colcon.colcon_core.event_handler.log_command:Invoking command in '/home/melih/Desktop/AGV/build/agv_interfaces': CMAKE_PREFIX_PATH=${CMAKE_PREFIX_PATH}:/home/melih/Desktop/AGV/install/agv_py:/home/melih/Desktop/ros_lifecycle_node/install/lifecycle_node_py:/home/melih/Desktop/ros_example/turtlesim_project/install/turtlesim_py:/home/melih/Desktop/ros_example/edouard_turtlesim_project/install/turtlesim_catch_them_all:/home/melih/Desktop/ros_example/battery_led_states/install/package_py:/home/melih/Desktop/ros_py/install/my_robot:/home/melih/Desktop/ros_action/install/actions_py:/opt/ros/humble /usr/bin/cmake --install /home/melih/Desktop/AGV/build/agv_interfaces
[3.686s] Level 1:colcon.colcon_core.environment:create_environment_scripts_only(agv_interfaces)
[3.700s] Level 1:colcon.colcon_core.environment:checking '/home/melih/Desktop/AGV/install/agv_interfaces' for CMake module files
[3.708s] Level 1:colcon.colcon_core.environment:checking '/home/melih/Desktop/AGV/install/agv_interfaces' for CMake config files
[3.710s] Level 1:colcon.colcon_core.shell:create_environment_hook('agv_interfaces', 'cmake_prefix_path')
[3.717s] INFO:colcon.colcon_core.shell:Creating environment hook '/home/melih/Desktop/AGV/install/agv_interfaces/share/agv_interfaces/hook/cmake_prefix_path.ps1'
[3.721s] INFO:colcon.colcon_core.shell:Creating environment descriptor '/home/melih/Desktop/AGV/install/agv_interfaces/share/agv_interfaces/hook/cmake_prefix_path.dsv'
[3.726s] DEBUG:colcon.colcon_core.event_handler.log_command:Invoked command in '/home/melih/Desktop/AGV/build/agv_interfaces' returned '0': CMAKE_PREFIX_PATH=${CMAKE_PREFIX_PATH}:/home/melih/Desktop/AGV/install/agv_py:/home/melih/Desktop/ros_lifecycle_node/install/lifecycle_node_py:/home/melih/Desktop/ros_example/turtlesim_project/install/turtlesim_py:/home/melih/Desktop/ros_example/edouard_turtlesim_project/install/turtlesim_catch_them_all:/home/melih/Desktop/ros_example/battery_led_states/install/package_py:/home/melih/Desktop/ros_py/install/my_robot:/home/melih/Desktop/ros_action/install/actions_py:/opt/ros/humble /usr/bin/cmake --install /home/melih/Desktop/AGV/build/agv_interfaces
[3.728s] INFO:colcon.colcon_core.shell:Creating environment hook '/home/melih/Desktop/AGV/install/agv_interfaces/share/agv_interfaces/hook/cmake_prefix_path.sh'
[3.730s] Level 1:colcon.colcon_core.environment:checking '/home/melih/Desktop/AGV/install/agv_interfaces/lib'
[3.731s] Level 1:colcon.colcon_core.shell:create_environment_hook('agv_interfaces', 'ld_library_path_lib')
[3.732s] INFO:colcon.colcon_core.shell:Creating environment hook '/home/melih/Desktop/AGV/install/agv_interfaces/share/agv_interfaces/hook/ld_library_path_lib.ps1'
[3.733s] INFO:colcon.colcon_core.shell:Creating environment descriptor '/home/melih/Desktop/AGV/install/agv_interfaces/share/agv_interfaces/hook/ld_library_path_lib.dsv'
[3.734s] INFO:colcon.colcon_core.shell:Creating environment hook '/home/melih/Desktop/AGV/install/agv_interfaces/share/agv_interfaces/hook/ld_library_path_lib.sh'
[3.736s] Level 1:colcon.colcon_core.environment:checking '/home/melih/Desktop/AGV/install/agv_interfaces/bin'
[3.736s] Level 1:colcon.colcon_core.environment:checking '/home/melih/Desktop/AGV/install/agv_interfaces/lib/pkgconfig/agv_interfaces.pc'
[3.737s] Level 1:colcon.colcon_core.environment:checking '/home/melih/Desktop/AGV/install/agv_interfaces/lib/python3.10/site-packages'
[3.738s] Level 1:colcon.colcon_core.environment:checking '/home/melih/Desktop/AGV/install/agv_interfaces/bin'
[3.740s] INFO:colcon.colcon_core.shell:Creating package script '/home/melih/Desktop/AGV/install/agv_interfaces/share/agv_interfaces/package.ps1'
[3.743s] INFO:colcon.colcon_core.shell:Creating package descriptor '/home/melih/Desktop/AGV/install/agv_interfaces/share/agv_interfaces/package.dsv'
[3.745s] INFO:colcon.colcon_core.shell:Creating package script '/home/melih/Desktop/AGV/install/agv_interfaces/share/agv_interfaces/package.sh'
[3.751s] INFO:colcon.colcon_core.shell:Creating package script '/home/melih/Desktop/AGV/install/agv_interfaces/share/agv_interfaces/package.bash'
[3.755s] INFO:colcon.colcon_core.shell:Creating package script '/home/melih/Desktop/AGV/install/agv_interfaces/share/agv_interfaces/package.zsh'
[3.758s] Level 1:colcon.colcon_core.environment:create_file_with_runtime_dependencies(/home/melih/Desktop/AGV/install/agv_interfaces/share/colcon-core/packages/agv_interfaces)
[4.048s] Level 1:colcon.colcon_core.environment:create_environment_scripts_only(agv_interfaces)
[4.049s] Level 1:colcon.colcon_core.environment:checking '/home/melih/Desktop/AGV/install/agv_interfaces' for CMake module files
[4.052s] Level 1:colcon.colcon_core.environment:checking '/home/melih/Desktop/AGV/install/agv_interfaces' for CMake config files
[4.054s] Level 1:colcon.colcon_core.shell:create_environment_hook('agv_interfaces', 'cmake_prefix_path')
[4.054s] INFO:colcon.colcon_core.shell:Creating environment hook '/home/melih/Desktop/AGV/install/agv_interfaces/share/agv_interfaces/hook/cmake_prefix_path.ps1'
[4.056s] INFO:colcon.colcon_core.shell:Creating environment descriptor '/home/melih/Desktop/AGV/install/agv_interfaces/share/agv_interfaces/hook/cmake_prefix_path.dsv'
[4.058s] INFO:colcon.colcon_core.shell:Creating environment hook '/home/melih/Desktop/AGV/install/agv_interfaces/share/agv_interfaces/hook/cmake_prefix_path.sh'
[4.061s] Level 1:colcon.colcon_core.environment:checking '/home/melih/Desktop/AGV/install/agv_interfaces/lib'
[4.061s] Level 1:colcon.colcon_core.shell:create_environment_hook('agv_interfaces', 'ld_library_path_lib')
[4.062s] INFO:colcon.colcon_core.shell:Creating environment hook '/home/melih/Desktop/AGV/install/agv_interfaces/share/agv_interfaces/hook/ld_library_path_lib.ps1'
[4.063s] INFO:colcon.colcon_core.shell:Creating environment descriptor '/home/melih/Desktop/AGV/install/agv_interfaces/share/agv_interfaces/hook/ld_library_path_lib.dsv'
[4.064s] INFO:colcon.colcon_core.shell:Creating environment hook '/home/melih/Desktop/AGV/install/agv_interfaces/share/agv_interfaces/hook/ld_library_path_lib.sh'
[4.066s] Level 1:colcon.colcon_core.environment:checking '/home/melih/Desktop/AGV/install/agv_interfaces/bin'
[4.066s] Level 1:colcon.colcon_core.environment:checking '/home/melih/Desktop/AGV/install/agv_interfaces/lib/pkgconfig/agv_interfaces.pc'
[4.067s] Level 1:colcon.colcon_core.environment:checking '/home/melih/Desktop/AGV/install/agv_interfaces/lib/python3.10/site-packages'
[4.068s] Level 1:colcon.colcon_core.environment:checking '/home/melih/Desktop/AGV/install/agv_interfaces/bin'
[4.069s] INFO:colcon.colcon_core.shell:Creating package script '/home/melih/Desktop/AGV/install/agv_interfaces/share/agv_interfaces/package.ps1'
[4.070s] INFO:colcon.colcon_core.shell:Creating package descriptor '/home/melih/Desktop/AGV/install/agv_interfaces/share/agv_interfaces/package.dsv'
[4.071s] INFO:colcon.colcon_core.shell:Creating package script '/home/melih/Desktop/AGV/install/agv_interfaces/share/agv_interfaces/package.sh'
[4.072s] INFO:colcon.colcon_core.shell:Creating package script '/home/melih/Desktop/AGV/install/agv_interfaces/share/agv_interfaces/package.bash'
[4.073s] INFO:colcon.colcon_core.shell:Creating package script '/home/melih/Desktop/AGV/install/agv_interfaces/share/agv_interfaces/package.zsh'
[4.074s] Level 1:colcon.colcon_core.environment:create_file_with_runtime_dependencies(/home/melih/Desktop/AGV/install/agv_interfaces/share/colcon-core/packages/agv_interfaces)
[4.075s] INFO:colcon.colcon_ros.task.ament_cmake.build:Building ROS package in '/home/melih/Desktop/AGV/src/agv_cpp' with build type 'ament_cmake'
[4.075s] INFO:colcon.colcon_cmake.task.cmake.build:Building CMake package in '/home/melih/Desktop/AGV/src/agv_cpp'
[4.076s] INFO:colcon.colcon_core.shell:Skip shell extension 'powershell' for command environment: Not usable outside of PowerShell
[4.076s] DEBUG:colcon.colcon_core.shell:Skip shell extension 'dsv' for command environment
[4.124s] DEBUG:colcon.colcon_core.event_handler.log_command:Invoking command in '/home/melih/Desktop/AGV/build/agv_cpp': CMAKE_PREFIX_PATH=/home/melih/Desktop/AGV/install/agv_interfaces:/home/melih/Desktop/AGV/install/agv_launch:/home/melih/Desktop/AGV/install/agv_cpp:/home/melih/Desktop/New_Folder_1/install/ydlidar_ros2_driver:/home/melih/Desktop/ros_lifecycle_node/install/lifecycle_node_cpp:/home/melih/Desktop/ros_example/turtlesim_project/install/turtlesim_launch_bringup:/home/melih/Desktop/ros_example/edouard_turtlesim_project/install/turtlesim_catch_them_all_launch_bringup:/home/melih/Desktop/ros_example/battery_led_states/install/package_cpp:/home/melih/Desktop/ros_msgs/install/my_robot_interfaces:/home/melih/Desktop/ros_cpp2/install/rdr2:/home/melih/Desktop/ros_py/install/my_robot_bringup:/home/melih/Desktop/ros_action/install/actions_cpp:/home/melih/Desktop/ros_action/install/robot_action_interfaces:/home/melih/Desktop/AGV/install/agv_py:/home/melih/Desktop/ros_lifecycle_node/install/lifecycle_node_py:/home/melih/Desktop/ros_example/turtlesim_project/install/turtlesim_py:/home/melih/Desktop/ros_example/edouard_turtlesim_project/install/turtlesim_catch_them_all:/home/melih/Desktop/ros_example/battery_led_states/install/package_py:/home/melih/Desktop/ros_py/install/my_robot:/home/melih/Desktop/ros_action/install/actions_py:/opt/ros/humble /usr/bin/cmake --build /home/melih/Desktop/AGV/build/agv_cpp -- -j4 -l4
[4.375s] DEBUG:colcon.colcon_core.event_handler.log_command:Invoking command in '/home/melih/Desktop/AGV/src/agv_py': PYTHONPATH=/home/melih/Desktop/AGV/build/agv_py/prefix_override:/home/melih/.local/lib/python3.10/site-packages/colcon_core/task/python/colcon_distutils_commands:/home/melih/Desktop/AGV/install/agv_py/lib/python3.10/site-packages:${PYTHONPATH} /usr/bin/python3 -W ignore:setup.py install is deprecated setup.py egg_info --egg-base ../../build/agv_py build --build-base /home/melih/Desktop/AGV/build/agv_py/build install --record /home/melih/Desktop/AGV/build/agv_py/install.log --single-version-externally-managed install_data
[5.371s] Level 1:colcon.colcon_core.environment:checking '/home/melih/Desktop/AGV/install/agv_py' for CMake module files
[5.372s] DEBUG:colcon.colcon_core.event_handler.log_command:Invoked command in '/home/melih/Desktop/AGV/src/agv_py' returned '0': PYTHONPATH=/home/melih/Desktop/AGV/build/agv_py/prefix_override:/home/melih/.local/lib/python3.10/site-packages/colcon_core/task/python/colcon_distutils_commands:/home/melih/Desktop/AGV/install/agv_py/lib/python3.10/site-packages:${PYTHONPATH} /usr/bin/python3 -W ignore:setup.py install is deprecated setup.py egg_info --egg-base ../../build/agv_py build --build-base /home/melih/Desktop/AGV/build/agv_py/build install --record /home/melih/Desktop/AGV/build/agv_py/install.log --single-version-externally-managed install_data
[5.373s] Level 1:colcon.colcon_core.environment:checking '/home/melih/Desktop/AGV/install/agv_py' for CMake config files
[5.374s] Level 1:colcon.colcon_core.environment:checking '/home/melih/Desktop/AGV/install/agv_py/lib'
[5.374s] Level 1:colcon.colcon_core.environment:checking '/home/melih/Desktop/AGV/install/agv_py/bin'
[5.374s] Level 1:colcon.colcon_core.environment:checking '/home/melih/Desktop/AGV/install/agv_py/lib/pkgconfig/agv_py.pc'
[5.375s] Level 1:colcon.colcon_core.environment:checking '/home/melih/Desktop/AGV/install/agv_py/lib/python3.10/site-packages'
[5.375s] Level 1:colcon.colcon_core.shell:create_environment_hook('agv_py', 'pythonpath')
[5.375s] INFO:colcon.colcon_core.shell:Creating environment hook '/home/melih/Desktop/AGV/install/agv_py/share/agv_py/hook/pythonpath.ps1'
[5.377s] INFO:colcon.colcon_core.shell:Creating environment descriptor '/home/melih/Desktop/AGV/install/agv_py/share/agv_py/hook/pythonpath.dsv'
[5.377s] INFO:colcon.colcon_core.shell:Creating environment hook '/home/melih/Desktop/AGV/install/agv_py/share/agv_py/hook/pythonpath.sh'
[5.379s] Level 1:colcon.colcon_core.environment:checking '/home/melih/Desktop/AGV/install/agv_py/bin'
[5.379s] Level 1:colcon.colcon_core.environment:create_environment_scripts_only(agv_py)
[5.380s] INFO:colcon.colcon_core.shell:Creating package script '/home/melih/Desktop/AGV/install/agv_py/share/agv_py/package.ps1'
[5.381s] INFO:colcon.colcon_core.shell:Creating package descriptor '/home/melih/Desktop/AGV/install/agv_py/share/agv_py/package.dsv'
[5.382s] INFO:colcon.colcon_core.shell:Creating package script '/home/melih/Desktop/AGV/install/agv_py/share/agv_py/package.sh'
[5.383s] INFO:colcon.colcon_core.shell:Creating package script '/home/melih/Desktop/AGV/install/agv_py/share/agv_py/package.bash'
[5.383s] INFO:colcon.colcon_core.shell:Creating package script '/home/melih/Desktop/AGV/install/agv_py/share/agv_py/package.zsh'
[5.384s] Level 1:colcon.colcon_core.environment:create_file_with_runtime_dependencies(/home/melih/Desktop/AGV/install/agv_py/share/colcon-core/packages/agv_py)
[33.710s] DEBUG:colcon.colcon_core.event_handler.log_command:Invoked command in '/home/melih/Desktop/AGV/build/agv_cpp' returned '0': CMAKE_PREFIX_PATH=/home/melih/Desktop/AGV/install/agv_interfaces:/home/melih/Desktop/AGV/install/agv_launch:/home/melih/Desktop/AGV/install/agv_cpp:/home/melih/Desktop/New_Folder_1/install/ydlidar_ros2_driver:/home/melih/Desktop/ros_lifecycle_node/install/lifecycle_node_cpp:/home/melih/Desktop/ros_example/turtlesim_project/install/turtlesim_launch_bringup:/home/melih/Desktop/ros_example/edouard_turtlesim_project/install/turtlesim_catch_them_all_launch_bringup:/home/melih/Desktop/ros_example/battery_led_states/install/package_cpp:/home/melih/Desktop/ros_msgs/install/my_robot_interfaces:/home/melih/Desktop/ros_cpp2/install/rdr2:/home/melih/Desktop/ros_py/install/my_robot_bringup:/home/melih/Desktop/ros_action/install/actions_cpp:/home/melih/Desktop/ros_action/install/robot_action_interfaces:/home/melih/Desktop/AGV/install/agv_py:/home/melih/Desktop/ros_lifecycle_node/install/lifecycle_node_py:/home/melih/Desktop/ros_example/turtlesim_project/install/turtlesim_py:/home/melih/Desktop/ros_example/edouard_turtlesim_project/install/turtlesim_catch_them_all:/home/melih/Desktop/ros_example/battery_led_states/install/package_py:/home/melih/Desktop/ros_py/install/my_robot:/home/melih/Desktop/ros_action/install/actions_py:/opt/ros/humble /usr/bin/cmake --build /home/melih/Desktop/AGV/build/agv_cpp -- -j4 -l4
[33.760s] DEBUG:colcon.colcon_core.event_handler.log_command:Invoking command in '/home/melih/Desktop/AGV/build/agv_cpp': CMAKE_PREFIX_PATH=/home/melih/Desktop/AGV/install/agv_interfaces:/home/melih/Desktop/AGV/install/agv_launch:/home/melih/Desktop/AGV/install/agv_cpp:/home/melih/Desktop/New_Folder_1/install/ydlidar_ros2_driver:/home/melih/Desktop/ros_lifecycle_node/install/lifecycle_node_cpp:/home/melih/Desktop/ros_example/turtlesim_project/install/turtlesim_launch_bringup:/home/melih/Desktop/ros_example/edouard_turtlesim_project/install/turtlesim_catch_them_all_launch_bringup:/home/melih/Desktop/ros_example/battery_led_states/install/package_cpp:/home/melih/Desktop/ros_msgs/install/my_robot_interfaces:/home/melih/Desktop/ros_cpp2/install/rdr2:/home/melih/Desktop/ros_py/install/my_robot_bringup:/home/melih/Desktop/ros_action/install/actions_cpp:/home/melih/Desktop/ros_action/install/robot_action_interfaces:/home/melih/Desktop/AGV/install/agv_py:/home/melih/Desktop/ros_lifecycle_node/install/lifecycle_node_py:/home/melih/Desktop/ros_example/turtlesim_project/install/turtlesim_py:/home/melih/Desktop/ros_example/edouard_turtlesim_project/install/turtlesim_catch_them_all:/home/melih/Desktop/ros_example/battery_led_states/install/package_py:/home/melih/Desktop/ros_py/install/my_robot:/home/melih/Desktop/ros_action/install/actions_py:/opt/ros/humble /usr/bin/cmake --install /home/melih/Desktop/AGV/build/agv_cpp
[33.789s] Level 1:colcon.colcon_core.environment:create_environment_scripts_only(agv_cpp)
[33.789s] Level 1:colcon.colcon_core.environment:checking '/home/melih/Desktop/AGV/install/agv_cpp' for CMake module files
[33.790s] DEBUG:colcon.colcon_core.event_handler.log_command:Invoked command in '/home/melih/Desktop/AGV/build/agv_cpp' returned '0': CMAKE_PREFIX_PATH=/home/melih/Desktop/AGV/install/agv_interfaces:/home/melih/Desktop/AGV/install/agv_launch:/home/melih/Desktop/AGV/install/agv_cpp:/home/melih/Desktop/New_Folder_1/install/ydlidar_ros2_driver:/home/melih/Desktop/ros_lifecycle_node/install/lifecycle_node_cpp:/home/melih/Desktop/ros_example/turtlesim_project/install/turtlesim_launch_bringup:/home/melih/Desktop/ros_example/edouard_turtlesim_project/install/turtlesim_catch_them_all_launch_bringup:/home/melih/Desktop/ros_example/battery_led_states/install/package_cpp:/home/melih/Desktop/ros_msgs/install/my_robot_interfaces:/home/melih/Desktop/ros_cpp2/install/rdr2:/home/melih/Desktop/ros_py/install/my_robot_bringup:/home/melih/Desktop/ros_action/install/actions_cpp:/home/melih/Desktop/ros_action/install/robot_action_interfaces:/home/melih/Desktop/AGV/install/agv_py:/home/melih/Desktop/ros_lifecycle_node/install/lifecycle_node_py:/home/melih/Desktop/ros_example/turtlesim_project/install/turtlesim_py:/home/melih/Desktop/ros_example/edouard_turtlesim_project/install/turtlesim_catch_them_all:/home/melih/Desktop/ros_example/battery_led_states/install/package_py:/home/melih/Desktop/ros_py/install/my_robot:/home/melih/Desktop/ros_action/install/actions_py:/opt/ros/humble /usr/bin/cmake --install /home/melih/Desktop/AGV/build/agv_cpp
[33.791s] Level 1:colcon.colcon_core.environment:checking '/home/melih/Desktop/AGV/install/agv_cpp' for CMake config files
[33.792s] Level 1:colcon.colcon_core.shell:create_environment_hook('agv_cpp', 'cmake_prefix_path')
[33.792s] INFO:colcon.colcon_core.shell:Creating environment hook '/home/melih/Desktop/AGV/install/agv_cpp/share/agv_cpp/hook/cmake_prefix_path.ps1'
[33.793s] INFO:colcon.colcon_core.shell:Creating environment descriptor '/home/melih/Desktop/AGV/install/agv_cpp/share/agv_cpp/hook/cmake_prefix_path.dsv'
[33.794s] INFO:colcon.colcon_core.shell:Creating environment hook '/home/melih/Desktop/AGV/install/agv_cpp/share/agv_cpp/hook/cmake_prefix_path.sh'
[33.796s] Level 1:colcon.colcon_core.environment:checking '/home/melih/Desktop/AGV/install/agv_cpp/lib'
[33.796s] Level 1:colcon.colcon_core.environment:checking '/home/melih/Desktop/AGV/install/agv_cpp/bin'
[33.797s] Level 1:colcon.colcon_core.environment:checking '/home/melih/Desktop/AGV/install/agv_cpp/lib/pkgconfig/agv_cpp.pc'
[33.798s] Level 1:colcon.colcon_core.environment:checking '/home/melih/Desktop/AGV/install/agv_cpp/lib/python3.10/site-packages'
[33.799s] Level 1:colcon.colcon_core.environment:checking '/home/melih/Desktop/AGV/install/agv_cpp/bin'
[33.800s] INFO:colcon.colcon_core.shell:Creating package script '/home/melih/Desktop/AGV/install/agv_cpp/share/agv_cpp/package.ps1'
[33.802s] INFO:colcon.colcon_core.shell:Creating package descriptor '/home/melih/Desktop/AGV/install/agv_cpp/share/agv_cpp/package.dsv'
[33.804s] INFO:colcon.colcon_core.shell:Creating package script '/home/melih/Desktop/AGV/install/agv_cpp/share/agv_cpp/package.sh'
[33.806s] INFO:colcon.colcon_core.shell:Creating package script '/home/melih/Desktop/AGV/install/agv_cpp/share/agv_cpp/package.bash'
[33.807s] INFO:colcon.colcon_core.shell:Creating package script '/home/melih/Desktop/AGV/install/agv_cpp/share/agv_cpp/package.zsh'
[33.808s] Level 1:colcon.colcon_core.environment:create_file_with_runtime_dependencies(/home/melih/Desktop/AGV/install/agv_cpp/share/colcon-core/packages/agv_cpp)
[33.861s] Level 1:colcon.colcon_core.environment:create_environment_scripts_only(agv_cpp)
[33.861s] Level 1:colcon.colcon_core.environment:checking '/home/melih/Desktop/AGV/install/agv_cpp' for CMake module files
[33.863s] Level 1:colcon.colcon_core.environment:checking '/home/melih/Desktop/AGV/install/agv_cpp' for CMake config files
[33.864s] Level 1:colcon.colcon_core.shell:create_environment_hook('agv_cpp', 'cmake_prefix_path')
[33.864s] INFO:colcon.colcon_core.shell:Creating environment hook '/home/melih/Desktop/AGV/install/agv_cpp/share/agv_cpp/hook/cmake_prefix_path.ps1'
[33.865s] INFO:colcon.colcon_core.shell:Creating environment descriptor '/home/melih/Desktop/AGV/install/agv_cpp/share/agv_cpp/hook/cmake_prefix_path.dsv'
[33.866s] INFO:colcon.colcon_core.shell:Creating environment hook '/home/melih/Desktop/AGV/install/agv_cpp/share/agv_cpp/hook/cmake_prefix_path.sh'
[33.868s] Level 1:colcon.colcon_core.environment:checking '/home/melih/Desktop/AGV/install/agv_cpp/lib'
[33.868s] Level 1:colcon.colcon_core.environment:checking '/home/melih/Desktop/AGV/install/agv_cpp/bin'
[33.869s] Level 1:colcon.colcon_core.environment:checking '/home/melih/Desktop/AGV/install/agv_cpp/lib/pkgconfig/agv_cpp.pc'
[33.869s] Level 1:colcon.colcon_core.environment:checking '/home/melih/Desktop/AGV/install/agv_cpp/lib/python3.10/site-packages'
[33.870s] Level 1:colcon.colcon_core.environment:checking '/home/melih/Desktop/AGV/install/agv_cpp/bin'
[33.871s] INFO:colcon.colcon_core.shell:Creating package script '/home/melih/Desktop/AGV/install/agv_cpp/share/agv_cpp/package.ps1'
[33.872s] INFO:colcon.colcon_core.shell:Creating package descriptor '/home/melih/Desktop/AGV/install/agv_cpp/share/agv_cpp/package.dsv'
[33.872s] INFO:colcon.colcon_core.shell:Creating package script '/home/melih/Desktop/AGV/install/agv_cpp/share/agv_cpp/package.sh'
[33.873s] INFO:colcon.colcon_core.shell:Creating package script '/home/melih/Desktop/AGV/install/agv_cpp/share/agv_cpp/package.bash'
[33.874s] INFO:colcon.colcon_core.shell:Creating package script '/home/melih/Desktop/AGV/install/agv_cpp/share/agv_cpp/package.zsh'
[33.875s] Level 1:colcon.colcon_core.environment:create_file_with_runtime_dependencies(/home/melih/Desktop/AGV/install/agv_cpp/share/colcon-core/packages/agv_cpp)
[33.876s] INFO:colcon.colcon_ros.task.ament_cmake.build:Building ROS package in '/home/melih/Desktop/AGV/src/agv_launch' with build type 'ament_cmake'
[33.876s] INFO:colcon.colcon_cmake.task.cmake.build:Building CMake package in '/home/melih/Desktop/AGV/src/agv_launch'
[33.876s] INFO:colcon.colcon_core.shell:Skip shell extension 'powershell' for command environment: Not usable outside of PowerShell
[33.877s] DEBUG:colcon.colcon_core.shell:Skip shell extension 'dsv' for command environment
[33.916s] DEBUG:colcon.colcon_core.event_handler.log_command:Invoking command in '/home/melih/Desktop/AGV/build/agv_launch': AMENT_PREFIX_PATH=/home/melih/Desktop/AGV/install/agv_py:/home/melih/Desktop/AGV/install/agv_launch:/home/melih/Desktop/AGV/install/agv_cpp:/home/melih/Desktop/AGV/install/agv_interfaces:/home/melih/Desktop/New_Folder_1/install/ydlidar_ros2_driver:/home/melih/Desktop/ros_lifecycle_node/install/lifecycle_node_py:/home/melih/Desktop/ros_lifecycle_node/install/lifecycle_node_cpp:/home/melih/Desktop/ros_example/turtlesim_project/install/turtlesim_launch_bringup:/home/melih/Desktop/ros_example/turtlesim_project/install/turtlesim_py:/home/melih/Desktop/ros_example/edouard_turtlesim_project/install/turtlesim_catch_them_all_launch_bringup:/home/melih/Desktop/ros_example/edouard_turtlesim_project/install/turtlesim_catch_them_all:/home/melih/Desktop/ros_example/battery_led_states/install/package_py:/home/melih/Desktop/ros_example/battery_led_states/install/package_cpp:/home/melih/Desktop/ros_msgs/install/my_robot_interfaces:/home/melih/Desktop/ros_cpp2/install/rdr2:/home/melih/Desktop/ros_py/install/my_robot_bringup:/home/melih/Desktop/ros_py/install/my_robot:/home/melih/Desktop/ros_action/install/actions_py:/home/melih/Desktop/ros_action/install/actions_cpp:/home/melih/Desktop/ros_action/install/robot_action_interfaces:/opt/ros/humble CMAKE_PREFIX_PATH=/home/melih/Desktop/AGV/install/agv_cpp:/home/melih/Desktop/AGV/install/agv_interfaces:/home/melih/Desktop/AGV/install/agv_launch:/home/melih/Desktop/New_Folder_1/install/ydlidar_ros2_driver:/home/melih/Desktop/ros_lifecycle_node/install/lifecycle_node_cpp:/home/melih/Desktop/ros_example/turtlesim_project/install/turtlesim_launch_bringup:/home/melih/Desktop/ros_example/edouard_turtlesim_project/install/turtlesim_catch_them_all_launch_bringup:/home/melih/Desktop/ros_example/battery_led_states/install/package_cpp:/home/melih/Desktop/ros_msgs/install/my_robot_interfaces:/home/melih/Desktop/ros_cpp2/install/rdr2:/home/melih/Desktop/ros_py/install/my_robot_bringup:/home/melih/Desktop/ros_action/install/actions_cpp:/home/melih/Desktop/ros_action/install/robot_action_interfaces:/home/melih/Desktop/AGV/install/agv_py:/home/melih/Desktop/ros_lifecycle_node/install/lifecycle_node_py:/home/melih/Desktop/ros_example/turtlesim_project/install/turtlesim_py:/home/melih/Desktop/ros_example/edouard_turtlesim_project/install/turtlesim_catch_them_all:/home/melih/Desktop/ros_example/battery_led_states/install/package_py:/home/melih/Desktop/ros_py/install/my_robot:/home/melih/Desktop/ros_action/install/actions_py:/opt/ros/humble /usr/bin/cmake --build /home/melih/Desktop/AGV/build/agv_launch -- -j4 -l4
[33.984s] DEBUG:colcon.colcon_core.event_handler.log_command:Invoked command in '/home/melih/Desktop/AGV/build/agv_launch' returned '0': AMENT_PREFIX_PATH=/home/melih/Desktop/AGV/install/agv_py:/home/melih/Desktop/AGV/install/agv_launch:/home/melih/Desktop/AGV/install/agv_cpp:/home/melih/Desktop/AGV/install/agv_interfaces:/home/melih/Desktop/New_Folder_1/install/ydlidar_ros2_driver:/home/melih/Desktop/ros_lifecycle_node/install/lifecycle_node_py:/home/melih/Desktop/ros_lifecycle_node/install/lifecycle_node_cpp:/home/melih/Desktop/ros_example/turtlesim_project/install/turtlesim_launch_bringup:/home/melih/Desktop/ros_example/turtlesim_project/install/turtlesim_py:/home/melih/Desktop/ros_example/edouard_turtlesim_project/install/turtlesim_catch_them_all_launch_bringup:/home/melih/Desktop/ros_example/edouard_turtlesim_project/install/turtlesim_catch_them_all:/home/melih/Desktop/ros_example/battery_led_states/install/package_py:/home/melih/Desktop/ros_example/battery_led_states/install/package_cpp:/home/melih/Desktop/ros_msgs/install/my_robot_interfaces:/home/melih/Desktop/ros_cpp2/install/rdr2:/home/melih/Desktop/ros_py/install/my_robot_bringup:/home/melih/Desktop/ros_py/install/my_robot:/home/melih/Desktop/ros_action/install/actions_py:/home/melih/Desktop/ros_action/install/actions_cpp:/home/melih/Desktop/ros_action/install/robot_action_interfaces:/opt/ros/humble CMAKE_PREFIX_PATH=/home/melih/Desktop/AGV/install/agv_cpp:/home/melih/Desktop/AGV/install/agv_interfaces:/home/melih/Desktop/AGV/install/agv_launch:/home/melih/Desktop/New_Folder_1/install/ydlidar_ros2_driver:/home/melih/Desktop/ros_lifecycle_node/install/lifecycle_node_cpp:/home/melih/Desktop/ros_example/turtlesim_project/install/turtlesim_launch_bringup:/home/melih/Desktop/ros_example/edouard_turtlesim_project/install/turtlesim_catch_them_all_launch_bringup:/home/melih/Desktop/ros_example/battery_led_states/install/package_cpp:/home/melih/Desktop/ros_msgs/install/my_robot_interfaces:/home/melih/Desktop/ros_cpp2/install/rdr2:/home/melih/Desktop/ros_py/install/my_robot_bringup:/home/melih/Desktop/ros_action/install/actions_cpp:/home/melih/Desktop/ros_action/install/robot_action_interfaces:/home/melih/Desktop/AGV/install/agv_py:/home/melih/Desktop/ros_lifecycle_node/install/lifecycle_node_py:/home/melih/Desktop/ros_example/turtlesim_project/install/turtlesim_py:/home/melih/Desktop/ros_example/edouard_turtlesim_project/install/turtlesim_catch_them_all:/home/melih/Desktop/ros_example/battery_led_states/install/package_py:/home/melih/Desktop/ros_py/install/my_robot:/home/melih/Desktop/ros_action/install/actions_py:/opt/ros/humble /usr/bin/cmake --build /home/melih/Desktop/AGV/build/agv_launch -- -j4 -l4
[34.034s] DEBUG:colcon.colcon_core.event_handler.log_command:Invoking command in '/home/melih/Desktop/AGV/build/agv_launch': AMENT_PREFIX_PATH=/home/melih/Desktop/AGV/install/agv_py:/home/melih/Desktop/AGV/install/agv_launch:/home/melih/Desktop/AGV/install/agv_cpp:/home/melih/Desktop/AGV/install/agv_interfaces:/home/melih/Desktop/New_Folder_1/install/ydlidar_ros2_driver:/home/melih/Desktop/ros_lifecycle_node/install/lifecycle_node_py:/home/melih/Desktop/ros_lifecycle_node/install/lifecycle_node_cpp:/home/melih/Desktop/ros_example/turtlesim_project/install/turtlesim_launch_bringup:/home/melih/Desktop/ros_example/turtlesim_project/install/turtlesim_py:/home/melih/Desktop/ros_example/edouard_turtlesim_project/install/turtlesim_catch_them_all_launch_bringup:/home/melih/Desktop/ros_example/edouard_turtlesim_project/install/turtlesim_catch_them_all:/home/melih/Desktop/ros_example/battery_led_states/install/package_py:/home/melih/Desktop/ros_example/battery_led_states/install/package_cpp:/home/melih/Desktop/ros_msgs/install/my_robot_interfaces:/home/melih/Desktop/ros_cpp2/install/rdr2:/home/melih/Desktop/ros_py/install/my_robot_bringup:/home/melih/Desktop/ros_py/install/my_robot:/home/melih/Desktop/ros_action/install/actions_py:/home/melih/Desktop/ros_action/install/actions_cpp:/home/melih/Desktop/ros_action/install/robot_action_interfaces:/opt/ros/humble CMAKE_PREFIX_PATH=/home/melih/Desktop/AGV/install/agv_cpp:/home/melih/Desktop/AGV/install/agv_interfaces:/home/melih/Desktop/AGV/install/agv_launch:/home/melih/Desktop/New_Folder_1/install/ydlidar_ros2_driver:/home/melih/Desktop/ros_lifecycle_node/install/lifecycle_node_cpp:/home/melih/Desktop/ros_example/turtlesim_project/install/turtlesim_launch_bringup:/home/melih/Desktop/ros_example/edouard_turtlesim_project/install/turtlesim_catch_them_all_launch_bringup:/home/melih/Desktop/ros_example/battery_led_states/install/package_cpp:/home/melih/Desktop/ros_msgs/install/my_robot_interfaces:/home/melih/Desktop/ros_cpp2/install/rdr2:/home/melih/Desktop/ros_py/install/my_robot_bringup:/home/melih/Desktop/ros_action/install/actions_cpp:/home/melih/Desktop/ros_action/install/robot_action_interfaces:/home/melih/Desktop/AGV/install/agv_py:/home/melih/Desktop/ros_lifecycle_node/install/lifecycle_node_py:/home/melih/Desktop/ros_example/turtlesim_project/install/turtlesim_py:/home/melih/Desktop/ros_example/edouard_turtlesim_project/install/turtlesim_catch_them_all:/home/melih/Desktop/ros_example/battery_led_states/install/package_py:/home/melih/Desktop/ros_py/install/my_robot:/home/melih/Desktop/ros_action/install/actions_py:/opt/ros/humble /usr/bin/cmake --install /home/melih/Desktop/AGV/build/agv_launch
[34.058s] Level 1:colcon.colcon_core.environment:create_environment_scripts_only(agv_launch)
[34.059s] Level 1:colcon.colcon_core.environment:checking '/home/melih/Desktop/AGV/install/agv_launch' for CMake module files
[34.061s] DEBUG:colcon.colcon_core.event_handler.log_command:Invoked command in '/home/melih/Desktop/AGV/build/agv_launch' returned '0': AMENT_PREFIX_PATH=/home/melih/Desktop/AGV/install/agv_py:/home/melih/Desktop/AGV/install/agv_launch:/home/melih/Desktop/AGV/install/agv_cpp:/home/melih/Desktop/AGV/install/agv_interfaces:/home/melih/Desktop/New_Folder_1/install/ydlidar_ros2_driver:/home/melih/Desktop/ros_lifecycle_node/install/lifecycle_node_py:/home/melih/Desktop/ros_lifecycle_node/install/lifecycle_node_cpp:/home/melih/Desktop/ros_example/turtlesim_project/install/turtlesim_launch_bringup:/home/melih/Desktop/ros_example/turtlesim_project/install/turtlesim_py:/home/melih/Desktop/ros_example/edouard_turtlesim_project/install/turtlesim_catch_them_all_launch_bringup:/home/melih/Desktop/ros_example/edouard_turtlesim_project/install/turtlesim_catch_them_all:/home/melih/Desktop/ros_example/battery_led_states/install/package_py:/home/melih/Desktop/ros_example/battery_led_states/install/package_cpp:/home/melih/Desktop/ros_msgs/install/my_robot_interfaces:/home/melih/Desktop/ros_cpp2/install/rdr2:/home/melih/Desktop/ros_py/install/my_robot_bringup:/home/melih/Desktop/ros_py/install/my_robot:/home/melih/Desktop/ros_action/install/actions_py:/home/melih/Desktop/ros_action/install/actions_cpp:/home/melih/Desktop/ros_action/install/robot_action_interfaces:/opt/ros/humble CMAKE_PREFIX_PATH=/home/melih/Desktop/AGV/install/agv_cpp:/home/melih/Desktop/AGV/install/agv_interfaces:/home/melih/Desktop/AGV/install/agv_launch:/home/melih/Desktop/New_Folder_1/install/ydlidar_ros2_driver:/home/melih/Desktop/ros_lifecycle_node/install/lifecycle_node_cpp:/home/melih/Desktop/ros_example/turtlesim_project/install/turtlesim_launch_bringup:/home/melih/Desktop/ros_example/edouard_turtlesim_project/install/turtlesim_catch_them_all_launch_bringup:/home/melih/Desktop/ros_example/battery_led_states/install/package_cpp:/home/melih/Desktop/ros_msgs/install/my_robot_interfaces:/home/melih/Desktop/ros_cpp2/install/rdr2:/home/melih/Desktop/ros_py/install/my_robot_bringup:/home/melih/Desktop/ros_action/install/actions_cpp:/home/melih/Desktop/ros_action/install/robot_action_interfaces:/home/melih/Desktop/AGV/install/agv_py:/home/melih/Desktop/ros_lifecycle_node/install/lifecycle_node_py:/home/melih/Desktop/ros_example/turtlesim_project/install/turtlesim_py:/home/melih/Desktop/ros_example/edouard_turtlesim_project/install/turtlesim_catch_them_all:/home/melih/Desktop/ros_example/battery_led_states/install/package_py:/home/melih/Desktop/ros_py/install/my_robot:/home/melih/Desktop/ros_action/install/actions_py:/opt/ros/humble /usr/bin/cmake --install /home/melih/Desktop/AGV/build/agv_launch
[34.062s] Level 1:colcon.colcon_core.environment:checking '/home/melih/Desktop/AGV/install/agv_launch' for CMake config files
[34.062s] Level 1:colcon.colcon_core.shell:create_environment_hook('agv_launch', 'cmake_prefix_path')
[34.063s] INFO:colcon.colcon_core.shell:Creating environment hook '/home/melih/Desktop/AGV/install/agv_launch/share/agv_launch/hook/cmake_prefix_path.ps1'
[34.064s] INFO:colcon.colcon_core.shell:Creating environment descriptor '/home/melih/Desktop/AGV/install/agv_launch/share/agv_launch/hook/cmake_prefix_path.dsv'
[34.064s] INFO:colcon.colcon_core.shell:Creating environment hook '/home/melih/Desktop/AGV/install/agv_launch/share/agv_launch/hook/cmake_prefix_path.sh'
[34.065s] Level 1:colcon.colcon_core.environment:checking '/home/melih/Desktop/AGV/install/agv_launch/bin'
[34.066s] Level 1:colcon.colcon_core.environment:checking '/home/melih/Desktop/AGV/install/agv_launch/lib/pkgconfig/agv_launch.pc'
[34.066s] Level 1:colcon.colcon_core.environment:checking '/home/melih/Desktop/AGV/install/agv_launch/lib/python3.10/site-packages'
[34.067s] Level 1:colcon.colcon_core.environment:checking '/home/melih/Desktop/AGV/install/agv_launch/bin'
[34.067s] INFO:colcon.colcon_core.shell:Creating package script '/home/melih/Desktop/AGV/install/agv_launch/share/agv_launch/package.ps1'
[34.068s] INFO:colcon.colcon_core.shell:Creating package descriptor '/home/melih/Desktop/AGV/install/agv_launch/share/agv_launch/package.dsv'
[34.069s] INFO:colcon.colcon_core.shell:Creating package script '/home/melih/Desktop/AGV/install/agv_launch/share/agv_launch/package.sh'
[34.069s] INFO:colcon.colcon_core.shell:Creating package script '/home/melih/Desktop/AGV/install/agv_launch/share/agv_launch/package.bash'
[34.070s] INFO:colcon.colcon_core.shell:Creating package script '/home/melih/Desktop/AGV/install/agv_launch/share/agv_launch/package.zsh'
[34.071s] Level 1:colcon.colcon_core.environment:create_file_with_runtime_dependencies(/home/melih/Desktop/AGV/install/agv_launch/share/colcon-core/packages/agv_launch)
[34.115s] Level 1:colcon.colcon_core.environment:create_environment_scripts_only(agv_launch)
[34.115s] Level 1:colcon.colcon_core.environment:checking '/home/melih/Desktop/AGV/install/agv_launch' for CMake module files
[34.117s] Level 1:colcon.colcon_core.environment:checking '/home/melih/Desktop/AGV/install/agv_launch' for CMake config files
[34.118s] Level 1:colcon.colcon_core.shell:create_environment_hook('agv_launch', 'cmake_prefix_path')
[34.118s] INFO:colcon.colcon_core.shell:Creating environment hook '/home/melih/Desktop/AGV/install/agv_launch/share/agv_launch/hook/cmake_prefix_path.ps1'
[34.120s] INFO:colcon.colcon_core.shell:Creating environment descriptor '/home/melih/Desktop/AGV/install/agv_launch/share/agv_launch/hook/cmake_prefix_path.dsv'
[34.121s] INFO:colcon.colcon_core.shell:Creating environment hook '/home/melih/Desktop/AGV/install/agv_launch/share/agv_launch/hook/cmake_prefix_path.sh'
[34.123s] Level 1:colcon.colcon_core.environment:checking '/home/melih/Desktop/AGV/install/agv_launch/bin'
[34.123s] Level 1:colcon.colcon_core.environment:checking '/home/melih/Desktop/AGV/install/agv_launch/lib/pkgconfig/agv_launch.pc'
[34.124s] Level 1:colcon.colcon_core.environment:checking '/home/melih/Desktop/AGV/install/agv_launch/lib/python3.10/site-packages'
[34.125s] Level 1:colcon.colcon_core.environment:checking '/home/melih/Desktop/AGV/install/agv_launch/bin'
[34.126s] INFO:colcon.colcon_core.shell:Creating package script '/home/melih/Desktop/AGV/install/agv_launch/share/agv_launch/package.ps1'
[34.127s] INFO:colcon.colcon_core.shell:Creating package descriptor '/home/melih/Desktop/AGV/install/agv_launch/share/agv_launch/package.dsv'
[34.129s] INFO:colcon.colcon_core.shell:Creating package script '/home/melih/Desktop/AGV/install/agv_launch/share/agv_launch/package.sh'
[34.130s] INFO:colcon.colcon_core.shell:Creating package script '/home/melih/Desktop/AGV/install/agv_launch/share/agv_launch/package.bash'
[34.132s] INFO:colcon.colcon_core.shell:Creating package script '/home/melih/Desktop/AGV/install/agv_launch/share/agv_launch/package.zsh'
[34.133s] Level 1:colcon.colcon_core.environment:create_file_with_runtime_dependencies(/home/melih/Desktop/AGV/install/agv_launch/share/colcon-core/packages/agv_launch)
[34.134s] DEBUG:colcon.colcon_parallel_executor.executor.parallel:closing loop
[34.135s] DEBUG:colcon.colcon_parallel_executor.executor.parallel:loop closed
[34.136s] DEBUG:colcon.colcon_parallel_executor.executor.parallel:run_until_complete finished with '0'
[34.137s] DEBUG:colcon.colcon_core.event_reactor:joining thread
[34.152s] INFO:colcon.colcon_core.plugin_system:Skipping extension 'colcon_notification.desktop_notification.terminal_notifier': Not used on non-Darwin systems
[34.153s] INFO:colcon.colcon_core.plugin_system:Skipping extension 'colcon_notification.desktop_notification.win32': Not used on non-Windows systems
[34.153s] INFO:colcon.colcon_notification.desktop_notification:Sending desktop notification using 'notify2'
[34.178s] DEBUG:colcon.colcon_core.event_reactor:joined thread
[34.179s] INFO:colcon.colcon_core.shell:Creating prefix script '/home/melih/Desktop/AGV/install/local_setup.ps1'
[34.181s] INFO:colcon.colcon_core.shell:Creating prefix util module '/home/melih/Desktop/AGV/install/_local_setup_util_ps1.py'
[34.186s] INFO:colcon.colcon_core.shell:Creating prefix chain script '/home/melih/Desktop/AGV/install/setup.ps1'
[34.191s] INFO:colcon.colcon_core.shell:Creating prefix script '/home/melih/Desktop/AGV/install/local_setup.sh'
[34.192s] INFO:colcon.colcon_core.shell:Creating prefix util module '/home/melih/Desktop/AGV/install/_local_setup_util_sh.py'
[34.195s] INFO:colcon.colcon_core.shell:Creating prefix chain script '/home/melih/Desktop/AGV/install/setup.sh'
[34.201s] INFO:colcon.colcon_core.shell:Creating prefix script '/home/melih/Desktop/AGV/install/local_setup.bash'
[34.202s] INFO:colcon.colcon_core.shell:Creating prefix chain script '/home/melih/Desktop/AGV/install/setup.bash'
[34.206s] INFO:colcon.colcon_core.shell:Creating prefix script '/home/melih/Desktop/AGV/install/local_setup.zsh'
[34.208s] INFO:colcon.colcon_core.shell:Creating prefix chain script '/home/melih/Desktop/AGV/install/setup.zsh'
