/home/melih/Desktop/AGV/install/agv_py/lib/python3.10/site-packages/agv_py/__init__.py
/home/melih/Desktop/AGV/install/agv_py/lib/python3.10/site-packages/agv_py/interface.py
/home/melih/Desktop/AGV/install/agv_py/lib/python3.10/site-packages/agv_py/web_interface.py
/home/melih/Desktop/AGV/install/agv_py/lib/python3.10/site-packages/agv_py/lidar_web_example.py
/home/melih/Desktop/AGV/install/agv_py/lib/python3.10/site-packages/agv_py/qrcode.py
/home/melih/Desktop/AGV/install/agv_py/lib/python3.10/site-packages/agv_py/deneyap_sensor_controller.py
/home/melih/Desktop/AGV/install/agv_py/lib/python3.10/site-packages/agv_py/deneyap_motor_controller.py
/home/melih/Desktop/AGV/install/agv_py/lib/python3.10/site-packages/agv_py/__pycache__/__init__.cpython-310.pyc
/home/melih/Desktop/AGV/install/agv_py/lib/python3.10/site-packages/agv_py/__pycache__/interface.cpython-310.pyc
/home/melih/Desktop/AGV/install/agv_py/lib/python3.10/site-packages/agv_py/__pycache__/web_interface.cpython-310.pyc
/home/melih/Desktop/AGV/install/agv_py/lib/python3.10/site-packages/agv_py/__pycache__/lidar_web_example.cpython-310.pyc
/home/melih/Desktop/AGV/install/agv_py/lib/python3.10/site-packages/agv_py/__pycache__/qrcode.cpython-310.pyc
/home/melih/Desktop/AGV/install/agv_py/lib/python3.10/site-packages/agv_py/__pycache__/deneyap_sensor_controller.cpython-310.pyc
/home/melih/Desktop/AGV/install/agv_py/lib/python3.10/site-packages/agv_py/__pycache__/deneyap_motor_controller.cpython-310.pyc
/home/melih/Desktop/AGV/install/agv_py/share/ament_index/resource_index/packages/agv_py
/home/melih/Desktop/AGV/install/agv_py/share/agv_py/package.xml
/home/melih/Desktop/AGV/install/agv_py/lib/python3.10/site-packages/agv_py-0.0.0-py3.10.egg-info/PKG-INFO
/home/melih/Desktop/AGV/install/agv_py/lib/python3.10/site-packages/agv_py-0.0.0-py3.10.egg-info/entry_points.txt
/home/melih/Desktop/AGV/install/agv_py/lib/python3.10/site-packages/agv_py-0.0.0-py3.10.egg-info/zip-safe
/home/melih/Desktop/AGV/install/agv_py/lib/python3.10/site-packages/agv_py-0.0.0-py3.10.egg-info/dependency_links.txt
/home/melih/Desktop/AGV/install/agv_py/lib/python3.10/site-packages/agv_py-0.0.0-py3.10.egg-info/requires.txt
/home/melih/Desktop/AGV/install/agv_py/lib/python3.10/site-packages/agv_py-0.0.0-py3.10.egg-info/SOURCES.txt
/home/melih/Desktop/AGV/install/agv_py/lib/python3.10/site-packages/agv_py-0.0.0-py3.10.egg-info/top_level.txt
/home/melih/Desktop/AGV/install/agv_py/lib/agv_py/deneyap_motor_controller
/home/melih/Desktop/AGV/install/agv_py/lib/agv_py/deneyap_sensor_controller
/home/melih/Desktop/AGV/install/agv_py/lib/agv_py/interface
/home/melih/Desktop/AGV/install/agv_py/lib/agv_py/lidar_web_example
/home/melih/Desktop/AGV/install/agv_py/lib/agv_py/qrcode
/home/melih/Desktop/AGV/install/agv_py/lib/agv_py/web_interface
