[0.072s] Invoking command in '/home/melih/Desktop/AGV/build/agv_interfaces': CMAKE_PREFIX_PATH=${CMAKE_PREFIX_PATH}:/home/melih/Desktop/AGV/install/agv_py:/home/melih/Desktop/ros_lifecycle_node/install/lifecycle_node_py:/home/melih/Desktop/ros_example/turtlesim_project/install/turtlesim_py:/home/melih/Desktop/ros_example/edouard_turtlesim_project/install/turtlesim_catch_them_all:/home/melih/Desktop/ros_example/battery_led_states/install/package_py:/home/melih/Desktop/ros_py/install/my_robot:/home/melih/Desktop/ros_action/install/actions_py:/opt/ros/humble /usr/bin/cmake --build /home/melih/Desktop/AGV/build/agv_interfaces -- -j4 -l4
[0.224s] [  2%] Built target agv_interfaces__cpp
[0.365s] [  2%] Built target ament_cmake_python_copy_agv_interfaces
[0.432s] [ 12%] Built target agv_interfaces__rosidl_typesupport_fastrtps_cpp
[0.501s] [ 23%] Built target agv_interfaces__rosidl_typesupport_introspection_cpp
[1.971s] running egg_info
[1.974s] writing agv_interfaces.egg-info/PKG-INFO
[1.977s] writing dependency_links to agv_interfaces.egg-info/dependency_links.txt
[1.978s] writing top-level names to agv_interfaces.egg-info/top_level.txt
[1.988s] reading manifest file 'agv_interfaces.egg-info/SOURCES.txt'
[1.994s] writing manifest file 'agv_interfaces.egg-info/SOURCES.txt'
[2.123s] [ 23%] Built target ament_cmake_python_build_agv_interfaces_egg
[2.237s] [ 33%] Built target agv_interfaces__rosidl_typesupport_cpp
[2.319s] [ 43%] Built target agv_interfaces__rosidl_generator_c
[2.556s] [ 53%] Built target agv_interfaces__rosidl_typesupport_fastrtps_c
[2.640s] [ 64%] Built target agv_interfaces__rosidl_typesupport_c
[2.770s] [ 74%] Built target agv_interfaces__rosidl_typesupport_introspection_c
[2.910s] [ 74%] Built target agv_interfaces
[3.014s] [ 76%] Built target agv_interfaces__py
[3.152s] [ 84%] Built target agv_interfaces__rosidl_generator_py
[3.360s] [ 89%] Built target agv_interfaces__rosidl_typesupport_fastrtps_c__pyext
[3.434s] [ 94%] Built target agv_interfaces__rosidl_typesupport_c__pyext
[3.500s] [100%] Built target agv_interfaces__rosidl_typesupport_introspection_c__pyext
[3.569s] Invoked command in '/home/melih/Desktop/AGV/build/agv_interfaces' returned '0': CMAKE_PREFIX_PATH=${CMAKE_PREFIX_PATH}:/home/melih/Desktop/AGV/install/agv_py:/home/melih/Desktop/ros_lifecycle_node/install/lifecycle_node_py:/home/melih/Desktop/ros_example/turtlesim_project/install/turtlesim_py:/home/melih/Desktop/ros_example/edouard_turtlesim_project/install/turtlesim_catch_them_all:/home/melih/Desktop/ros_example/battery_led_states/install/package_py:/home/melih/Desktop/ros_py/install/my_robot:/home/melih/Desktop/ros_action/install/actions_py:/opt/ros/humble /usr/bin/cmake --build /home/melih/Desktop/AGV/build/agv_interfaces -- -j4 -l4
[4.239s] Invoking command in '/home/melih/Desktop/AGV/build/agv_interfaces': CMAKE_PREFIX_PATH=${CMAKE_PREFIX_PATH}:/home/melih/Desktop/AGV/install/agv_py:/home/melih/Desktop/ros_lifecycle_node/install/lifecycle_node_py:/home/melih/Desktop/ros_example/turtlesim_project/install/turtlesim_py:/home/melih/Desktop/ros_example/edouard_turtlesim_project/install/turtlesim_catch_them_all:/home/melih/Desktop/ros_example/battery_led_states/install/package_py:/home/melih/Desktop/ros_py/install/my_robot:/home/melih/Desktop/ros_action/install/actions_py:/opt/ros/humble /usr/bin/cmake --install /home/melih/Desktop/AGV/build/agv_interfaces
[4.293s] -- Install configuration: ""
[4.296s] -- Up-to-date: /home/melih/Desktop/AGV/install/agv_interfaces/share/ament_index/resource_index/rosidl_interfaces/agv_interfaces
[4.297s] -- Up-to-date: /home/melih/Desktop/AGV/install/agv_interfaces/include/agv_interfaces/agv_interfaces
[4.297s] -- Up-to-date: /home/melih/Desktop/AGV/install/agv_interfaces/include/agv_interfaces/agv_interfaces/srv
[4.301s] -- Up-to-date: /home/melih/Desktop/AGV/install/agv_interfaces/include/agv_interfaces/agv_interfaces/srv/command.h
[4.304s] -- Up-to-date: /home/melih/Desktop/AGV/install/agv_interfaces/include/agv_interfaces/agv_interfaces/srv/detail
[4.304s] -- Up-to-date: /home/melih/Desktop/AGV/install/agv_interfaces/include/agv_interfaces/agv_interfaces/srv/detail/learn_weight__functions.h
[4.304s] -- Up-to-date: /home/melih/Desktop/AGV/install/agv_interfaces/include/agv_interfaces/agv_interfaces/srv/detail/command__type_support.h
[4.308s] -- Up-to-date: /home/melih/Desktop/AGV/install/agv_interfaces/include/agv_interfaces/agv_interfaces/srv/detail/command__functions.h
[4.308s] -- Up-to-date: /home/melih/Desktop/AGV/install/agv_interfaces/include/agv_interfaces/agv_interfaces/srv/detail/command__functions.c
[4.308s] -- Up-to-date: /home/melih/Desktop/AGV/install/agv_interfaces/include/agv_interfaces/agv_interfaces/srv/detail/learn_weight__functions.c
[4.311s] -- Up-to-date: /home/melih/Desktop/AGV/install/agv_interfaces/include/agv_interfaces/agv_interfaces/srv/detail/learn_weight__struct.h
[4.312s] -- Up-to-date: /home/melih/Desktop/AGV/install/agv_interfaces/include/agv_interfaces/agv_interfaces/srv/detail/command__struct.h
[4.312s] -- Up-to-date: /home/melih/Desktop/AGV/install/agv_interfaces/include/agv_interfaces/agv_interfaces/srv/detail/learn_weight__type_support.h
[4.312s] -- Up-to-date: /home/melih/Desktop/AGV/install/agv_interfaces/include/agv_interfaces/agv_interfaces/srv/learn_weight.h
[4.316s] -- Up-to-date: /home/melih/Desktop/AGV/install/agv_interfaces/include/agv_interfaces/agv_interfaces/msg
[4.317s] -- Up-to-date: /home/melih/Desktop/AGV/install/agv_interfaces/include/agv_interfaces/agv_interfaces/msg/rosidl_generator_c__visibility_control.h
[4.321s] -- Up-to-date: /home/melih/Desktop/AGV/install/agv_interfaces/share/agv_interfaces/environment/library_path.sh
[4.327s] -- Up-to-date: /home/melih/Desktop/AGV/install/agv_interfaces/share/agv_interfaces/environment/library_path.dsv
[4.327s] -- Up-to-date: /home/melih/Desktop/AGV/install/agv_interfaces/lib/libagv_interfaces__rosidl_generator_c.so
[4.327s] -- Up-to-date: /home/melih/Desktop/AGV/install/agv_interfaces/include/agv_interfaces/agv_interfaces
[4.328s] -- Up-to-date: /home/melih/Desktop/AGV/install/agv_interfaces/include/agv_interfaces/agv_interfaces/srv
[4.328s] -- Up-to-date: /home/melih/Desktop/AGV/install/agv_interfaces/include/agv_interfaces/agv_interfaces/srv/detail
[4.328s] -- Up-to-date: /home/melih/Desktop/AGV/install/agv_interfaces/include/agv_interfaces/agv_interfaces/srv/detail/learn_weight__rosidl_typesupport_fastrtps_c.h
[4.328s] -- Up-to-date: /home/melih/Desktop/AGV/install/agv_interfaces/include/agv_interfaces/agv_interfaces/srv/detail/command__rosidl_typesupport_fastrtps_c.h
[4.329s] -- Up-to-date: /home/melih/Desktop/AGV/install/agv_interfaces/include/agv_interfaces/agv_interfaces/msg
[4.329s] -- Up-to-date: /home/melih/Desktop/AGV/install/agv_interfaces/include/agv_interfaces/agv_interfaces/msg/rosidl_typesupport_fastrtps_c__visibility_control.h
[4.329s] -- Up-to-date: /home/melih/Desktop/AGV/install/agv_interfaces/lib/libagv_interfaces__rosidl_typesupport_fastrtps_c.so
[4.329s] -- Up-to-date: /home/melih/Desktop/AGV/install/agv_interfaces/include/agv_interfaces/agv_interfaces
[4.329s] -- Up-to-date: /home/melih/Desktop/AGV/install/agv_interfaces/include/agv_interfaces/agv_interfaces/srv
[4.334s] -- Up-to-date: /home/melih/Desktop/AGV/install/agv_interfaces/include/agv_interfaces/agv_interfaces/srv/detail
[4.335s] -- Up-to-date: /home/melih/Desktop/AGV/install/agv_interfaces/include/agv_interfaces/agv_interfaces/srv/detail/command__rosidl_typesupport_introspection_c.h
[4.335s] -- Up-to-date: /home/melih/Desktop/AGV/install/agv_interfaces/include/agv_interfaces/agv_interfaces/srv/detail/command__type_support.c
[4.335s] -- Up-to-date: /home/melih/Desktop/AGV/install/agv_interfaces/include/agv_interfaces/agv_interfaces/srv/detail/learn_weight__type_support.c
[4.336s] -- Up-to-date: /home/melih/Desktop/AGV/install/agv_interfaces/include/agv_interfaces/agv_interfaces/srv/detail/learn_weight__rosidl_typesupport_introspection_c.h
[4.336s] -- Up-to-date: /home/melih/Desktop/AGV/install/agv_interfaces/include/agv_interfaces/agv_interfaces/msg
[4.336s] -- Up-to-date: /home/melih/Desktop/AGV/install/agv_interfaces/include/agv_interfaces/agv_interfaces/msg/rosidl_typesupport_introspection_c__visibility_control.h
[4.336s] -- Up-to-date: /home/melih/Desktop/AGV/install/agv_interfaces/lib/libagv_interfaces__rosidl_typesupport_introspection_c.so
[4.338s] -- Up-to-date: /home/melih/Desktop/AGV/install/agv_interfaces/lib/libagv_interfaces__rosidl_typesupport_c.so
[4.342s] -- Up-to-date: /home/melih/Desktop/AGV/install/agv_interfaces/include/agv_interfaces/agv_interfaces
[4.342s] -- Up-to-date: /home/melih/Desktop/AGV/install/agv_interfaces/include/agv_interfaces/agv_interfaces/srv
[4.342s] -- Up-to-date: /home/melih/Desktop/AGV/install/agv_interfaces/include/agv_interfaces/agv_interfaces/srv/learn_weight.hpp
[4.342s] -- Up-to-date: /home/melih/Desktop/AGV/install/agv_interfaces/include/agv_interfaces/agv_interfaces/srv/detail
[4.343s] -- Up-to-date: /home/melih/Desktop/AGV/install/agv_interfaces/include/agv_interfaces/agv_interfaces/srv/detail/learn_weight__struct.hpp
[4.343s] -- Up-to-date: /home/melih/Desktop/AGV/install/agv_interfaces/include/agv_interfaces/agv_interfaces/srv/detail/learn_weight__traits.hpp
[4.343s] -- Up-to-date: /home/melih/Desktop/AGV/install/agv_interfaces/include/agv_interfaces/agv_interfaces/srv/detail/command__struct.hpp
[4.343s] -- Up-to-date: /home/melih/Desktop/AGV/install/agv_interfaces/include/agv_interfaces/agv_interfaces/srv/detail/command__traits.hpp
[4.348s] -- Up-to-date: /home/melih/Desktop/AGV/install/agv_interfaces/include/agv_interfaces/agv_interfaces/srv/detail/learn_weight__builder.hpp
[4.348s] -- Up-to-date: /home/melih/Desktop/AGV/install/agv_interfaces/include/agv_interfaces/agv_interfaces/srv/detail/command__builder.hpp
[4.348s] -- Up-to-date: /home/melih/Desktop/AGV/install/agv_interfaces/include/agv_interfaces/agv_interfaces/srv/command.hpp
[4.349s] -- Up-to-date: /home/melih/Desktop/AGV/install/agv_interfaces/include/agv_interfaces/agv_interfaces
[4.349s] -- Up-to-date: /home/melih/Desktop/AGV/install/agv_interfaces/include/agv_interfaces/agv_interfaces/srv
[4.349s] -- Up-to-date: /home/melih/Desktop/AGV/install/agv_interfaces/include/agv_interfaces/agv_interfaces/srv/detail
[4.349s] -- Up-to-date: /home/melih/Desktop/AGV/install/agv_interfaces/include/agv_interfaces/agv_interfaces/srv/detail/dds_fastrtps
[4.350s] -- Up-to-date: /home/melih/Desktop/AGV/install/agv_interfaces/include/agv_interfaces/agv_interfaces/srv/detail/learn_weight__rosidl_typesupport_fastrtps_cpp.hpp
[4.350s] -- Up-to-date: /home/melih/Desktop/AGV/install/agv_interfaces/include/agv_interfaces/agv_interfaces/srv/detail/command__rosidl_typesupport_fastrtps_cpp.hpp
[4.350s] -- Up-to-date: /home/melih/Desktop/AGV/install/agv_interfaces/include/agv_interfaces/agv_interfaces/msg
[4.350s] -- Up-to-date: /home/melih/Desktop/AGV/install/agv_interfaces/include/agv_interfaces/agv_interfaces/msg/rosidl_typesupport_fastrtps_cpp__visibility_control.h
[4.350s] -- Up-to-date: /home/melih/Desktop/AGV/install/agv_interfaces/lib/libagv_interfaces__rosidl_typesupport_fastrtps_cpp.so
[4.356s] -- Up-to-date: /home/melih/Desktop/AGV/install/agv_interfaces/include/agv_interfaces/agv_interfaces
[4.357s] -- Up-to-date: /home/melih/Desktop/AGV/install/agv_interfaces/include/agv_interfaces/agv_interfaces/srv
[4.357s] -- Up-to-date: /home/melih/Desktop/AGV/install/agv_interfaces/include/agv_interfaces/agv_interfaces/srv/detail
[4.357s] -- Up-to-date: /home/melih/Desktop/AGV/install/agv_interfaces/include/agv_interfaces/agv_interfaces/srv/detail/command__rosidl_typesupport_introspection_cpp.hpp
[4.357s] -- Up-to-date: /home/melih/Desktop/AGV/install/agv_interfaces/include/agv_interfaces/agv_interfaces/srv/detail/learn_weight__rosidl_typesupport_introspection_cpp.hpp
[4.358s] -- Up-to-date: /home/melih/Desktop/AGV/install/agv_interfaces/include/agv_interfaces/agv_interfaces/srv/detail/command__type_support.cpp
[4.358s] -- Up-to-date: /home/melih/Desktop/AGV/install/agv_interfaces/include/agv_interfaces/agv_interfaces/srv/detail/learn_weight__type_support.cpp
[4.358s] -- Up-to-date: /home/melih/Desktop/AGV/install/agv_interfaces/lib/libagv_interfaces__rosidl_typesupport_introspection_cpp.so
[4.358s] -- Up-to-date: /home/melih/Desktop/AGV/install/agv_interfaces/lib/libagv_interfaces__rosidl_typesupport_cpp.so
[4.359s] -- Up-to-date: /home/melih/Desktop/AGV/install/agv_interfaces/share/agv_interfaces/environment/pythonpath.sh
[4.359s] -- Up-to-date: /home/melih/Desktop/AGV/install/agv_interfaces/share/agv_interfaces/environment/pythonpath.dsv
[4.360s] -- Up-to-date: /home/melih/Desktop/AGV/install/agv_interfaces/local/lib/python3.10/dist-packages/agv_interfaces-0.0.0-py3.10.egg-info
[4.360s] -- Installing: /home/melih/Desktop/AGV/install/agv_interfaces/local/lib/python3.10/dist-packages/agv_interfaces-0.0.0-py3.10.egg-info/PKG-INFO
[4.360s] -- Installing: /home/melih/Desktop/AGV/install/agv_interfaces/local/lib/python3.10/dist-packages/agv_interfaces-0.0.0-py3.10.egg-info/dependency_links.txt
[4.360s] -- Installing: /home/melih/Desktop/AGV/install/agv_interfaces/local/lib/python3.10/dist-packages/agv_interfaces-0.0.0-py3.10.egg-info/SOURCES.txt
[4.361s] -- Installing: /home/melih/Desktop/AGV/install/agv_interfaces/local/lib/python3.10/dist-packages/agv_interfaces-0.0.0-py3.10.egg-info/top_level.txt
[4.361s] -- Up-to-date: /home/melih/Desktop/AGV/install/agv_interfaces/local/lib/python3.10/dist-packages/agv_interfaces
[4.361s] -- Up-to-date: /home/melih/Desktop/AGV/install/agv_interfaces/local/lib/python3.10/dist-packages/agv_interfaces/__init__.py
[4.361s] -- Up-to-date: /home/melih/Desktop/AGV/install/agv_interfaces/local/lib/python3.10/dist-packages/agv_interfaces/libagv_interfaces__rosidl_generator_py.so
[4.361s] -- Up-to-date: /home/melih/Desktop/AGV/install/agv_interfaces/local/lib/python3.10/dist-packages/agv_interfaces/agv_interfaces_s__rosidl_typesupport_introspection_c.cpython-310-x86_64-linux-gnu.so
[4.362s] -- Up-to-date: /home/melih/Desktop/AGV/install/agv_interfaces/local/lib/python3.10/dist-packages/agv_interfaces/_agv_interfaces_s.ep.rosidl_typesupport_c.c
[4.362s] -- Up-to-date: /home/melih/Desktop/AGV/install/agv_interfaces/local/lib/python3.10/dist-packages/agv_interfaces/agv_interfaces_s__rosidl_typesupport_fastrtps_c.cpython-310-x86_64-linux-gnu.so
[4.362s] -- Up-to-date: /home/melih/Desktop/AGV/install/agv_interfaces/local/lib/python3.10/dist-packages/agv_interfaces/srv
[4.362s] -- Up-to-date: /home/melih/Desktop/AGV/install/agv_interfaces/local/lib/python3.10/dist-packages/agv_interfaces/srv/__init__.py
[4.362s] -- Up-to-date: /home/melih/Desktop/AGV/install/agv_interfaces/local/lib/python3.10/dist-packages/agv_interfaces/srv/_command.py
[4.363s] -- Up-to-date: /home/melih/Desktop/AGV/install/agv_interfaces/local/lib/python3.10/dist-packages/agv_interfaces/srv/_learn_weight.py
[4.363s] -- Up-to-date: /home/melih/Desktop/AGV/install/agv_interfaces/local/lib/python3.10/dist-packages/agv_interfaces/srv/_command_s.c
[4.363s] -- Up-to-date: /home/melih/Desktop/AGV/install/agv_interfaces/local/lib/python3.10/dist-packages/agv_interfaces/srv/_learn_weight_s.c
[4.363s] -- Up-to-date: /home/melih/Desktop/AGV/install/agv_interfaces/local/lib/python3.10/dist-packages/agv_interfaces/_agv_interfaces_s.ep.rosidl_typesupport_fastrtps_c.c
[4.364s] -- Up-to-date: /home/melih/Desktop/AGV/install/agv_interfaces/local/lib/python3.10/dist-packages/agv_interfaces/_agv_interfaces_s.ep.rosidl_typesupport_introspection_c.c
[4.364s] -- Up-to-date: /home/melih/Desktop/AGV/install/agv_interfaces/local/lib/python3.10/dist-packages/agv_interfaces/agv_interfaces_s__rosidl_typesupport_c.cpython-310-x86_64-linux-gnu.so
[4.550s] Listing '/home/melih/Desktop/AGV/install/agv_interfaces/local/lib/python3.10/dist-packages/agv_interfaces'...
[4.551s] Listing '/home/melih/Desktop/AGV/install/agv_interfaces/local/lib/python3.10/dist-packages/agv_interfaces/srv'...
[4.588s] -- Up-to-date: /home/melih/Desktop/AGV/install/agv_interfaces/local/lib/python3.10/dist-packages/agv_interfaces/agv_interfaces_s__rosidl_typesupport_fastrtps_c.cpython-310-x86_64-linux-gnu.so
[4.588s] -- Up-to-date: /home/melih/Desktop/AGV/install/agv_interfaces/local/lib/python3.10/dist-packages/agv_interfaces/agv_interfaces_s__rosidl_typesupport_introspection_c.cpython-310-x86_64-linux-gnu.so
[4.599s] -- Up-to-date: /home/melih/Desktop/AGV/install/agv_interfaces/local/lib/python3.10/dist-packages/agv_interfaces/agv_interfaces_s__rosidl_typesupport_c.cpython-310-x86_64-linux-gnu.so
[4.601s] -- Up-to-date: /home/melih/Desktop/AGV/install/agv_interfaces/lib/libagv_interfaces__rosidl_generator_py.so
[4.604s] -- Up-to-date: /home/melih/Desktop/AGV/install/agv_interfaces/share/agv_interfaces/srv/LearnWeight.idl
[4.606s] -- Up-to-date: /home/melih/Desktop/AGV/install/agv_interfaces/share/agv_interfaces/srv/Command.idl
[4.609s] -- Up-to-date: /home/melih/Desktop/AGV/install/agv_interfaces/share/agv_interfaces/srv/LearnWeight.srv
[4.611s] -- Up-to-date: /home/melih/Desktop/AGV/install/agv_interfaces/share/agv_interfaces/srv/LearnWeight_Request.msg
[4.621s] -- Up-to-date: /home/melih/Desktop/AGV/install/agv_interfaces/share/agv_interfaces/srv/LearnWeight_Response.msg
[4.621s] -- Up-to-date: /home/melih/Desktop/AGV/install/agv_interfaces/share/agv_interfaces/srv/Command.srv
[4.622s] -- Up-to-date: /home/melih/Desktop/AGV/install/agv_interfaces/share/agv_interfaces/srv/Command_Request.msg
[4.622s] -- Up-to-date: /home/melih/Desktop/AGV/install/agv_interfaces/share/agv_interfaces/srv/Command_Response.msg
[4.622s] -- Up-to-date: /home/melih/Desktop/AGV/install/agv_interfaces/share/ament_index/resource_index/package_run_dependencies/agv_interfaces
[4.622s] -- Up-to-date: /home/melih/Desktop/AGV/install/agv_interfaces/share/ament_index/resource_index/parent_prefix_path/agv_interfaces
[4.637s] -- Up-to-date: /home/melih/Desktop/AGV/install/agv_interfaces/share/agv_interfaces/environment/ament_prefix_path.sh
[4.637s] -- Up-to-date: /home/melih/Desktop/AGV/install/agv_interfaces/share/agv_interfaces/environment/ament_prefix_path.dsv
[4.637s] -- Up-to-date: /home/melih/Desktop/AGV/install/agv_interfaces/share/agv_interfaces/environment/path.sh
[4.637s] -- Up-to-date: /home/melih/Desktop/AGV/install/agv_interfaces/share/agv_interfaces/environment/path.dsv
[4.638s] -- Up-to-date: /home/melih/Desktop/AGV/install/agv_interfaces/share/agv_interfaces/local_setup.bash
[4.638s] -- Up-to-date: /home/melih/Desktop/AGV/install/agv_interfaces/share/agv_interfaces/local_setup.sh
[4.638s] -- Up-to-date: /home/melih/Desktop/AGV/install/agv_interfaces/share/agv_interfaces/local_setup.zsh
[4.638s] -- Up-to-date: /home/melih/Desktop/AGV/install/agv_interfaces/share/agv_interfaces/local_setup.dsv
[4.638s] -- Installing: /home/melih/Desktop/AGV/install/agv_interfaces/share/agv_interfaces/package.dsv
[4.645s] -- Up-to-date: /home/melih/Desktop/AGV/install/agv_interfaces/share/ament_index/resource_index/packages/agv_interfaces
[4.646s] -- Up-to-date: /home/melih/Desktop/AGV/install/agv_interfaces/share/agv_interfaces/cmake/export_agv_interfaces__rosidl_generator_cExport.cmake
[4.646s] -- Up-to-date: /home/melih/Desktop/AGV/install/agv_interfaces/share/agv_interfaces/cmake/export_agv_interfaces__rosidl_generator_cExport-noconfig.cmake
[4.646s] -- Up-to-date: /home/melih/Desktop/AGV/install/agv_interfaces/share/agv_interfaces/cmake/export_agv_interfaces__rosidl_typesupport_fastrtps_cExport.cmake
[4.646s] -- Up-to-date: /home/melih/Desktop/AGV/install/agv_interfaces/share/agv_interfaces/cmake/export_agv_interfaces__rosidl_typesupport_fastrtps_cExport-noconfig.cmake
[4.652s] -- Up-to-date: /home/melih/Desktop/AGV/install/agv_interfaces/share/agv_interfaces/cmake/agv_interfaces__rosidl_typesupport_introspection_cExport.cmake
[4.652s] -- Up-to-date: /home/melih/Desktop/AGV/install/agv_interfaces/share/agv_interfaces/cmake/agv_interfaces__rosidl_typesupport_introspection_cExport-noconfig.cmake
[4.655s] -- Up-to-date: /home/melih/Desktop/AGV/install/agv_interfaces/share/agv_interfaces/cmake/agv_interfaces__rosidl_typesupport_cExport.cmake
[4.655s] -- Up-to-date: /home/melih/Desktop/AGV/install/agv_interfaces/share/agv_interfaces/cmake/agv_interfaces__rosidl_typesupport_cExport-noconfig.cmake
[4.662s] -- Up-to-date: /home/melih/Desktop/AGV/install/agv_interfaces/share/agv_interfaces/cmake/export_agv_interfaces__rosidl_generator_cppExport.cmake
[4.662s] -- Up-to-date: /home/melih/Desktop/AGV/install/agv_interfaces/share/agv_interfaces/cmake/export_agv_interfaces__rosidl_typesupport_fastrtps_cppExport.cmake
[4.662s] -- Up-to-date: /home/melih/Desktop/AGV/install/agv_interfaces/share/agv_interfaces/cmake/export_agv_interfaces__rosidl_typesupport_fastrtps_cppExport-noconfig.cmake
[4.662s] -- Up-to-date: /home/melih/Desktop/AGV/install/agv_interfaces/share/agv_interfaces/cmake/agv_interfaces__rosidl_typesupport_introspection_cppExport.cmake
[4.663s] -- Up-to-date: /home/melih/Desktop/AGV/install/agv_interfaces/share/agv_interfaces/cmake/agv_interfaces__rosidl_typesupport_introspection_cppExport-noconfig.cmake
[4.663s] -- Up-to-date: /home/melih/Desktop/AGV/install/agv_interfaces/share/agv_interfaces/cmake/agv_interfaces__rosidl_typesupport_cppExport.cmake
[4.663s] -- Up-to-date: /home/melih/Desktop/AGV/install/agv_interfaces/share/agv_interfaces/cmake/agv_interfaces__rosidl_typesupport_cppExport-noconfig.cmake
[4.663s] -- Up-to-date: /home/melih/Desktop/AGV/install/agv_interfaces/share/agv_interfaces/cmake/export_agv_interfaces__rosidl_generator_pyExport.cmake
[4.671s] -- Up-to-date: /home/melih/Desktop/AGV/install/agv_interfaces/share/agv_interfaces/cmake/export_agv_interfaces__rosidl_generator_pyExport-noconfig.cmake
[4.673s] -- Up-to-date: /home/melih/Desktop/AGV/install/agv_interfaces/share/agv_interfaces/cmake/rosidl_cmake-extras.cmake
[4.673s] -- Up-to-date: /home/melih/Desktop/AGV/install/agv_interfaces/share/agv_interfaces/cmake/ament_cmake_export_include_directories-extras.cmake
[4.676s] -- Up-to-date: /home/melih/Desktop/AGV/install/agv_interfaces/share/agv_interfaces/cmake/ament_cmake_export_libraries-extras.cmake
[4.676s] -- Up-to-date: /home/melih/Desktop/AGV/install/agv_interfaces/share/agv_interfaces/cmake/ament_cmake_export_targets-extras.cmake
[4.678s] -- Up-to-date: /home/melih/Desktop/AGV/install/agv_interfaces/share/agv_interfaces/cmake/rosidl_cmake_export_typesupport_targets-extras.cmake
[4.678s] -- Up-to-date: /home/melih/Desktop/AGV/install/agv_interfaces/share/agv_interfaces/cmake/ament_cmake_export_dependencies-extras.cmake
[4.678s] -- Up-to-date: /home/melih/Desktop/AGV/install/agv_interfaces/share/agv_interfaces/cmake/rosidl_cmake_export_typesupport_libraries-extras.cmake
[4.679s] -- Up-to-date: /home/melih/Desktop/AGV/install/agv_interfaces/share/agv_interfaces/cmake/agv_interfacesConfig.cmake
[4.679s] -- Up-to-date: /home/melih/Desktop/AGV/install/agv_interfaces/share/agv_interfaces/cmake/agv_interfacesConfig-version.cmake
[4.679s] -- Up-to-date: /home/melih/Desktop/AGV/install/agv_interfaces/share/agv_interfaces/package.xml
[4.740s] Invoked command in '/home/melih/Desktop/AGV/build/agv_interfaces' returned '0': CMAKE_PREFIX_PATH=${CMAKE_PREFIX_PATH}:/home/melih/Desktop/AGV/install/agv_py:/home/melih/Desktop/ros_lifecycle_node/install/lifecycle_node_py:/home/melih/Desktop/ros_example/turtlesim_project/install/turtlesim_py:/home/melih/Desktop/ros_example/edouard_turtlesim_project/install/turtlesim_catch_them_all:/home/melih/Desktop/ros_example/battery_led_states/install/package_py:/home/melih/Desktop/ros_py/install/my_robot:/home/melih/Desktop/ros_action/install/actions_py:/opt/ros/humble /usr/bin/cmake --install /home/melih/Desktop/AGV/build/agv_interfaces
