Traceback (most recent call last):
  File "/home/melih/Desktop/AGV/src/agv_py/setup.py", line 1, in <module>
    from setuptools import find_packages, setup
  File "/usr/lib/python3/dist-packages/setuptools/__init__.py", line 16, in <module>
    import setuptools.version
  File "/usr/lib/python3/dist-packages/setuptools/version.py", line 1, in <module>
    import pkg_resources
  File "/usr/lib/python3/dist-packages/pkg_resources/__init__.py", line 33, in <module>
    import email.parser
  File "/usr/lib/python3.10/email/parser.py", line 12, in <module>
    from email.feedparser import FeedParser, BytesFeedParser
  File "/usr/lib/python3.10/email/feedparser.py", line 27, in <module>
    from email._policybase import compat32
  File "/usr/lib/python3.10/email/_policybase.py", line 9, in <module>
    from email.utils import _has_surrogates
  File "/usr/lib/python3.10/email/utils.py", line 29, in <module>
    import socket
  File "/usr/lib/python3.10/socket.py", line 85, in <module>
    IntFlag._convert_(
  File "/usr/lib/python3.10/enum.py", line 553, in _convert_
    members = [
  File "/usr/lib/python3.10/enum.py", line 556, in <listcomp>
    if filter(name)]
KeyboardInterrupt
