[3.122s] Invoking command in '/home/melih/Desktop/AGV/src/agv_py': PYTHONPATH=/home/melih/Desktop/AGV/build/agv_py/prefix_override:/home/melih/.local/lib/python3.10/site-packages/colcon_core/task/python/colcon_distutils_commands:/home/melih/Desktop/AGV/install/agv_py/lib/python3.10/site-packages:${PYTHONPATH} /usr/bin/python3 -W ignore:setup.py install is deprecated setup.py egg_info --egg-base ../../build/agv_py build --build-base /home/melih/Desktop/AGV/build/agv_py/build install --record /home/melih/Desktop/AGV/build/agv_py/install.log --single-version-externally-managed install_data
[3.404s] Traceback (most recent call last):
[3.404s]   File "/home/melih/Desktop/AGV/src/agv_py/setup.py", line 1, in <module>
[3.404s]     from setuptools import find_packages, setup
[3.407s]   File "/usr/lib/python3/dist-packages/setuptools/__init__.py", line 16, in <module>
[3.407s]     import setuptools.version
[3.408s]   File "/usr/lib/python3/dist-packages/setuptools/version.py", line 1, in <module>
[3.413s]     import pkg_resources
[3.419s]   File "/usr/lib/python3/dist-packages/pkg_resources/__init__.py", line 33, in <module>
[3.420s]     import email.parser
[3.420s]   File "/usr/lib/python3.10/email/parser.py", line 12, in <module>
[3.420s]     from email.feedparser import FeedParser, BytesFeedParser
[3.421s]   File "/usr/lib/python3.10/email/feedparser.py", line 27, in <module>
[3.421s]     from email._policybase import compat32
[3.421s]   File "/usr/lib/python3.10/email/_policybase.py", line 9, in <module>
[3.421s]     from email.utils import _has_surrogates
[3.424s]   File "/usr/lib/python3.10/email/utils.py", line 29, in <module>
[3.424s]     import socket
[3.425s]   File "/usr/lib/python3.10/socket.py", line 85, in <module>
[3.425s]     IntFlag._convert_(
[3.425s]   File "/usr/lib/python3.10/enum.py", line 553, in _convert_
[3.427s]     members = [
[3.427s]   File "/usr/lib/python3.10/enum.py", line 556, in <listcomp>
[3.427s]     if filter(name)]
[3.429s] KeyboardInterrupt
[3.455s] Invoked command in '/home/melih/Desktop/AGV/src/agv_py' returned '-2': PYTHONPATH=/home/melih/Desktop/AGV/build/agv_py/prefix_override:/home/melih/.local/lib/python3.10/site-packages/colcon_core/task/python/colcon_distutils_commands:/home/melih/Desktop/AGV/install/agv_py/lib/python3.10/site-packages:${PYTHONPATH} /usr/bin/python3 -W ignore:setup.py install is deprecated setup.py egg_info --egg-base ../../build/agv_py build --build-base /home/melih/Desktop/AGV/build/agv_py/build install --record /home/melih/Desktop/AGV/build/agv_py/install.log --single-version-externally-managed install_data
