[2.082s] Invoking command in '/home/melih/Desktop/AGV/src/agv_py': PYTHONPATH=/home/melih/Desktop/AGV/build/agv_py/prefix_override:/home/melih/.local/lib/python3.10/site-packages/colcon_core/task/python/colcon_distutils_commands:/home/melih/Desktop/AGV/install/agv_py/lib/python3.10/site-packages:${PYTHONPATH} /usr/bin/python3 -W ignore:setup.py install is deprecated setup.py egg_info --egg-base ../../build/agv_py build --build-base /home/melih/Desktop/AGV/build/agv_py/build install --record /home/melih/Desktop/AGV/build/agv_py/install.log --single-version-externally-managed install_data
[2.693s] running egg_info
[2.695s] writing ../../build/agv_py/agv_py.egg-info/PKG-INFO
[2.695s] writing dependency_links to ../../build/agv_py/agv_py.egg-info/dependency_links.txt
[2.696s] writing entry points to ../../build/agv_py/agv_py.egg-info/entry_points.txt
[2.696s] writing requirements to ../../build/agv_py/agv_py.egg-info/requires.txt
[2.696s] writing top-level names to ../../build/agv_py/agv_py.egg-info/top_level.txt
[2.700s] reading manifest file '../../build/agv_py/agv_py.egg-info/SOURCES.txt'
[2.702s] writing manifest file '../../build/agv_py/agv_py.egg-info/SOURCES.txt'
[2.702s] running build
[2.703s] running build_py
[2.704s] running install
[2.704s] running install_lib
[2.709s] running install_data
[2.710s] running install_egg_info
[2.713s] removing '/home/melih/Desktop/AGV/install/agv_py/lib/python3.10/site-packages/agv_py-0.0.0-py3.10.egg-info' (and everything under it)
[2.715s] Copying ../../build/agv_py/agv_py.egg-info to /home/melih/Desktop/AGV/install/agv_py/lib/python3.10/site-packages/agv_py-0.0.0-py3.10.egg-info
[2.716s] running install_scripts
[2.775s] Installing deneyap_motor_controller script to /home/melih/Desktop/AGV/install/agv_py/lib/agv_py
[2.775s] Installing deneyap_sensor_controller script to /home/melih/Desktop/AGV/install/agv_py/lib/agv_py
[2.776s] Installing interface script to /home/melih/Desktop/AGV/install/agv_py/lib/agv_py
[2.780s] Installing lidar_web_example script to /home/melih/Desktop/AGV/install/agv_py/lib/agv_py
[2.780s] Installing qrcode script to /home/melih/Desktop/AGV/install/agv_py/lib/agv_py
[2.781s] Installing web_interface script to /home/melih/Desktop/AGV/install/agv_py/lib/agv_py
[2.781s] writing list of installed files to '/home/melih/Desktop/AGV/build/agv_py/install.log'
[2.844s] Invoked command in '/home/melih/Desktop/AGV/src/agv_py' returned '0': PYTHONPATH=/home/melih/Desktop/AGV/build/agv_py/prefix_override:/home/melih/.local/lib/python3.10/site-packages/colcon_core/task/python/colcon_distutils_commands:/home/melih/Desktop/AGV/install/agv_py/lib/python3.10/site-packages:${PYTHONPATH} /usr/bin/python3 -W ignore:setup.py install is deprecated setup.py egg_info --egg-base ../../build/agv_py build --build-base /home/melih/Desktop/AGV/build/agv_py/build install --record /home/melih/Desktop/AGV/build/agv_py/install.log --single-version-externally-managed install_data
