[2.533s] Invoking command in '/home/melih/Desktop/AGV/src/agv_py': PYTHONPATH=/home/melih/Desktop/AGV/build/agv_py/prefix_override:/home/melih/.local/lib/python3.10/site-packages/colcon_core/task/python/colcon_distutils_commands:/home/melih/Desktop/AGV/install/agv_py/lib/python3.10/site-packages:${PYTHONPATH} /usr/bin/python3 -W ignore:setup.py install is deprecated setup.py egg_info --egg-base ../../build/agv_py build --build-base /home/melih/Desktop/AGV/build/agv_py/build install --record /home/melih/Desktop/AGV/build/agv_py/install.log --single-version-externally-managed install_data
[3.120s] running egg_info
[3.121s] writing ../../build/agv_py/agv_py.egg-info/PKG-INFO
[3.122s] writing dependency_links to ../../build/agv_py/agv_py.egg-info/dependency_links.txt
[3.122s] writing entry points to ../../build/agv_py/agv_py.egg-info/entry_points.txt
[3.122s] writing requirements to ../../build/agv_py/agv_py.egg-info/requires.txt
[3.123s] writing top-level names to ../../build/agv_py/agv_py.egg-info/top_level.txt
[3.127s] reading manifest file '../../build/agv_py/agv_py.egg-info/SOURCES.txt'
[3.129s] writing manifest file '../../build/agv_py/agv_py.egg-info/SOURCES.txt'
[3.129s] running build
[3.129s] running build_py
[3.130s] running install
[3.131s] running install_lib
[3.135s] running install_data
[3.136s] running install_egg_info
[3.139s] removing '/home/melih/Desktop/AGV/install/agv_py/lib/python3.10/site-packages/agv_py-0.0.0-py3.10.egg-info' (and everything under it)
[3.140s] Copying ../../build/agv_py/agv_py.egg-info to /home/melih/Desktop/AGV/install/agv_py/lib/python3.10/site-packages/agv_py-0.0.0-py3.10.egg-info
[3.142s] running install_scripts
[3.193s] Installing deneyap_motor_controller script to /home/melih/Desktop/AGV/install/agv_py/lib/agv_py
[3.193s] Installing deneyap_sensor_controller script to /home/melih/Desktop/AGV/install/agv_py/lib/agv_py
[3.194s] Installing interface script to /home/melih/Desktop/AGV/install/agv_py/lib/agv_py
[3.194s] Installing lidar_web_example script to /home/melih/Desktop/AGV/install/agv_py/lib/agv_py
[3.194s] Installing qrcode script to /home/melih/Desktop/AGV/install/agv_py/lib/agv_py
[3.195s] Installing web_interface script to /home/melih/Desktop/AGV/install/agv_py/lib/agv_py
[3.195s] writing list of installed files to '/home/melih/Desktop/AGV/build/agv_py/install.log'
[3.263s] Invoked command in '/home/melih/Desktop/AGV/src/agv_py' returned '0': PYTHONPATH=/home/melih/Desktop/AGV/build/agv_py/prefix_override:/home/melih/.local/lib/python3.10/site-packages/colcon_core/task/python/colcon_distutils_commands:/home/melih/Desktop/AGV/install/agv_py/lib/python3.10/site-packages:${PYTHONPATH} /usr/bin/python3 -W ignore:setup.py install is deprecated setup.py egg_info --egg-base ../../build/agv_py build --build-base /home/melih/Desktop/AGV/build/agv_py/build install --record /home/melih/Desktop/AGV/build/agv_py/install.log --single-version-externally-managed install_data
