[7.347s] Invoking command in '/home/melih/Desktop/AGV/src/agv_py': PYTHONPATH=/home/melih/Desktop/AGV/build/agv_py/prefix_override:/home/melih/.local/lib/python3.10/site-packages/colcon_core/task/python/colcon_distutils_commands:/home/melih/Desktop/AGV/install/agv_py/lib/python3.10/site-packages:${PYTHONPATH} /usr/bin/python3 -W ignore:setup.py install is deprecated setup.py egg_info --egg-base ../../build/agv_py build --build-base /home/melih/Desktop/AGV/build/agv_py/build install --record /home/melih/Desktop/AGV/build/agv_py/install.log --single-version-externally-managed install_data
[9.221s] running egg_info
[9.226s] writing ../../build/agv_py/agv_py.egg-info/PKG-INFO
[9.233s] writing dependency_links to ../../build/agv_py/agv_py.egg-info/dependency_links.txt
[9.234s] writing entry points to ../../build/agv_py/agv_py.egg-info/entry_points.txt
[9.234s] writing requirements to ../../build/agv_py/agv_py.egg-info/requires.txt
[9.234s] writing top-level names to ../../build/agv_py/agv_py.egg-info/top_level.txt
[9.234s] reading manifest file '../../build/agv_py/agv_py.egg-info/SOURCES.txt'
[9.242s] writing manifest file '../../build/agv_py/agv_py.egg-info/SOURCES.txt'
[9.243s] running build
[9.244s] running build_py
[9.246s] copying agv_py/qrcode.py -> /home/melih/Desktop/AGV/build/agv_py/build/lib/agv_py
[9.246s] copying agv_py/deneyap_motor_controller.py -> /home/melih/Desktop/AGV/build/agv_py/build/lib/agv_py
[9.248s] running install
[9.249s] running install_lib
[9.259s] copying /home/melih/Desktop/AGV/build/agv_py/build/lib/agv_py/qrcode.py -> /home/melih/Desktop/AGV/install/agv_py/lib/python3.10/site-packages/agv_py
[9.259s] copying /home/melih/Desktop/AGV/build/agv_py/build/lib/agv_py/deneyap_motor_controller.py -> /home/melih/Desktop/AGV/install/agv_py/lib/python3.10/site-packages/agv_py
[9.264s] byte-compiling /home/melih/Desktop/AGV/install/agv_py/lib/python3.10/site-packages/agv_py/qrcode.py to qrcode.cpython-310.pyc
[9.268s] byte-compiling /home/melih/Desktop/AGV/install/agv_py/lib/python3.10/site-packages/agv_py/deneyap_motor_controller.py to deneyap_motor_controller.cpython-310.pyc
[9.274s] running install_data
[9.274s] running install_egg_info
[9.282s] removing '/home/melih/Desktop/AGV/install/agv_py/lib/python3.10/site-packages/agv_py-0.0.0-py3.10.egg-info' (and everything under it)
[9.283s] Copying ../../build/agv_py/agv_py.egg-info to /home/melih/Desktop/AGV/install/agv_py/lib/python3.10/site-packages/agv_py-0.0.0-py3.10.egg-info
[9.287s] running install_scripts
[9.517s] Installing deneyap_motor_controller script to /home/melih/Desktop/AGV/install/agv_py/lib/agv_py
[9.517s] Installing deneyap_sensor_controller script to /home/melih/Desktop/AGV/install/agv_py/lib/agv_py
[9.517s] Installing interface script to /home/melih/Desktop/AGV/install/agv_py/lib/agv_py
[9.522s] Installing lidar_web_example script to /home/melih/Desktop/AGV/install/agv_py/lib/agv_py
[9.522s] Installing qrcode script to /home/melih/Desktop/AGV/install/agv_py/lib/agv_py
[9.523s] Installing web_interface script to /home/melih/Desktop/AGV/install/agv_py/lib/agv_py
[9.523s] writing list of installed files to '/home/melih/Desktop/AGV/build/agv_py/install.log'
[9.662s] Invoked command in '/home/melih/Desktop/AGV/src/agv_py' returned '0': PYTHONPATH=/home/melih/Desktop/AGV/build/agv_py/prefix_override:/home/melih/.local/lib/python3.10/site-packages/colcon_core/task/python/colcon_distutils_commands:/home/melih/Desktop/AGV/install/agv_py/lib/python3.10/site-packages:${PYTHONPATH} /usr/bin/python3 -W ignore:setup.py install is deprecated setup.py egg_info --egg-base ../../build/agv_py build --build-base /home/melih/Desktop/AGV/build/agv_py/build install --record /home/melih/Desktop/AGV/build/agv_py/install.log --single-version-externally-managed install_data
