[2.805s] Invoking command in '/home/melih/Desktop/AGV/src/agv_py': PYTHONPATH=/home/melih/Desktop/AGV/build/agv_py/prefix_override:/home/melih/.local/lib/python3.10/site-packages/colcon_core/task/python/colcon_distutils_commands:/home/melih/Desktop/AGV/install/agv_py/lib/python3.10/site-packages:${PYTHONPATH} /usr/bin/python3 -W ignore:setup.py install is deprecated setup.py egg_info --egg-base ../../build/agv_py build --build-base /home/melih/Desktop/AGV/build/agv_py/build install --record /home/melih/Desktop/AGV/build/agv_py/install.log --single-version-externally-managed install_data
[3.621s] running egg_info
[3.623s] writing ../../build/agv_py/agv_py.egg-info/PKG-INFO
[3.623s] writing dependency_links to ../../build/agv_py/agv_py.egg-info/dependency_links.txt
[3.624s] writing entry points to ../../build/agv_py/agv_py.egg-info/entry_points.txt
[3.624s] writing requirements to ../../build/agv_py/agv_py.egg-info/requires.txt
[3.624s] writing top-level names to ../../build/agv_py/agv_py.egg-info/top_level.txt
[3.628s] reading manifest file '../../build/agv_py/agv_py.egg-info/SOURCES.txt'
[3.631s] writing manifest file '../../build/agv_py/agv_py.egg-info/SOURCES.txt'
[3.632s] running build
[3.632s] running build_py
[3.632s] copying agv_py/web_interface.py -> /home/melih/Desktop/AGV/build/agv_py/build/lib/agv_py
[3.634s] running install
[3.635s] running install_lib
[3.640s] copying /home/melih/Desktop/AGV/build/agv_py/build/lib/agv_py/web_interface.py -> /home/melih/Desktop/AGV/install/agv_py/lib/python3.10/site-packages/agv_py
[3.644s] byte-compiling /home/melih/Desktop/AGV/install/agv_py/lib/python3.10/site-packages/agv_py/web_interface.py to web_interface.cpython-310.pyc
[3.653s] running install_data
[3.653s] running install_egg_info
[3.656s] removing '/home/melih/Desktop/AGV/install/agv_py/lib/python3.10/site-packages/agv_py-0.0.0-py3.10.egg-info' (and everything under it)
[3.657s] Copying ../../build/agv_py/agv_py.egg-info to /home/melih/Desktop/AGV/install/agv_py/lib/python3.10/site-packages/agv_py-0.0.0-py3.10.egg-info
[3.660s] running install_scripts
[3.716s] Installing deneyap_motor_controller script to /home/melih/Desktop/AGV/install/agv_py/lib/agv_py
[3.716s] Installing deneyap_sensor_controller script to /home/melih/Desktop/AGV/install/agv_py/lib/agv_py
[3.717s] Installing interface script to /home/melih/Desktop/AGV/install/agv_py/lib/agv_py
[3.717s] Installing lidar_web_example script to /home/melih/Desktop/AGV/install/agv_py/lib/agv_py
[3.717s] Installing qrcode script to /home/melih/Desktop/AGV/install/agv_py/lib/agv_py
[3.718s] Installing web_interface script to /home/melih/Desktop/AGV/install/agv_py/lib/agv_py
[3.719s] writing list of installed files to '/home/melih/Desktop/AGV/build/agv_py/install.log'
[3.784s] Invoked command in '/home/melih/Desktop/AGV/src/agv_py' returned '0': PYTHONPATH=/home/melih/Desktop/AGV/build/agv_py/prefix_override:/home/melih/.local/lib/python3.10/site-packages/colcon_core/task/python/colcon_distutils_commands:/home/melih/Desktop/AGV/install/agv_py/lib/python3.10/site-packages:${PYTHONPATH} /usr/bin/python3 -W ignore:setup.py install is deprecated setup.py egg_info --egg-base ../../build/agv_py build --build-base /home/melih/Desktop/AGV/build/agv_py/build install --record /home/melih/Desktop/AGV/build/agv_py/install.log --single-version-externally-managed install_data
