[2.458s] DEBUG:colcon:Command line arguments: ['/home/melih/.local/bin/colcon', 'list', '-p', '--base-paths', '/home/melih/Desktop/AGV']
[2.458s] DEBUG:colcon:Parsed command line arguments: Namespace(log_base=None, log_level=None, verb_name='list', build_base='build', ignore_user_meta=False, metas=['./colcon.meta'], base_paths=['/home/melih/Desktop/AGV'], packages_ignore=None, packages_ignore_regex=None, paths=None, packages_up_to=None, packages_up_to_regex=None, packages_above=None, packages_above_and_dependencies=None, packages_above_depth=None, packages_select_by_dep=None, packages_skip_by_dep=None, packages_skip_up_to=None, packages_select_build_failed=False, packages_skip_build_finished=False, packages_select_test_failures=False, packages_skip_test_passed=False, packages_select=None, packages_skip=None, packages_select_regex=None, packages_skip_regex=None, packages_start=None, packages_end=None, allow_overriding=[], topological_order=False, names_only=False, paths_only=True, topological_graph=False, topological_graph_dot=False, topological_graph_density=False, topological_graph_legend=False, topological_graph_dot_cluster=False, topological_graph_dot_include_skipped=False, verb_parser=<colcon_defaults.argument_parser.defaults.DefaultArgumentsDecorator object at 0x7e73d9c11840>, verb_extension=<colcon_package_information.verb.list.ListVerb object at 0x7e73d9c10700>, main=<bound method ListVerb.main of <colcon_package_information.verb.list.ListVerb object at 0x7e73d9c10700>>)
[4.430s] Level 1:colcon.colcon_core.package_discovery:discover_packages(colcon_meta) check parameters
[4.431s] Level 1:colcon.colcon_core.package_discovery:discover_packages(recursive) check parameters
[4.431s] Level 1:colcon.colcon_core.package_discovery:discover_packages(ignore) check parameters
[4.431s] Level 1:colcon.colcon_core.package_discovery:discover_packages(path) check parameters
[4.431s] Level 1:colcon.colcon_core.package_discovery:discover_packages(recursive) discover
[4.432s] INFO:colcon.colcon_core.package_discovery:Crawling recursively for packages in '/home/melih/Desktop/AGV'
[4.432s] Level 1:colcon.colcon_core.package_identification:_identify(/home/melih/Desktop/AGV) by extensions ['ignore', 'ignore_ament_install']
[4.432s] Level 1:colcon.colcon_core.package_identification:_identify(/home/melih/Desktop/AGV) by extension 'ignore'
[4.433s] Level 1:colcon.colcon_core.package_identification:_identify(/home/melih/Desktop/AGV) by extension 'ignore_ament_install'
[4.433s] Level 1:colcon.colcon_core.package_identification:_identify(/home/melih/Desktop/AGV) by extensions ['colcon_pkg']
[4.433s] Level 1:colcon.colcon_core.package_identification:_identify(/home/melih/Desktop/AGV) by extension 'colcon_pkg'
[4.433s] Level 1:colcon.colcon_core.package_identification:_identify(/home/melih/Desktop/AGV) by extensions ['colcon_meta']
[4.433s] Level 1:colcon.colcon_core.package_identification:_identify(/home/melih/Desktop/AGV) by extension 'colcon_meta'
[4.433s] Level 1:colcon.colcon_core.package_identification:_identify(/home/melih/Desktop/AGV) by extensions ['ros']
[4.434s] Level 1:colcon.colcon_core.package_identification:_identify(/home/melih/Desktop/AGV) by extension 'ros'
[4.501s] Level 1:colcon.colcon_core.package_identification:_identify(/home/melih/Desktop/AGV) by extensions ['cmake', 'python']
[4.505s] Level 1:colcon.colcon_core.package_identification:_identify(/home/melih/Desktop/AGV) by extension 'cmake'
[4.506s] Level 1:colcon.colcon_core.package_identification:_identify(/home/melih/Desktop/AGV) by extension 'python'
[4.506s] Level 1:colcon.colcon_core.package_identification:_identify(/home/melih/Desktop/AGV) by extensions ['python_setup_py']
[4.506s] Level 1:colcon.colcon_core.package_identification:_identify(/home/melih/Desktop/AGV) by extension 'python_setup_py'
[4.506s] Level 1:colcon.colcon_core.package_identification:_identify(/home/melih/Desktop/AGV/log) by extensions ['ignore', 'ignore_ament_install']
[4.507s] Level 1:colcon.colcon_core.package_identification:_identify(/home/melih/Desktop/AGV/log) by extension 'ignore'
[4.507s] Level 1:colcon.colcon_core.package_identification:_identify(/home/melih/Desktop/AGV/log) ignored
[4.507s] Level 1:colcon.colcon_core.package_identification:_identify(/home/melih/Desktop/AGV/src) by extensions ['ignore', 'ignore_ament_install']
[4.508s] Level 1:colcon.colcon_core.package_identification:_identify(/home/melih/Desktop/AGV/src) by extension 'ignore'
[4.508s] Level 1:colcon.colcon_core.package_identification:_identify(/home/melih/Desktop/AGV/src) by extension 'ignore_ament_install'
[4.508s] Level 1:colcon.colcon_core.package_identification:_identify(/home/melih/Desktop/AGV/src) by extensions ['colcon_pkg']
[4.508s] Level 1:colcon.colcon_core.package_identification:_identify(/home/melih/Desktop/AGV/src) by extension 'colcon_pkg'
[4.508s] Level 1:colcon.colcon_core.package_identification:_identify(/home/melih/Desktop/AGV/src) by extensions ['colcon_meta']
[4.508s] Level 1:colcon.colcon_core.package_identification:_identify(/home/melih/Desktop/AGV/src) by extension 'colcon_meta'
[4.509s] Level 1:colcon.colcon_core.package_identification:_identify(/home/melih/Desktop/AGV/src) by extensions ['ros']
[4.509s] Level 1:colcon.colcon_core.package_identification:_identify(/home/melih/Desktop/AGV/src) by extension 'ros'
[4.509s] Level 1:colcon.colcon_core.package_identification:_identify(/home/melih/Desktop/AGV/src) by extensions ['cmake', 'python']
[4.509s] Level 1:colcon.colcon_core.package_identification:_identify(/home/melih/Desktop/AGV/src) by extension 'cmake'
[4.509s] Level 1:colcon.colcon_core.package_identification:_identify(/home/melih/Desktop/AGV/src) by extension 'python'
[4.509s] Level 1:colcon.colcon_core.package_identification:_identify(/home/melih/Desktop/AGV/src) by extensions ['python_setup_py']
[4.509s] Level 1:colcon.colcon_core.package_identification:_identify(/home/melih/Desktop/AGV/src) by extension 'python_setup_py'
[4.510s] Level 1:colcon.colcon_core.package_identification:_identify(/home/melih/Desktop/AGV/src/agv_cpp) by extensions ['ignore', 'ignore_ament_install']
[4.510s] Level 1:colcon.colcon_core.package_identification:_identify(/home/melih/Desktop/AGV/src/agv_cpp) by extension 'ignore'
[4.510s] Level 1:colcon.colcon_core.package_identification:_identify(/home/melih/Desktop/AGV/src/agv_cpp) by extension 'ignore_ament_install'
[4.519s] Level 1:colcon.colcon_core.package_identification:_identify(/home/melih/Desktop/AGV/src/agv_cpp) by extensions ['colcon_pkg']
[4.519s] Level 1:colcon.colcon_core.package_identification:_identify(/home/melih/Desktop/AGV/src/agv_cpp) by extension 'colcon_pkg'
[4.519s] Level 1:colcon.colcon_core.package_identification:_identify(/home/melih/Desktop/AGV/src/agv_cpp) by extensions ['colcon_meta']
[4.519s] Level 1:colcon.colcon_core.package_identification:_identify(/home/melih/Desktop/AGV/src/agv_cpp) by extension 'colcon_meta'
[4.519s] Level 1:colcon.colcon_core.package_identification:_identify(/home/melih/Desktop/AGV/src/agv_cpp) by extensions ['ros']
[4.519s] Level 1:colcon.colcon_core.package_identification:_identify(/home/melih/Desktop/AGV/src/agv_cpp) by extension 'ros'
[4.541s] DEBUG:colcon.colcon_core.package_identification:Package '/home/melih/Desktop/AGV/src/agv_cpp' with type 'ros.ament_cmake' and name 'agv_cpp'
[4.542s] Level 1:colcon.colcon_core.package_identification:_identify(/home/melih/Desktop/AGV/src/agv_interface) by extensions ['ignore', 'ignore_ament_install']
[4.542s] Level 1:colcon.colcon_core.package_identification:_identify(/home/melih/Desktop/AGV/src/agv_interface) by extension 'ignore'
[4.542s] Level 1:colcon.colcon_core.package_identification:_identify(/home/melih/Desktop/AGV/src/agv_interface) by extension 'ignore_ament_install'
[4.542s] Level 1:colcon.colcon_core.package_identification:_identify(/home/melih/Desktop/AGV/src/agv_interface) by extensions ['colcon_pkg']
[4.543s] Level 1:colcon.colcon_core.package_identification:_identify(/home/melih/Desktop/AGV/src/agv_interface) by extension 'colcon_pkg'
[4.543s] Level 1:colcon.colcon_core.package_identification:_identify(/home/melih/Desktop/AGV/src/agv_interface) by extensions ['colcon_meta']
[4.543s] Level 1:colcon.colcon_core.package_identification:_identify(/home/melih/Desktop/AGV/src/agv_interface) by extension 'colcon_meta'
[4.543s] Level 1:colcon.colcon_core.package_identification:_identify(/home/melih/Desktop/AGV/src/agv_interface) by extensions ['ros']
[4.543s] Level 1:colcon.colcon_core.package_identification:_identify(/home/melih/Desktop/AGV/src/agv_interface) by extension 'ros'
[4.545s] DEBUG:colcon.colcon_core.package_identification:Package '/home/melih/Desktop/AGV/src/agv_interface' with type 'ros.ament_cmake' and name 'agv_interface'
[4.545s] Level 1:colcon.colcon_core.package_identification:_identify(/home/melih/Desktop/AGV/src/agv_launch) by extensions ['ignore', 'ignore_ament_install']
[4.545s] Level 1:colcon.colcon_core.package_identification:_identify(/home/melih/Desktop/AGV/src/agv_launch) by extension 'ignore'
[4.546s] Level 1:colcon.colcon_core.package_identification:_identify(/home/melih/Desktop/AGV/src/agv_launch) by extension 'ignore_ament_install'
[4.546s] Level 1:colcon.colcon_core.package_identification:_identify(/home/melih/Desktop/AGV/src/agv_launch) by extensions ['colcon_pkg']
[4.546s] Level 1:colcon.colcon_core.package_identification:_identify(/home/melih/Desktop/AGV/src/agv_launch) by extension 'colcon_pkg'
[4.546s] Level 1:colcon.colcon_core.package_identification:_identify(/home/melih/Desktop/AGV/src/agv_launch) by extensions ['colcon_meta']
[4.546s] Level 1:colcon.colcon_core.package_identification:_identify(/home/melih/Desktop/AGV/src/agv_launch) by extension 'colcon_meta'
[4.546s] Level 1:colcon.colcon_core.package_identification:_identify(/home/melih/Desktop/AGV/src/agv_launch) by extensions ['ros']
[4.546s] Level 1:colcon.colcon_core.package_identification:_identify(/home/melih/Desktop/AGV/src/agv_launch) by extension 'ros'
[4.563s] DEBUG:colcon.colcon_core.package_identification:Package '/home/melih/Desktop/AGV/src/agv_launch' with type 'ros.ament_cmake' and name 'agv_launch'
[4.564s] Level 1:colcon.colcon_core.package_identification:_identify(/home/melih/Desktop/AGV/src/agv_py) by extensions ['ignore', 'ignore_ament_install']
[4.564s] Level 1:colcon.colcon_core.package_identification:_identify(/home/melih/Desktop/AGV/src/agv_py) by extension 'ignore'
[4.565s] Level 1:colcon.colcon_core.package_identification:_identify(/home/melih/Desktop/AGV/src/agv_py) by extension 'ignore_ament_install'
[4.565s] Level 1:colcon.colcon_core.package_identification:_identify(/home/melih/Desktop/AGV/src/agv_py) by extensions ['colcon_pkg']
[4.565s] Level 1:colcon.colcon_core.package_identification:_identify(/home/melih/Desktop/AGV/src/agv_py) by extension 'colcon_pkg'
[4.565s] Level 1:colcon.colcon_core.package_identification:_identify(/home/melih/Desktop/AGV/src/agv_py) by extensions ['colcon_meta']
[4.565s] Level 1:colcon.colcon_core.package_identification:_identify(/home/melih/Desktop/AGV/src/agv_py) by extension 'colcon_meta'
[4.565s] Level 1:colcon.colcon_core.package_identification:_identify(/home/melih/Desktop/AGV/src/agv_py) by extensions ['ros']
[4.566s] Level 1:colcon.colcon_core.package_identification:_identify(/home/melih/Desktop/AGV/src/agv_py) by extension 'ros'
[4.568s] DEBUG:colcon.colcon_core.package_identification:Package '/home/melih/Desktop/AGV/src/agv_py' with type 'ros.ament_python' and name 'agv_py'
[4.568s] Level 1:colcon.colcon_core.package_discovery:discover_packages(recursive) using defaults
