[0.049s] Invoking command in '/home/melih/Desktop/AGV/build/agv_interfaces': CMAKE_PREFIX_PATH=${CMAKE_PREFIX_PATH}:/home/melih/Desktop/AGV/install/agv_py:/home/melih/Desktop/ros_lifecycle_node/install/lifecycle_node_py:/home/melih/Desktop/ros_example/turtlesim_project/install/turtlesim_py:/home/melih/Desktop/ros_example/edouard_turtlesim_project/install/turtlesim_catch_them_all:/home/melih/Desktop/ros_example/battery_led_states/install/package_py:/home/melih/Desktop/ros_py/install/my_robot:/home/melih/Desktop/ros_action/install/actions_py:/opt/ros/humble /usr/bin/cmake --build /home/melih/Desktop/AGV/build/agv_interfaces -- -j4 -l4
[0.199s] [  2%] Built target agv_interfaces__cpp
[0.215s] [  2%] Built target ament_cmake_python_copy_agv_interfaces
[0.216s] [ 12%] Built target agv_interfaces__rosidl_generator_c
[0.287s] [ 33%] Built target agv_interfaces__rosidl_typesupport_cpp
[0.287s] [ 23%] Built target agv_interfaces__rosidl_typesupport_fastrtps_cpp
[0.339s] [ 43%] Built target agv_interfaces__rosidl_typesupport_fastrtps_c
[0.388s] [ 53%] Built target agv_interfaces__rosidl_typesupport_c
[0.423s] [ 64%] Built target agv_interfaces__rosidl_typesupport_introspection_cpp
[0.431s] [ 74%] Built target agv_interfaces__rosidl_typesupport_introspection_c
[0.461s] [ 74%] Built target agv_interfaces
[0.527s] [ 76%] Built target agv_interfaces__py
[0.591s] [ 84%] Built target agv_interfaces__rosidl_generator_py
[0.700s] [ 89%] Built target agv_interfaces__rosidl_typesupport_fastrtps_c__pyext
[0.706s] [ 94%] Built target agv_interfaces__rosidl_typesupport_c__pyext
[0.715s] [100%] Built target agv_interfaces__rosidl_typesupport_introspection_c__pyext
[1.144s] running egg_info
[1.146s] writing agv_interfaces.egg-info/PKG-INFO
[1.146s] writing dependency_links to agv_interfaces.egg-info/dependency_links.txt
[1.147s] writing top-level names to agv_interfaces.egg-info/top_level.txt
[1.152s] reading manifest file 'agv_interfaces.egg-info/SOURCES.txt'
[1.153s] writing manifest file 'agv_interfaces.egg-info/SOURCES.txt'
[1.222s] [100%] Built target ament_cmake_python_build_agv_interfaces_egg
[1.253s] Invoked command in '/home/melih/Desktop/AGV/build/agv_interfaces' returned '0': CMAKE_PREFIX_PATH=${CMAKE_PREFIX_PATH}:/home/melih/Desktop/AGV/install/agv_py:/home/melih/Desktop/ros_lifecycle_node/install/lifecycle_node_py:/home/melih/Desktop/ros_example/turtlesim_project/install/turtlesim_py:/home/melih/Desktop/ros_example/edouard_turtlesim_project/install/turtlesim_catch_them_all:/home/melih/Desktop/ros_example/battery_led_states/install/package_py:/home/melih/Desktop/ros_py/install/my_robot:/home/melih/Desktop/ros_action/install/actions_py:/opt/ros/humble /usr/bin/cmake --build /home/melih/Desktop/AGV/build/agv_interfaces -- -j4 -l4
[1.491s] Invoking command in '/home/melih/Desktop/AGV/build/agv_interfaces': CMAKE_PREFIX_PATH=${CMAKE_PREFIX_PATH}:/home/melih/Desktop/AGV/install/agv_py:/home/melih/Desktop/ros_lifecycle_node/install/lifecycle_node_py:/home/melih/Desktop/ros_example/turtlesim_project/install/turtlesim_py:/home/melih/Desktop/ros_example/edouard_turtlesim_project/install/turtlesim_catch_them_all:/home/melih/Desktop/ros_example/battery_led_states/install/package_py:/home/melih/Desktop/ros_py/install/my_robot:/home/melih/Desktop/ros_action/install/actions_py:/opt/ros/humble /usr/bin/cmake --install /home/melih/Desktop/AGV/build/agv_interfaces
[1.508s] -- Install configuration: ""
[1.509s] -- Up-to-date: /home/melih/Desktop/AGV/install/agv_interfaces/share/ament_index/resource_index/rosidl_interfaces/agv_interfaces
[1.510s] -- Up-to-date: /home/melih/Desktop/AGV/install/agv_interfaces/include/agv_interfaces/agv_interfaces
[1.513s] -- Up-to-date: /home/melih/Desktop/AGV/install/agv_interfaces/include/agv_interfaces/agv_interfaces/srv
[1.515s] -- Up-to-date: /home/melih/Desktop/AGV/install/agv_interfaces/include/agv_interfaces/agv_interfaces/srv/command.h
[1.515s] -- Up-to-date: /home/melih/Desktop/AGV/install/agv_interfaces/include/agv_interfaces/agv_interfaces/srv/detail
[1.516s] -- Up-to-date: /home/melih/Desktop/AGV/install/agv_interfaces/include/agv_interfaces/agv_interfaces/srv/detail/learn_weight__functions.h
[1.516s] -- Up-to-date: /home/melih/Desktop/AGV/install/agv_interfaces/include/agv_interfaces/agv_interfaces/srv/detail/command__type_support.h
[1.516s] -- Up-to-date: /home/melih/Desktop/AGV/install/agv_interfaces/include/agv_interfaces/agv_interfaces/srv/detail/command__functions.h
[1.519s] -- Up-to-date: /home/melih/Desktop/AGV/install/agv_interfaces/include/agv_interfaces/agv_interfaces/srv/detail/command__functions.c
[1.519s] -- Up-to-date: /home/melih/Desktop/AGV/install/agv_interfaces/include/agv_interfaces/agv_interfaces/srv/detail/learn_weight__functions.c
[1.520s] -- Up-to-date: /home/melih/Desktop/AGV/install/agv_interfaces/include/agv_interfaces/agv_interfaces/srv/detail/learn_weight__struct.h
[1.520s] -- Up-to-date: /home/melih/Desktop/AGV/install/agv_interfaces/include/agv_interfaces/agv_interfaces/srv/detail/command__struct.h
[1.521s] -- Up-to-date: /home/melih/Desktop/AGV/install/agv_interfaces/include/agv_interfaces/agv_interfaces/srv/detail/learn_weight__type_support.h
[1.521s] -- Up-to-date: /home/melih/Desktop/AGV/install/agv_interfaces/include/agv_interfaces/agv_interfaces/srv/learn_weight.h
[1.521s] -- Up-to-date: /home/melih/Desktop/AGV/install/agv_interfaces/include/agv_interfaces/agv_interfaces/msg
[1.522s] -- Up-to-date: /home/melih/Desktop/AGV/install/agv_interfaces/include/agv_interfaces/agv_interfaces/msg/rosidl_generator_c__visibility_control.h
[1.522s] -- Up-to-date: /home/melih/Desktop/AGV/install/agv_interfaces/share/agv_interfaces/environment/library_path.sh
[1.522s] -- Up-to-date: /home/melih/Desktop/AGV/install/agv_interfaces/share/agv_interfaces/environment/library_path.dsv
[1.523s] -- Up-to-date: /home/melih/Desktop/AGV/install/agv_interfaces/lib/libagv_interfaces__rosidl_generator_c.so
[1.523s] -- Up-to-date: /home/melih/Desktop/AGV/install/agv_interfaces/include/agv_interfaces/agv_interfaces
[1.523s] -- Up-to-date: /home/melih/Desktop/AGV/install/agv_interfaces/include/agv_interfaces/agv_interfaces/srv
[1.524s] -- Up-to-date: /home/melih/Desktop/AGV/install/agv_interfaces/include/agv_interfaces/agv_interfaces/srv/detail
[1.524s] -- Up-to-date: /home/melih/Desktop/AGV/install/agv_interfaces/include/agv_interfaces/agv_interfaces/srv/detail/learn_weight__rosidl_typesupport_fastrtps_c.h
[1.524s] -- Up-to-date: /home/melih/Desktop/AGV/install/agv_interfaces/include/agv_interfaces/agv_interfaces/srv/detail/command__rosidl_typesupport_fastrtps_c.h
[1.524s] -- Up-to-date: /home/melih/Desktop/AGV/install/agv_interfaces/include/agv_interfaces/agv_interfaces/msg
[1.525s] -- Up-to-date: /home/melih/Desktop/AGV/install/agv_interfaces/include/agv_interfaces/agv_interfaces/msg/rosidl_typesupport_fastrtps_c__visibility_control.h
[1.525s] -- Up-to-date: /home/melih/Desktop/AGV/install/agv_interfaces/lib/libagv_interfaces__rosidl_typesupport_fastrtps_c.so
[1.525s] -- Up-to-date: /home/melih/Desktop/AGV/install/agv_interfaces/include/agv_interfaces/agv_interfaces
[1.526s] -- Up-to-date: /home/melih/Desktop/AGV/install/agv_interfaces/include/agv_interfaces/agv_interfaces/srv
[1.526s] -- Up-to-date: /home/melih/Desktop/AGV/install/agv_interfaces/include/agv_interfaces/agv_interfaces/srv/detail
[1.526s] -- Up-to-date: /home/melih/Desktop/AGV/install/agv_interfaces/include/agv_interfaces/agv_interfaces/srv/detail/command__rosidl_typesupport_introspection_c.h
[1.527s] -- Up-to-date: /home/melih/Desktop/AGV/install/agv_interfaces/include/agv_interfaces/agv_interfaces/srv/detail/command__type_support.c
[1.528s] -- Up-to-date: /home/melih/Desktop/AGV/install/agv_interfaces/include/agv_interfaces/agv_interfaces/srv/detail/learn_weight__type_support.c
[1.528s] -- Up-to-date: /home/melih/Desktop/AGV/install/agv_interfaces/include/agv_interfaces/agv_interfaces/srv/detail/learn_weight__rosidl_typesupport_introspection_c.h
[1.528s] -- Up-to-date: /home/melih/Desktop/AGV/install/agv_interfaces/include/agv_interfaces/agv_interfaces/msg
[1.528s] -- Up-to-date: /home/melih/Desktop/AGV/install/agv_interfaces/include/agv_interfaces/agv_interfaces/msg/rosidl_typesupport_introspection_c__visibility_control.h
[1.529s] -- Up-to-date: /home/melih/Desktop/AGV/install/agv_interfaces/lib/libagv_interfaces__rosidl_typesupport_introspection_c.so
[1.529s] -- Up-to-date: /home/melih/Desktop/AGV/install/agv_interfaces/lib/libagv_interfaces__rosidl_typesupport_c.so
[1.529s] -- Up-to-date: /home/melih/Desktop/AGV/install/agv_interfaces/include/agv_interfaces/agv_interfaces
[1.529s] -- Up-to-date: /home/melih/Desktop/AGV/install/agv_interfaces/include/agv_interfaces/agv_interfaces/srv
[1.530s] -- Up-to-date: /home/melih/Desktop/AGV/install/agv_interfaces/include/agv_interfaces/agv_interfaces/srv/learn_weight.hpp
[1.530s] -- Up-to-date: /home/melih/Desktop/AGV/install/agv_interfaces/include/agv_interfaces/agv_interfaces/srv/detail
[1.530s] -- Up-to-date: /home/melih/Desktop/AGV/install/agv_interfaces/include/agv_interfaces/agv_interfaces/srv/detail/learn_weight__struct.hpp
[1.530s] -- Up-to-date: /home/melih/Desktop/AGV/install/agv_interfaces/include/agv_interfaces/agv_interfaces/srv/detail/learn_weight__traits.hpp
[1.530s] -- Up-to-date: /home/melih/Desktop/AGV/install/agv_interfaces/include/agv_interfaces/agv_interfaces/srv/detail/command__struct.hpp
[1.531s] -- Up-to-date: /home/melih/Desktop/AGV/install/agv_interfaces/include/agv_interfaces/agv_interfaces/srv/detail/command__traits.hpp
[1.531s] -- Up-to-date: /home/melih/Desktop/AGV/install/agv_interfaces/include/agv_interfaces/agv_interfaces/srv/detail/learn_weight__builder.hpp
[1.531s] -- Up-to-date: /home/melih/Desktop/AGV/install/agv_interfaces/include/agv_interfaces/agv_interfaces/srv/detail/command__builder.hpp
[1.531s] -- Up-to-date: /home/melih/Desktop/AGV/install/agv_interfaces/include/agv_interfaces/agv_interfaces/srv/command.hpp
[1.532s] -- Up-to-date: /home/melih/Desktop/AGV/install/agv_interfaces/include/agv_interfaces/agv_interfaces
[1.532s] -- Up-to-date: /home/melih/Desktop/AGV/install/agv_interfaces/include/agv_interfaces/agv_interfaces/srv
[1.532s] -- Up-to-date: /home/melih/Desktop/AGV/install/agv_interfaces/include/agv_interfaces/agv_interfaces/srv/detail
[1.532s] -- Up-to-date: /home/melih/Desktop/AGV/install/agv_interfaces/include/agv_interfaces/agv_interfaces/srv/detail/dds_fastrtps
[1.533s] -- Up-to-date: /home/melih/Desktop/AGV/install/agv_interfaces/include/agv_interfaces/agv_interfaces/srv/detail/learn_weight__rosidl_typesupport_fastrtps_cpp.hpp
[1.533s] -- Up-to-date: /home/melih/Desktop/AGV/install/agv_interfaces/include/agv_interfaces/agv_interfaces/srv/detail/command__rosidl_typesupport_fastrtps_cpp.hpp
[1.533s] -- Up-to-date: /home/melih/Desktop/AGV/install/agv_interfaces/include/agv_interfaces/agv_interfaces/msg
[1.533s] -- Up-to-date: /home/melih/Desktop/AGV/install/agv_interfaces/include/agv_interfaces/agv_interfaces/msg/rosidl_typesupport_fastrtps_cpp__visibility_control.h
[1.534s] -- Up-to-date: /home/melih/Desktop/AGV/install/agv_interfaces/lib/libagv_interfaces__rosidl_typesupport_fastrtps_cpp.so
[1.534s] -- Up-to-date: /home/melih/Desktop/AGV/install/agv_interfaces/include/agv_interfaces/agv_interfaces
[1.535s] -- Up-to-date: /home/melih/Desktop/AGV/install/agv_interfaces/include/agv_interfaces/agv_interfaces/srv
[1.535s] -- Up-to-date: /home/melih/Desktop/AGV/install/agv_interfaces/include/agv_interfaces/agv_interfaces/srv/detail
[1.535s] -- Up-to-date: /home/melih/Desktop/AGV/install/agv_interfaces/include/agv_interfaces/agv_interfaces/srv/detail/command__rosidl_typesupport_introspection_cpp.hpp
[1.535s] -- Up-to-date: /home/melih/Desktop/AGV/install/agv_interfaces/include/agv_interfaces/agv_interfaces/srv/detail/learn_weight__rosidl_typesupport_introspection_cpp.hpp
[1.536s] -- Up-to-date: /home/melih/Desktop/AGV/install/agv_interfaces/include/agv_interfaces/agv_interfaces/srv/detail/command__type_support.cpp
[1.536s] -- Up-to-date: /home/melih/Desktop/AGV/install/agv_interfaces/include/agv_interfaces/agv_interfaces/srv/detail/learn_weight__type_support.cpp
[1.536s] -- Up-to-date: /home/melih/Desktop/AGV/install/agv_interfaces/lib/libagv_interfaces__rosidl_typesupport_introspection_cpp.so
[1.536s] -- Up-to-date: /home/melih/Desktop/AGV/install/agv_interfaces/lib/libagv_interfaces__rosidl_typesupport_cpp.so
[1.537s] -- Up-to-date: /home/melih/Desktop/AGV/install/agv_interfaces/share/agv_interfaces/environment/pythonpath.sh
[1.537s] -- Up-to-date: /home/melih/Desktop/AGV/install/agv_interfaces/share/agv_interfaces/environment/pythonpath.dsv
[1.537s] -- Up-to-date: /home/melih/Desktop/AGV/install/agv_interfaces/local/lib/python3.10/dist-packages/agv_interfaces-0.0.0-py3.10.egg-info
[1.537s] -- Installing: /home/melih/Desktop/AGV/install/agv_interfaces/local/lib/python3.10/dist-packages/agv_interfaces-0.0.0-py3.10.egg-info/PKG-INFO
[1.538s] -- Installing: /home/melih/Desktop/AGV/install/agv_interfaces/local/lib/python3.10/dist-packages/agv_interfaces-0.0.0-py3.10.egg-info/dependency_links.txt
[1.538s] -- Installing: /home/melih/Desktop/AGV/install/agv_interfaces/local/lib/python3.10/dist-packages/agv_interfaces-0.0.0-py3.10.egg-info/SOURCES.txt
[1.538s] -- Installing: /home/melih/Desktop/AGV/install/agv_interfaces/local/lib/python3.10/dist-packages/agv_interfaces-0.0.0-py3.10.egg-info/top_level.txt
[1.538s] -- Up-to-date: /home/melih/Desktop/AGV/install/agv_interfaces/local/lib/python3.10/dist-packages/agv_interfaces
[1.539s] -- Up-to-date: /home/melih/Desktop/AGV/install/agv_interfaces/local/lib/python3.10/dist-packages/agv_interfaces/__init__.py
[1.539s] -- Up-to-date: /home/melih/Desktop/AGV/install/agv_interfaces/local/lib/python3.10/dist-packages/agv_interfaces/libagv_interfaces__rosidl_generator_py.so
[1.539s] -- Up-to-date: /home/melih/Desktop/AGV/install/agv_interfaces/local/lib/python3.10/dist-packages/agv_interfaces/agv_interfaces_s__rosidl_typesupport_introspection_c.cpython-310-x86_64-linux-gnu.so
[1.539s] -- Up-to-date: /home/melih/Desktop/AGV/install/agv_interfaces/local/lib/python3.10/dist-packages/agv_interfaces/_agv_interfaces_s.ep.rosidl_typesupport_c.c
[1.540s] -- Up-to-date: /home/melih/Desktop/AGV/install/agv_interfaces/local/lib/python3.10/dist-packages/agv_interfaces/agv_interfaces_s__rosidl_typesupport_fastrtps_c.cpython-310-x86_64-linux-gnu.so
[1.540s] -- Up-to-date: /home/melih/Desktop/AGV/install/agv_interfaces/local/lib/python3.10/dist-packages/agv_interfaces/srv
[1.540s] -- Up-to-date: /home/melih/Desktop/AGV/install/agv_interfaces/local/lib/python3.10/dist-packages/agv_interfaces/srv/__init__.py
[1.540s] -- Up-to-date: /home/melih/Desktop/AGV/install/agv_interfaces/local/lib/python3.10/dist-packages/agv_interfaces/srv/_command.py
[1.541s] -- Up-to-date: /home/melih/Desktop/AGV/install/agv_interfaces/local/lib/python3.10/dist-packages/agv_interfaces/srv/_learn_weight.py
[1.541s] -- Up-to-date: /home/melih/Desktop/AGV/install/agv_interfaces/local/lib/python3.10/dist-packages/agv_interfaces/srv/_command_s.c
[1.541s] -- Up-to-date: /home/melih/Desktop/AGV/install/agv_interfaces/local/lib/python3.10/dist-packages/agv_interfaces/srv/_learn_weight_s.c
[1.541s] -- Up-to-date: /home/melih/Desktop/AGV/install/agv_interfaces/local/lib/python3.10/dist-packages/agv_interfaces/_agv_interfaces_s.ep.rosidl_typesupport_fastrtps_c.c
[1.542s] -- Up-to-date: /home/melih/Desktop/AGV/install/agv_interfaces/local/lib/python3.10/dist-packages/agv_interfaces/_agv_interfaces_s.ep.rosidl_typesupport_introspection_c.c
[1.542s] -- Up-to-date: /home/melih/Desktop/AGV/install/agv_interfaces/local/lib/python3.10/dist-packages/agv_interfaces/agv_interfaces_s__rosidl_typesupport_c.cpython-310-x86_64-linux-gnu.so
[1.615s] Listing '/home/melih/Desktop/AGV/install/agv_interfaces/local/lib/python3.10/dist-packages/agv_interfaces'...
[1.615s] Listing '/home/melih/Desktop/AGV/install/agv_interfaces/local/lib/python3.10/dist-packages/agv_interfaces/srv'...
[1.626s] -- Up-to-date: /home/melih/Desktop/AGV/install/agv_interfaces/local/lib/python3.10/dist-packages/agv_interfaces/agv_interfaces_s__rosidl_typesupport_fastrtps_c.cpython-310-x86_64-linux-gnu.so
[1.627s] -- Up-to-date: /home/melih/Desktop/AGV/install/agv_interfaces/local/lib/python3.10/dist-packages/agv_interfaces/agv_interfaces_s__rosidl_typesupport_introspection_c.cpython-310-x86_64-linux-gnu.so
[1.628s] -- Up-to-date: /home/melih/Desktop/AGV/install/agv_interfaces/local/lib/python3.10/dist-packages/agv_interfaces/agv_interfaces_s__rosidl_typesupport_c.cpython-310-x86_64-linux-gnu.so
[1.629s] -- Up-to-date: /home/melih/Desktop/AGV/install/agv_interfaces/lib/libagv_interfaces__rosidl_generator_py.so
[1.629s] -- Up-to-date: /home/melih/Desktop/AGV/install/agv_interfaces/share/agv_interfaces/srv/LearnWeight.idl
[1.630s] -- Up-to-date: /home/melih/Desktop/AGV/install/agv_interfaces/share/agv_interfaces/srv/Command.idl
[1.630s] -- Up-to-date: /home/melih/Desktop/AGV/install/agv_interfaces/share/agv_interfaces/srv/LearnWeight.srv
[1.630s] -- Up-to-date: /home/melih/Desktop/AGV/install/agv_interfaces/share/agv_interfaces/srv/LearnWeight_Request.msg
[1.630s] -- Up-to-date: /home/melih/Desktop/AGV/install/agv_interfaces/share/agv_interfaces/srv/LearnWeight_Response.msg
[1.631s] -- Up-to-date: /home/melih/Desktop/AGV/install/agv_interfaces/share/agv_interfaces/srv/Command.srv
[1.631s] -- Up-to-date: /home/melih/Desktop/AGV/install/agv_interfaces/share/agv_interfaces/srv/Command_Request.msg
[1.632s] -- Up-to-date: /home/melih/Desktop/AGV/install/agv_interfaces/share/agv_interfaces/srv/Command_Response.msg
[1.632s] -- Up-to-date: /home/melih/Desktop/AGV/install/agv_interfaces/share/ament_index/resource_index/package_run_dependencies/agv_interfaces
[1.632s] -- Up-to-date: /home/melih/Desktop/AGV/install/agv_interfaces/share/ament_index/resource_index/parent_prefix_path/agv_interfaces
[1.633s] -- Up-to-date: /home/melih/Desktop/AGV/install/agv_interfaces/share/agv_interfaces/environment/ament_prefix_path.sh
[1.633s] -- Up-to-date: /home/melih/Desktop/AGV/install/agv_interfaces/share/agv_interfaces/environment/ament_prefix_path.dsv
[1.633s] -- Up-to-date: /home/melih/Desktop/AGV/install/agv_interfaces/share/agv_interfaces/environment/path.sh
[1.633s] -- Up-to-date: /home/melih/Desktop/AGV/install/agv_interfaces/share/agv_interfaces/environment/path.dsv
[1.633s] -- Up-to-date: /home/melih/Desktop/AGV/install/agv_interfaces/share/agv_interfaces/local_setup.bash
[1.634s] -- Up-to-date: /home/melih/Desktop/AGV/install/agv_interfaces/share/agv_interfaces/local_setup.sh
[1.635s] -- Up-to-date: /home/melih/Desktop/AGV/install/agv_interfaces/share/agv_interfaces/local_setup.zsh
[1.635s] -- Up-to-date: /home/melih/Desktop/AGV/install/agv_interfaces/share/agv_interfaces/local_setup.dsv
[1.635s] -- Installing: /home/melih/Desktop/AGV/install/agv_interfaces/share/agv_interfaces/package.dsv
[1.635s] -- Up-to-date: /home/melih/Desktop/AGV/install/agv_interfaces/share/ament_index/resource_index/packages/agv_interfaces
[1.636s] -- Up-to-date: /home/melih/Desktop/AGV/install/agv_interfaces/share/agv_interfaces/cmake/export_agv_interfaces__rosidl_generator_cExport.cmake
[1.636s] -- Up-to-date: /home/melih/Desktop/AGV/install/agv_interfaces/share/agv_interfaces/cmake/export_agv_interfaces__rosidl_generator_cExport-noconfig.cmake
[1.636s] -- Up-to-date: /home/melih/Desktop/AGV/install/agv_interfaces/share/agv_interfaces/cmake/export_agv_interfaces__rosidl_typesupport_fastrtps_cExport.cmake
[1.637s] -- Up-to-date: /home/melih/Desktop/AGV/install/agv_interfaces/share/agv_interfaces/cmake/export_agv_interfaces__rosidl_typesupport_fastrtps_cExport-noconfig.cmake
[1.637s] -- Up-to-date: /home/melih/Desktop/AGV/install/agv_interfaces/share/agv_interfaces/cmake/agv_interfaces__rosidl_typesupport_introspection_cExport.cmake
[1.637s] -- Up-to-date: /home/melih/Desktop/AGV/install/agv_interfaces/share/agv_interfaces/cmake/agv_interfaces__rosidl_typesupport_introspection_cExport-noconfig.cmake
[1.637s] -- Up-to-date: /home/melih/Desktop/AGV/install/agv_interfaces/share/agv_interfaces/cmake/agv_interfaces__rosidl_typesupport_cExport.cmake
[1.638s] -- Up-to-date: /home/melih/Desktop/AGV/install/agv_interfaces/share/agv_interfaces/cmake/agv_interfaces__rosidl_typesupport_cExport-noconfig.cmake
[1.638s] -- Up-to-date: /home/melih/Desktop/AGV/install/agv_interfaces/share/agv_interfaces/cmake/export_agv_interfaces__rosidl_generator_cppExport.cmake
[1.638s] -- Up-to-date: /home/melih/Desktop/AGV/install/agv_interfaces/share/agv_interfaces/cmake/export_agv_interfaces__rosidl_typesupport_fastrtps_cppExport.cmake
[1.638s] -- Up-to-date: /home/melih/Desktop/AGV/install/agv_interfaces/share/agv_interfaces/cmake/export_agv_interfaces__rosidl_typesupport_fastrtps_cppExport-noconfig.cmake
[1.639s] -- Up-to-date: /home/melih/Desktop/AGV/install/agv_interfaces/share/agv_interfaces/cmake/agv_interfaces__rosidl_typesupport_introspection_cppExport.cmake
[1.639s] -- Up-to-date: /home/melih/Desktop/AGV/install/agv_interfaces/share/agv_interfaces/cmake/agv_interfaces__rosidl_typesupport_introspection_cppExport-noconfig.cmake
[1.639s] -- Up-to-date: /home/melih/Desktop/AGV/install/agv_interfaces/share/agv_interfaces/cmake/agv_interfaces__rosidl_typesupport_cppExport.cmake
[1.640s] -- Up-to-date: /home/melih/Desktop/AGV/install/agv_interfaces/share/agv_interfaces/cmake/agv_interfaces__rosidl_typesupport_cppExport-noconfig.cmake
[1.640s] -- Up-to-date: /home/melih/Desktop/AGV/install/agv_interfaces/share/agv_interfaces/cmake/export_agv_interfaces__rosidl_generator_pyExport.cmake
[1.640s] -- Up-to-date: /home/melih/Desktop/AGV/install/agv_interfaces/share/agv_interfaces/cmake/export_agv_interfaces__rosidl_generator_pyExport-noconfig.cmake
[1.640s] -- Up-to-date: /home/melih/Desktop/AGV/install/agv_interfaces/share/agv_interfaces/cmake/rosidl_cmake-extras.cmake
[1.641s] -- Up-to-date: /home/melih/Desktop/AGV/install/agv_interfaces/share/agv_interfaces/cmake/ament_cmake_export_include_directories-extras.cmake
[1.641s] -- Up-to-date: /home/melih/Desktop/AGV/install/agv_interfaces/share/agv_interfaces/cmake/ament_cmake_export_libraries-extras.cmake
[1.641s] -- Up-to-date: /home/melih/Desktop/AGV/install/agv_interfaces/share/agv_interfaces/cmake/ament_cmake_export_targets-extras.cmake
[1.641s] -- Up-to-date: /home/melih/Desktop/AGV/install/agv_interfaces/share/agv_interfaces/cmake/rosidl_cmake_export_typesupport_targets-extras.cmake
[1.641s] -- Up-to-date: /home/melih/Desktop/AGV/install/agv_interfaces/share/agv_interfaces/cmake/ament_cmake_export_dependencies-extras.cmake
[1.642s] -- Up-to-date: /home/melih/Desktop/AGV/install/agv_interfaces/share/agv_interfaces/cmake/rosidl_cmake_export_typesupport_libraries-extras.cmake
[1.642s] -- Up-to-date: /home/melih/Desktop/AGV/install/agv_interfaces/share/agv_interfaces/cmake/agv_interfacesConfig.cmake
[1.642s] -- Up-to-date: /home/melih/Desktop/AGV/install/agv_interfaces/share/agv_interfaces/cmake/agv_interfacesConfig-version.cmake
[1.642s] -- Up-to-date: /home/melih/Desktop/AGV/install/agv_interfaces/share/agv_interfaces/package.xml
[1.647s] Invoked command in '/home/melih/Desktop/AGV/build/agv_interfaces' returned '0': CMAKE_PREFIX_PATH=${CMAKE_PREFIX_PATH}:/home/melih/Desktop/AGV/install/agv_py:/home/melih/Desktop/ros_lifecycle_node/install/lifecycle_node_py:/home/melih/Desktop/ros_example/turtlesim_project/install/turtlesim_py:/home/melih/Desktop/ros_example/edouard_turtlesim_project/install/turtlesim_catch_them_all:/home/melih/Desktop/ros_example/battery_led_states/install/package_py:/home/melih/Desktop/ros_py/install/my_robot:/home/melih/Desktop/ros_action/install/actions_py:/opt/ros/humble /usr/bin/cmake --install /home/melih/Desktop/AGV/build/agv_interfaces
