[3.123s] Invoking command in '/home/melih/Desktop/AGV/src/agv_py': PYTHONPATH=/home/melih/Desktop/AGV/build/agv_py/prefix_override:/home/melih/.local/lib/python3.10/site-packages/colcon_core/task/python/colcon_distutils_commands:/home/melih/Desktop/AGV/install/agv_py/lib/python3.10/site-packages:${PYTHONPATH} /usr/bin/python3 -W ignore:setup.py install is deprecated setup.py egg_info --egg-base ../../build/agv_py build --build-base /home/melih/Desktop/AGV/build/agv_py/build install --record /home/melih/Desktop/AGV/build/agv_py/install.log --single-version-externally-managed install_data
[4.063s] running egg_info
[4.064s] writing ../../build/agv_py/agv_py.egg-info/PKG-INFO
[4.064s] writing dependency_links to ../../build/agv_py/agv_py.egg-info/dependency_links.txt
[4.064s] writing entry points to ../../build/agv_py/agv_py.egg-info/entry_points.txt
[4.064s] writing requirements to ../../build/agv_py/agv_py.egg-info/requires.txt
[4.065s] writing top-level names to ../../build/agv_py/agv_py.egg-info/top_level.txt
[4.069s] reading manifest file '../../build/agv_py/agv_py.egg-info/SOURCES.txt'
[4.074s] writing manifest file '../../build/agv_py/agv_py.egg-info/SOURCES.txt'
[4.076s] running build
[4.076s] running build_py
[4.077s] copying agv_py/deneyap_motor_controller.py -> /home/melih/Desktop/AGV/build/agv_py/build/lib/agv_py
[4.078s] running install
[4.080s] running install_lib
[4.085s] copying /home/melih/Desktop/AGV/build/agv_py/build/lib/agv_py/deneyap_motor_controller.py -> /home/melih/Desktop/AGV/install/agv_py/lib/python3.10/site-packages/agv_py
[4.093s] byte-compiling /home/melih/Desktop/AGV/install/agv_py/lib/python3.10/site-packages/agv_py/deneyap_motor_controller.py to deneyap_motor_controller.cpython-310.pyc
[4.107s] running install_data
[4.107s] running install_egg_info
[4.126s] removing '/home/melih/Desktop/AGV/install/agv_py/lib/python3.10/site-packages/agv_py-0.0.0-py3.10.egg-info' (and everything under it)
[4.133s] Copying ../../build/agv_py/agv_py.egg-info to /home/melih/Desktop/AGV/install/agv_py/lib/python3.10/site-packages/agv_py-0.0.0-py3.10.egg-info
[4.151s] running install_scripts
[4.235s] Installing deneyap_motor_controller script to /home/melih/Desktop/AGV/install/agv_py/lib/agv_py
[4.237s] Installing deneyap_sensor_controller script to /home/melih/Desktop/AGV/install/agv_py/lib/agv_py
[4.238s] Installing interface script to /home/melih/Desktop/AGV/install/agv_py/lib/agv_py
[4.239s] Installing lidar_web_example script to /home/melih/Desktop/AGV/install/agv_py/lib/agv_py
[4.239s] Installing qrcode script to /home/melih/Desktop/AGV/install/agv_py/lib/agv_py
[4.241s] Installing web_interface script to /home/melih/Desktop/AGV/install/agv_py/lib/agv_py
[4.241s] writing list of installed files to '/home/melih/Desktop/AGV/build/agv_py/install.log'
[4.326s] Invoked command in '/home/melih/Desktop/AGV/src/agv_py' returned '0': PYTHONPATH=/home/melih/Desktop/AGV/build/agv_py/prefix_override:/home/melih/.local/lib/python3.10/site-packages/colcon_core/task/python/colcon_distutils_commands:/home/melih/Desktop/AGV/install/agv_py/lib/python3.10/site-packages:${PYTHONPATH} /usr/bin/python3 -W ignore:setup.py install is deprecated setup.py egg_info --egg-base ../../build/agv_py build --build-base /home/melih/Desktop/AGV/build/agv_py/build install --record /home/melih/Desktop/AGV/build/agv_py/install.log --single-version-externally-managed install_data
