[5.279s] Invoking command in '/home/melih/Desktop/AGV/src/agv_py': PYTHONPATH=/home/melih/Desktop/AGV/build/agv_py/prefix_override:/home/melih/.local/lib/python3.10/site-packages/colcon_core/task/python/colcon_distutils_commands:/home/melih/Desktop/AGV/install/agv_py/lib/python3.10/site-packages:${PYTHONPATH} /usr/bin/python3 -W ignore:setup.py install is deprecated setup.py egg_info --egg-base ../../build/agv_py build --build-base /home/melih/Desktop/AGV/build/agv_py/build install --record /home/melih/Desktop/AGV/build/agv_py/install.log --single-version-externally-managed install_data
[7.387s] running egg_info
[7.395s] writing ../../build/agv_py/agv_py.egg-info/PKG-INFO
[7.397s] writing dependency_links to ../../build/agv_py/agv_py.egg-info/dependency_links.txt
[7.398s] writing entry points to ../../build/agv_py/agv_py.egg-info/entry_points.txt
[7.399s] writing requirements to ../../build/agv_py/agv_py.egg-info/requires.txt
[7.399s] writing top-level names to ../../build/agv_py/agv_py.egg-info/top_level.txt
[7.409s] reading manifest file '../../build/agv_py/agv_py.egg-info/SOURCES.txt'
[7.414s] writing manifest file '../../build/agv_py/agv_py.egg-info/SOURCES.txt'
[7.415s] running build
[7.415s] running build_py
[7.416s] copying agv_py/qrcode.py -> /home/melih/Desktop/AGV/build/agv_py/build/lib/agv_py
[7.419s] running install
[7.422s] running install_lib
[7.428s] copying /home/melih/Desktop/AGV/build/agv_py/build/lib/agv_py/qrcode.py -> /home/melih/Desktop/AGV/install/agv_py/lib/python3.10/site-packages/agv_py
[7.431s] byte-compiling /home/melih/Desktop/AGV/install/agv_py/lib/python3.10/site-packages/agv_py/qrcode.py to qrcode.cpython-310.pyc
[7.433s] running install_data
[7.434s] running install_egg_info
[7.442s] removing '/home/melih/Desktop/AGV/install/agv_py/lib/python3.10/site-packages/agv_py-0.0.0-py3.10.egg-info' (and everything under it)
[7.443s] Copying ../../build/agv_py/agv_py.egg-info to /home/melih/Desktop/AGV/install/agv_py/lib/python3.10/site-packages/agv_py-0.0.0-py3.10.egg-info
[7.448s] running install_scripts
[7.526s] Installing deneyap_motor_controller script to /home/melih/Desktop/AGV/install/agv_py/lib/agv_py
[7.526s] Installing deneyap_sensor_controller script to /home/melih/Desktop/AGV/install/agv_py/lib/agv_py
[7.527s] Installing interface script to /home/melih/Desktop/AGV/install/agv_py/lib/agv_py
[7.527s] Installing lidar_web_example script to /home/melih/Desktop/AGV/install/agv_py/lib/agv_py
[7.527s] Installing qrcode script to /home/melih/Desktop/AGV/install/agv_py/lib/agv_py
[7.527s] Installing web_interface script to /home/melih/Desktop/AGV/install/agv_py/lib/agv_py
[7.531s] writing list of installed files to '/home/melih/Desktop/AGV/build/agv_py/install.log'
[7.624s] Invoked command in '/home/melih/Desktop/AGV/src/agv_py' returned '0': PYTHONPATH=/home/melih/Desktop/AGV/build/agv_py/prefix_override:/home/melih/.local/lib/python3.10/site-packages/colcon_core/task/python/colcon_distutils_commands:/home/melih/Desktop/AGV/install/agv_py/lib/python3.10/site-packages:${PYTHONPATH} /usr/bin/python3 -W ignore:setup.py install is deprecated setup.py egg_info --egg-base ../../build/agv_py build --build-base /home/melih/Desktop/AGV/build/agv_py/build install --record /home/melih/Desktop/AGV/build/agv_py/install.log --single-version-externally-managed install_data
