[0.046s] Invoking command in '/home/melih/Desktop/AGV/build/agv_cpp': CMAKE_PREFIX_PATH=/home/melih/Desktop/AGV/install/agv_interfaces:/home/melih/Desktop/AGV/install/agv_launch:/home/melih/Desktop/AGV/install/agv_cpp:/home/melih/Desktop/New_Folder_1/install/ydlidar_ros2_driver:/home/melih/Desktop/ros_lifecycle_node/install/lifecycle_node_cpp:/home/melih/Desktop/ros_example/turtlesim_project/install/turtlesim_launch_bringup:/home/melih/Desktop/ros_example/edouard_turtlesim_project/install/turtlesim_catch_them_all_launch_bringup:/home/melih/Desktop/ros_example/battery_led_states/install/package_cpp:/home/melih/Desktop/ros_msgs/install/my_robot_interfaces:/home/melih/Desktop/ros_cpp2/install/rdr2:/home/melih/Desktop/ros_py/install/my_robot_bringup:/home/melih/Desktop/ros_action/install/actions_cpp:/home/melih/Desktop/ros_action/install/robot_action_interfaces:/home/melih/Desktop/AGV/install/agv_py:/home/melih/Desktop/ros_lifecycle_node/install/lifecycle_node_py:/home/melih/Desktop/ros_example/turtlesim_project/install/turtlesim_py:/home/melih/Desktop/ros_example/edouard_turtlesim_project/install/turtlesim_catch_them_all:/home/melih/Desktop/ros_example/battery_led_states/install/package_py:/home/melih/Desktop/ros_py/install/my_robot:/home/melih/Desktop/ros_action/install/actions_py:/opt/ros/humble /usr/bin/cmake --build /home/melih/Desktop/AGV/build/agv_cpp -- -j4 -l4
[0.213s] [35m[1mConsolidate compiler generated dependencies of target main_node[0m
[0.301s] [ 50%] [32mBuilding CXX object CMakeFiles/main_node.dir/src/main_node.cpp.o[0m
[5.708s] [01m[K/home/melih/Desktop/AGV/src/agv_cpp/src/main_node.cpp:[m[K In member function ‘[01m[Kvoid MainNode::yuk_alma()[m[K’:
[5.708s] [01m[K/home/melih/Desktop/AGV/src/agv_cpp/src/main_node.cpp:1651:15:[m[K [01;35m[Kwarning: [m[Kunused variable ‘[01m[Khhh[m[K’ [[01;35m[K]8;;https://gcc.gnu.org/onlinedocs/gcc/Warning-Options.html#index-Wunused-variable-Wunused-variable]8;;[m[K]
[5.708s]  1651 |         float [01;35m[Khhh[m[K = send_weight_request();
[5.708s]       |               [01;35m[K^~~[m[K
[14.895s] [01m[K/home/melih/Desktop/AGV/src/agv_cpp/src/main_node.cpp:[m[K In member function ‘[01m[Kfloat MainNode::send_weight_request()[m[K’:
[14.895s] [01m[K/home/melih/Desktop/AGV/src/agv_cpp/src/main_node.cpp:1705:5:[m[K [01;35m[Kwarning: [m[Kcontrol reaches end of non-void function [[01;35m[K]8;;https://gcc.gnu.org/onlinedocs/gcc/Warning-Options.html#index-Wreturn-type-Wreturn-type]8;;[m[K]
[14.895s]  1705 |     [01;35m[K}[m[K
[14.895s]       |     [01;35m[K^[m[K
[28.194s] [100%] [32m[1mLinking CXX executable main_node[0m
[29.615s] [100%] Built target main_node
[29.632s] Invoked command in '/home/melih/Desktop/AGV/build/agv_cpp' returned '0': CMAKE_PREFIX_PATH=/home/melih/Desktop/AGV/install/agv_interfaces:/home/melih/Desktop/AGV/install/agv_launch:/home/melih/Desktop/AGV/install/agv_cpp:/home/melih/Desktop/New_Folder_1/install/ydlidar_ros2_driver:/home/melih/Desktop/ros_lifecycle_node/install/lifecycle_node_cpp:/home/melih/Desktop/ros_example/turtlesim_project/install/turtlesim_launch_bringup:/home/melih/Desktop/ros_example/edouard_turtlesim_project/install/turtlesim_catch_them_all_launch_bringup:/home/melih/Desktop/ros_example/battery_led_states/install/package_cpp:/home/melih/Desktop/ros_msgs/install/my_robot_interfaces:/home/melih/Desktop/ros_cpp2/install/rdr2:/home/melih/Desktop/ros_py/install/my_robot_bringup:/home/melih/Desktop/ros_action/install/actions_cpp:/home/melih/Desktop/ros_action/install/robot_action_interfaces:/home/melih/Desktop/AGV/install/agv_py:/home/melih/Desktop/ros_lifecycle_node/install/lifecycle_node_py:/home/melih/Desktop/ros_example/turtlesim_project/install/turtlesim_py:/home/melih/Desktop/ros_example/edouard_turtlesim_project/install/turtlesim_catch_them_all:/home/melih/Desktop/ros_example/battery_led_states/install/package_py:/home/melih/Desktop/ros_py/install/my_robot:/home/melih/Desktop/ros_action/install/actions_py:/opt/ros/humble /usr/bin/cmake --build /home/melih/Desktop/AGV/build/agv_cpp -- -j4 -l4
[29.682s] Invoking command in '/home/melih/Desktop/AGV/build/agv_cpp': CMAKE_PREFIX_PATH=/home/melih/Desktop/AGV/install/agv_interfaces:/home/melih/Desktop/AGV/install/agv_launch:/home/melih/Desktop/AGV/install/agv_cpp:/home/melih/Desktop/New_Folder_1/install/ydlidar_ros2_driver:/home/melih/Desktop/ros_lifecycle_node/install/lifecycle_node_cpp:/home/melih/Desktop/ros_example/turtlesim_project/install/turtlesim_launch_bringup:/home/melih/Desktop/ros_example/edouard_turtlesim_project/install/turtlesim_catch_them_all_launch_bringup:/home/melih/Desktop/ros_example/battery_led_states/install/package_cpp:/home/melih/Desktop/ros_msgs/install/my_robot_interfaces:/home/melih/Desktop/ros_cpp2/install/rdr2:/home/melih/Desktop/ros_py/install/my_robot_bringup:/home/melih/Desktop/ros_action/install/actions_cpp:/home/melih/Desktop/ros_action/install/robot_action_interfaces:/home/melih/Desktop/AGV/install/agv_py:/home/melih/Desktop/ros_lifecycle_node/install/lifecycle_node_py:/home/melih/Desktop/ros_example/turtlesim_project/install/turtlesim_py:/home/melih/Desktop/ros_example/edouard_turtlesim_project/install/turtlesim_catch_them_all:/home/melih/Desktop/ros_example/battery_led_states/install/package_py:/home/melih/Desktop/ros_py/install/my_robot:/home/melih/Desktop/ros_action/install/actions_py:/opt/ros/humble /usr/bin/cmake --install /home/melih/Desktop/AGV/build/agv_cpp
[29.694s] -- Install configuration: ""
[29.694s] -- Installing: /home/melih/Desktop/AGV/install/agv_cpp/lib/agv_cpp/main_node
[29.708s] -- Set runtime path of "/home/melih/Desktop/AGV/install/agv_cpp/lib/agv_cpp/main_node" to ""
[29.708s] -- Up-to-date: /home/melih/Desktop/AGV/install/agv_cpp/share/ament_index/resource_index/package_run_dependencies/agv_cpp
[29.708s] -- Up-to-date: /home/melih/Desktop/AGV/install/agv_cpp/share/ament_index/resource_index/parent_prefix_path/agv_cpp
[29.709s] -- Up-to-date: /home/melih/Desktop/AGV/install/agv_cpp/share/agv_cpp/environment/ament_prefix_path.sh
[29.709s] -- Up-to-date: /home/melih/Desktop/AGV/install/agv_cpp/share/agv_cpp/environment/ament_prefix_path.dsv
[29.709s] -- Up-to-date: /home/melih/Desktop/AGV/install/agv_cpp/share/agv_cpp/environment/path.sh
[29.709s] -- Up-to-date: /home/melih/Desktop/AGV/install/agv_cpp/share/agv_cpp/environment/path.dsv
[29.709s] -- Up-to-date: /home/melih/Desktop/AGV/install/agv_cpp/share/agv_cpp/local_setup.bash
[29.709s] -- Up-to-date: /home/melih/Desktop/AGV/install/agv_cpp/share/agv_cpp/local_setup.sh
[29.710s] -- Up-to-date: /home/melih/Desktop/AGV/install/agv_cpp/share/agv_cpp/local_setup.zsh
[29.710s] -- Up-to-date: /home/melih/Desktop/AGV/install/agv_cpp/share/agv_cpp/local_setup.dsv
[29.710s] -- Installing: /home/melih/Desktop/AGV/install/agv_cpp/share/agv_cpp/package.dsv
[29.710s] -- Up-to-date: /home/melih/Desktop/AGV/install/agv_cpp/share/ament_index/resource_index/packages/agv_cpp
[29.710s] -- Up-to-date: /home/melih/Desktop/AGV/install/agv_cpp/share/agv_cpp/cmake/agv_cppConfig.cmake
[29.710s] -- Up-to-date: /home/melih/Desktop/AGV/install/agv_cpp/share/agv_cpp/cmake/agv_cppConfig-version.cmake
[29.710s] -- Up-to-date: /home/melih/Desktop/AGV/install/agv_cpp/share/agv_cpp/package.xml
[29.713s] Invoked command in '/home/melih/Desktop/AGV/build/agv_cpp' returned '0': CMAKE_PREFIX_PATH=/home/melih/Desktop/AGV/install/agv_interfaces:/home/melih/Desktop/AGV/install/agv_launch:/home/melih/Desktop/AGV/install/agv_cpp:/home/melih/Desktop/New_Folder_1/install/ydlidar_ros2_driver:/home/melih/Desktop/ros_lifecycle_node/install/lifecycle_node_cpp:/home/melih/Desktop/ros_example/turtlesim_project/install/turtlesim_launch_bringup:/home/melih/Desktop/ros_example/edouard_turtlesim_project/install/turtlesim_catch_them_all_launch_bringup:/home/melih/Desktop/ros_example/battery_led_states/install/package_cpp:/home/melih/Desktop/ros_msgs/install/my_robot_interfaces:/home/melih/Desktop/ros_cpp2/install/rdr2:/home/melih/Desktop/ros_py/install/my_robot_bringup:/home/melih/Desktop/ros_action/install/actions_cpp:/home/melih/Desktop/ros_action/install/robot_action_interfaces:/home/melih/Desktop/AGV/install/agv_py:/home/melih/Desktop/ros_lifecycle_node/install/lifecycle_node_py:/home/melih/Desktop/ros_example/turtlesim_project/install/turtlesim_py:/home/melih/Desktop/ros_example/edouard_turtlesim_project/install/turtlesim_catch_them_all:/home/melih/Desktop/ros_example/battery_led_states/install/package_py:/home/melih/Desktop/ros_py/install/my_robot:/home/melih/Desktop/ros_action/install/actions_py:/opt/ros/humble /usr/bin/cmake --install /home/melih/Desktop/AGV/build/agv_cpp
