[4.379s] Invoking command in '/home/melih/Desktop/AGV/src/agv_py': PYTHONPATH=/home/melih/Desktop/AGV/build/agv_py/prefix_override:/home/melih/.local/lib/python3.10/site-packages/colcon_core/task/python/colcon_distutils_commands:/home/melih/Desktop/AGV/install/agv_py/lib/python3.10/site-packages:${PYTHONPATH} /usr/bin/python3 -W ignore:setup.py install is deprecated setup.py egg_info --egg-base ../../build/agv_py build --build-base /home/melih/Desktop/AGV/build/agv_py/build install --record /home/melih/Desktop/AGV/build/agv_py/install.log --single-version-externally-managed install_data
[5.568s] running egg_info
[5.571s] writing ../../build/agv_py/agv_py.egg-info/PKG-INFO
[5.578s] writing dependency_links to ../../build/agv_py/agv_py.egg-info/dependency_links.txt
[5.579s] writing entry points to ../../build/agv_py/agv_py.egg-info/entry_points.txt
[5.579s] writing requirements to ../../build/agv_py/agv_py.egg-info/requires.txt
[5.579s] writing top-level names to ../../build/agv_py/agv_py.egg-info/top_level.txt
[5.580s] reading manifest file '../../build/agv_py/agv_py.egg-info/SOURCES.txt'
[5.583s] writing manifest file '../../build/agv_py/agv_py.egg-info/SOURCES.txt'
[5.584s] running build
[5.584s] running build_py
[5.585s] running install
[5.590s] running install_lib
[5.601s] running install_data
[5.601s] running install_egg_info
[5.607s] removing '/home/melih/Desktop/AGV/install/agv_py/lib/python3.10/site-packages/agv_py-0.0.0-py3.10.egg-info' (and everything under it)
[5.607s] Copying ../../build/agv_py/agv_py.egg-info to /home/melih/Desktop/AGV/install/agv_py/lib/python3.10/site-packages/agv_py-0.0.0-py3.10.egg-info
[5.613s] running install_scripts
[5.690s] Installing deneyap_motor_controller script to /home/melih/Desktop/AGV/install/agv_py/lib/agv_py
[5.690s] Installing deneyap_sensor_controller script to /home/melih/Desktop/AGV/install/agv_py/lib/agv_py
[5.692s] Installing interface script to /home/melih/Desktop/AGV/install/agv_py/lib/agv_py
[5.693s] Installing lidar_web_example script to /home/melih/Desktop/AGV/install/agv_py/lib/agv_py
[5.693s] Installing qrcode script to /home/melih/Desktop/AGV/install/agv_py/lib/agv_py
[5.693s] Installing web_interface script to /home/melih/Desktop/AGV/install/agv_py/lib/agv_py
[5.695s] writing list of installed files to '/home/melih/Desktop/AGV/build/agv_py/install.log'
[5.782s] Invoked command in '/home/melih/Desktop/AGV/src/agv_py' returned '0': PYTHONPATH=/home/melih/Desktop/AGV/build/agv_py/prefix_override:/home/melih/.local/lib/python3.10/site-packages/colcon_core/task/python/colcon_distutils_commands:/home/melih/Desktop/AGV/install/agv_py/lib/python3.10/site-packages:${PYTHONPATH} /usr/bin/python3 -W ignore:setup.py install is deprecated setup.py egg_info --egg-base ../../build/agv_py build --build-base /home/melih/Desktop/AGV/build/agv_py/build install --record /home/melih/Desktop/AGV/build/agv_py/install.log --single-version-externally-managed install_data
