[0.441s] DEBUG:colcon:Command line arguments: ['/home/melih/.local/bin/colcon', 'build']
[0.443s] DEBUG:colcon:Parsed command line arguments: Namespace(log_base=None, log_level=None, verb_name='build', build_base='build', install_base='install', merge_install=False, symlink_install=False, test_result_base=None, continue_on_error=False, executor='parallel', parallel_workers=4, event_handlers=None, ignore_user_meta=False, metas=['./colcon.meta'], base_paths=['.'], packages_ignore=None, packages_ignore_regex=None, paths=None, packages_up_to=None, packages_up_to_regex=None, packages_above=None, packages_above_and_dependencies=None, packages_above_depth=None, packages_select_by_dep=None, packages_skip_by_dep=None, packages_skip_up_to=None, packages_select_build_failed=False, packages_skip_build_finished=False, packages_select_test_failures=False, packages_skip_test_passed=False, packages_select=None, packages_skip=None, packages_select_regex=None, packages_skip_regex=None, packages_start=None, packages_end=None, allow_overriding=[], cmake_args=None, cmake_target=None, cmake_target_skip_unavailable=False, cmake_clean_cache=False, cmake_clean_first=False, cmake_force_configure=False, ament_cmake_args=None, catkin_cmake_args=None, catkin_skip_building_tests=False, verb_parser=<colcon_defaults.argument_parser.defaults.DefaultArgumentsDecorator object at 0x76202cdd8b50>, verb_extension=<colcon_core.verb.build.BuildVerb object at 0x76202cdd8040>, main=<bound method BuildVerb.main of <colcon_core.verb.build.BuildVerb object at 0x76202cdd8040>>)
[1.204s] Level 1:colcon.colcon_core.package_discovery:discover_packages(colcon_meta) check parameters
[1.204s] Level 1:colcon.colcon_core.package_discovery:discover_packages(recursive) check parameters
[1.204s] Level 1:colcon.colcon_core.package_discovery:discover_packages(ignore) check parameters
[1.204s] Level 1:colcon.colcon_core.package_discovery:discover_packages(path) check parameters
[1.204s] Level 1:colcon.colcon_core.package_discovery:discover_packages(colcon_meta) discover
[1.205s] Level 1:colcon.colcon_core.package_discovery:discover_packages(recursive) discover
[1.205s] INFO:colcon.colcon_core.package_discovery:Crawling recursively for packages in '/home/melih/Desktop/AGV'
[1.205s] Level 1:colcon.colcon_core.package_identification:_identify(.) by extensions ['ignore', 'ignore_ament_install']
[1.205s] Level 1:colcon.colcon_core.package_identification:_identify(.) by extension 'ignore'
[1.206s] Level 1:colcon.colcon_core.package_identification:_identify(.) by extension 'ignore_ament_install'
[1.206s] Level 1:colcon.colcon_core.package_identification:_identify(.) by extensions ['colcon_pkg']
[1.206s] Level 1:colcon.colcon_core.package_identification:_identify(.) by extension 'colcon_pkg'
[1.207s] Level 1:colcon.colcon_core.package_identification:_identify(.) by extensions ['colcon_meta']
[1.207s] Level 1:colcon.colcon_core.package_identification:_identify(.) by extension 'colcon_meta'
[1.207s] Level 1:colcon.colcon_core.package_identification:_identify(.) by extensions ['ros']
[1.207s] Level 1:colcon.colcon_core.package_identification:_identify(.) by extension 'ros'
[1.237s] Level 1:colcon.colcon_core.package_identification:_identify(.) by extensions ['cmake', 'python']
[1.237s] Level 1:colcon.colcon_core.package_identification:_identify(.) by extension 'cmake'
[1.237s] Level 1:colcon.colcon_core.package_identification:_identify(.) by extension 'python'
[1.237s] Level 1:colcon.colcon_core.package_identification:_identify(.) by extensions ['python_setup_py']
[1.238s] Level 1:colcon.colcon_core.package_identification:_identify(.) by extension 'python_setup_py'
[1.238s] Level 1:colcon.colcon_core.package_identification:_identify(build) by extensions ['ignore', 'ignore_ament_install']
[1.238s] Level 1:colcon.colcon_core.package_identification:_identify(build) by extension 'ignore'
[1.238s] Level 1:colcon.colcon_core.package_identification:_identify(build) ignored
[1.238s] Level 1:colcon.colcon_core.package_identification:_identify(install) by extensions ['ignore', 'ignore_ament_install']
[1.238s] Level 1:colcon.colcon_core.package_identification:_identify(install) by extension 'ignore'
[1.239s] Level 1:colcon.colcon_core.package_identification:_identify(install) ignored
[1.239s] Level 1:colcon.colcon_core.package_identification:_identify(log) by extensions ['ignore', 'ignore_ament_install']
[1.239s] Level 1:colcon.colcon_core.package_identification:_identify(log) by extension 'ignore'
[1.239s] Level 1:colcon.colcon_core.package_identification:_identify(log) ignored
[1.239s] Level 1:colcon.colcon_core.package_identification:_identify(src) by extensions ['ignore', 'ignore_ament_install']
[1.240s] Level 1:colcon.colcon_core.package_identification:_identify(src) by extension 'ignore'
[1.240s] Level 1:colcon.colcon_core.package_identification:_identify(src) by extension 'ignore_ament_install'
[1.240s] Level 1:colcon.colcon_core.package_identification:_identify(src) by extensions ['colcon_pkg']
[1.240s] Level 1:colcon.colcon_core.package_identification:_identify(src) by extension 'colcon_pkg'
[1.240s] Level 1:colcon.colcon_core.package_identification:_identify(src) by extensions ['colcon_meta']
[1.240s] Level 1:colcon.colcon_core.package_identification:_identify(src) by extension 'colcon_meta'
[1.240s] Level 1:colcon.colcon_core.package_identification:_identify(src) by extensions ['ros']
[1.240s] Level 1:colcon.colcon_core.package_identification:_identify(src) by extension 'ros'
[1.240s] Level 1:colcon.colcon_core.package_identification:_identify(src) by extensions ['cmake', 'python']
[1.240s] Level 1:colcon.colcon_core.package_identification:_identify(src) by extension 'cmake'
[1.240s] Level 1:colcon.colcon_core.package_identification:_identify(src) by extension 'python'
[1.241s] Level 1:colcon.colcon_core.package_identification:_identify(src) by extensions ['python_setup_py']
[1.241s] Level 1:colcon.colcon_core.package_identification:_identify(src) by extension 'python_setup_py'
[1.241s] Level 1:colcon.colcon_core.package_identification:_identify(src/agv_cpp) by extensions ['ignore', 'ignore_ament_install']
[1.241s] Level 1:colcon.colcon_core.package_identification:_identify(src/agv_cpp) by extension 'ignore'
[1.241s] Level 1:colcon.colcon_core.package_identification:_identify(src/agv_cpp) by extension 'ignore_ament_install'
[1.241s] Level 1:colcon.colcon_core.package_identification:_identify(src/agv_cpp) by extensions ['colcon_pkg']
[1.241s] Level 1:colcon.colcon_core.package_identification:_identify(src/agv_cpp) by extension 'colcon_pkg'
[1.241s] Level 1:colcon.colcon_core.package_identification:_identify(src/agv_cpp) by extensions ['colcon_meta']
[1.241s] Level 1:colcon.colcon_core.package_identification:_identify(src/agv_cpp) by extension 'colcon_meta'
[1.242s] Level 1:colcon.colcon_core.package_identification:_identify(src/agv_cpp) by extensions ['ros']
[1.242s] Level 1:colcon.colcon_core.package_identification:_identify(src/agv_cpp) by extension 'ros'
[1.249s] DEBUG:colcon.colcon_core.package_identification:Package 'src/agv_cpp' with type 'ros.ament_cmake' and name 'agv_cpp'
[1.250s] Level 1:colcon.colcon_core.package_identification:_identify(src/agv_interfaces) by extensions ['ignore', 'ignore_ament_install']
[1.250s] Level 1:colcon.colcon_core.package_identification:_identify(src/agv_interfaces) by extension 'ignore'
[1.250s] Level 1:colcon.colcon_core.package_identification:_identify(src/agv_interfaces) by extension 'ignore_ament_install'
[1.250s] Level 1:colcon.colcon_core.package_identification:_identify(src/agv_interfaces) by extensions ['colcon_pkg']
[1.250s] Level 1:colcon.colcon_core.package_identification:_identify(src/agv_interfaces) by extension 'colcon_pkg'
[1.250s] Level 1:colcon.colcon_core.package_identification:_identify(src/agv_interfaces) by extensions ['colcon_meta']
[1.250s] Level 1:colcon.colcon_core.package_identification:_identify(src/agv_interfaces) by extension 'colcon_meta'
[1.250s] Level 1:colcon.colcon_core.package_identification:_identify(src/agv_interfaces) by extensions ['ros']
[1.250s] Level 1:colcon.colcon_core.package_identification:_identify(src/agv_interfaces) by extension 'ros'
[1.252s] DEBUG:colcon.colcon_core.package_identification:Package 'src/agv_interfaces' with type 'ros.ament_cmake' and name 'agv_interfaces'
[1.252s] Level 1:colcon.colcon_core.package_identification:_identify(src/agv_launch) by extensions ['ignore', 'ignore_ament_install']
[1.253s] Level 1:colcon.colcon_core.package_identification:_identify(src/agv_launch) by extension 'ignore'
[1.253s] Level 1:colcon.colcon_core.package_identification:_identify(src/agv_launch) by extension 'ignore_ament_install'
[1.253s] Level 1:colcon.colcon_core.package_identification:_identify(src/agv_launch) by extensions ['colcon_pkg']
[1.253s] Level 1:colcon.colcon_core.package_identification:_identify(src/agv_launch) by extension 'colcon_pkg'
[1.253s] Level 1:colcon.colcon_core.package_identification:_identify(src/agv_launch) by extensions ['colcon_meta']
[1.253s] Level 1:colcon.colcon_core.package_identification:_identify(src/agv_launch) by extension 'colcon_meta'
[1.253s] Level 1:colcon.colcon_core.package_identification:_identify(src/agv_launch) by extensions ['ros']
[1.253s] Level 1:colcon.colcon_core.package_identification:_identify(src/agv_launch) by extension 'ros'
[1.255s] DEBUG:colcon.colcon_core.package_identification:Package 'src/agv_launch' with type 'ros.ament_cmake' and name 'agv_launch'
[1.255s] Level 1:colcon.colcon_core.package_identification:_identify(src/agv_py) by extensions ['ignore', 'ignore_ament_install']
[1.255s] Level 1:colcon.colcon_core.package_identification:_identify(src/agv_py) by extension 'ignore'
[1.255s] Level 1:colcon.colcon_core.package_identification:_identify(src/agv_py) by extension 'ignore_ament_install'
[1.256s] Level 1:colcon.colcon_core.package_identification:_identify(src/agv_py) by extensions ['colcon_pkg']
[1.256s] Level 1:colcon.colcon_core.package_identification:_identify(src/agv_py) by extension 'colcon_pkg'
[1.256s] Level 1:colcon.colcon_core.package_identification:_identify(src/agv_py) by extensions ['colcon_meta']
[1.256s] Level 1:colcon.colcon_core.package_identification:_identify(src/agv_py) by extension 'colcon_meta'
[1.256s] Level 1:colcon.colcon_core.package_identification:_identify(src/agv_py) by extensions ['ros']
[1.256s] Level 1:colcon.colcon_core.package_identification:_identify(src/agv_py) by extension 'ros'
[1.258s] DEBUG:colcon.colcon_core.package_identification:Package 'src/agv_py' with type 'ros.ament_python' and name 'agv_py'
[1.258s] Level 1:colcon.colcon_core.package_discovery:discover_packages(recursive) using defaults
[1.258s] Level 1:colcon.colcon_core.package_discovery:discover_packages(ignore) discover
[1.258s] Level 1:colcon.colcon_core.package_discovery:discover_packages(ignore) using defaults
[1.258s] Level 1:colcon.colcon_core.package_discovery:discover_packages(path) discover
[1.258s] Level 1:colcon.colcon_core.package_discovery:discover_packages(path) using defaults
[1.318s] Level 1:colcon.colcon_core.package_discovery:discover_packages(prefix_path) check parameters
[1.318s] Level 1:colcon.colcon_core.package_discovery:discover_packages(prefix_path) discover
[1.333s] DEBUG:colcon.colcon_installed_package_information.package_discovery:Found 1 installed packages in /home/melih/Desktop/New_Folder_1/install
[1.334s] DEBUG:colcon.colcon_installed_package_information.package_discovery:Found 2 installed packages in /home/melih/Desktop/ros_lifecycle_node/install
[1.334s] DEBUG:colcon.colcon_installed_package_information.package_discovery:Found 2 installed packages in /home/melih/Desktop/ros_example/turtlesim_project/install
[1.336s] DEBUG:colcon.colcon_installed_package_information.package_discovery:Found 2 installed packages in /home/melih/Desktop/ros_example/edouard_turtlesim_project/install
[1.336s] DEBUG:colcon.colcon_installed_package_information.package_discovery:Found 2 installed packages in /home/melih/Desktop/ros_example/battery_led_states/install
[1.337s] DEBUG:colcon.colcon_installed_package_information.package_discovery:Found 1 installed packages in /home/melih/Desktop/ros_msgs/install
[1.338s] DEBUG:colcon.colcon_installed_package_information.package_discovery:Found 1 installed packages in /home/melih/Desktop/ros_cpp2/install
[1.339s] DEBUG:colcon.colcon_installed_package_information.package_discovery:Found 2 installed packages in /home/melih/Desktop/ros_py/install
[1.340s] DEBUG:colcon.colcon_installed_package_information.package_discovery:Found 4 installed packages in /home/melih/Desktop/AGV/install
[1.341s] DEBUG:colcon.colcon_installed_package_information.package_discovery:Found 0 installed packages in /home/melih/Desktop/ros_ws/install
[1.341s] DEBUG:colcon.colcon_installed_package_information.package_discovery:Found 3 installed packages in /home/melih/Desktop/ros_action/install
[1.345s] DEBUG:colcon.colcon_installed_package_information.package_discovery:Found 388 installed packages in /opt/ros/humble
[1.349s] Level 1:colcon.colcon_core.package_discovery:discover_packages(prefix_path) using defaults
[1.476s] Level 5:colcon.colcon_core.verb:set package 'agv_interfaces' build argument 'cmake_args' from command line to 'None'
[1.476s] Level 5:colcon.colcon_core.verb:set package 'agv_interfaces' build argument 'cmake_target' from command line to 'None'
[1.476s] Level 5:colcon.colcon_core.verb:set package 'agv_interfaces' build argument 'cmake_target_skip_unavailable' from command line to 'False'
[1.476s] Level 5:colcon.colcon_core.verb:set package 'agv_interfaces' build argument 'cmake_clean_cache' from command line to 'False'
[1.476s] Level 5:colcon.colcon_core.verb:set package 'agv_interfaces' build argument 'cmake_clean_first' from command line to 'False'
[1.476s] Level 5:colcon.colcon_core.verb:set package 'agv_interfaces' build argument 'cmake_force_configure' from command line to 'False'
[1.476s] Level 5:colcon.colcon_core.verb:set package 'agv_interfaces' build argument 'ament_cmake_args' from command line to 'None'
[1.476s] Level 5:colcon.colcon_core.verb:set package 'agv_interfaces' build argument 'catkin_cmake_args' from command line to 'None'
[1.476s] Level 5:colcon.colcon_core.verb:set package 'agv_interfaces' build argument 'catkin_skip_building_tests' from command line to 'False'
[1.476s] DEBUG:colcon.colcon_core.verb:Building package 'agv_interfaces' with the following arguments: {'ament_cmake_args': None, 'build_base': '/home/melih/Desktop/AGV/build/agv_interfaces', 'catkin_cmake_args': None, 'catkin_skip_building_tests': False, 'cmake_args': None, 'cmake_clean_cache': False, 'cmake_clean_first': False, 'cmake_force_configure': False, 'cmake_target': None, 'cmake_target_skip_unavailable': False, 'install_base': '/home/melih/Desktop/AGV/install/agv_interfaces', 'merge_install': False, 'path': '/home/melih/Desktop/AGV/src/agv_interfaces', 'symlink_install': False, 'test_result_base': None}
[1.477s] Level 5:colcon.colcon_core.verb:set package 'agv_py' build argument 'cmake_args' from command line to 'None'
[1.477s] Level 5:colcon.colcon_core.verb:set package 'agv_py' build argument 'cmake_target' from command line to 'None'
[1.477s] Level 5:colcon.colcon_core.verb:set package 'agv_py' build argument 'cmake_target_skip_unavailable' from command line to 'False'
[1.477s] Level 5:colcon.colcon_core.verb:set package 'agv_py' build argument 'cmake_clean_cache' from command line to 'False'
[1.477s] Level 5:colcon.colcon_core.verb:set package 'agv_py' build argument 'cmake_clean_first' from command line to 'False'
[1.477s] Level 5:colcon.colcon_core.verb:set package 'agv_py' build argument 'cmake_force_configure' from command line to 'False'
[1.477s] Level 5:colcon.colcon_core.verb:set package 'agv_py' build argument 'ament_cmake_args' from command line to 'None'
[1.477s] Level 5:colcon.colcon_core.verb:set package 'agv_py' build argument 'catkin_cmake_args' from command line to 'None'
[1.478s] Level 5:colcon.colcon_core.verb:set package 'agv_py' build argument 'catkin_skip_building_tests' from command line to 'False'
[1.478s] DEBUG:colcon.colcon_core.verb:Building package 'agv_py' with the following arguments: {'ament_cmake_args': None, 'build_base': '/home/melih/Desktop/AGV/build/agv_py', 'catkin_cmake_args': None, 'catkin_skip_building_tests': False, 'cmake_args': None, 'cmake_clean_cache': False, 'cmake_clean_first': False, 'cmake_force_configure': False, 'cmake_target': None, 'cmake_target_skip_unavailable': False, 'install_base': '/home/melih/Desktop/AGV/install/agv_py', 'merge_install': False, 'path': '/home/melih/Desktop/AGV/src/agv_py', 'symlink_install': False, 'test_result_base': None}
[1.478s] Level 5:colcon.colcon_core.verb:set package 'agv_cpp' build argument 'cmake_args' from command line to 'None'
[1.478s] Level 5:colcon.colcon_core.verb:set package 'agv_cpp' build argument 'cmake_target' from command line to 'None'
[1.478s] Level 5:colcon.colcon_core.verb:set package 'agv_cpp' build argument 'cmake_target_skip_unavailable' from command line to 'False'
[1.478s] Level 5:colcon.colcon_core.verb:set package 'agv_cpp' build argument 'cmake_clean_cache' from command line to 'False'
[1.479s] Level 5:colcon.colcon_core.verb:set package 'agv_cpp' build argument 'cmake_clean_first' from command line to 'False'
[1.479s] Level 5:colcon.colcon_core.verb:set package 'agv_cpp' build argument 'cmake_force_configure' from command line to 'False'
[1.479s] Level 5:colcon.colcon_core.verb:set package 'agv_cpp' build argument 'ament_cmake_args' from command line to 'None'
[1.479s] Level 5:colcon.colcon_core.verb:set package 'agv_cpp' build argument 'catkin_cmake_args' from command line to 'None'
[1.479s] Level 5:colcon.colcon_core.verb:set package 'agv_cpp' build argument 'catkin_skip_building_tests' from command line to 'False'
[1.479s] DEBUG:colcon.colcon_core.verb:Building package 'agv_cpp' with the following arguments: {'ament_cmake_args': None, 'build_base': '/home/melih/Desktop/AGV/build/agv_cpp', 'catkin_cmake_args': None, 'catkin_skip_building_tests': False, 'cmake_args': None, 'cmake_clean_cache': False, 'cmake_clean_first': False, 'cmake_force_configure': False, 'cmake_target': None, 'cmake_target_skip_unavailable': False, 'install_base': '/home/melih/Desktop/AGV/install/agv_cpp', 'merge_install': False, 'path': '/home/melih/Desktop/AGV/src/agv_cpp', 'symlink_install': False, 'test_result_base': None}
[1.479s] Level 5:colcon.colcon_core.verb:set package 'agv_launch' build argument 'cmake_args' from command line to 'None'
[1.479s] Level 5:colcon.colcon_core.verb:set package 'agv_launch' build argument 'cmake_target' from command line to 'None'
[1.480s] Level 5:colcon.colcon_core.verb:set package 'agv_launch' build argument 'cmake_target_skip_unavailable' from command line to 'False'
[1.480s] Level 5:colcon.colcon_core.verb:set package 'agv_launch' build argument 'cmake_clean_cache' from command line to 'False'
[1.480s] Level 5:colcon.colcon_core.verb:set package 'agv_launch' build argument 'cmake_clean_first' from command line to 'False'
[1.480s] Level 5:colcon.colcon_core.verb:set package 'agv_launch' build argument 'cmake_force_configure' from command line to 'False'
[1.480s] Level 5:colcon.colcon_core.verb:set package 'agv_launch' build argument 'ament_cmake_args' from command line to 'None'
[1.480s] Level 5:colcon.colcon_core.verb:set package 'agv_launch' build argument 'catkin_cmake_args' from command line to 'None'
[1.480s] Level 5:colcon.colcon_core.verb:set package 'agv_launch' build argument 'catkin_skip_building_tests' from command line to 'False'
[1.480s] DEBUG:colcon.colcon_core.verb:Building package 'agv_launch' with the following arguments: {'ament_cmake_args': None, 'build_base': '/home/melih/Desktop/AGV/build/agv_launch', 'catkin_cmake_args': None, 'catkin_skip_building_tests': False, 'cmake_args': None, 'cmake_clean_cache': False, 'cmake_clean_first': False, 'cmake_force_configure': False, 'cmake_target': None, 'cmake_target_skip_unavailable': False, 'install_base': '/home/melih/Desktop/AGV/install/agv_launch', 'merge_install': False, 'path': '/home/melih/Desktop/AGV/src/agv_launch', 'symlink_install': False, 'test_result_base': None}
[1.480s] INFO:colcon.colcon_core.executor:Executing jobs using 'parallel' executor
[1.482s] DEBUG:colcon.colcon_parallel_executor.executor.parallel:run_until_complete
[1.482s] INFO:colcon.colcon_ros.task.ament_cmake.build:Building ROS package in '/home/melih/Desktop/AGV/src/agv_interfaces' with build type 'ament_cmake'
[1.483s] INFO:colcon.colcon_cmake.task.cmake.build:Building CMake package in '/home/melih/Desktop/AGV/src/agv_interfaces'
[1.490s] INFO:colcon.colcon_core.plugin_system:Skipping extension 'colcon_core.shell.bat': Not used on non-Windows systems
[1.491s] INFO:colcon.colcon_core.shell:Skip shell extension 'powershell' for command environment: Not usable outside of PowerShell
[1.491s] DEBUG:colcon.colcon_core.shell:Skip shell extension 'dsv' for command environment
[1.528s] INFO:colcon.colcon_ros.task.ament_python.build:Building ROS package in '/home/melih/Desktop/AGV/src/agv_py' with build type 'ament_python'
[1.528s] Level 1:colcon.colcon_core.shell:create_environment_hook('agv_py', 'ament_prefix_path')
[1.529s] INFO:colcon.colcon_core.shell:Creating environment hook '/home/melih/Desktop/AGV/install/agv_py/share/agv_py/hook/ament_prefix_path.ps1'
[1.531s] INFO:colcon.colcon_core.shell:Creating environment descriptor '/home/melih/Desktop/AGV/install/agv_py/share/agv_py/hook/ament_prefix_path.dsv'
[1.532s] INFO:colcon.colcon_core.shell:Creating environment hook '/home/melih/Desktop/AGV/install/agv_py/share/agv_py/hook/ament_prefix_path.sh'
[1.534s] INFO:colcon.colcon_core.shell:Skip shell extension 'powershell' for command environment: Not usable outside of PowerShell
[1.534s] DEBUG:colcon.colcon_core.shell:Skip shell extension 'dsv' for command environment
[1.566s] DEBUG:colcon.colcon_core.event_handler.log_command:Invoking command in '/home/melih/Desktop/AGV/build/agv_interfaces': CMAKE_PREFIX_PATH=${CMAKE_PREFIX_PATH}:/home/melih/Desktop/AGV/install/agv_py:/home/melih/Desktop/ros_lifecycle_node/install/lifecycle_node_py:/home/melih/Desktop/ros_example/turtlesim_project/install/turtlesim_py:/home/melih/Desktop/ros_example/edouard_turtlesim_project/install/turtlesim_catch_them_all:/home/melih/Desktop/ros_example/battery_led_states/install/package_py:/home/melih/Desktop/ros_py/install/my_robot:/home/melih/Desktop/ros_action/install/actions_py:/opt/ros/humble /usr/bin/cmake --build /home/melih/Desktop/AGV/build/agv_interfaces -- -j4 -l4
[2.542s] INFO:colcon.colcon_core.task.python.build:Building Python package in '/home/melih/Desktop/AGV/src/agv_py'
[2.542s] INFO:colcon.colcon_core.shell:Skip shell extension 'powershell' for command environment: Not usable outside of PowerShell
[2.543s] DEBUG:colcon.colcon_core.shell:Skip shell extension 'dsv' for command environment
[2.803s] DEBUG:colcon.colcon_core.event_handler.log_command:Invoked command in '/home/melih/Desktop/AGV/build/agv_interfaces' returned '0': CMAKE_PREFIX_PATH=${CMAKE_PREFIX_PATH}:/home/melih/Desktop/AGV/install/agv_py:/home/melih/Desktop/ros_lifecycle_node/install/lifecycle_node_py:/home/melih/Desktop/ros_example/turtlesim_project/install/turtlesim_py:/home/melih/Desktop/ros_example/edouard_turtlesim_project/install/turtlesim_catch_them_all:/home/melih/Desktop/ros_example/battery_led_states/install/package_py:/home/melih/Desktop/ros_py/install/my_robot:/home/melih/Desktop/ros_action/install/actions_py:/opt/ros/humble /usr/bin/cmake --build /home/melih/Desktop/AGV/build/agv_interfaces -- -j4 -l4
[3.028s] DEBUG:colcon.colcon_core.event_handler.log_command:Invoking command in '/home/melih/Desktop/AGV/build/agv_interfaces': CMAKE_PREFIX_PATH=${CMAKE_PREFIX_PATH}:/home/melih/Desktop/AGV/install/agv_py:/home/melih/Desktop/ros_lifecycle_node/install/lifecycle_node_py:/home/melih/Desktop/ros_example/turtlesim_project/install/turtlesim_py:/home/melih/Desktop/ros_example/edouard_turtlesim_project/install/turtlesim_catch_them_all:/home/melih/Desktop/ros_example/battery_led_states/install/package_py:/home/melih/Desktop/ros_py/install/my_robot:/home/melih/Desktop/ros_action/install/actions_py:/opt/ros/humble /usr/bin/cmake --install /home/melih/Desktop/AGV/build/agv_interfaces
[3.228s] Level 1:colcon.colcon_core.environment:create_environment_scripts_only(agv_interfaces)
[3.231s] DEBUG:colcon.colcon_core.event_handler.log_command:Invoked command in '/home/melih/Desktop/AGV/build/agv_interfaces' returned '0': CMAKE_PREFIX_PATH=${CMAKE_PREFIX_PATH}:/home/melih/Desktop/AGV/install/agv_py:/home/melih/Desktop/ros_lifecycle_node/install/lifecycle_node_py:/home/melih/Desktop/ros_example/turtlesim_project/install/turtlesim_py:/home/melih/Desktop/ros_example/edouard_turtlesim_project/install/turtlesim_catch_them_all:/home/melih/Desktop/ros_example/battery_led_states/install/package_py:/home/melih/Desktop/ros_py/install/my_robot:/home/melih/Desktop/ros_action/install/actions_py:/opt/ros/humble /usr/bin/cmake --install /home/melih/Desktop/AGV/build/agv_interfaces
[3.234s] Level 1:colcon.colcon_core.environment:checking '/home/melih/Desktop/AGV/install/agv_interfaces' for CMake module files
[3.237s] Level 1:colcon.colcon_core.environment:checking '/home/melih/Desktop/AGV/install/agv_interfaces' for CMake config files
[3.239s] Level 1:colcon.colcon_core.shell:create_environment_hook('agv_interfaces', 'cmake_prefix_path')
[3.240s] INFO:colcon.colcon_core.shell:Creating environment hook '/home/melih/Desktop/AGV/install/agv_interfaces/share/agv_interfaces/hook/cmake_prefix_path.ps1'
[3.241s] INFO:colcon.colcon_core.shell:Creating environment descriptor '/home/melih/Desktop/AGV/install/agv_interfaces/share/agv_interfaces/hook/cmake_prefix_path.dsv'
[3.242s] INFO:colcon.colcon_core.shell:Creating environment hook '/home/melih/Desktop/AGV/install/agv_interfaces/share/agv_interfaces/hook/cmake_prefix_path.sh'
[3.244s] Level 1:colcon.colcon_core.environment:checking '/home/melih/Desktop/AGV/install/agv_interfaces/lib'
[3.245s] Level 1:colcon.colcon_core.shell:create_environment_hook('agv_interfaces', 'ld_library_path_lib')
[3.245s] INFO:colcon.colcon_core.shell:Creating environment hook '/home/melih/Desktop/AGV/install/agv_interfaces/share/agv_interfaces/hook/ld_library_path_lib.ps1'
[3.247s] INFO:colcon.colcon_core.shell:Creating environment descriptor '/home/melih/Desktop/AGV/install/agv_interfaces/share/agv_interfaces/hook/ld_library_path_lib.dsv'
[3.248s] INFO:colcon.colcon_core.shell:Creating environment hook '/home/melih/Desktop/AGV/install/agv_interfaces/share/agv_interfaces/hook/ld_library_path_lib.sh'
[3.249s] Level 1:colcon.colcon_core.environment:checking '/home/melih/Desktop/AGV/install/agv_interfaces/bin'
[3.249s] Level 1:colcon.colcon_core.environment:checking '/home/melih/Desktop/AGV/install/agv_interfaces/lib/pkgconfig/agv_interfaces.pc'
[3.251s] Level 1:colcon.colcon_core.environment:checking '/home/melih/Desktop/AGV/install/agv_interfaces/lib/python3.10/site-packages'
[3.252s] Level 1:colcon.colcon_core.environment:checking '/home/melih/Desktop/AGV/install/agv_interfaces/bin'
[3.253s] INFO:colcon.colcon_core.shell:Creating package script '/home/melih/Desktop/AGV/install/agv_interfaces/share/agv_interfaces/package.ps1'
[3.255s] INFO:colcon.colcon_core.shell:Creating package descriptor '/home/melih/Desktop/AGV/install/agv_interfaces/share/agv_interfaces/package.dsv'
[3.257s] INFO:colcon.colcon_core.shell:Creating package script '/home/melih/Desktop/AGV/install/agv_interfaces/share/agv_interfaces/package.sh'
[3.259s] INFO:colcon.colcon_core.shell:Creating package script '/home/melih/Desktop/AGV/install/agv_interfaces/share/agv_interfaces/package.bash'
[3.260s] INFO:colcon.colcon_core.shell:Creating package script '/home/melih/Desktop/AGV/install/agv_interfaces/share/agv_interfaces/package.zsh'
[3.262s] Level 1:colcon.colcon_core.environment:create_file_with_runtime_dependencies(/home/melih/Desktop/AGV/install/agv_interfaces/share/colcon-core/packages/agv_interfaces)
[3.468s] Level 1:colcon.colcon_core.environment:create_environment_scripts_only(agv_interfaces)
[3.468s] Level 1:colcon.colcon_core.environment:checking '/home/melih/Desktop/AGV/install/agv_interfaces' for CMake module files
[3.471s] Level 1:colcon.colcon_core.environment:checking '/home/melih/Desktop/AGV/install/agv_interfaces' for CMake config files
[3.472s] Level 1:colcon.colcon_core.shell:create_environment_hook('agv_interfaces', 'cmake_prefix_path')
[3.473s] INFO:colcon.colcon_core.shell:Creating environment hook '/home/melih/Desktop/AGV/install/agv_interfaces/share/agv_interfaces/hook/cmake_prefix_path.ps1'
[3.475s] INFO:colcon.colcon_core.shell:Creating environment descriptor '/home/melih/Desktop/AGV/install/agv_interfaces/share/agv_interfaces/hook/cmake_prefix_path.dsv'
[3.476s] INFO:colcon.colcon_core.shell:Creating environment hook '/home/melih/Desktop/AGV/install/agv_interfaces/share/agv_interfaces/hook/cmake_prefix_path.sh'
[3.477s] Level 1:colcon.colcon_core.environment:checking '/home/melih/Desktop/AGV/install/agv_interfaces/lib'
[3.478s] Level 1:colcon.colcon_core.shell:create_environment_hook('agv_interfaces', 'ld_library_path_lib')
[3.478s] INFO:colcon.colcon_core.shell:Creating environment hook '/home/melih/Desktop/AGV/install/agv_interfaces/share/agv_interfaces/hook/ld_library_path_lib.ps1'
[3.480s] INFO:colcon.colcon_core.shell:Creating environment descriptor '/home/melih/Desktop/AGV/install/agv_interfaces/share/agv_interfaces/hook/ld_library_path_lib.dsv'
[3.481s] INFO:colcon.colcon_core.shell:Creating environment hook '/home/melih/Desktop/AGV/install/agv_interfaces/share/agv_interfaces/hook/ld_library_path_lib.sh'
[3.482s] Level 1:colcon.colcon_core.environment:checking '/home/melih/Desktop/AGV/install/agv_interfaces/bin'
[3.482s] Level 1:colcon.colcon_core.environment:checking '/home/melih/Desktop/AGV/install/agv_interfaces/lib/pkgconfig/agv_interfaces.pc'
[3.483s] Level 1:colcon.colcon_core.environment:checking '/home/melih/Desktop/AGV/install/agv_interfaces/lib/python3.10/site-packages'
[3.483s] Level 1:colcon.colcon_core.environment:checking '/home/melih/Desktop/AGV/install/agv_interfaces/bin'
[3.484s] INFO:colcon.colcon_core.shell:Creating package script '/home/melih/Desktop/AGV/install/agv_interfaces/share/agv_interfaces/package.ps1'
[3.485s] INFO:colcon.colcon_core.shell:Creating package descriptor '/home/melih/Desktop/AGV/install/agv_interfaces/share/agv_interfaces/package.dsv'
[3.487s] INFO:colcon.colcon_core.shell:Creating package script '/home/melih/Desktop/AGV/install/agv_interfaces/share/agv_interfaces/package.sh'
[3.489s] INFO:colcon.colcon_core.shell:Creating package script '/home/melih/Desktop/AGV/install/agv_interfaces/share/agv_interfaces/package.bash'
[3.490s] INFO:colcon.colcon_core.shell:Creating package script '/home/melih/Desktop/AGV/install/agv_interfaces/share/agv_interfaces/package.zsh'
[3.491s] Level 1:colcon.colcon_core.environment:create_file_with_runtime_dependencies(/home/melih/Desktop/AGV/install/agv_interfaces/share/colcon-core/packages/agv_interfaces)
[3.492s] INFO:colcon.colcon_ros.task.ament_cmake.build:Building ROS package in '/home/melih/Desktop/AGV/src/agv_cpp' with build type 'ament_cmake'
[3.492s] INFO:colcon.colcon_cmake.task.cmake.build:Building CMake package in '/home/melih/Desktop/AGV/src/agv_cpp'
[3.493s] INFO:colcon.colcon_core.shell:Skip shell extension 'powershell' for command environment: Not usable outside of PowerShell
[3.493s] DEBUG:colcon.colcon_core.shell:Skip shell extension 'dsv' for command environment
[3.544s] DEBUG:colcon.colcon_core.event_handler.log_command:Invoking command in '/home/melih/Desktop/AGV/build/agv_cpp': CMAKE_PREFIX_PATH=/home/melih/Desktop/AGV/install/agv_interfaces:/home/melih/Desktop/AGV/install/agv_launch:/home/melih/Desktop/AGV/install/agv_cpp:/home/melih/Desktop/New_Folder_1/install/ydlidar_ros2_driver:/home/melih/Desktop/ros_lifecycle_node/install/lifecycle_node_cpp:/home/melih/Desktop/ros_example/turtlesim_project/install/turtlesim_launch_bringup:/home/melih/Desktop/ros_example/edouard_turtlesim_project/install/turtlesim_catch_them_all_launch_bringup:/home/melih/Desktop/ros_example/battery_led_states/install/package_cpp:/home/melih/Desktop/ros_msgs/install/my_robot_interfaces:/home/melih/Desktop/ros_cpp2/install/rdr2:/home/melih/Desktop/ros_py/install/my_robot_bringup:/home/melih/Desktop/ros_action/install/actions_cpp:/home/melih/Desktop/ros_action/install/robot_action_interfaces:/home/melih/Desktop/AGV/install/agv_py:/home/melih/Desktop/ros_lifecycle_node/install/lifecycle_node_py:/home/melih/Desktop/ros_example/turtlesim_project/install/turtlesim_py:/home/melih/Desktop/ros_example/edouard_turtlesim_project/install/turtlesim_catch_them_all:/home/melih/Desktop/ros_example/battery_led_states/install/package_py:/home/melih/Desktop/ros_py/install/my_robot:/home/melih/Desktop/ros_action/install/actions_py:/opt/ros/humble /usr/bin/cmake --build /home/melih/Desktop/AGV/build/agv_cpp -- -j4 -l4
[3.679s] DEBUG:colcon.colcon_core.event_handler.log_command:Invoking command in '/home/melih/Desktop/AGV/src/agv_py': PYTHONPATH=/home/melih/Desktop/AGV/build/agv_py/prefix_override:/home/melih/.local/lib/python3.10/site-packages/colcon_core/task/python/colcon_distutils_commands:/home/melih/Desktop/AGV/install/agv_py/lib/python3.10/site-packages:${PYTHONPATH} /usr/bin/python3 -W ignore:setup.py install is deprecated setup.py egg_info --egg-base ../../build/agv_py build --build-base /home/melih/Desktop/AGV/build/agv_py/build install --record /home/melih/Desktop/AGV/build/agv_py/install.log --single-version-externally-managed install_data
[4.478s] Level 1:colcon.colcon_core.environment:checking '/home/melih/Desktop/AGV/install/agv_py' for CMake module files
[4.484s] DEBUG:colcon.colcon_core.event_handler.log_command:Invoked command in '/home/melih/Desktop/AGV/src/agv_py' returned '0': PYTHONPATH=/home/melih/Desktop/AGV/build/agv_py/prefix_override:/home/melih/.local/lib/python3.10/site-packages/colcon_core/task/python/colcon_distutils_commands:/home/melih/Desktop/AGV/install/agv_py/lib/python3.10/site-packages:${PYTHONPATH} /usr/bin/python3 -W ignore:setup.py install is deprecated setup.py egg_info --egg-base ../../build/agv_py build --build-base /home/melih/Desktop/AGV/build/agv_py/build install --record /home/melih/Desktop/AGV/build/agv_py/install.log --single-version-externally-managed install_data
[4.485s] Level 1:colcon.colcon_core.environment:checking '/home/melih/Desktop/AGV/install/agv_py' for CMake config files
[4.488s] Level 1:colcon.colcon_core.environment:checking '/home/melih/Desktop/AGV/install/agv_py/lib'
[4.489s] Level 1:colcon.colcon_core.environment:checking '/home/melih/Desktop/AGV/install/agv_py/bin'
[4.489s] Level 1:colcon.colcon_core.environment:checking '/home/melih/Desktop/AGV/install/agv_py/lib/pkgconfig/agv_py.pc'
[4.491s] Level 1:colcon.colcon_core.environment:checking '/home/melih/Desktop/AGV/install/agv_py/lib/python3.10/site-packages'
[4.491s] Level 1:colcon.colcon_core.shell:create_environment_hook('agv_py', 'pythonpath')
[4.492s] INFO:colcon.colcon_core.shell:Creating environment hook '/home/melih/Desktop/AGV/install/agv_py/share/agv_py/hook/pythonpath.ps1'
[4.494s] INFO:colcon.colcon_core.shell:Creating environment descriptor '/home/melih/Desktop/AGV/install/agv_py/share/agv_py/hook/pythonpath.dsv'
[4.496s] INFO:colcon.colcon_core.shell:Creating environment hook '/home/melih/Desktop/AGV/install/agv_py/share/agv_py/hook/pythonpath.sh'
[4.497s] Level 1:colcon.colcon_core.environment:checking '/home/melih/Desktop/AGV/install/agv_py/bin'
[4.497s] Level 1:colcon.colcon_core.environment:create_environment_scripts_only(agv_py)
[4.499s] INFO:colcon.colcon_core.shell:Creating package script '/home/melih/Desktop/AGV/install/agv_py/share/agv_py/package.ps1'
[4.500s] INFO:colcon.colcon_core.shell:Creating package descriptor '/home/melih/Desktop/AGV/install/agv_py/share/agv_py/package.dsv'
[4.502s] INFO:colcon.colcon_core.shell:Creating package script '/home/melih/Desktop/AGV/install/agv_py/share/agv_py/package.sh'
[4.503s] INFO:colcon.colcon_core.shell:Creating package script '/home/melih/Desktop/AGV/install/agv_py/share/agv_py/package.bash'
[4.505s] INFO:colcon.colcon_core.shell:Creating package script '/home/melih/Desktop/AGV/install/agv_py/share/agv_py/package.zsh'
[4.505s] Level 1:colcon.colcon_core.environment:create_file_with_runtime_dependencies(/home/melih/Desktop/AGV/install/agv_py/share/colcon-core/packages/agv_py)
[44.729s] DEBUG:colcon.colcon_core.event_handler.log_command:Invoked command in '/home/melih/Desktop/AGV/build/agv_cpp' returned '0': CMAKE_PREFIX_PATH=/home/melih/Desktop/AGV/install/agv_interfaces:/home/melih/Desktop/AGV/install/agv_launch:/home/melih/Desktop/AGV/install/agv_cpp:/home/melih/Desktop/New_Folder_1/install/ydlidar_ros2_driver:/home/melih/Desktop/ros_lifecycle_node/install/lifecycle_node_cpp:/home/melih/Desktop/ros_example/turtlesim_project/install/turtlesim_launch_bringup:/home/melih/Desktop/ros_example/edouard_turtlesim_project/install/turtlesim_catch_them_all_launch_bringup:/home/melih/Desktop/ros_example/battery_led_states/install/package_cpp:/home/melih/Desktop/ros_msgs/install/my_robot_interfaces:/home/melih/Desktop/ros_cpp2/install/rdr2:/home/melih/Desktop/ros_py/install/my_robot_bringup:/home/melih/Desktop/ros_action/install/actions_cpp:/home/melih/Desktop/ros_action/install/robot_action_interfaces:/home/melih/Desktop/AGV/install/agv_py:/home/melih/Desktop/ros_lifecycle_node/install/lifecycle_node_py:/home/melih/Desktop/ros_example/turtlesim_project/install/turtlesim_py:/home/melih/Desktop/ros_example/edouard_turtlesim_project/install/turtlesim_catch_them_all:/home/melih/Desktop/ros_example/battery_led_states/install/package_py:/home/melih/Desktop/ros_py/install/my_robot:/home/melih/Desktop/ros_action/install/actions_py:/opt/ros/humble /usr/bin/cmake --build /home/melih/Desktop/AGV/build/agv_cpp -- -j4 -l4
[44.779s] DEBUG:colcon.colcon_core.event_handler.log_command:Invoking command in '/home/melih/Desktop/AGV/build/agv_cpp': CMAKE_PREFIX_PATH=/home/melih/Desktop/AGV/install/agv_interfaces:/home/melih/Desktop/AGV/install/agv_launch:/home/melih/Desktop/AGV/install/agv_cpp:/home/melih/Desktop/New_Folder_1/install/ydlidar_ros2_driver:/home/melih/Desktop/ros_lifecycle_node/install/lifecycle_node_cpp:/home/melih/Desktop/ros_example/turtlesim_project/install/turtlesim_launch_bringup:/home/melih/Desktop/ros_example/edouard_turtlesim_project/install/turtlesim_catch_them_all_launch_bringup:/home/melih/Desktop/ros_example/battery_led_states/install/package_cpp:/home/melih/Desktop/ros_msgs/install/my_robot_interfaces:/home/melih/Desktop/ros_cpp2/install/rdr2:/home/melih/Desktop/ros_py/install/my_robot_bringup:/home/melih/Desktop/ros_action/install/actions_cpp:/home/melih/Desktop/ros_action/install/robot_action_interfaces:/home/melih/Desktop/AGV/install/agv_py:/home/melih/Desktop/ros_lifecycle_node/install/lifecycle_node_py:/home/melih/Desktop/ros_example/turtlesim_project/install/turtlesim_py:/home/melih/Desktop/ros_example/edouard_turtlesim_project/install/turtlesim_catch_them_all:/home/melih/Desktop/ros_example/battery_led_states/install/package_py:/home/melih/Desktop/ros_py/install/my_robot:/home/melih/Desktop/ros_action/install/actions_py:/opt/ros/humble /usr/bin/cmake --install /home/melih/Desktop/AGV/build/agv_cpp
[44.825s] Level 1:colcon.colcon_core.environment:create_environment_scripts_only(agv_cpp)
[44.826s] Level 1:colcon.colcon_core.environment:checking '/home/melih/Desktop/AGV/install/agv_cpp' for CMake module files
[44.827s] DEBUG:colcon.colcon_core.event_handler.log_command:Invoked command in '/home/melih/Desktop/AGV/build/agv_cpp' returned '0': CMAKE_PREFIX_PATH=/home/melih/Desktop/AGV/install/agv_interfaces:/home/melih/Desktop/AGV/install/agv_launch:/home/melih/Desktop/AGV/install/agv_cpp:/home/melih/Desktop/New_Folder_1/install/ydlidar_ros2_driver:/home/melih/Desktop/ros_lifecycle_node/install/lifecycle_node_cpp:/home/melih/Desktop/ros_example/turtlesim_project/install/turtlesim_launch_bringup:/home/melih/Desktop/ros_example/edouard_turtlesim_project/install/turtlesim_catch_them_all_launch_bringup:/home/melih/Desktop/ros_example/battery_led_states/install/package_cpp:/home/melih/Desktop/ros_msgs/install/my_robot_interfaces:/home/melih/Desktop/ros_cpp2/install/rdr2:/home/melih/Desktop/ros_py/install/my_robot_bringup:/home/melih/Desktop/ros_action/install/actions_cpp:/home/melih/Desktop/ros_action/install/robot_action_interfaces:/home/melih/Desktop/AGV/install/agv_py:/home/melih/Desktop/ros_lifecycle_node/install/lifecycle_node_py:/home/melih/Desktop/ros_example/turtlesim_project/install/turtlesim_py:/home/melih/Desktop/ros_example/edouard_turtlesim_project/install/turtlesim_catch_them_all:/home/melih/Desktop/ros_example/battery_led_states/install/package_py:/home/melih/Desktop/ros_py/install/my_robot:/home/melih/Desktop/ros_action/install/actions_py:/opt/ros/humble /usr/bin/cmake --install /home/melih/Desktop/AGV/build/agv_cpp
[44.829s] Level 1:colcon.colcon_core.environment:checking '/home/melih/Desktop/AGV/install/agv_cpp' for CMake config files
[44.831s] Level 1:colcon.colcon_core.shell:create_environment_hook('agv_cpp', 'cmake_prefix_path')
[44.831s] INFO:colcon.colcon_core.shell:Creating environment hook '/home/melih/Desktop/AGV/install/agv_cpp/share/agv_cpp/hook/cmake_prefix_path.ps1'
[44.832s] INFO:colcon.colcon_core.shell:Creating environment descriptor '/home/melih/Desktop/AGV/install/agv_cpp/share/agv_cpp/hook/cmake_prefix_path.dsv'
[44.833s] INFO:colcon.colcon_core.shell:Creating environment hook '/home/melih/Desktop/AGV/install/agv_cpp/share/agv_cpp/hook/cmake_prefix_path.sh'
[44.834s] Level 1:colcon.colcon_core.environment:checking '/home/melih/Desktop/AGV/install/agv_cpp/lib'
[44.834s] Level 1:colcon.colcon_core.environment:checking '/home/melih/Desktop/AGV/install/agv_cpp/bin'
[44.834s] Level 1:colcon.colcon_core.environment:checking '/home/melih/Desktop/AGV/install/agv_cpp/lib/pkgconfig/agv_cpp.pc'
[44.835s] Level 1:colcon.colcon_core.environment:checking '/home/melih/Desktop/AGV/install/agv_cpp/lib/python3.10/site-packages'
[44.835s] Level 1:colcon.colcon_core.environment:checking '/home/melih/Desktop/AGV/install/agv_cpp/bin'
[44.836s] INFO:colcon.colcon_core.shell:Creating package script '/home/melih/Desktop/AGV/install/agv_cpp/share/agv_cpp/package.ps1'
[44.838s] INFO:colcon.colcon_core.shell:Creating package descriptor '/home/melih/Desktop/AGV/install/agv_cpp/share/agv_cpp/package.dsv'
[44.842s] INFO:colcon.colcon_core.shell:Creating package script '/home/melih/Desktop/AGV/install/agv_cpp/share/agv_cpp/package.sh'
[44.844s] INFO:colcon.colcon_core.shell:Creating package script '/home/melih/Desktop/AGV/install/agv_cpp/share/agv_cpp/package.bash'
[44.844s] INFO:colcon.colcon_core.shell:Creating package script '/home/melih/Desktop/AGV/install/agv_cpp/share/agv_cpp/package.zsh'
[44.845s] Level 1:colcon.colcon_core.environment:create_file_with_runtime_dependencies(/home/melih/Desktop/AGV/install/agv_cpp/share/colcon-core/packages/agv_cpp)
[44.949s] Level 1:colcon.colcon_core.environment:create_environment_scripts_only(agv_cpp)
[44.949s] Level 1:colcon.colcon_core.environment:checking '/home/melih/Desktop/AGV/install/agv_cpp' for CMake module files
[44.950s] Level 1:colcon.colcon_core.environment:checking '/home/melih/Desktop/AGV/install/agv_cpp' for CMake config files
[44.951s] Level 1:colcon.colcon_core.shell:create_environment_hook('agv_cpp', 'cmake_prefix_path')
[44.952s] INFO:colcon.colcon_core.shell:Creating environment hook '/home/melih/Desktop/AGV/install/agv_cpp/share/agv_cpp/hook/cmake_prefix_path.ps1'
[44.953s] INFO:colcon.colcon_core.shell:Creating environment descriptor '/home/melih/Desktop/AGV/install/agv_cpp/share/agv_cpp/hook/cmake_prefix_path.dsv'
[44.956s] INFO:colcon.colcon_core.shell:Creating environment hook '/home/melih/Desktop/AGV/install/agv_cpp/share/agv_cpp/hook/cmake_prefix_path.sh'
[44.958s] Level 1:colcon.colcon_core.environment:checking '/home/melih/Desktop/AGV/install/agv_cpp/lib'
[44.958s] Level 1:colcon.colcon_core.environment:checking '/home/melih/Desktop/AGV/install/agv_cpp/bin'
[44.958s] Level 1:colcon.colcon_core.environment:checking '/home/melih/Desktop/AGV/install/agv_cpp/lib/pkgconfig/agv_cpp.pc'
[44.959s] Level 1:colcon.colcon_core.environment:checking '/home/melih/Desktop/AGV/install/agv_cpp/lib/python3.10/site-packages'
[44.959s] Level 1:colcon.colcon_core.environment:checking '/home/melih/Desktop/AGV/install/agv_cpp/bin'
[44.960s] INFO:colcon.colcon_core.shell:Creating package script '/home/melih/Desktop/AGV/install/agv_cpp/share/agv_cpp/package.ps1'
[44.961s] INFO:colcon.colcon_core.shell:Creating package descriptor '/home/melih/Desktop/AGV/install/agv_cpp/share/agv_cpp/package.dsv'
[44.962s] INFO:colcon.colcon_core.shell:Creating package script '/home/melih/Desktop/AGV/install/agv_cpp/share/agv_cpp/package.sh'
[44.963s] INFO:colcon.colcon_core.shell:Creating package script '/home/melih/Desktop/AGV/install/agv_cpp/share/agv_cpp/package.bash'
[44.964s] INFO:colcon.colcon_core.shell:Creating package script '/home/melih/Desktop/AGV/install/agv_cpp/share/agv_cpp/package.zsh'
[44.965s] Level 1:colcon.colcon_core.environment:create_file_with_runtime_dependencies(/home/melih/Desktop/AGV/install/agv_cpp/share/colcon-core/packages/agv_cpp)
[44.967s] INFO:colcon.colcon_ros.task.ament_cmake.build:Building ROS package in '/home/melih/Desktop/AGV/src/agv_launch' with build type 'ament_cmake'
[44.969s] INFO:colcon.colcon_cmake.task.cmake.build:Building CMake package in '/home/melih/Desktop/AGV/src/agv_launch'
[44.970s] INFO:colcon.colcon_core.shell:Skip shell extension 'powershell' for command environment: Not usable outside of PowerShell
[44.970s] DEBUG:colcon.colcon_core.shell:Skip shell extension 'dsv' for command environment
[45.029s] DEBUG:colcon.colcon_core.event_handler.log_command:Invoking command in '/home/melih/Desktop/AGV/build/agv_launch': AMENT_PREFIX_PATH=/home/melih/Desktop/AGV/install/agv_py:/home/melih/Desktop/AGV/install/agv_launch:/home/melih/Desktop/AGV/install/agv_cpp:/home/melih/Desktop/AGV/install/agv_interfaces:/home/melih/Desktop/New_Folder_1/install/ydlidar_ros2_driver:/home/melih/Desktop/ros_lifecycle_node/install/lifecycle_node_py:/home/melih/Desktop/ros_lifecycle_node/install/lifecycle_node_cpp:/home/melih/Desktop/ros_example/turtlesim_project/install/turtlesim_launch_bringup:/home/melih/Desktop/ros_example/turtlesim_project/install/turtlesim_py:/home/melih/Desktop/ros_example/edouard_turtlesim_project/install/turtlesim_catch_them_all_launch_bringup:/home/melih/Desktop/ros_example/edouard_turtlesim_project/install/turtlesim_catch_them_all:/home/melih/Desktop/ros_example/battery_led_states/install/package_py:/home/melih/Desktop/ros_example/battery_led_states/install/package_cpp:/home/melih/Desktop/ros_msgs/install/my_robot_interfaces:/home/melih/Desktop/ros_cpp2/install/rdr2:/home/melih/Desktop/ros_py/install/my_robot_bringup:/home/melih/Desktop/ros_py/install/my_robot:/home/melih/Desktop/ros_action/install/actions_py:/home/melih/Desktop/ros_action/install/actions_cpp:/home/melih/Desktop/ros_action/install/robot_action_interfaces:/opt/ros/humble CMAKE_PREFIX_PATH=/home/melih/Desktop/AGV/install/agv_cpp:/home/melih/Desktop/AGV/install/agv_interfaces:/home/melih/Desktop/AGV/install/agv_launch:/home/melih/Desktop/New_Folder_1/install/ydlidar_ros2_driver:/home/melih/Desktop/ros_lifecycle_node/install/lifecycle_node_cpp:/home/melih/Desktop/ros_example/turtlesim_project/install/turtlesim_launch_bringup:/home/melih/Desktop/ros_example/edouard_turtlesim_project/install/turtlesim_catch_them_all_launch_bringup:/home/melih/Desktop/ros_example/battery_led_states/install/package_cpp:/home/melih/Desktop/ros_msgs/install/my_robot_interfaces:/home/melih/Desktop/ros_cpp2/install/rdr2:/home/melih/Desktop/ros_py/install/my_robot_bringup:/home/melih/Desktop/ros_action/install/actions_cpp:/home/melih/Desktop/ros_action/install/robot_action_interfaces:/home/melih/Desktop/AGV/install/agv_py:/home/melih/Desktop/ros_lifecycle_node/install/lifecycle_node_py:/home/melih/Desktop/ros_example/turtlesim_project/install/turtlesim_py:/home/melih/Desktop/ros_example/edouard_turtlesim_project/install/turtlesim_catch_them_all:/home/melih/Desktop/ros_example/battery_led_states/install/package_py:/home/melih/Desktop/ros_py/install/my_robot:/home/melih/Desktop/ros_action/install/actions_py:/opt/ros/humble /usr/bin/cmake --build /home/melih/Desktop/AGV/build/agv_launch -- -j4 -l4
[45.147s] DEBUG:colcon.colcon_core.event_handler.log_command:Invoked command in '/home/melih/Desktop/AGV/build/agv_launch' returned '0': AMENT_PREFIX_PATH=/home/melih/Desktop/AGV/install/agv_py:/home/melih/Desktop/AGV/install/agv_launch:/home/melih/Desktop/AGV/install/agv_cpp:/home/melih/Desktop/AGV/install/agv_interfaces:/home/melih/Desktop/New_Folder_1/install/ydlidar_ros2_driver:/home/melih/Desktop/ros_lifecycle_node/install/lifecycle_node_py:/home/melih/Desktop/ros_lifecycle_node/install/lifecycle_node_cpp:/home/melih/Desktop/ros_example/turtlesim_project/install/turtlesim_launch_bringup:/home/melih/Desktop/ros_example/turtlesim_project/install/turtlesim_py:/home/melih/Desktop/ros_example/edouard_turtlesim_project/install/turtlesim_catch_them_all_launch_bringup:/home/melih/Desktop/ros_example/edouard_turtlesim_project/install/turtlesim_catch_them_all:/home/melih/Desktop/ros_example/battery_led_states/install/package_py:/home/melih/Desktop/ros_example/battery_led_states/install/package_cpp:/home/melih/Desktop/ros_msgs/install/my_robot_interfaces:/home/melih/Desktop/ros_cpp2/install/rdr2:/home/melih/Desktop/ros_py/install/my_robot_bringup:/home/melih/Desktop/ros_py/install/my_robot:/home/melih/Desktop/ros_action/install/actions_py:/home/melih/Desktop/ros_action/install/actions_cpp:/home/melih/Desktop/ros_action/install/robot_action_interfaces:/opt/ros/humble CMAKE_PREFIX_PATH=/home/melih/Desktop/AGV/install/agv_cpp:/home/melih/Desktop/AGV/install/agv_interfaces:/home/melih/Desktop/AGV/install/agv_launch:/home/melih/Desktop/New_Folder_1/install/ydlidar_ros2_driver:/home/melih/Desktop/ros_lifecycle_node/install/lifecycle_node_cpp:/home/melih/Desktop/ros_example/turtlesim_project/install/turtlesim_launch_bringup:/home/melih/Desktop/ros_example/edouard_turtlesim_project/install/turtlesim_catch_them_all_launch_bringup:/home/melih/Desktop/ros_example/battery_led_states/install/package_cpp:/home/melih/Desktop/ros_msgs/install/my_robot_interfaces:/home/melih/Desktop/ros_cpp2/install/rdr2:/home/melih/Desktop/ros_py/install/my_robot_bringup:/home/melih/Desktop/ros_action/install/actions_cpp:/home/melih/Desktop/ros_action/install/robot_action_interfaces:/home/melih/Desktop/AGV/install/agv_py:/home/melih/Desktop/ros_lifecycle_node/install/lifecycle_node_py:/home/melih/Desktop/ros_example/turtlesim_project/install/turtlesim_py:/home/melih/Desktop/ros_example/edouard_turtlesim_project/install/turtlesim_catch_them_all:/home/melih/Desktop/ros_example/battery_led_states/install/package_py:/home/melih/Desktop/ros_py/install/my_robot:/home/melih/Desktop/ros_action/install/actions_py:/opt/ros/humble /usr/bin/cmake --build /home/melih/Desktop/AGV/build/agv_launch -- -j4 -l4
[45.213s] DEBUG:colcon.colcon_core.event_handler.log_command:Invoking command in '/home/melih/Desktop/AGV/build/agv_launch': AMENT_PREFIX_PATH=/home/melih/Desktop/AGV/install/agv_py:/home/melih/Desktop/AGV/install/agv_launch:/home/melih/Desktop/AGV/install/agv_cpp:/home/melih/Desktop/AGV/install/agv_interfaces:/home/melih/Desktop/New_Folder_1/install/ydlidar_ros2_driver:/home/melih/Desktop/ros_lifecycle_node/install/lifecycle_node_py:/home/melih/Desktop/ros_lifecycle_node/install/lifecycle_node_cpp:/home/melih/Desktop/ros_example/turtlesim_project/install/turtlesim_launch_bringup:/home/melih/Desktop/ros_example/turtlesim_project/install/turtlesim_py:/home/melih/Desktop/ros_example/edouard_turtlesim_project/install/turtlesim_catch_them_all_launch_bringup:/home/melih/Desktop/ros_example/edouard_turtlesim_project/install/turtlesim_catch_them_all:/home/melih/Desktop/ros_example/battery_led_states/install/package_py:/home/melih/Desktop/ros_example/battery_led_states/install/package_cpp:/home/melih/Desktop/ros_msgs/install/my_robot_interfaces:/home/melih/Desktop/ros_cpp2/install/rdr2:/home/melih/Desktop/ros_py/install/my_robot_bringup:/home/melih/Desktop/ros_py/install/my_robot:/home/melih/Desktop/ros_action/install/actions_py:/home/melih/Desktop/ros_action/install/actions_cpp:/home/melih/Desktop/ros_action/install/robot_action_interfaces:/opt/ros/humble CMAKE_PREFIX_PATH=/home/melih/Desktop/AGV/install/agv_cpp:/home/melih/Desktop/AGV/install/agv_interfaces:/home/melih/Desktop/AGV/install/agv_launch:/home/melih/Desktop/New_Folder_1/install/ydlidar_ros2_driver:/home/melih/Desktop/ros_lifecycle_node/install/lifecycle_node_cpp:/home/melih/Desktop/ros_example/turtlesim_project/install/turtlesim_launch_bringup:/home/melih/Desktop/ros_example/edouard_turtlesim_project/install/turtlesim_catch_them_all_launch_bringup:/home/melih/Desktop/ros_example/battery_led_states/install/package_cpp:/home/melih/Desktop/ros_msgs/install/my_robot_interfaces:/home/melih/Desktop/ros_cpp2/install/rdr2:/home/melih/Desktop/ros_py/install/my_robot_bringup:/home/melih/Desktop/ros_action/install/actions_cpp:/home/melih/Desktop/ros_action/install/robot_action_interfaces:/home/melih/Desktop/AGV/install/agv_py:/home/melih/Desktop/ros_lifecycle_node/install/lifecycle_node_py:/home/melih/Desktop/ros_example/turtlesim_project/install/turtlesim_py:/home/melih/Desktop/ros_example/edouard_turtlesim_project/install/turtlesim_catch_them_all:/home/melih/Desktop/ros_example/battery_led_states/install/package_py:/home/melih/Desktop/ros_py/install/my_robot:/home/melih/Desktop/ros_action/install/actions_py:/opt/ros/humble /usr/bin/cmake --install /home/melih/Desktop/AGV/build/agv_launch
[45.251s] Level 1:colcon.colcon_core.environment:create_environment_scripts_only(agv_launch)
[45.252s] Level 1:colcon.colcon_core.environment:checking '/home/melih/Desktop/AGV/install/agv_launch' for CMake module files
[45.255s] DEBUG:colcon.colcon_core.event_handler.log_command:Invoked command in '/home/melih/Desktop/AGV/build/agv_launch' returned '0': AMENT_PREFIX_PATH=/home/melih/Desktop/AGV/install/agv_py:/home/melih/Desktop/AGV/install/agv_launch:/home/melih/Desktop/AGV/install/agv_cpp:/home/melih/Desktop/AGV/install/agv_interfaces:/home/melih/Desktop/New_Folder_1/install/ydlidar_ros2_driver:/home/melih/Desktop/ros_lifecycle_node/install/lifecycle_node_py:/home/melih/Desktop/ros_lifecycle_node/install/lifecycle_node_cpp:/home/melih/Desktop/ros_example/turtlesim_project/install/turtlesim_launch_bringup:/home/melih/Desktop/ros_example/turtlesim_project/install/turtlesim_py:/home/melih/Desktop/ros_example/edouard_turtlesim_project/install/turtlesim_catch_them_all_launch_bringup:/home/melih/Desktop/ros_example/edouard_turtlesim_project/install/turtlesim_catch_them_all:/home/melih/Desktop/ros_example/battery_led_states/install/package_py:/home/melih/Desktop/ros_example/battery_led_states/install/package_cpp:/home/melih/Desktop/ros_msgs/install/my_robot_interfaces:/home/melih/Desktop/ros_cpp2/install/rdr2:/home/melih/Desktop/ros_py/install/my_robot_bringup:/home/melih/Desktop/ros_py/install/my_robot:/home/melih/Desktop/ros_action/install/actions_py:/home/melih/Desktop/ros_action/install/actions_cpp:/home/melih/Desktop/ros_action/install/robot_action_interfaces:/opt/ros/humble CMAKE_PREFIX_PATH=/home/melih/Desktop/AGV/install/agv_cpp:/home/melih/Desktop/AGV/install/agv_interfaces:/home/melih/Desktop/AGV/install/agv_launch:/home/melih/Desktop/New_Folder_1/install/ydlidar_ros2_driver:/home/melih/Desktop/ros_lifecycle_node/install/lifecycle_node_cpp:/home/melih/Desktop/ros_example/turtlesim_project/install/turtlesim_launch_bringup:/home/melih/Desktop/ros_example/edouard_turtlesim_project/install/turtlesim_catch_them_all_launch_bringup:/home/melih/Desktop/ros_example/battery_led_states/install/package_cpp:/home/melih/Desktop/ros_msgs/install/my_robot_interfaces:/home/melih/Desktop/ros_cpp2/install/rdr2:/home/melih/Desktop/ros_py/install/my_robot_bringup:/home/melih/Desktop/ros_action/install/actions_cpp:/home/melih/Desktop/ros_action/install/robot_action_interfaces:/home/melih/Desktop/AGV/install/agv_py:/home/melih/Desktop/ros_lifecycle_node/install/lifecycle_node_py:/home/melih/Desktop/ros_example/turtlesim_project/install/turtlesim_py:/home/melih/Desktop/ros_example/edouard_turtlesim_project/install/turtlesim_catch_them_all:/home/melih/Desktop/ros_example/battery_led_states/install/package_py:/home/melih/Desktop/ros_py/install/my_robot:/home/melih/Desktop/ros_action/install/actions_py:/opt/ros/humble /usr/bin/cmake --install /home/melih/Desktop/AGV/build/agv_launch
[45.260s] Level 1:colcon.colcon_core.environment:checking '/home/melih/Desktop/AGV/install/agv_launch' for CMake config files
[45.264s] Level 1:colcon.colcon_core.shell:create_environment_hook('agv_launch', 'cmake_prefix_path')
[45.265s] INFO:colcon.colcon_core.shell:Creating environment hook '/home/melih/Desktop/AGV/install/agv_launch/share/agv_launch/hook/cmake_prefix_path.ps1'
[45.267s] INFO:colcon.colcon_core.shell:Creating environment descriptor '/home/melih/Desktop/AGV/install/agv_launch/share/agv_launch/hook/cmake_prefix_path.dsv'
[45.268s] INFO:colcon.colcon_core.shell:Creating environment hook '/home/melih/Desktop/AGV/install/agv_launch/share/agv_launch/hook/cmake_prefix_path.sh'
[45.274s] Level 1:colcon.colcon_core.environment:checking '/home/melih/Desktop/AGV/install/agv_launch/bin'
[45.275s] Level 1:colcon.colcon_core.environment:checking '/home/melih/Desktop/AGV/install/agv_launch/lib/pkgconfig/agv_launch.pc'
[45.275s] Level 1:colcon.colcon_core.environment:checking '/home/melih/Desktop/AGV/install/agv_launch/lib/python3.10/site-packages'
[45.276s] Level 1:colcon.colcon_core.environment:checking '/home/melih/Desktop/AGV/install/agv_launch/bin'
[45.277s] INFO:colcon.colcon_core.shell:Creating package script '/home/melih/Desktop/AGV/install/agv_launch/share/agv_launch/package.ps1'
[45.279s] INFO:colcon.colcon_core.shell:Creating package descriptor '/home/melih/Desktop/AGV/install/agv_launch/share/agv_launch/package.dsv'
[45.281s] INFO:colcon.colcon_core.shell:Creating package script '/home/melih/Desktop/AGV/install/agv_launch/share/agv_launch/package.sh'
[45.282s] INFO:colcon.colcon_core.shell:Creating package script '/home/melih/Desktop/AGV/install/agv_launch/share/agv_launch/package.bash'
[45.283s] INFO:colcon.colcon_core.shell:Creating package script '/home/melih/Desktop/AGV/install/agv_launch/share/agv_launch/package.zsh'
[45.285s] Level 1:colcon.colcon_core.environment:create_file_with_runtime_dependencies(/home/melih/Desktop/AGV/install/agv_launch/share/colcon-core/packages/agv_launch)
[45.364s] Level 1:colcon.colcon_core.environment:create_environment_scripts_only(agv_launch)
[45.365s] Level 1:colcon.colcon_core.environment:checking '/home/melih/Desktop/AGV/install/agv_launch' for CMake module files
[45.366s] Level 1:colcon.colcon_core.environment:checking '/home/melih/Desktop/AGV/install/agv_launch' for CMake config files
[45.367s] Level 1:colcon.colcon_core.shell:create_environment_hook('agv_launch', 'cmake_prefix_path')
[45.368s] INFO:colcon.colcon_core.shell:Creating environment hook '/home/melih/Desktop/AGV/install/agv_launch/share/agv_launch/hook/cmake_prefix_path.ps1'
[45.369s] INFO:colcon.colcon_core.shell:Creating environment descriptor '/home/melih/Desktop/AGV/install/agv_launch/share/agv_launch/hook/cmake_prefix_path.dsv'
[45.372s] INFO:colcon.colcon_core.shell:Creating environment hook '/home/melih/Desktop/AGV/install/agv_launch/share/agv_launch/hook/cmake_prefix_path.sh'
[45.373s] Level 1:colcon.colcon_core.environment:checking '/home/melih/Desktop/AGV/install/agv_launch/bin'
[45.373s] Level 1:colcon.colcon_core.environment:checking '/home/melih/Desktop/AGV/install/agv_launch/lib/pkgconfig/agv_launch.pc'
[45.374s] Level 1:colcon.colcon_core.environment:checking '/home/melih/Desktop/AGV/install/agv_launch/lib/python3.10/site-packages'
[45.374s] Level 1:colcon.colcon_core.environment:checking '/home/melih/Desktop/AGV/install/agv_launch/bin'
[45.375s] INFO:colcon.colcon_core.shell:Creating package script '/home/melih/Desktop/AGV/install/agv_launch/share/agv_launch/package.ps1'
[45.376s] INFO:colcon.colcon_core.shell:Creating package descriptor '/home/melih/Desktop/AGV/install/agv_launch/share/agv_launch/package.dsv'
[45.377s] INFO:colcon.colcon_core.shell:Creating package script '/home/melih/Desktop/AGV/install/agv_launch/share/agv_launch/package.sh'
[45.378s] INFO:colcon.colcon_core.shell:Creating package script '/home/melih/Desktop/AGV/install/agv_launch/share/agv_launch/package.bash'
[45.379s] INFO:colcon.colcon_core.shell:Creating package script '/home/melih/Desktop/AGV/install/agv_launch/share/agv_launch/package.zsh'
[45.380s] Level 1:colcon.colcon_core.environment:create_file_with_runtime_dependencies(/home/melih/Desktop/AGV/install/agv_launch/share/colcon-core/packages/agv_launch)
[45.381s] DEBUG:colcon.colcon_parallel_executor.executor.parallel:closing loop
[45.383s] DEBUG:colcon.colcon_parallel_executor.executor.parallel:loop closed
[45.385s] DEBUG:colcon.colcon_parallel_executor.executor.parallel:run_until_complete finished with '0'
[45.386s] DEBUG:colcon.colcon_core.event_reactor:joining thread
[45.409s] INFO:colcon.colcon_core.plugin_system:Skipping extension 'colcon_notification.desktop_notification.terminal_notifier': Not used on non-Darwin systems
[45.409s] INFO:colcon.colcon_core.plugin_system:Skipping extension 'colcon_notification.desktop_notification.win32': Not used on non-Windows systems
[45.409s] INFO:colcon.colcon_notification.desktop_notification:Sending desktop notification using 'notify2'
[45.443s] DEBUG:colcon.colcon_core.event_reactor:joined thread
[45.443s] INFO:colcon.colcon_core.shell:Creating prefix script '/home/melih/Desktop/AGV/install/local_setup.ps1'
[45.445s] INFO:colcon.colcon_core.shell:Creating prefix util module '/home/melih/Desktop/AGV/install/_local_setup_util_ps1.py'
[45.451s] INFO:colcon.colcon_core.shell:Creating prefix chain script '/home/melih/Desktop/AGV/install/setup.ps1'
[45.459s] INFO:colcon.colcon_core.shell:Creating prefix script '/home/melih/Desktop/AGV/install/local_setup.sh'
[45.461s] INFO:colcon.colcon_core.shell:Creating prefix util module '/home/melih/Desktop/AGV/install/_local_setup_util_sh.py'
[45.463s] INFO:colcon.colcon_core.shell:Creating prefix chain script '/home/melih/Desktop/AGV/install/setup.sh'
[45.473s] INFO:colcon.colcon_core.shell:Creating prefix script '/home/melih/Desktop/AGV/install/local_setup.bash'
[45.475s] INFO:colcon.colcon_core.shell:Creating prefix chain script '/home/melih/Desktop/AGV/install/setup.bash'
[45.486s] INFO:colcon.colcon_core.shell:Creating prefix script '/home/melih/Desktop/AGV/install/local_setup.zsh'
[45.490s] INFO:colcon.colcon_core.shell:Creating prefix chain script '/home/melih/Desktop/AGV/install/setup.zsh'
