[0.113s] Invoking command in '/home/melih/Desktop/AGV/build/agv_interfaces': CMAKE_PREFIX_PATH=${CMAKE_PREFIX_PATH}:/home/melih/Desktop/AGV/install/agv_py:/home/melih/Desktop/ros_lifecycle_node/install/lifecycle_node_py:/home/melih/Desktop/ros_example/turtlesim_project/install/turtlesim_py:/home/melih/Desktop/ros_example/edouard_turtlesim_project/install/turtlesim_catch_them_all:/home/melih/Desktop/ros_example/battery_led_states/install/package_py:/home/melih/Desktop/ros_py/install/my_robot:/home/melih/Desktop/ros_action/install/actions_py:/opt/ros/humble /usr/bin/cmake --build /home/melih/Desktop/AGV/build/agv_interfaces -- -j4 -l4
[0.299s] [  2%] Built target agv_interfaces__cpp
[0.334s] [ 12%] Built target agv_interfaces__rosidl_generator_c
[0.421s] [ 23%] Built target agv_interfaces__rosidl_typesupport_fastrtps_cpp
[0.449s] [ 23%] Built target ament_cmake_python_copy_agv_interfaces
[0.526s] [ 33%] Built target agv_interfaces__rosidl_typesupport_introspection_cpp
[0.552s] [ 43%] Built target agv_interfaces__rosidl_typesupport_fastrtps_c
[0.597s] [ 53%] Built target agv_interfaces__rosidl_typesupport_introspection_c
[0.642s] [ 64%] Built target agv_interfaces__rosidl_typesupport_c
[0.725s] [ 74%] Built target agv_interfaces__rosidl_typesupport_cpp
[0.794s] [ 74%] Built target agv_interfaces
[0.867s] [ 76%] Built target agv_interfaces__py
[0.970s] [ 84%] Built target agv_interfaces__rosidl_generator_py
[1.144s] [ 89%] Built target agv_interfaces__rosidl_typesupport_fastrtps_c__pyext
[1.282s] [ 94%] Built target agv_interfaces__rosidl_typesupport_c__pyext
[1.363s] [100%] Built target agv_interfaces__rosidl_typesupport_introspection_c__pyext
[1.807s] running egg_info
[1.810s] writing agv_interfaces.egg-info/PKG-INFO
[1.811s] writing dependency_links to agv_interfaces.egg-info/dependency_links.txt
[1.811s] writing top-level names to agv_interfaces.egg-info/top_level.txt
[1.825s] reading manifest file 'agv_interfaces.egg-info/SOURCES.txt'
[1.829s] writing manifest file 'agv_interfaces.egg-info/SOURCES.txt'
[1.931s] [100%] Built target ament_cmake_python_build_agv_interfaces_egg
[1.977s] Invoked command in '/home/melih/Desktop/AGV/build/agv_interfaces' returned '0': CMAKE_PREFIX_PATH=${CMAKE_PREFIX_PATH}:/home/melih/Desktop/AGV/install/agv_py:/home/melih/Desktop/ros_lifecycle_node/install/lifecycle_node_py:/home/melih/Desktop/ros_example/turtlesim_project/install/turtlesim_py:/home/melih/Desktop/ros_example/edouard_turtlesim_project/install/turtlesim_catch_them_all:/home/melih/Desktop/ros_example/battery_led_states/install/package_py:/home/melih/Desktop/ros_py/install/my_robot:/home/melih/Desktop/ros_action/install/actions_py:/opt/ros/humble /usr/bin/cmake --build /home/melih/Desktop/AGV/build/agv_interfaces -- -j4 -l4
[2.400s] Invoking command in '/home/melih/Desktop/AGV/build/agv_interfaces': CMAKE_PREFIX_PATH=${CMAKE_PREFIX_PATH}:/home/melih/Desktop/AGV/install/agv_py:/home/melih/Desktop/ros_lifecycle_node/install/lifecycle_node_py:/home/melih/Desktop/ros_example/turtlesim_project/install/turtlesim_py:/home/melih/Desktop/ros_example/edouard_turtlesim_project/install/turtlesim_catch_them_all:/home/melih/Desktop/ros_example/battery_led_states/install/package_py:/home/melih/Desktop/ros_py/install/my_robot:/home/melih/Desktop/ros_action/install/actions_py:/opt/ros/humble /usr/bin/cmake --install /home/melih/Desktop/AGV/build/agv_interfaces
[2.436s] -- Install configuration: ""
[2.439s] -- Up-to-date: /home/melih/Desktop/AGV/install/agv_interfaces/share/ament_index/resource_index/rosidl_interfaces/agv_interfaces
[2.440s] -- Up-to-date: /home/melih/Desktop/AGV/install/agv_interfaces/include/agv_interfaces/agv_interfaces
[2.443s] -- Up-to-date: /home/melih/Desktop/AGV/install/agv_interfaces/include/agv_interfaces/agv_interfaces/srv
[2.443s] -- Up-to-date: /home/melih/Desktop/AGV/install/agv_interfaces/include/agv_interfaces/agv_interfaces/srv/command.h
[2.444s] -- Up-to-date: /home/melih/Desktop/AGV/install/agv_interfaces/include/agv_interfaces/agv_interfaces/srv/detail
[2.444s] -- Up-to-date: /home/melih/Desktop/AGV/install/agv_interfaces/include/agv_interfaces/agv_interfaces/srv/detail/learn_weight__functions.h
[2.444s] -- Up-to-date: /home/melih/Desktop/AGV/install/agv_interfaces/include/agv_interfaces/agv_interfaces/srv/detail/command__type_support.h
[2.444s] -- Up-to-date: /home/melih/Desktop/AGV/install/agv_interfaces/include/agv_interfaces/agv_interfaces/srv/detail/command__functions.h
[2.446s] -- Up-to-date: /home/melih/Desktop/AGV/install/agv_interfaces/include/agv_interfaces/agv_interfaces/srv/detail/command__functions.c
[2.449s] -- Up-to-date: /home/melih/Desktop/AGV/install/agv_interfaces/include/agv_interfaces/agv_interfaces/srv/detail/learn_weight__functions.c
[2.452s] -- Up-to-date: /home/melih/Desktop/AGV/install/agv_interfaces/include/agv_interfaces/agv_interfaces/srv/detail/learn_weight__struct.h
[2.454s] -- Up-to-date: /home/melih/Desktop/AGV/install/agv_interfaces/include/agv_interfaces/agv_interfaces/srv/detail/command__struct.h
[2.458s] -- Up-to-date: /home/melih/Desktop/AGV/install/agv_interfaces/include/agv_interfaces/agv_interfaces/srv/detail/learn_weight__type_support.h
[2.458s] -- Up-to-date: /home/melih/Desktop/AGV/install/agv_interfaces/include/agv_interfaces/agv_interfaces/srv/learn_weight.h
[2.458s] -- Up-to-date: /home/melih/Desktop/AGV/install/agv_interfaces/include/agv_interfaces/agv_interfaces/msg
[2.458s] -- Up-to-date: /home/melih/Desktop/AGV/install/agv_interfaces/include/agv_interfaces/agv_interfaces/msg/rosidl_generator_c__visibility_control.h
[2.459s] -- Up-to-date: /home/melih/Desktop/AGV/install/agv_interfaces/share/agv_interfaces/environment/library_path.sh
[2.459s] -- Up-to-date: /home/melih/Desktop/AGV/install/agv_interfaces/share/agv_interfaces/environment/library_path.dsv
[2.462s] -- Up-to-date: /home/melih/Desktop/AGV/install/agv_interfaces/lib/libagv_interfaces__rosidl_generator_c.so
[2.467s] -- Up-to-date: /home/melih/Desktop/AGV/install/agv_interfaces/include/agv_interfaces/agv_interfaces
[2.467s] -- Up-to-date: /home/melih/Desktop/AGV/install/agv_interfaces/include/agv_interfaces/agv_interfaces/srv
[2.468s] -- Up-to-date: /home/melih/Desktop/AGV/install/agv_interfaces/include/agv_interfaces/agv_interfaces/srv/detail
[2.468s] -- Up-to-date: /home/melih/Desktop/AGV/install/agv_interfaces/include/agv_interfaces/agv_interfaces/srv/detail/learn_weight__rosidl_typesupport_fastrtps_c.h
[2.468s] -- Up-to-date: /home/melih/Desktop/AGV/install/agv_interfaces/include/agv_interfaces/agv_interfaces/srv/detail/command__rosidl_typesupport_fastrtps_c.h
[2.468s] -- Up-to-date: /home/melih/Desktop/AGV/install/agv_interfaces/include/agv_interfaces/agv_interfaces/msg
[2.469s] -- Up-to-date: /home/melih/Desktop/AGV/install/agv_interfaces/include/agv_interfaces/agv_interfaces/msg/rosidl_typesupport_fastrtps_c__visibility_control.h
[2.469s] -- Up-to-date: /home/melih/Desktop/AGV/install/agv_interfaces/lib/libagv_interfaces__rosidl_typesupport_fastrtps_c.so
[2.469s] -- Up-to-date: /home/melih/Desktop/AGV/install/agv_interfaces/include/agv_interfaces/agv_interfaces
[2.476s] -- Up-to-date: /home/melih/Desktop/AGV/install/agv_interfaces/include/agv_interfaces/agv_interfaces/srv
[2.477s] -- Up-to-date: /home/melih/Desktop/AGV/install/agv_interfaces/include/agv_interfaces/agv_interfaces/srv/detail
[2.477s] -- Up-to-date: /home/melih/Desktop/AGV/install/agv_interfaces/include/agv_interfaces/agv_interfaces/srv/detail/command__rosidl_typesupport_introspection_c.h
[2.477s] -- Up-to-date: /home/melih/Desktop/AGV/install/agv_interfaces/include/agv_interfaces/agv_interfaces/srv/detail/command__type_support.c
[2.478s] -- Up-to-date: /home/melih/Desktop/AGV/install/agv_interfaces/include/agv_interfaces/agv_interfaces/srv/detail/learn_weight__type_support.c
[2.478s] -- Up-to-date: /home/melih/Desktop/AGV/install/agv_interfaces/include/agv_interfaces/agv_interfaces/srv/detail/learn_weight__rosidl_typesupport_introspection_c.h
[2.478s] -- Up-to-date: /home/melih/Desktop/AGV/install/agv_interfaces/include/agv_interfaces/agv_interfaces/msg
[2.478s] -- Up-to-date: /home/melih/Desktop/AGV/install/agv_interfaces/include/agv_interfaces/agv_interfaces/msg/rosidl_typesupport_introspection_c__visibility_control.h
[2.483s] -- Up-to-date: /home/melih/Desktop/AGV/install/agv_interfaces/lib/libagv_interfaces__rosidl_typesupport_introspection_c.so
[2.483s] -- Up-to-date: /home/melih/Desktop/AGV/install/agv_interfaces/lib/libagv_interfaces__rosidl_typesupport_c.so
[2.484s] -- Up-to-date: /home/melih/Desktop/AGV/install/agv_interfaces/include/agv_interfaces/agv_interfaces
[2.484s] -- Up-to-date: /home/melih/Desktop/AGV/install/agv_interfaces/include/agv_interfaces/agv_interfaces/srv
[2.484s] -- Up-to-date: /home/melih/Desktop/AGV/install/agv_interfaces/include/agv_interfaces/agv_interfaces/srv/learn_weight.hpp
[2.485s] -- Up-to-date: /home/melih/Desktop/AGV/install/agv_interfaces/include/agv_interfaces/agv_interfaces/srv/detail
[2.485s] -- Up-to-date: /home/melih/Desktop/AGV/install/agv_interfaces/include/agv_interfaces/agv_interfaces/srv/detail/learn_weight__struct.hpp
[2.485s] -- Up-to-date: /home/melih/Desktop/AGV/install/agv_interfaces/include/agv_interfaces/agv_interfaces/srv/detail/learn_weight__traits.hpp
[2.486s] -- Up-to-date: /home/melih/Desktop/AGV/install/agv_interfaces/include/agv_interfaces/agv_interfaces/srv/detail/command__struct.hpp
[2.486s] -- Up-to-date: /home/melih/Desktop/AGV/install/agv_interfaces/include/agv_interfaces/agv_interfaces/srv/detail/command__traits.hpp
[2.486s] -- Up-to-date: /home/melih/Desktop/AGV/install/agv_interfaces/include/agv_interfaces/agv_interfaces/srv/detail/learn_weight__builder.hpp
[2.486s] -- Up-to-date: /home/melih/Desktop/AGV/install/agv_interfaces/include/agv_interfaces/agv_interfaces/srv/detail/command__builder.hpp
[2.487s] -- Up-to-date: /home/melih/Desktop/AGV/install/agv_interfaces/include/agv_interfaces/agv_interfaces/srv/command.hpp
[2.487s] -- Up-to-date: /home/melih/Desktop/AGV/install/agv_interfaces/include/agv_interfaces/agv_interfaces
[2.487s] -- Up-to-date: /home/melih/Desktop/AGV/install/agv_interfaces/include/agv_interfaces/agv_interfaces/srv
[2.488s] -- Up-to-date: /home/melih/Desktop/AGV/install/agv_interfaces/include/agv_interfaces/agv_interfaces/srv/detail
[2.488s] -- Up-to-date: /home/melih/Desktop/AGV/install/agv_interfaces/include/agv_interfaces/agv_interfaces/srv/detail/dds_fastrtps
[2.489s] -- Up-to-date: /home/melih/Desktop/AGV/install/agv_interfaces/include/agv_interfaces/agv_interfaces/srv/detail/learn_weight__rosidl_typesupport_fastrtps_cpp.hpp
[2.490s] -- Up-to-date: /home/melih/Desktop/AGV/install/agv_interfaces/include/agv_interfaces/agv_interfaces/srv/detail/command__rosidl_typesupport_fastrtps_cpp.hpp
[2.490s] -- Up-to-date: /home/melih/Desktop/AGV/install/agv_interfaces/include/agv_interfaces/agv_interfaces/msg
[2.490s] -- Up-to-date: /home/melih/Desktop/AGV/install/agv_interfaces/include/agv_interfaces/agv_interfaces/msg/rosidl_typesupport_fastrtps_cpp__visibility_control.h
[2.495s] -- Up-to-date: /home/melih/Desktop/AGV/install/agv_interfaces/lib/libagv_interfaces__rosidl_typesupport_fastrtps_cpp.so
[2.500s] -- Up-to-date: /home/melih/Desktop/AGV/install/agv_interfaces/include/agv_interfaces/agv_interfaces
[2.501s] -- Up-to-date: /home/melih/Desktop/AGV/install/agv_interfaces/include/agv_interfaces/agv_interfaces/srv
[2.501s] -- Up-to-date: /home/melih/Desktop/AGV/install/agv_interfaces/include/agv_interfaces/agv_interfaces/srv/detail
[2.501s] -- Up-to-date: /home/melih/Desktop/AGV/install/agv_interfaces/include/agv_interfaces/agv_interfaces/srv/detail/command__rosidl_typesupport_introspection_cpp.hpp
[2.502s] -- Up-to-date: /home/melih/Desktop/AGV/install/agv_interfaces/include/agv_interfaces/agv_interfaces/srv/detail/learn_weight__rosidl_typesupport_introspection_cpp.hpp
[2.502s] -- Up-to-date: /home/melih/Desktop/AGV/install/agv_interfaces/include/agv_interfaces/agv_interfaces/srv/detail/command__type_support.cpp
[2.502s] -- Up-to-date: /home/melih/Desktop/AGV/install/agv_interfaces/include/agv_interfaces/agv_interfaces/srv/detail/learn_weight__type_support.cpp
[2.502s] -- Up-to-date: /home/melih/Desktop/AGV/install/agv_interfaces/lib/libagv_interfaces__rosidl_typesupport_introspection_cpp.so
[2.506s] -- Up-to-date: /home/melih/Desktop/AGV/install/agv_interfaces/lib/libagv_interfaces__rosidl_typesupport_cpp.so
[2.507s] -- Up-to-date: /home/melih/Desktop/AGV/install/agv_interfaces/share/agv_interfaces/environment/pythonpath.sh
[2.507s] -- Up-to-date: /home/melih/Desktop/AGV/install/agv_interfaces/share/agv_interfaces/environment/pythonpath.dsv
[2.507s] -- Up-to-date: /home/melih/Desktop/AGV/install/agv_interfaces/local/lib/python3.10/dist-packages/agv_interfaces-0.0.0-py3.10.egg-info
[2.508s] -- Installing: /home/melih/Desktop/AGV/install/agv_interfaces/local/lib/python3.10/dist-packages/agv_interfaces-0.0.0-py3.10.egg-info/PKG-INFO
[2.508s] -- Installing: /home/melih/Desktop/AGV/install/agv_interfaces/local/lib/python3.10/dist-packages/agv_interfaces-0.0.0-py3.10.egg-info/dependency_links.txt
[2.508s] -- Installing: /home/melih/Desktop/AGV/install/agv_interfaces/local/lib/python3.10/dist-packages/agv_interfaces-0.0.0-py3.10.egg-info/SOURCES.txt
[2.508s] -- Installing: /home/melih/Desktop/AGV/install/agv_interfaces/local/lib/python3.10/dist-packages/agv_interfaces-0.0.0-py3.10.egg-info/top_level.txt
[2.515s] -- Up-to-date: /home/melih/Desktop/AGV/install/agv_interfaces/local/lib/python3.10/dist-packages/agv_interfaces
[2.516s] -- Up-to-date: /home/melih/Desktop/AGV/install/agv_interfaces/local/lib/python3.10/dist-packages/agv_interfaces/__init__.py
[2.516s] -- Up-to-date: /home/melih/Desktop/AGV/install/agv_interfaces/local/lib/python3.10/dist-packages/agv_interfaces/libagv_interfaces__rosidl_generator_py.so
[2.516s] -- Up-to-date: /home/melih/Desktop/AGV/install/agv_interfaces/local/lib/python3.10/dist-packages/agv_interfaces/agv_interfaces_s__rosidl_typesupport_introspection_c.cpython-310-x86_64-linux-gnu.so
[2.516s] -- Up-to-date: /home/melih/Desktop/AGV/install/agv_interfaces/local/lib/python3.10/dist-packages/agv_interfaces/_agv_interfaces_s.ep.rosidl_typesupport_c.c
[2.517s] -- Up-to-date: /home/melih/Desktop/AGV/install/agv_interfaces/local/lib/python3.10/dist-packages/agv_interfaces/agv_interfaces_s__rosidl_typesupport_fastrtps_c.cpython-310-x86_64-linux-gnu.so
[2.518s] -- Up-to-date: /home/melih/Desktop/AGV/install/agv_interfaces/local/lib/python3.10/dist-packages/agv_interfaces/srv
[2.518s] -- Up-to-date: /home/melih/Desktop/AGV/install/agv_interfaces/local/lib/python3.10/dist-packages/agv_interfaces/srv/__init__.py
[2.518s] -- Up-to-date: /home/melih/Desktop/AGV/install/agv_interfaces/local/lib/python3.10/dist-packages/agv_interfaces/srv/_command.py
[2.518s] -- Up-to-date: /home/melih/Desktop/AGV/install/agv_interfaces/local/lib/python3.10/dist-packages/agv_interfaces/srv/_learn_weight.py
[2.519s] -- Up-to-date: /home/melih/Desktop/AGV/install/agv_interfaces/local/lib/python3.10/dist-packages/agv_interfaces/srv/_command_s.c
[2.519s] -- Up-to-date: /home/melih/Desktop/AGV/install/agv_interfaces/local/lib/python3.10/dist-packages/agv_interfaces/srv/_learn_weight_s.c
[2.520s] -- Up-to-date: /home/melih/Desktop/AGV/install/agv_interfaces/local/lib/python3.10/dist-packages/agv_interfaces/_agv_interfaces_s.ep.rosidl_typesupport_fastrtps_c.c
[2.520s] -- Up-to-date: /home/melih/Desktop/AGV/install/agv_interfaces/local/lib/python3.10/dist-packages/agv_interfaces/_agv_interfaces_s.ep.rosidl_typesupport_introspection_c.c
[2.521s] -- Up-to-date: /home/melih/Desktop/AGV/install/agv_interfaces/local/lib/python3.10/dist-packages/agv_interfaces/agv_interfaces_s__rosidl_typesupport_c.cpython-310-x86_64-linux-gnu.so
[2.694s] Listing '/home/melih/Desktop/AGV/install/agv_interfaces/local/lib/python3.10/dist-packages/agv_interfaces'...
[2.695s] Listing '/home/melih/Desktop/AGV/install/agv_interfaces/local/lib/python3.10/dist-packages/agv_interfaces/srv'...
[2.709s] -- Up-to-date: /home/melih/Desktop/AGV/install/agv_interfaces/local/lib/python3.10/dist-packages/agv_interfaces/agv_interfaces_s__rosidl_typesupport_fastrtps_c.cpython-310-x86_64-linux-gnu.so
[2.716s] -- Up-to-date: /home/melih/Desktop/AGV/install/agv_interfaces/local/lib/python3.10/dist-packages/agv_interfaces/agv_interfaces_s__rosidl_typesupport_introspection_c.cpython-310-x86_64-linux-gnu.so
[2.717s] -- Up-to-date: /home/melih/Desktop/AGV/install/agv_interfaces/local/lib/python3.10/dist-packages/agv_interfaces/agv_interfaces_s__rosidl_typesupport_c.cpython-310-x86_64-linux-gnu.so
[2.717s] -- Up-to-date: /home/melih/Desktop/AGV/install/agv_interfaces/lib/libagv_interfaces__rosidl_generator_py.so
[2.718s] -- Up-to-date: /home/melih/Desktop/AGV/install/agv_interfaces/share/agv_interfaces/srv/LearnWeight.idl
[2.718s] -- Up-to-date: /home/melih/Desktop/AGV/install/agv_interfaces/share/agv_interfaces/srv/Command.idl
[2.719s] -- Up-to-date: /home/melih/Desktop/AGV/install/agv_interfaces/share/agv_interfaces/srv/LearnWeight.srv
[2.720s] -- Up-to-date: /home/melih/Desktop/AGV/install/agv_interfaces/share/agv_interfaces/srv/LearnWeight_Request.msg
[2.720s] -- Up-to-date: /home/melih/Desktop/AGV/install/agv_interfaces/share/agv_interfaces/srv/LearnWeight_Response.msg
[2.720s] -- Up-to-date: /home/melih/Desktop/AGV/install/agv_interfaces/share/agv_interfaces/srv/Command.srv
[2.720s] -- Up-to-date: /home/melih/Desktop/AGV/install/agv_interfaces/share/agv_interfaces/srv/Command_Request.msg
[2.724s] -- Up-to-date: /home/melih/Desktop/AGV/install/agv_interfaces/share/agv_interfaces/srv/Command_Response.msg
[2.724s] -- Up-to-date: /home/melih/Desktop/AGV/install/agv_interfaces/share/ament_index/resource_index/package_run_dependencies/agv_interfaces
[2.724s] -- Up-to-date: /home/melih/Desktop/AGV/install/agv_interfaces/share/ament_index/resource_index/parent_prefix_path/agv_interfaces
[2.724s] -- Up-to-date: /home/melih/Desktop/AGV/install/agv_interfaces/share/agv_interfaces/environment/ament_prefix_path.sh
[2.725s] -- Up-to-date: /home/melih/Desktop/AGV/install/agv_interfaces/share/agv_interfaces/environment/ament_prefix_path.dsv
[2.725s] -- Up-to-date: /home/melih/Desktop/AGV/install/agv_interfaces/share/agv_interfaces/environment/path.sh
[2.725s] -- Up-to-date: /home/melih/Desktop/AGV/install/agv_interfaces/share/agv_interfaces/environment/path.dsv
[2.725s] -- Up-to-date: /home/melih/Desktop/AGV/install/agv_interfaces/share/agv_interfaces/local_setup.bash
[2.726s] -- Up-to-date: /home/melih/Desktop/AGV/install/agv_interfaces/share/agv_interfaces/local_setup.sh
[2.726s] -- Up-to-date: /home/melih/Desktop/AGV/install/agv_interfaces/share/agv_interfaces/local_setup.zsh
[2.726s] -- Up-to-date: /home/melih/Desktop/AGV/install/agv_interfaces/share/agv_interfaces/local_setup.dsv
[2.726s] -- Installing: /home/melih/Desktop/AGV/install/agv_interfaces/share/agv_interfaces/package.dsv
[2.728s] -- Up-to-date: /home/melih/Desktop/AGV/install/agv_interfaces/share/ament_index/resource_index/packages/agv_interfaces
[2.728s] -- Up-to-date: /home/melih/Desktop/AGV/install/agv_interfaces/share/agv_interfaces/cmake/export_agv_interfaces__rosidl_generator_cExport.cmake
[2.728s] -- Up-to-date: /home/melih/Desktop/AGV/install/agv_interfaces/share/agv_interfaces/cmake/export_agv_interfaces__rosidl_generator_cExport-noconfig.cmake
[2.728s] -- Up-to-date: /home/melih/Desktop/AGV/install/agv_interfaces/share/agv_interfaces/cmake/export_agv_interfaces__rosidl_typesupport_fastrtps_cExport.cmake
[2.730s] -- Up-to-date: /home/melih/Desktop/AGV/install/agv_interfaces/share/agv_interfaces/cmake/export_agv_interfaces__rosidl_typesupport_fastrtps_cExport-noconfig.cmake
[2.731s] -- Up-to-date: /home/melih/Desktop/AGV/install/agv_interfaces/share/agv_interfaces/cmake/agv_interfaces__rosidl_typesupport_introspection_cExport.cmake
[2.731s] -- Up-to-date: /home/melih/Desktop/AGV/install/agv_interfaces/share/agv_interfaces/cmake/agv_interfaces__rosidl_typesupport_introspection_cExport-noconfig.cmake
[2.731s] -- Up-to-date: /home/melih/Desktop/AGV/install/agv_interfaces/share/agv_interfaces/cmake/agv_interfaces__rosidl_typesupport_cExport.cmake
[2.732s] -- Up-to-date: /home/melih/Desktop/AGV/install/agv_interfaces/share/agv_interfaces/cmake/agv_interfaces__rosidl_typesupport_cExport-noconfig.cmake
[2.733s] -- Up-to-date: /home/melih/Desktop/AGV/install/agv_interfaces/share/agv_interfaces/cmake/export_agv_interfaces__rosidl_generator_cppExport.cmake
[2.736s] -- Up-to-date: /home/melih/Desktop/AGV/install/agv_interfaces/share/agv_interfaces/cmake/export_agv_interfaces__rosidl_typesupport_fastrtps_cppExport.cmake
[2.737s] -- Up-to-date: /home/melih/Desktop/AGV/install/agv_interfaces/share/agv_interfaces/cmake/export_agv_interfaces__rosidl_typesupport_fastrtps_cppExport-noconfig.cmake
[2.737s] -- Up-to-date: /home/melih/Desktop/AGV/install/agv_interfaces/share/agv_interfaces/cmake/agv_interfaces__rosidl_typesupport_introspection_cppExport.cmake
[2.738s] -- Up-to-date: /home/melih/Desktop/AGV/install/agv_interfaces/share/agv_interfaces/cmake/agv_interfaces__rosidl_typesupport_introspection_cppExport-noconfig.cmake
[2.738s] -- Up-to-date: /home/melih/Desktop/AGV/install/agv_interfaces/share/agv_interfaces/cmake/agv_interfaces__rosidl_typesupport_cppExport.cmake
[2.739s] -- Up-to-date: /home/melih/Desktop/AGV/install/agv_interfaces/share/agv_interfaces/cmake/agv_interfaces__rosidl_typesupport_cppExport-noconfig.cmake
[2.740s] -- Up-to-date: /home/melih/Desktop/AGV/install/agv_interfaces/share/agv_interfaces/cmake/export_agv_interfaces__rosidl_generator_pyExport.cmake
[2.740s] -- Up-to-date: /home/melih/Desktop/AGV/install/agv_interfaces/share/agv_interfaces/cmake/export_agv_interfaces__rosidl_generator_pyExport-noconfig.cmake
[2.741s] -- Up-to-date: /home/melih/Desktop/AGV/install/agv_interfaces/share/agv_interfaces/cmake/rosidl_cmake-extras.cmake
[2.741s] -- Up-to-date: /home/melih/Desktop/AGV/install/agv_interfaces/share/agv_interfaces/cmake/ament_cmake_export_include_directories-extras.cmake
[2.741s] -- Up-to-date: /home/melih/Desktop/AGV/install/agv_interfaces/share/agv_interfaces/cmake/ament_cmake_export_libraries-extras.cmake
[2.741s] -- Up-to-date: /home/melih/Desktop/AGV/install/agv_interfaces/share/agv_interfaces/cmake/ament_cmake_export_targets-extras.cmake
[2.746s] -- Up-to-date: /home/melih/Desktop/AGV/install/agv_interfaces/share/agv_interfaces/cmake/rosidl_cmake_export_typesupport_targets-extras.cmake
[2.746s] -- Up-to-date: /home/melih/Desktop/AGV/install/agv_interfaces/share/agv_interfaces/cmake/ament_cmake_export_dependencies-extras.cmake
[2.746s] -- Up-to-date: /home/melih/Desktop/AGV/install/agv_interfaces/share/agv_interfaces/cmake/rosidl_cmake_export_typesupport_libraries-extras.cmake
[2.747s] -- Up-to-date: /home/melih/Desktop/AGV/install/agv_interfaces/share/agv_interfaces/cmake/agv_interfacesConfig.cmake
[2.747s] -- Up-to-date: /home/melih/Desktop/AGV/install/agv_interfaces/share/agv_interfaces/cmake/agv_interfacesConfig-version.cmake
[2.747s] -- Up-to-date: /home/melih/Desktop/AGV/install/agv_interfaces/share/agv_interfaces/package.xml
[2.751s] Invoked command in '/home/melih/Desktop/AGV/build/agv_interfaces' returned '0': CMAKE_PREFIX_PATH=${CMAKE_PREFIX_PATH}:/home/melih/Desktop/AGV/install/agv_py:/home/melih/Desktop/ros_lifecycle_node/install/lifecycle_node_py:/home/melih/Desktop/ros_example/turtlesim_project/install/turtlesim_py:/home/melih/Desktop/ros_example/edouard_turtlesim_project/install/turtlesim_catch_them_all:/home/melih/Desktop/ros_example/battery_led_states/install/package_py:/home/melih/Desktop/ros_py/install/my_robot:/home/melih/Desktop/ros_action/install/actions_py:/opt/ros/humble /usr/bin/cmake --install /home/melih/Desktop/AGV/build/agv_interfaces
