[4.957s] Invoking command in '/home/melih/Desktop/AGV/src/agv_py': PYTHONPATH=/home/melih/Desktop/AGV/build/agv_py/prefix_override:/home/melih/.local/lib/python3.10/site-packages/colcon_core/task/python/colcon_distutils_commands:/home/melih/Desktop/AGV/install/agv_py/lib/python3.10/site-packages:${PYTHONPATH} /usr/bin/python3 -W ignore:setup.py install is deprecated setup.py egg_info --egg-base ../../build/agv_py build --build-base /home/melih/Desktop/AGV/build/agv_py/build install --record /home/melih/Desktop/AGV/build/agv_py/install.log --single-version-externally-managed install_data
[6.019s] running egg_info
[6.023s] writing ../../build/agv_py/agv_py.egg-info/PKG-INFO
[6.025s] writing dependency_links to ../../build/agv_py/agv_py.egg-info/dependency_links.txt
[6.026s] writing entry points to ../../build/agv_py/agv_py.egg-info/entry_points.txt
[6.026s] writing requirements to ../../build/agv_py/agv_py.egg-info/requires.txt
[6.026s] writing top-level names to ../../build/agv_py/agv_py.egg-info/top_level.txt
[6.034s] reading manifest file '../../build/agv_py/agv_py.egg-info/SOURCES.txt'
[6.040s] writing manifest file '../../build/agv_py/agv_py.egg-info/SOURCES.txt'
[6.040s] running build
[6.041s] running build_py
[6.041s] running install
[6.042s] running install_lib
[6.053s] running install_data
[6.053s] running install_egg_info
[6.057s] removing '/home/melih/Desktop/AGV/install/agv_py/lib/python3.10/site-packages/agv_py-0.0.0-py3.10.egg-info' (and everything under it)
[6.059s] Copying ../../build/agv_py/agv_py.egg-info to /home/melih/Desktop/AGV/install/agv_py/lib/python3.10/site-packages/agv_py-0.0.0-py3.10.egg-info
[6.063s] running install_scripts
[6.154s] Installing deneyap_motor_controller script to /home/melih/Desktop/AGV/install/agv_py/lib/agv_py
[6.154s] Installing deneyap_sensor_controller script to /home/melih/Desktop/AGV/install/agv_py/lib/agv_py
[6.155s] Installing interface script to /home/melih/Desktop/AGV/install/agv_py/lib/agv_py
[6.155s] Installing lidar_web_example script to /home/melih/Desktop/AGV/install/agv_py/lib/agv_py
[6.155s] Installing qrcode script to /home/melih/Desktop/AGV/install/agv_py/lib/agv_py
[6.156s] Installing web_interface script to /home/melih/Desktop/AGV/install/agv_py/lib/agv_py
[6.156s] writing list of installed files to '/home/melih/Desktop/AGV/build/agv_py/install.log'
[6.244s] Invoked command in '/home/melih/Desktop/AGV/src/agv_py' returned '0': PYTHONPATH=/home/melih/Desktop/AGV/build/agv_py/prefix_override:/home/melih/.local/lib/python3.10/site-packages/colcon_core/task/python/colcon_distutils_commands:/home/melih/Desktop/AGV/install/agv_py/lib/python3.10/site-packages:${PYTHONPATH} /usr/bin/python3 -W ignore:setup.py install is deprecated setup.py egg_info --egg-base ../../build/agv_py build --build-base /home/melih/Desktop/AGV/build/agv_py/build install --record /home/melih/Desktop/AGV/build/agv_py/install.log --single-version-externally-managed install_data
