[2.094s] Invoking command in '/home/melih/Desktop/AGV/src/agv_py': PYTHONPATH=/home/melih/Desktop/AGV/build/agv_py/prefix_override:/home/melih/.local/lib/python3.10/site-packages/colcon_core/task/python/colcon_distutils_commands:/home/melih/Desktop/AGV/install/agv_py/lib/python3.10/site-packages:${PYTHONPATH} /usr/bin/python3 -W ignore:setup.py install is deprecated setup.py egg_info --egg-base ../../build/agv_py build --build-base /home/melih/Desktop/AGV/build/agv_py/build install --record /home/melih/Desktop/AGV/build/agv_py/install.log --single-version-externally-managed install_data
[2.952s] running egg_info
[2.952s] creating ../../build/agv_py/agv_py.egg-info
[2.952s] writing ../../build/agv_py/agv_py.egg-info/PKG-INFO
[2.953s] writing dependency_links to ../../build/agv_py/agv_py.egg-info/dependency_links.txt
[2.954s] writing entry points to ../../build/agv_py/agv_py.egg-info/entry_points.txt
[2.954s] writing requirements to ../../build/agv_py/agv_py.egg-info/requires.txt
[2.954s] writing top-level names to ../../build/agv_py/agv_py.egg-info/top_level.txt
[2.954s] writing manifest file '../../build/agv_py/agv_py.egg-info/SOURCES.txt'
[2.965s] reading manifest file '../../build/agv_py/agv_py.egg-info/SOURCES.txt'
[2.968s] writing manifest file '../../build/agv_py/agv_py.egg-info/SOURCES.txt'
[2.968s] running build
[2.969s] running build_py
[2.970s] creating /home/melih/Desktop/AGV/build/agv_py/build
[2.971s] creating /home/melih/Desktop/AGV/build/agv_py/build/lib
[2.972s] creating /home/melih/Desktop/AGV/build/agv_py/build/lib/agv_py
[2.973s] copying agv_py/__init__.py -> /home/melih/Desktop/AGV/build/agv_py/build/lib/agv_py
[2.974s] copying agv_py/interface.py -> /home/melih/Desktop/AGV/build/agv_py/build/lib/agv_py
[2.975s] copying agv_py/web_interface.py -> /home/melih/Desktop/AGV/build/agv_py/build/lib/agv_py
[2.976s] copying agv_py/lidar_web_example.py -> /home/melih/Desktop/AGV/build/agv_py/build/lib/agv_py
[2.977s] copying agv_py/qrcode.py -> /home/melih/Desktop/AGV/build/agv_py/build/lib/agv_py
[2.978s] copying agv_py/deneyap_sensor_controller.py -> /home/melih/Desktop/AGV/build/agv_py/build/lib/agv_py
[2.978s] copying agv_py/deneyap_motor_controller.py -> /home/melih/Desktop/AGV/build/agv_py/build/lib/agv_py
[2.980s] running install
[2.981s] running install_lib
[2.987s] creating /home/melih/Desktop/AGV/install/agv_py/lib/python3.10/site-packages/agv_py
[2.988s] copying /home/melih/Desktop/AGV/build/agv_py/build/lib/agv_py/__init__.py -> /home/melih/Desktop/AGV/install/agv_py/lib/python3.10/site-packages/agv_py
[2.989s] copying /home/melih/Desktop/AGV/build/agv_py/build/lib/agv_py/interface.py -> /home/melih/Desktop/AGV/install/agv_py/lib/python3.10/site-packages/agv_py
[2.989s] copying /home/melih/Desktop/AGV/build/agv_py/build/lib/agv_py/web_interface.py -> /home/melih/Desktop/AGV/install/agv_py/lib/python3.10/site-packages/agv_py
[2.989s] copying /home/melih/Desktop/AGV/build/agv_py/build/lib/agv_py/lidar_web_example.py -> /home/melih/Desktop/AGV/install/agv_py/lib/python3.10/site-packages/agv_py
[2.990s] copying /home/melih/Desktop/AGV/build/agv_py/build/lib/agv_py/qrcode.py -> /home/melih/Desktop/AGV/install/agv_py/lib/python3.10/site-packages/agv_py
[2.990s] copying /home/melih/Desktop/AGV/build/agv_py/build/lib/agv_py/deneyap_sensor_controller.py -> /home/melih/Desktop/AGV/install/agv_py/lib/python3.10/site-packages/agv_py
[2.990s] copying /home/melih/Desktop/AGV/build/agv_py/build/lib/agv_py/deneyap_motor_controller.py -> /home/melih/Desktop/AGV/install/agv_py/lib/python3.10/site-packages/agv_py
[2.991s] byte-compiling /home/melih/Desktop/AGV/install/agv_py/lib/python3.10/site-packages/agv_py/__init__.py to __init__.cpython-310.pyc
[2.993s] byte-compiling /home/melih/Desktop/AGV/install/agv_py/lib/python3.10/site-packages/agv_py/interface.py to interface.cpython-310.pyc
[2.997s] byte-compiling /home/melih/Desktop/AGV/install/agv_py/lib/python3.10/site-packages/agv_py/web_interface.py to web_interface.cpython-310.pyc
[3.003s] byte-compiling /home/melih/Desktop/AGV/install/agv_py/lib/python3.10/site-packages/agv_py/lidar_web_example.py to lidar_web_example.cpython-310.pyc
[3.005s] byte-compiling /home/melih/Desktop/AGV/install/agv_py/lib/python3.10/site-packages/agv_py/qrcode.py to qrcode.cpython-310.pyc
[3.009s] byte-compiling /home/melih/Desktop/AGV/install/agv_py/lib/python3.10/site-packages/agv_py/deneyap_sensor_controller.py to deneyap_sensor_controller.cpython-310.pyc
[3.037s] byte-compiling /home/melih/Desktop/AGV/install/agv_py/lib/python3.10/site-packages/agv_py/deneyap_motor_controller.py to deneyap_motor_controller.cpython-310.pyc
[3.037s] running install_data
[3.037s] creating /home/melih/Desktop/AGV/install/agv_py/share/ament_index
[3.038s] creating /home/melih/Desktop/AGV/install/agv_py/share/ament_index/resource_index
[3.038s] creating /home/melih/Desktop/AGV/install/agv_py/share/ament_index/resource_index/packages
[3.038s] copying resource/agv_py -> /home/melih/Desktop/AGV/install/agv_py/share/ament_index/resource_index/packages
[3.038s] copying package.xml -> /home/melih/Desktop/AGV/install/agv_py/share/agv_py
[3.038s] running install_egg_info
[3.039s] Copying ../../build/agv_py/agv_py.egg-info to /home/melih/Desktop/AGV/install/agv_py/lib/python3.10/site-packages/agv_py-0.0.0-py3.10.egg-info
[3.039s] running install_scripts
[3.093s] Installing deneyap_motor_controller script to /home/melih/Desktop/AGV/install/agv_py/lib/agv_py
[3.095s] Installing deneyap_sensor_controller script to /home/melih/Desktop/AGV/install/agv_py/lib/agv_py
[3.097s] Installing interface script to /home/melih/Desktop/AGV/install/agv_py/lib/agv_py
[3.098s] Installing lidar_web_example script to /home/melih/Desktop/AGV/install/agv_py/lib/agv_py
[3.100s] Installing qrcode script to /home/melih/Desktop/AGV/install/agv_py/lib/agv_py
[3.103s] writing list of installed files to '/home/melih/Desktop/AGV/build/agv_py/install.log'
[3.207s] Invoked command in '/home/melih/Desktop/AGV/src/agv_py' returned '0': PYTHONPATH=/home/melih/Desktop/AGV/build/agv_py/prefix_override:/home/melih/.local/lib/python3.10/site-packages/colcon_core/task/python/colcon_distutils_commands:/home/melih/Desktop/AGV/install/agv_py/lib/python3.10/site-packages:${PYTHONPATH} /usr/bin/python3 -W ignore:setup.py install is deprecated setup.py egg_info --egg-base ../../build/agv_py build --build-base /home/melih/Desktop/AGV/build/agv_py/build install --record /home/melih/Desktop/AGV/build/agv_py/install.log --single-version-externally-managed install_data
