In file included from [01m[K/opt/ros/humble/include/rclcpp/rclcpp/logging.hpp:24[m[K,
                 from [01m[K/opt/ros/humble/include/rclcpp/rclcpp/client.hpp:40[m[K,
                 from [01m[K/opt/ros/humble/include/rclcpp/rclcpp/callback_group.hpp:24[m[K,
                 from [01m[K/opt/ros/humble/include/rclcpp/rclcpp/any_executable.hpp:20[m[K,
                 from [01m[K/opt/ros/humble/include/rclcpp/rclcpp/memory_strategy.hpp:25[m[K,
                 from [01m[K/opt/ros/humble/include/rclcpp/rclcpp/memory_strategies.hpp:18[m[K,
                 from [01m[K/opt/ros/humble/include/rclcpp/rclcpp/executor_options.hpp:20[m[K,
                 from [01m[K/opt/ros/humble/include/rclcpp/rclcpp/executor.hpp:37[m[K,
                 from [01m[K/opt/ros/humble/include/rclcpp/rclcpp/executors/multi_threaded_executor.hpp:25[m[K,
                 from [01m[K/opt/ros/humble/include/rclcpp/rclcpp/executors.hpp:21[m[K,
                 from [01m[K/opt/ros/humble/include/rclcpp/rclcpp/rclcpp.hpp:155[m[K,
                 from [01m[K/home/melih/Desktop/AGV/src/agv_cpp/src/main_node.cpp:1[m[K:
[01m[K/home/melih/Desktop/AGV/src/agv_cpp/src/main_node.cpp:[m[K In member function ‘[01m[Kvoid MainNode::yuk_alma()[m[K’:
[01m[K/home/melih/Desktop/AGV/src/agv_cpp/src/main_node.cpp:1657:43:[m[K [01;35m[Kwarning: [m[Kformat ‘[01m[K%s[m[K’ expects argument of type ‘[01m[Kchar*[m[K’, but argument 5 has type ‘[01m[Kint[m[K’ [[01;35m[K]8;;https://gcc.gnu.org/onlinedocs/gcc/Warning-Options.html#index-Wformat=-Wformat=]8;;[m[K]
 1657 |           RCLCPP_INFO(this->get_logger(), [01;35m[K"55555555555555555: %s"[m[K, [32m[Kweight_variable_[m[K);
      |                                           [01;35m[K^~~~~~~~~~~~~~~~~~~~~~~[m[K  [32m[K~~~~~~~~~~~~~~~~[m[K
      |                                                                    [32m[K|[m[K
      |                                                                    [32m[Kint[m[K
[01m[K/home/melih/Desktop/AGV/src/agv_cpp/src/main_node.cpp:1657:64:[m[K [01;36m[Knote: [m[Kformat string is defined here
 1657 |  RCLCPP_INFO(this->get_logger(), "55555555555555555: [01;36m[K%s[m[K", weight_variable_);
      |                                                      [01;36m[K~^[m[K
      |                                                       [01;36m[K|[m[K
      |                                                       [01;36m[Kchar*[m[K
      |                                                      [32m[K%d[m[K
