[0.270s] DEBUG:colcon:Command line arguments: ['/home/melih/.local/bin/colcon', 'build']
[0.270s] DEBUG:colcon:Parsed command line arguments: Namespace(log_base=None, log_level=None, verb_name='build', build_base='build', install_base='install', merge_install=False, symlink_install=False, test_result_base=None, continue_on_error=False, executor='parallel', parallel_workers=4, event_handlers=None, ignore_user_meta=False, metas=['./colcon.meta'], base_paths=['.'], packages_ignore=None, packages_ignore_regex=None, paths=None, packages_up_to=None, packages_up_to_regex=None, packages_above=None, packages_above_and_dependencies=None, packages_above_depth=None, packages_select_by_dep=None, packages_skip_by_dep=None, packages_skip_up_to=None, packages_select_build_failed=False, packages_skip_build_finished=False, packages_select_test_failures=False, packages_skip_test_passed=False, packages_select=None, packages_skip=None, packages_select_regex=None, packages_skip_regex=None, packages_start=None, packages_end=None, allow_overriding=[], cmake_args=None, cmake_target=None, cmake_target_skip_unavailable=False, cmake_clean_cache=False, cmake_clean_first=False, cmake_force_configure=False, ament_cmake_args=None, catkin_cmake_args=None, catkin_skip_building_tests=False, verb_parser=<colcon_defaults.argument_parser.defaults.DefaultArgumentsDecorator object at 0x73cf144c8af0>, verb_extension=<colcon_core.verb.build.BuildVerb object at 0x73cf144c8310>, main=<bound method BuildVerb.main of <colcon_core.verb.build.BuildVerb object at 0x73cf144c8310>>)
[0.599s] Level 1:colcon.colcon_core.package_discovery:discover_packages(colcon_meta) check parameters
[0.600s] Level 1:colcon.colcon_core.package_discovery:discover_packages(recursive) check parameters
[0.600s] Level 1:colcon.colcon_core.package_discovery:discover_packages(ignore) check parameters
[0.600s] Level 1:colcon.colcon_core.package_discovery:discover_packages(path) check parameters
[0.600s] Level 1:colcon.colcon_core.package_discovery:discover_packages(colcon_meta) discover
[0.600s] Level 1:colcon.colcon_core.package_discovery:discover_packages(recursive) discover
[0.600s] INFO:colcon.colcon_core.package_discovery:Crawling recursively for packages in '/home/melih/Desktop/AGV'
[0.600s] Level 1:colcon.colcon_core.package_identification:_identify(.) by extensions ['ignore', 'ignore_ament_install']
[0.600s] Level 1:colcon.colcon_core.package_identification:_identify(.) by extension 'ignore'
[0.601s] Level 1:colcon.colcon_core.package_identification:_identify(.) by extension 'ignore_ament_install'
[0.601s] Level 1:colcon.colcon_core.package_identification:_identify(.) by extensions ['colcon_pkg']
[0.601s] Level 1:colcon.colcon_core.package_identification:_identify(.) by extension 'colcon_pkg'
[0.601s] Level 1:colcon.colcon_core.package_identification:_identify(.) by extensions ['colcon_meta']
[0.601s] Level 1:colcon.colcon_core.package_identification:_identify(.) by extension 'colcon_meta'
[0.601s] Level 1:colcon.colcon_core.package_identification:_identify(.) by extensions ['ros']
[0.601s] Level 1:colcon.colcon_core.package_identification:_identify(.) by extension 'ros'
[0.623s] Level 1:colcon.colcon_core.package_identification:_identify(.) by extensions ['cmake', 'python']
[0.623s] Level 1:colcon.colcon_core.package_identification:_identify(.) by extension 'cmake'
[0.623s] Level 1:colcon.colcon_core.package_identification:_identify(.) by extension 'python'
[0.623s] Level 1:colcon.colcon_core.package_identification:_identify(.) by extensions ['python_setup_py']
[0.623s] Level 1:colcon.colcon_core.package_identification:_identify(.) by extension 'python_setup_py'
[0.623s] Level 1:colcon.colcon_core.package_identification:_identify(build) by extensions ['ignore', 'ignore_ament_install']
[0.624s] Level 1:colcon.colcon_core.package_identification:_identify(build) by extension 'ignore'
[0.624s] Level 1:colcon.colcon_core.package_identification:_identify(build) ignored
[0.624s] Level 1:colcon.colcon_core.package_identification:_identify(install) by extensions ['ignore', 'ignore_ament_install']
[0.624s] Level 1:colcon.colcon_core.package_identification:_identify(install) by extension 'ignore'
[0.624s] Level 1:colcon.colcon_core.package_identification:_identify(install) ignored
[0.624s] Level 1:colcon.colcon_core.package_identification:_identify(log) by extensions ['ignore', 'ignore_ament_install']
[0.624s] Level 1:colcon.colcon_core.package_identification:_identify(log) by extension 'ignore'
[0.625s] Level 1:colcon.colcon_core.package_identification:_identify(log) ignored
[0.625s] Level 1:colcon.colcon_core.package_identification:_identify(src) by extensions ['ignore', 'ignore_ament_install']
[0.625s] Level 1:colcon.colcon_core.package_identification:_identify(src) by extension 'ignore'
[0.625s] Level 1:colcon.colcon_core.package_identification:_identify(src) by extension 'ignore_ament_install'
[0.625s] Level 1:colcon.colcon_core.package_identification:_identify(src) by extensions ['colcon_pkg']
[0.625s] Level 1:colcon.colcon_core.package_identification:_identify(src) by extension 'colcon_pkg'
[0.625s] Level 1:colcon.colcon_core.package_identification:_identify(src) by extensions ['colcon_meta']
[0.625s] Level 1:colcon.colcon_core.package_identification:_identify(src) by extension 'colcon_meta'
[0.625s] Level 1:colcon.colcon_core.package_identification:_identify(src) by extensions ['ros']
[0.625s] Level 1:colcon.colcon_core.package_identification:_identify(src) by extension 'ros'
[0.626s] Level 1:colcon.colcon_core.package_identification:_identify(src) by extensions ['cmake', 'python']
[0.626s] Level 1:colcon.colcon_core.package_identification:_identify(src) by extension 'cmake'
[0.626s] Level 1:colcon.colcon_core.package_identification:_identify(src) by extension 'python'
[0.626s] Level 1:colcon.colcon_core.package_identification:_identify(src) by extensions ['python_setup_py']
[0.626s] Level 1:colcon.colcon_core.package_identification:_identify(src) by extension 'python_setup_py'
[0.626s] Level 1:colcon.colcon_core.package_identification:_identify(src/agv_cpp) by extensions ['ignore', 'ignore_ament_install']
[0.626s] Level 1:colcon.colcon_core.package_identification:_identify(src/agv_cpp) by extension 'ignore'
[0.626s] Level 1:colcon.colcon_core.package_identification:_identify(src/agv_cpp) by extension 'ignore_ament_install'
[0.626s] Level 1:colcon.colcon_core.package_identification:_identify(src/agv_cpp) by extensions ['colcon_pkg']
[0.626s] Level 1:colcon.colcon_core.package_identification:_identify(src/agv_cpp) by extension 'colcon_pkg'
[0.627s] Level 1:colcon.colcon_core.package_identification:_identify(src/agv_cpp) by extensions ['colcon_meta']
[0.627s] Level 1:colcon.colcon_core.package_identification:_identify(src/agv_cpp) by extension 'colcon_meta'
[0.627s] Level 1:colcon.colcon_core.package_identification:_identify(src/agv_cpp) by extensions ['ros']
[0.627s] Level 1:colcon.colcon_core.package_identification:_identify(src/agv_cpp) by extension 'ros'
[0.632s] DEBUG:colcon.colcon_core.package_identification:Package 'src/agv_cpp' with type 'ros.ament_cmake' and name 'agv_cpp'
[0.632s] Level 1:colcon.colcon_core.package_identification:_identify(src/agv_interfaces) by extensions ['ignore', 'ignore_ament_install']
[0.632s] Level 1:colcon.colcon_core.package_identification:_identify(src/agv_interfaces) by extension 'ignore'
[0.632s] Level 1:colcon.colcon_core.package_identification:_identify(src/agv_interfaces) by extension 'ignore_ament_install'
[0.632s] Level 1:colcon.colcon_core.package_identification:_identify(src/agv_interfaces) by extensions ['colcon_pkg']
[0.633s] Level 1:colcon.colcon_core.package_identification:_identify(src/agv_interfaces) by extension 'colcon_pkg'
[0.633s] Level 1:colcon.colcon_core.package_identification:_identify(src/agv_interfaces) by extensions ['colcon_meta']
[0.633s] Level 1:colcon.colcon_core.package_identification:_identify(src/agv_interfaces) by extension 'colcon_meta'
[0.633s] Level 1:colcon.colcon_core.package_identification:_identify(src/agv_interfaces) by extensions ['ros']
[0.633s] Level 1:colcon.colcon_core.package_identification:_identify(src/agv_interfaces) by extension 'ros'
[0.634s] DEBUG:colcon.colcon_core.package_identification:Package 'src/agv_interfaces' with type 'ros.ament_cmake' and name 'agv_interfaces'
[0.634s] Level 1:colcon.colcon_core.package_identification:_identify(src/agv_launch) by extensions ['ignore', 'ignore_ament_install']
[0.634s] Level 1:colcon.colcon_core.package_identification:_identify(src/agv_launch) by extension 'ignore'
[0.634s] Level 1:colcon.colcon_core.package_identification:_identify(src/agv_launch) by extension 'ignore_ament_install'
[0.635s] Level 1:colcon.colcon_core.package_identification:_identify(src/agv_launch) by extensions ['colcon_pkg']
[0.635s] Level 1:colcon.colcon_core.package_identification:_identify(src/agv_launch) by extension 'colcon_pkg'
[0.635s] Level 1:colcon.colcon_core.package_identification:_identify(src/agv_launch) by extensions ['colcon_meta']
[0.635s] Level 1:colcon.colcon_core.package_identification:_identify(src/agv_launch) by extension 'colcon_meta'
[0.635s] Level 1:colcon.colcon_core.package_identification:_identify(src/agv_launch) by extensions ['ros']
[0.635s] Level 1:colcon.colcon_core.package_identification:_identify(src/agv_launch) by extension 'ros'
[0.636s] DEBUG:colcon.colcon_core.package_identification:Package 'src/agv_launch' with type 'ros.ament_cmake' and name 'agv_launch'
[0.636s] Level 1:colcon.colcon_core.package_identification:_identify(src/agv_py) by extensions ['ignore', 'ignore_ament_install']
[0.636s] Level 1:colcon.colcon_core.package_identification:_identify(src/agv_py) by extension 'ignore'
[0.636s] Level 1:colcon.colcon_core.package_identification:_identify(src/agv_py) by extension 'ignore_ament_install'
[0.637s] Level 1:colcon.colcon_core.package_identification:_identify(src/agv_py) by extensions ['colcon_pkg']
[0.637s] Level 1:colcon.colcon_core.package_identification:_identify(src/agv_py) by extension 'colcon_pkg'
[0.637s] Level 1:colcon.colcon_core.package_identification:_identify(src/agv_py) by extensions ['colcon_meta']
[0.637s] Level 1:colcon.colcon_core.package_identification:_identify(src/agv_py) by extension 'colcon_meta'
[0.637s] Level 1:colcon.colcon_core.package_identification:_identify(src/agv_py) by extensions ['ros']
[0.637s] Level 1:colcon.colcon_core.package_identification:_identify(src/agv_py) by extension 'ros'
[0.638s] DEBUG:colcon.colcon_core.package_identification:Package 'src/agv_py' with type 'ros.ament_python' and name 'agv_py'
[0.638s] Level 1:colcon.colcon_core.package_discovery:discover_packages(recursive) using defaults
[0.638s] Level 1:colcon.colcon_core.package_discovery:discover_packages(ignore) discover
[0.639s] Level 1:colcon.colcon_core.package_discovery:discover_packages(ignore) using defaults
[0.639s] Level 1:colcon.colcon_core.package_discovery:discover_packages(path) discover
[0.639s] Level 1:colcon.colcon_core.package_discovery:discover_packages(path) using defaults
[0.678s] Level 1:colcon.colcon_core.package_discovery:discover_packages(prefix_path) check parameters
[0.678s] Level 1:colcon.colcon_core.package_discovery:discover_packages(prefix_path) discover
[0.682s] DEBUG:colcon.colcon_installed_package_information.package_discovery:Found 1 installed packages in /home/melih/Desktop/New_Folder_1/install
[0.683s] DEBUG:colcon.colcon_installed_package_information.package_discovery:Found 2 installed packages in /home/melih/Desktop/ros_lifecycle_node/install
[0.684s] DEBUG:colcon.colcon_installed_package_information.package_discovery:Found 2 installed packages in /home/melih/Desktop/ros_example/turtlesim_project/install
[0.685s] DEBUG:colcon.colcon_installed_package_information.package_discovery:Found 2 installed packages in /home/melih/Desktop/ros_example/edouard_turtlesim_project/install
[0.686s] DEBUG:colcon.colcon_installed_package_information.package_discovery:Found 2 installed packages in /home/melih/Desktop/ros_example/battery_led_states/install
[0.686s] DEBUG:colcon.colcon_installed_package_information.package_discovery:Found 1 installed packages in /home/melih/Desktop/ros_msgs/install
[0.687s] DEBUG:colcon.colcon_installed_package_information.package_discovery:Found 1 installed packages in /home/melih/Desktop/ros_cpp2/install
[0.688s] DEBUG:colcon.colcon_installed_package_information.package_discovery:Found 2 installed packages in /home/melih/Desktop/ros_py/install
[0.689s] DEBUG:colcon.colcon_installed_package_information.package_discovery:Found 4 installed packages in /home/melih/Desktop/AGV/install
[0.689s] DEBUG:colcon.colcon_installed_package_information.package_discovery:Found 0 installed packages in /home/melih/Desktop/ros_ws/install
[0.690s] DEBUG:colcon.colcon_installed_package_information.package_discovery:Found 3 installed packages in /home/melih/Desktop/ros_action/install
[0.693s] DEBUG:colcon.colcon_installed_package_information.package_discovery:Found 388 installed packages in /opt/ros/humble
[0.698s] Level 1:colcon.colcon_core.package_discovery:discover_packages(prefix_path) using defaults
[0.812s] Level 5:colcon.colcon_core.verb:set package 'agv_interfaces' build argument 'cmake_args' from command line to 'None'
[0.812s] Level 5:colcon.colcon_core.verb:set package 'agv_interfaces' build argument 'cmake_target' from command line to 'None'
[0.813s] Level 5:colcon.colcon_core.verb:set package 'agv_interfaces' build argument 'cmake_target_skip_unavailable' from command line to 'False'
[0.813s] Level 5:colcon.colcon_core.verb:set package 'agv_interfaces' build argument 'cmake_clean_cache' from command line to 'False'
[0.813s] Level 5:colcon.colcon_core.verb:set package 'agv_interfaces' build argument 'cmake_clean_first' from command line to 'False'
[0.813s] Level 5:colcon.colcon_core.verb:set package 'agv_interfaces' build argument 'cmake_force_configure' from command line to 'False'
[0.813s] Level 5:colcon.colcon_core.verb:set package 'agv_interfaces' build argument 'ament_cmake_args' from command line to 'None'
[0.813s] Level 5:colcon.colcon_core.verb:set package 'agv_interfaces' build argument 'catkin_cmake_args' from command line to 'None'
[0.813s] Level 5:colcon.colcon_core.verb:set package 'agv_interfaces' build argument 'catkin_skip_building_tests' from command line to 'False'
[0.813s] DEBUG:colcon.colcon_core.verb:Building package 'agv_interfaces' with the following arguments: {'ament_cmake_args': None, 'build_base': '/home/melih/Desktop/AGV/build/agv_interfaces', 'catkin_cmake_args': None, 'catkin_skip_building_tests': False, 'cmake_args': None, 'cmake_clean_cache': False, 'cmake_clean_first': False, 'cmake_force_configure': False, 'cmake_target': None, 'cmake_target_skip_unavailable': False, 'install_base': '/home/melih/Desktop/AGV/install/agv_interfaces', 'merge_install': False, 'path': '/home/melih/Desktop/AGV/src/agv_interfaces', 'symlink_install': False, 'test_result_base': None}
[0.814s] Level 5:colcon.colcon_core.verb:set package 'agv_py' build argument 'cmake_args' from command line to 'None'
[0.814s] Level 5:colcon.colcon_core.verb:set package 'agv_py' build argument 'cmake_target' from command line to 'None'
[0.814s] Level 5:colcon.colcon_core.verb:set package 'agv_py' build argument 'cmake_target_skip_unavailable' from command line to 'False'
[0.814s] Level 5:colcon.colcon_core.verb:set package 'agv_py' build argument 'cmake_clean_cache' from command line to 'False'
[0.814s] Level 5:colcon.colcon_core.verb:set package 'agv_py' build argument 'cmake_clean_first' from command line to 'False'
[0.814s] Level 5:colcon.colcon_core.verb:set package 'agv_py' build argument 'cmake_force_configure' from command line to 'False'
[0.814s] Level 5:colcon.colcon_core.verb:set package 'agv_py' build argument 'ament_cmake_args' from command line to 'None'
[0.814s] Level 5:colcon.colcon_core.verb:set package 'agv_py' build argument 'catkin_cmake_args' from command line to 'None'
[0.814s] Level 5:colcon.colcon_core.verb:set package 'agv_py' build argument 'catkin_skip_building_tests' from command line to 'False'
[0.814s] DEBUG:colcon.colcon_core.verb:Building package 'agv_py' with the following arguments: {'ament_cmake_args': None, 'build_base': '/home/melih/Desktop/AGV/build/agv_py', 'catkin_cmake_args': None, 'catkin_skip_building_tests': False, 'cmake_args': None, 'cmake_clean_cache': False, 'cmake_clean_first': False, 'cmake_force_configure': False, 'cmake_target': None, 'cmake_target_skip_unavailable': False, 'install_base': '/home/melih/Desktop/AGV/install/agv_py', 'merge_install': False, 'path': '/home/melih/Desktop/AGV/src/agv_py', 'symlink_install': False, 'test_result_base': None}
[0.815s] Level 5:colcon.colcon_core.verb:set package 'agv_cpp' build argument 'cmake_args' from command line to 'None'
[0.815s] Level 5:colcon.colcon_core.verb:set package 'agv_cpp' build argument 'cmake_target' from command line to 'None'
[0.815s] Level 5:colcon.colcon_core.verb:set package 'agv_cpp' build argument 'cmake_target_skip_unavailable' from command line to 'False'
[0.815s] Level 5:colcon.colcon_core.verb:set package 'agv_cpp' build argument 'cmake_clean_cache' from command line to 'False'
[0.815s] Level 5:colcon.colcon_core.verb:set package 'agv_cpp' build argument 'cmake_clean_first' from command line to 'False'
[0.815s] Level 5:colcon.colcon_core.verb:set package 'agv_cpp' build argument 'cmake_force_configure' from command line to 'False'
[0.815s] Level 5:colcon.colcon_core.verb:set package 'agv_cpp' build argument 'ament_cmake_args' from command line to 'None'
[0.815s] Level 5:colcon.colcon_core.verb:set package 'agv_cpp' build argument 'catkin_cmake_args' from command line to 'None'
[0.815s] Level 5:colcon.colcon_core.verb:set package 'agv_cpp' build argument 'catkin_skip_building_tests' from command line to 'False'
[0.815s] DEBUG:colcon.colcon_core.verb:Building package 'agv_cpp' with the following arguments: {'ament_cmake_args': None, 'build_base': '/home/melih/Desktop/AGV/build/agv_cpp', 'catkin_cmake_args': None, 'catkin_skip_building_tests': False, 'cmake_args': None, 'cmake_clean_cache': False, 'cmake_clean_first': False, 'cmake_force_configure': False, 'cmake_target': None, 'cmake_target_skip_unavailable': False, 'install_base': '/home/melih/Desktop/AGV/install/agv_cpp', 'merge_install': False, 'path': '/home/melih/Desktop/AGV/src/agv_cpp', 'symlink_install': False, 'test_result_base': None}
[0.816s] Level 5:colcon.colcon_core.verb:set package 'agv_launch' build argument 'cmake_args' from command line to 'None'
[0.816s] Level 5:colcon.colcon_core.verb:set package 'agv_launch' build argument 'cmake_target' from command line to 'None'
[0.816s] Level 5:colcon.colcon_core.verb:set package 'agv_launch' build argument 'cmake_target_skip_unavailable' from command line to 'False'
[0.816s] Level 5:colcon.colcon_core.verb:set package 'agv_launch' build argument 'cmake_clean_cache' from command line to 'False'
[0.816s] Level 5:colcon.colcon_core.verb:set package 'agv_launch' build argument 'cmake_clean_first' from command line to 'False'
[0.816s] Level 5:colcon.colcon_core.verb:set package 'agv_launch' build argument 'cmake_force_configure' from command line to 'False'
[0.816s] Level 5:colcon.colcon_core.verb:set package 'agv_launch' build argument 'ament_cmake_args' from command line to 'None'
[0.816s] Level 5:colcon.colcon_core.verb:set package 'agv_launch' build argument 'catkin_cmake_args' from command line to 'None'
[0.816s] Level 5:colcon.colcon_core.verb:set package 'agv_launch' build argument 'catkin_skip_building_tests' from command line to 'False'
[0.816s] DEBUG:colcon.colcon_core.verb:Building package 'agv_launch' with the following arguments: {'ament_cmake_args': None, 'build_base': '/home/melih/Desktop/AGV/build/agv_launch', 'catkin_cmake_args': None, 'catkin_skip_building_tests': False, 'cmake_args': None, 'cmake_clean_cache': False, 'cmake_clean_first': False, 'cmake_force_configure': False, 'cmake_target': None, 'cmake_target_skip_unavailable': False, 'install_base': '/home/melih/Desktop/AGV/install/agv_launch', 'merge_install': False, 'path': '/home/melih/Desktop/AGV/src/agv_launch', 'symlink_install': False, 'test_result_base': None}
[0.817s] INFO:colcon.colcon_core.executor:Executing jobs using 'parallel' executor
[0.818s] DEBUG:colcon.colcon_parallel_executor.executor.parallel:run_until_complete
[0.819s] INFO:colcon.colcon_ros.task.ament_cmake.build:Building ROS package in '/home/melih/Desktop/AGV/src/agv_interfaces' with build type 'ament_cmake'
[0.819s] INFO:colcon.colcon_cmake.task.cmake.build:Building CMake package in '/home/melih/Desktop/AGV/src/agv_interfaces'
[0.823s] INFO:colcon.colcon_core.plugin_system:Skipping extension 'colcon_core.shell.bat': Not used on non-Windows systems
[0.823s] INFO:colcon.colcon_core.shell:Skip shell extension 'powershell' for command environment: Not usable outside of PowerShell
[0.823s] DEBUG:colcon.colcon_core.shell:Skip shell extension 'dsv' for command environment
[0.839s] INFO:colcon.colcon_ros.task.ament_python.build:Building ROS package in '/home/melih/Desktop/AGV/src/agv_py' with build type 'ament_python'
[0.840s] Level 1:colcon.colcon_core.shell:create_environment_hook('agv_py', 'ament_prefix_path')
[0.841s] INFO:colcon.colcon_core.shell:Creating environment hook '/home/melih/Desktop/AGV/install/agv_py/share/agv_py/hook/ament_prefix_path.ps1'
[0.842s] INFO:colcon.colcon_core.shell:Creating environment descriptor '/home/melih/Desktop/AGV/install/agv_py/share/agv_py/hook/ament_prefix_path.dsv'
[0.843s] INFO:colcon.colcon_core.shell:Creating environment hook '/home/melih/Desktop/AGV/install/agv_py/share/agv_py/hook/ament_prefix_path.sh'
[0.845s] INFO:colcon.colcon_core.shell:Skip shell extension 'powershell' for command environment: Not usable outside of PowerShell
[0.845s] DEBUG:colcon.colcon_core.shell:Skip shell extension 'dsv' for command environment
[0.868s] DEBUG:colcon.colcon_core.event_handler.log_command:Invoking command in '/home/melih/Desktop/AGV/build/agv_interfaces': CMAKE_PREFIX_PATH=${CMAKE_PREFIX_PATH}:/home/melih/Desktop/AGV/install/agv_py:/home/melih/Desktop/ros_lifecycle_node/install/lifecycle_node_py:/home/melih/Desktop/ros_example/turtlesim_project/install/turtlesim_py:/home/melih/Desktop/ros_example/edouard_turtlesim_project/install/turtlesim_catch_them_all:/home/melih/Desktop/ros_example/battery_led_states/install/package_py:/home/melih/Desktop/ros_py/install/my_robot:/home/melih/Desktop/ros_action/install/actions_py:/opt/ros/humble /usr/bin/cmake --build /home/melih/Desktop/AGV/build/agv_interfaces -- -j4 -l4
[1.875s] INFO:colcon.colcon_core.task.python.build:Building Python package in '/home/melih/Desktop/AGV/src/agv_py'
[1.876s] INFO:colcon.colcon_core.shell:Skip shell extension 'powershell' for command environment: Not usable outside of PowerShell
[1.876s] DEBUG:colcon.colcon_core.shell:Skip shell extension 'dsv' for command environment
[2.249s] DEBUG:colcon.colcon_core.event_handler.log_command:Invoked command in '/home/melih/Desktop/AGV/build/agv_interfaces' returned '0': CMAKE_PREFIX_PATH=${CMAKE_PREFIX_PATH}:/home/melih/Desktop/AGV/install/agv_py:/home/melih/Desktop/ros_lifecycle_node/install/lifecycle_node_py:/home/melih/Desktop/ros_example/turtlesim_project/install/turtlesim_py:/home/melih/Desktop/ros_example/edouard_turtlesim_project/install/turtlesim_catch_them_all:/home/melih/Desktop/ros_example/battery_led_states/install/package_py:/home/melih/Desktop/ros_py/install/my_robot:/home/melih/Desktop/ros_action/install/actions_py:/opt/ros/humble /usr/bin/cmake --build /home/melih/Desktop/AGV/build/agv_interfaces -- -j4 -l4
[2.572s] DEBUG:colcon.colcon_core.event_handler.log_command:Invoking command in '/home/melih/Desktop/AGV/build/agv_interfaces': CMAKE_PREFIX_PATH=${CMAKE_PREFIX_PATH}:/home/melih/Desktop/AGV/install/agv_py:/home/melih/Desktop/ros_lifecycle_node/install/lifecycle_node_py:/home/melih/Desktop/ros_example/turtlesim_project/install/turtlesim_py:/home/melih/Desktop/ros_example/edouard_turtlesim_project/install/turtlesim_catch_them_all:/home/melih/Desktop/ros_example/battery_led_states/install/package_py:/home/melih/Desktop/ros_py/install/my_robot:/home/melih/Desktop/ros_action/install/actions_py:/opt/ros/humble /usr/bin/cmake --install /home/melih/Desktop/AGV/build/agv_interfaces
[2.920s] Level 1:colcon.colcon_core.environment:create_environment_scripts_only(agv_interfaces)
[2.936s] DEBUG:colcon.colcon_core.event_handler.log_command:Invoked command in '/home/melih/Desktop/AGV/build/agv_interfaces' returned '0': CMAKE_PREFIX_PATH=${CMAKE_PREFIX_PATH}:/home/melih/Desktop/AGV/install/agv_py:/home/melih/Desktop/ros_lifecycle_node/install/lifecycle_node_py:/home/melih/Desktop/ros_example/turtlesim_project/install/turtlesim_py:/home/melih/Desktop/ros_example/edouard_turtlesim_project/install/turtlesim_catch_them_all:/home/melih/Desktop/ros_example/battery_led_states/install/package_py:/home/melih/Desktop/ros_py/install/my_robot:/home/melih/Desktop/ros_action/install/actions_py:/opt/ros/humble /usr/bin/cmake --install /home/melih/Desktop/AGV/build/agv_interfaces
[2.942s] Level 1:colcon.colcon_core.environment:checking '/home/melih/Desktop/AGV/install/agv_interfaces' for CMake module files
[2.945s] Level 1:colcon.colcon_core.environment:checking '/home/melih/Desktop/AGV/install/agv_interfaces' for CMake config files
[2.946s] Level 1:colcon.colcon_core.shell:create_environment_hook('agv_interfaces', 'cmake_prefix_path')
[2.947s] INFO:colcon.colcon_core.shell:Creating environment hook '/home/melih/Desktop/AGV/install/agv_interfaces/share/agv_interfaces/hook/cmake_prefix_path.ps1'
[2.948s] INFO:colcon.colcon_core.shell:Creating environment descriptor '/home/melih/Desktop/AGV/install/agv_interfaces/share/agv_interfaces/hook/cmake_prefix_path.dsv'
[2.949s] INFO:colcon.colcon_core.shell:Creating environment hook '/home/melih/Desktop/AGV/install/agv_interfaces/share/agv_interfaces/hook/cmake_prefix_path.sh'
[2.951s] Level 1:colcon.colcon_core.environment:checking '/home/melih/Desktop/AGV/install/agv_interfaces/lib'
[2.952s] Level 1:colcon.colcon_core.shell:create_environment_hook('agv_interfaces', 'ld_library_path_lib')
[2.955s] INFO:colcon.colcon_core.shell:Creating environment hook '/home/melih/Desktop/AGV/install/agv_interfaces/share/agv_interfaces/hook/ld_library_path_lib.ps1'
[2.957s] INFO:colcon.colcon_core.shell:Creating environment descriptor '/home/melih/Desktop/AGV/install/agv_interfaces/share/agv_interfaces/hook/ld_library_path_lib.dsv'
[2.958s] INFO:colcon.colcon_core.shell:Creating environment hook '/home/melih/Desktop/AGV/install/agv_interfaces/share/agv_interfaces/hook/ld_library_path_lib.sh'
[2.960s] Level 1:colcon.colcon_core.environment:checking '/home/melih/Desktop/AGV/install/agv_interfaces/bin'
[2.960s] Level 1:colcon.colcon_core.environment:checking '/home/melih/Desktop/AGV/install/agv_interfaces/lib/pkgconfig/agv_interfaces.pc'
[2.961s] Level 1:colcon.colcon_core.environment:checking '/home/melih/Desktop/AGV/install/agv_interfaces/lib/python3.10/site-packages'
[2.962s] Level 1:colcon.colcon_core.environment:checking '/home/melih/Desktop/AGV/install/agv_interfaces/bin'
[2.963s] INFO:colcon.colcon_core.shell:Creating package script '/home/melih/Desktop/AGV/install/agv_interfaces/share/agv_interfaces/package.ps1'
[2.966s] INFO:colcon.colcon_core.shell:Creating package descriptor '/home/melih/Desktop/AGV/install/agv_interfaces/share/agv_interfaces/package.dsv'
[2.968s] INFO:colcon.colcon_core.shell:Creating package script '/home/melih/Desktop/AGV/install/agv_interfaces/share/agv_interfaces/package.sh'
[2.971s] INFO:colcon.colcon_core.shell:Creating package script '/home/melih/Desktop/AGV/install/agv_interfaces/share/agv_interfaces/package.bash'
[2.974s] INFO:colcon.colcon_core.shell:Creating package script '/home/melih/Desktop/AGV/install/agv_interfaces/share/agv_interfaces/package.zsh'
[2.977s] Level 1:colcon.colcon_core.environment:create_file_with_runtime_dependencies(/home/melih/Desktop/AGV/install/agv_interfaces/share/colcon-core/packages/agv_interfaces)
[3.324s] Level 1:colcon.colcon_core.environment:create_environment_scripts_only(agv_interfaces)
[3.325s] Level 1:colcon.colcon_core.environment:checking '/home/melih/Desktop/AGV/install/agv_interfaces' for CMake module files
[3.327s] Level 1:colcon.colcon_core.environment:checking '/home/melih/Desktop/AGV/install/agv_interfaces' for CMake config files
[3.329s] Level 1:colcon.colcon_core.shell:create_environment_hook('agv_interfaces', 'cmake_prefix_path')
[3.331s] INFO:colcon.colcon_core.shell:Creating environment hook '/home/melih/Desktop/AGV/install/agv_interfaces/share/agv_interfaces/hook/cmake_prefix_path.ps1'
[3.334s] INFO:colcon.colcon_core.shell:Creating environment descriptor '/home/melih/Desktop/AGV/install/agv_interfaces/share/agv_interfaces/hook/cmake_prefix_path.dsv'
[3.335s] INFO:colcon.colcon_core.shell:Creating environment hook '/home/melih/Desktop/AGV/install/agv_interfaces/share/agv_interfaces/hook/cmake_prefix_path.sh'
[3.337s] Level 1:colcon.colcon_core.environment:checking '/home/melih/Desktop/AGV/install/agv_interfaces/lib'
[3.337s] Level 1:colcon.colcon_core.shell:create_environment_hook('agv_interfaces', 'ld_library_path_lib')
[3.339s] INFO:colcon.colcon_core.shell:Creating environment hook '/home/melih/Desktop/AGV/install/agv_interfaces/share/agv_interfaces/hook/ld_library_path_lib.ps1'
[3.341s] INFO:colcon.colcon_core.shell:Creating environment descriptor '/home/melih/Desktop/AGV/install/agv_interfaces/share/agv_interfaces/hook/ld_library_path_lib.dsv'
[3.342s] INFO:colcon.colcon_core.shell:Creating environment hook '/home/melih/Desktop/AGV/install/agv_interfaces/share/agv_interfaces/hook/ld_library_path_lib.sh'
[3.344s] Level 1:colcon.colcon_core.environment:checking '/home/melih/Desktop/AGV/install/agv_interfaces/bin'
[3.344s] Level 1:colcon.colcon_core.environment:checking '/home/melih/Desktop/AGV/install/agv_interfaces/lib/pkgconfig/agv_interfaces.pc'
[3.345s] Level 1:colcon.colcon_core.environment:checking '/home/melih/Desktop/AGV/install/agv_interfaces/lib/python3.10/site-packages'
[3.346s] Level 1:colcon.colcon_core.environment:checking '/home/melih/Desktop/AGV/install/agv_interfaces/bin'
[3.347s] INFO:colcon.colcon_core.shell:Creating package script '/home/melih/Desktop/AGV/install/agv_interfaces/share/agv_interfaces/package.ps1'
[3.349s] INFO:colcon.colcon_core.shell:Creating package descriptor '/home/melih/Desktop/AGV/install/agv_interfaces/share/agv_interfaces/package.dsv'
[3.351s] INFO:colcon.colcon_core.shell:Creating package script '/home/melih/Desktop/AGV/install/agv_interfaces/share/agv_interfaces/package.sh'
[3.352s] INFO:colcon.colcon_core.shell:Creating package script '/home/melih/Desktop/AGV/install/agv_interfaces/share/agv_interfaces/package.bash'
[3.353s] INFO:colcon.colcon_core.shell:Creating package script '/home/melih/Desktop/AGV/install/agv_interfaces/share/agv_interfaces/package.zsh'
[3.355s] Level 1:colcon.colcon_core.environment:create_file_with_runtime_dependencies(/home/melih/Desktop/AGV/install/agv_interfaces/share/colcon-core/packages/agv_interfaces)
[3.356s] INFO:colcon.colcon_ros.task.ament_cmake.build:Building ROS package in '/home/melih/Desktop/AGV/src/agv_cpp' with build type 'ament_cmake'
[3.356s] INFO:colcon.colcon_cmake.task.cmake.build:Building CMake package in '/home/melih/Desktop/AGV/src/agv_cpp'
[3.357s] INFO:colcon.colcon_core.shell:Skip shell extension 'powershell' for command environment: Not usable outside of PowerShell
[3.357s] DEBUG:colcon.colcon_core.shell:Skip shell extension 'dsv' for command environment
[3.423s] DEBUG:colcon.colcon_core.event_handler.log_command:Invoking command in '/home/melih/Desktop/AGV/build/agv_cpp': CMAKE_PREFIX_PATH=/home/melih/Desktop/AGV/install/agv_interfaces:/home/melih/Desktop/AGV/install/agv_launch:/home/melih/Desktop/AGV/install/agv_cpp:/home/melih/Desktop/New_Folder_1/install/ydlidar_ros2_driver:/home/melih/Desktop/ros_lifecycle_node/install/lifecycle_node_cpp:/home/melih/Desktop/ros_example/turtlesim_project/install/turtlesim_launch_bringup:/home/melih/Desktop/ros_example/edouard_turtlesim_project/install/turtlesim_catch_them_all_launch_bringup:/home/melih/Desktop/ros_example/battery_led_states/install/package_cpp:/home/melih/Desktop/ros_msgs/install/my_robot_interfaces:/home/melih/Desktop/ros_cpp2/install/rdr2:/home/melih/Desktop/ros_py/install/my_robot_bringup:/home/melih/Desktop/ros_action/install/actions_cpp:/home/melih/Desktop/ros_action/install/robot_action_interfaces:/home/melih/Desktop/AGV/install/agv_py:/home/melih/Desktop/ros_lifecycle_node/install/lifecycle_node_py:/home/melih/Desktop/ros_example/turtlesim_project/install/turtlesim_py:/home/melih/Desktop/ros_example/edouard_turtlesim_project/install/turtlesim_catch_them_all:/home/melih/Desktop/ros_example/battery_led_states/install/package_py:/home/melih/Desktop/ros_py/install/my_robot:/home/melih/Desktop/ros_action/install/actions_py:/opt/ros/humble /usr/bin/cmake --build /home/melih/Desktop/AGV/build/agv_cpp -- -j4 -l4
[3.544s] DEBUG:colcon.colcon_core.event_handler.log_command:Invoking command in '/home/melih/Desktop/AGV/src/agv_py': PYTHONPATH=/home/melih/Desktop/AGV/build/agv_py/prefix_override:/home/melih/.local/lib/python3.10/site-packages/colcon_core/task/python/colcon_distutils_commands:/home/melih/Desktop/AGV/install/agv_py/lib/python3.10/site-packages:${PYTHONPATH} /usr/bin/python3 -W ignore:setup.py install is deprecated setup.py egg_info --egg-base ../../build/agv_py build --build-base /home/melih/Desktop/AGV/build/agv_py/build install --record /home/melih/Desktop/AGV/build/agv_py/install.log --single-version-externally-managed install_data
[4.538s] Level 1:colcon.colcon_core.environment:checking '/home/melih/Desktop/AGV/install/agv_py' for CMake module files
[4.540s] DEBUG:colcon.colcon_core.event_handler.log_command:Invoked command in '/home/melih/Desktop/AGV/src/agv_py' returned '0': PYTHONPATH=/home/melih/Desktop/AGV/build/agv_py/prefix_override:/home/melih/.local/lib/python3.10/site-packages/colcon_core/task/python/colcon_distutils_commands:/home/melih/Desktop/AGV/install/agv_py/lib/python3.10/site-packages:${PYTHONPATH} /usr/bin/python3 -W ignore:setup.py install is deprecated setup.py egg_info --egg-base ../../build/agv_py build --build-base /home/melih/Desktop/AGV/build/agv_py/build install --record /home/melih/Desktop/AGV/build/agv_py/install.log --single-version-externally-managed install_data
[4.541s] Level 1:colcon.colcon_core.environment:checking '/home/melih/Desktop/AGV/install/agv_py' for CMake config files
[4.542s] Level 1:colcon.colcon_core.environment:checking '/home/melih/Desktop/AGV/install/agv_py/lib'
[4.543s] Level 1:colcon.colcon_core.environment:checking '/home/melih/Desktop/AGV/install/agv_py/bin'
[4.543s] Level 1:colcon.colcon_core.environment:checking '/home/melih/Desktop/AGV/install/agv_py/lib/pkgconfig/agv_py.pc'
[4.544s] Level 1:colcon.colcon_core.environment:checking '/home/melih/Desktop/AGV/install/agv_py/lib/python3.10/site-packages'
[4.544s] Level 1:colcon.colcon_core.shell:create_environment_hook('agv_py', 'pythonpath')
[4.545s] INFO:colcon.colcon_core.shell:Creating environment hook '/home/melih/Desktop/AGV/install/agv_py/share/agv_py/hook/pythonpath.ps1'
[4.546s] INFO:colcon.colcon_core.shell:Creating environment descriptor '/home/melih/Desktop/AGV/install/agv_py/share/agv_py/hook/pythonpath.dsv'
[4.547s] INFO:colcon.colcon_core.shell:Creating environment hook '/home/melih/Desktop/AGV/install/agv_py/share/agv_py/hook/pythonpath.sh'
[4.550s] Level 1:colcon.colcon_core.environment:checking '/home/melih/Desktop/AGV/install/agv_py/bin'
[4.551s] Level 1:colcon.colcon_core.environment:create_environment_scripts_only(agv_py)
[4.552s] INFO:colcon.colcon_core.shell:Creating package script '/home/melih/Desktop/AGV/install/agv_py/share/agv_py/package.ps1'
[4.554s] INFO:colcon.colcon_core.shell:Creating package descriptor '/home/melih/Desktop/AGV/install/agv_py/share/agv_py/package.dsv'
[4.555s] INFO:colcon.colcon_core.shell:Creating package script '/home/melih/Desktop/AGV/install/agv_py/share/agv_py/package.sh'
[4.557s] INFO:colcon.colcon_core.shell:Creating package script '/home/melih/Desktop/AGV/install/agv_py/share/agv_py/package.bash'
[4.558s] INFO:colcon.colcon_core.shell:Creating package script '/home/melih/Desktop/AGV/install/agv_py/share/agv_py/package.zsh'
[4.559s] Level 1:colcon.colcon_core.environment:create_file_with_runtime_dependencies(/home/melih/Desktop/AGV/install/agv_py/share/colcon-core/packages/agv_py)
[33.245s] DEBUG:colcon.colcon_core.event_handler.log_command:Invoked command in '/home/melih/Desktop/AGV/build/agv_cpp' returned '0': CMAKE_PREFIX_PATH=/home/melih/Desktop/AGV/install/agv_interfaces:/home/melih/Desktop/AGV/install/agv_launch:/home/melih/Desktop/AGV/install/agv_cpp:/home/melih/Desktop/New_Folder_1/install/ydlidar_ros2_driver:/home/melih/Desktop/ros_lifecycle_node/install/lifecycle_node_cpp:/home/melih/Desktop/ros_example/turtlesim_project/install/turtlesim_launch_bringup:/home/melih/Desktop/ros_example/edouard_turtlesim_project/install/turtlesim_catch_them_all_launch_bringup:/home/melih/Desktop/ros_example/battery_led_states/install/package_cpp:/home/melih/Desktop/ros_msgs/install/my_robot_interfaces:/home/melih/Desktop/ros_cpp2/install/rdr2:/home/melih/Desktop/ros_py/install/my_robot_bringup:/home/melih/Desktop/ros_action/install/actions_cpp:/home/melih/Desktop/ros_action/install/robot_action_interfaces:/home/melih/Desktop/AGV/install/agv_py:/home/melih/Desktop/ros_lifecycle_node/install/lifecycle_node_py:/home/melih/Desktop/ros_example/turtlesim_project/install/turtlesim_py:/home/melih/Desktop/ros_example/edouard_turtlesim_project/install/turtlesim_catch_them_all:/home/melih/Desktop/ros_example/battery_led_states/install/package_py:/home/melih/Desktop/ros_py/install/my_robot:/home/melih/Desktop/ros_action/install/actions_py:/opt/ros/humble /usr/bin/cmake --build /home/melih/Desktop/AGV/build/agv_cpp -- -j4 -l4
[33.294s] DEBUG:colcon.colcon_core.event_handler.log_command:Invoking command in '/home/melih/Desktop/AGV/build/agv_cpp': CMAKE_PREFIX_PATH=/home/melih/Desktop/AGV/install/agv_interfaces:/home/melih/Desktop/AGV/install/agv_launch:/home/melih/Desktop/AGV/install/agv_cpp:/home/melih/Desktop/New_Folder_1/install/ydlidar_ros2_driver:/home/melih/Desktop/ros_lifecycle_node/install/lifecycle_node_cpp:/home/melih/Desktop/ros_example/turtlesim_project/install/turtlesim_launch_bringup:/home/melih/Desktop/ros_example/edouard_turtlesim_project/install/turtlesim_catch_them_all_launch_bringup:/home/melih/Desktop/ros_example/battery_led_states/install/package_cpp:/home/melih/Desktop/ros_msgs/install/my_robot_interfaces:/home/melih/Desktop/ros_cpp2/install/rdr2:/home/melih/Desktop/ros_py/install/my_robot_bringup:/home/melih/Desktop/ros_action/install/actions_cpp:/home/melih/Desktop/ros_action/install/robot_action_interfaces:/home/melih/Desktop/AGV/install/agv_py:/home/melih/Desktop/ros_lifecycle_node/install/lifecycle_node_py:/home/melih/Desktop/ros_example/turtlesim_project/install/turtlesim_py:/home/melih/Desktop/ros_example/edouard_turtlesim_project/install/turtlesim_catch_them_all:/home/melih/Desktop/ros_example/battery_led_states/install/package_py:/home/melih/Desktop/ros_py/install/my_robot:/home/melih/Desktop/ros_action/install/actions_py:/opt/ros/humble /usr/bin/cmake --install /home/melih/Desktop/AGV/build/agv_cpp
[33.325s] Level 1:colcon.colcon_core.environment:create_environment_scripts_only(agv_cpp)
[33.325s] Level 1:colcon.colcon_core.environment:checking '/home/melih/Desktop/AGV/install/agv_cpp' for CMake module files
[33.326s] DEBUG:colcon.colcon_core.event_handler.log_command:Invoked command in '/home/melih/Desktop/AGV/build/agv_cpp' returned '0': CMAKE_PREFIX_PATH=/home/melih/Desktop/AGV/install/agv_interfaces:/home/melih/Desktop/AGV/install/agv_launch:/home/melih/Desktop/AGV/install/agv_cpp:/home/melih/Desktop/New_Folder_1/install/ydlidar_ros2_driver:/home/melih/Desktop/ros_lifecycle_node/install/lifecycle_node_cpp:/home/melih/Desktop/ros_example/turtlesim_project/install/turtlesim_launch_bringup:/home/melih/Desktop/ros_example/edouard_turtlesim_project/install/turtlesim_catch_them_all_launch_bringup:/home/melih/Desktop/ros_example/battery_led_states/install/package_cpp:/home/melih/Desktop/ros_msgs/install/my_robot_interfaces:/home/melih/Desktop/ros_cpp2/install/rdr2:/home/melih/Desktop/ros_py/install/my_robot_bringup:/home/melih/Desktop/ros_action/install/actions_cpp:/home/melih/Desktop/ros_action/install/robot_action_interfaces:/home/melih/Desktop/AGV/install/agv_py:/home/melih/Desktop/ros_lifecycle_node/install/lifecycle_node_py:/home/melih/Desktop/ros_example/turtlesim_project/install/turtlesim_py:/home/melih/Desktop/ros_example/edouard_turtlesim_project/install/turtlesim_catch_them_all:/home/melih/Desktop/ros_example/battery_led_states/install/package_py:/home/melih/Desktop/ros_py/install/my_robot:/home/melih/Desktop/ros_action/install/actions_py:/opt/ros/humble /usr/bin/cmake --install /home/melih/Desktop/AGV/build/agv_cpp
[33.327s] Level 1:colcon.colcon_core.environment:checking '/home/melih/Desktop/AGV/install/agv_cpp' for CMake config files
[33.327s] Level 1:colcon.colcon_core.shell:create_environment_hook('agv_cpp', 'cmake_prefix_path')
[33.328s] INFO:colcon.colcon_core.shell:Creating environment hook '/home/melih/Desktop/AGV/install/agv_cpp/share/agv_cpp/hook/cmake_prefix_path.ps1'
[33.329s] INFO:colcon.colcon_core.shell:Creating environment descriptor '/home/melih/Desktop/AGV/install/agv_cpp/share/agv_cpp/hook/cmake_prefix_path.dsv'
[33.329s] INFO:colcon.colcon_core.shell:Creating environment hook '/home/melih/Desktop/AGV/install/agv_cpp/share/agv_cpp/hook/cmake_prefix_path.sh'
[33.331s] Level 1:colcon.colcon_core.environment:checking '/home/melih/Desktop/AGV/install/agv_cpp/lib'
[33.331s] Level 1:colcon.colcon_core.environment:checking '/home/melih/Desktop/AGV/install/agv_cpp/bin'
[33.331s] Level 1:colcon.colcon_core.environment:checking '/home/melih/Desktop/AGV/install/agv_cpp/lib/pkgconfig/agv_cpp.pc'
[33.332s] Level 1:colcon.colcon_core.environment:checking '/home/melih/Desktop/AGV/install/agv_cpp/lib/python3.10/site-packages'
[33.333s] Level 1:colcon.colcon_core.environment:checking '/home/melih/Desktop/AGV/install/agv_cpp/bin'
[33.334s] INFO:colcon.colcon_core.shell:Creating package script '/home/melih/Desktop/AGV/install/agv_cpp/share/agv_cpp/package.ps1'
[33.335s] INFO:colcon.colcon_core.shell:Creating package descriptor '/home/melih/Desktop/AGV/install/agv_cpp/share/agv_cpp/package.dsv'
[33.336s] INFO:colcon.colcon_core.shell:Creating package script '/home/melih/Desktop/AGV/install/agv_cpp/share/agv_cpp/package.sh'
[33.338s] INFO:colcon.colcon_core.shell:Creating package script '/home/melih/Desktop/AGV/install/agv_cpp/share/agv_cpp/package.bash'
[33.338s] INFO:colcon.colcon_core.shell:Creating package script '/home/melih/Desktop/AGV/install/agv_cpp/share/agv_cpp/package.zsh'
[33.339s] Level 1:colcon.colcon_core.environment:create_file_with_runtime_dependencies(/home/melih/Desktop/AGV/install/agv_cpp/share/colcon-core/packages/agv_cpp)
[33.384s] Level 1:colcon.colcon_core.environment:create_environment_scripts_only(agv_cpp)
[33.385s] Level 1:colcon.colcon_core.environment:checking '/home/melih/Desktop/AGV/install/agv_cpp' for CMake module files
[33.386s] Level 1:colcon.colcon_core.environment:checking '/home/melih/Desktop/AGV/install/agv_cpp' for CMake config files
[33.386s] Level 1:colcon.colcon_core.shell:create_environment_hook('agv_cpp', 'cmake_prefix_path')
[33.387s] INFO:colcon.colcon_core.shell:Creating environment hook '/home/melih/Desktop/AGV/install/agv_cpp/share/agv_cpp/hook/cmake_prefix_path.ps1'
[33.388s] INFO:colcon.colcon_core.shell:Creating environment descriptor '/home/melih/Desktop/AGV/install/agv_cpp/share/agv_cpp/hook/cmake_prefix_path.dsv'
[33.388s] INFO:colcon.colcon_core.shell:Creating environment hook '/home/melih/Desktop/AGV/install/agv_cpp/share/agv_cpp/hook/cmake_prefix_path.sh'
[33.389s] Level 1:colcon.colcon_core.environment:checking '/home/melih/Desktop/AGV/install/agv_cpp/lib'
[33.389s] Level 1:colcon.colcon_core.environment:checking '/home/melih/Desktop/AGV/install/agv_cpp/bin'
[33.390s] Level 1:colcon.colcon_core.environment:checking '/home/melih/Desktop/AGV/install/agv_cpp/lib/pkgconfig/agv_cpp.pc'
[33.390s] Level 1:colcon.colcon_core.environment:checking '/home/melih/Desktop/AGV/install/agv_cpp/lib/python3.10/site-packages'
[33.390s] Level 1:colcon.colcon_core.environment:checking '/home/melih/Desktop/AGV/install/agv_cpp/bin'
[33.391s] INFO:colcon.colcon_core.shell:Creating package script '/home/melih/Desktop/AGV/install/agv_cpp/share/agv_cpp/package.ps1'
[33.392s] INFO:colcon.colcon_core.shell:Creating package descriptor '/home/melih/Desktop/AGV/install/agv_cpp/share/agv_cpp/package.dsv'
[33.393s] INFO:colcon.colcon_core.shell:Creating package script '/home/melih/Desktop/AGV/install/agv_cpp/share/agv_cpp/package.sh'
[33.394s] INFO:colcon.colcon_core.shell:Creating package script '/home/melih/Desktop/AGV/install/agv_cpp/share/agv_cpp/package.bash'
[33.396s] INFO:colcon.colcon_core.shell:Creating package script '/home/melih/Desktop/AGV/install/agv_cpp/share/agv_cpp/package.zsh'
[33.397s] Level 1:colcon.colcon_core.environment:create_file_with_runtime_dependencies(/home/melih/Desktop/AGV/install/agv_cpp/share/colcon-core/packages/agv_cpp)
[33.398s] INFO:colcon.colcon_ros.task.ament_cmake.build:Building ROS package in '/home/melih/Desktop/AGV/src/agv_launch' with build type 'ament_cmake'
[33.398s] INFO:colcon.colcon_cmake.task.cmake.build:Building CMake package in '/home/melih/Desktop/AGV/src/agv_launch'
[33.399s] INFO:colcon.colcon_core.shell:Skip shell extension 'powershell' for command environment: Not usable outside of PowerShell
[33.400s] DEBUG:colcon.colcon_core.shell:Skip shell extension 'dsv' for command environment
[33.442s] DEBUG:colcon.colcon_core.event_handler.log_command:Invoking command in '/home/melih/Desktop/AGV/build/agv_launch': AMENT_PREFIX_PATH=/home/melih/Desktop/AGV/install/agv_py:/home/melih/Desktop/AGV/install/agv_launch:/home/melih/Desktop/AGV/install/agv_cpp:/home/melih/Desktop/AGV/install/agv_interfaces:/home/melih/Desktop/New_Folder_1/install/ydlidar_ros2_driver:/home/melih/Desktop/ros_lifecycle_node/install/lifecycle_node_py:/home/melih/Desktop/ros_lifecycle_node/install/lifecycle_node_cpp:/home/melih/Desktop/ros_example/turtlesim_project/install/turtlesim_launch_bringup:/home/melih/Desktop/ros_example/turtlesim_project/install/turtlesim_py:/home/melih/Desktop/ros_example/edouard_turtlesim_project/install/turtlesim_catch_them_all_launch_bringup:/home/melih/Desktop/ros_example/edouard_turtlesim_project/install/turtlesim_catch_them_all:/home/melih/Desktop/ros_example/battery_led_states/install/package_py:/home/melih/Desktop/ros_example/battery_led_states/install/package_cpp:/home/melih/Desktop/ros_msgs/install/my_robot_interfaces:/home/melih/Desktop/ros_cpp2/install/rdr2:/home/melih/Desktop/ros_py/install/my_robot_bringup:/home/melih/Desktop/ros_py/install/my_robot:/home/melih/Desktop/ros_action/install/actions_py:/home/melih/Desktop/ros_action/install/actions_cpp:/home/melih/Desktop/ros_action/install/robot_action_interfaces:/opt/ros/humble CMAKE_PREFIX_PATH=/home/melih/Desktop/AGV/install/agv_cpp:/home/melih/Desktop/AGV/install/agv_interfaces:/home/melih/Desktop/AGV/install/agv_launch:/home/melih/Desktop/New_Folder_1/install/ydlidar_ros2_driver:/home/melih/Desktop/ros_lifecycle_node/install/lifecycle_node_cpp:/home/melih/Desktop/ros_example/turtlesim_project/install/turtlesim_launch_bringup:/home/melih/Desktop/ros_example/edouard_turtlesim_project/install/turtlesim_catch_them_all_launch_bringup:/home/melih/Desktop/ros_example/battery_led_states/install/package_cpp:/home/melih/Desktop/ros_msgs/install/my_robot_interfaces:/home/melih/Desktop/ros_cpp2/install/rdr2:/home/melih/Desktop/ros_py/install/my_robot_bringup:/home/melih/Desktop/ros_action/install/actions_cpp:/home/melih/Desktop/ros_action/install/robot_action_interfaces:/home/melih/Desktop/AGV/install/agv_py:/home/melih/Desktop/ros_lifecycle_node/install/lifecycle_node_py:/home/melih/Desktop/ros_example/turtlesim_project/install/turtlesim_py:/home/melih/Desktop/ros_example/edouard_turtlesim_project/install/turtlesim_catch_them_all:/home/melih/Desktop/ros_example/battery_led_states/install/package_py:/home/melih/Desktop/ros_py/install/my_robot:/home/melih/Desktop/ros_action/install/actions_py:/opt/ros/humble /usr/bin/cmake --build /home/melih/Desktop/AGV/build/agv_launch -- -j4 -l4
[33.510s] DEBUG:colcon.colcon_core.event_handler.log_command:Invoked command in '/home/melih/Desktop/AGV/build/agv_launch' returned '0': AMENT_PREFIX_PATH=/home/melih/Desktop/AGV/install/agv_py:/home/melih/Desktop/AGV/install/agv_launch:/home/melih/Desktop/AGV/install/agv_cpp:/home/melih/Desktop/AGV/install/agv_interfaces:/home/melih/Desktop/New_Folder_1/install/ydlidar_ros2_driver:/home/melih/Desktop/ros_lifecycle_node/install/lifecycle_node_py:/home/melih/Desktop/ros_lifecycle_node/install/lifecycle_node_cpp:/home/melih/Desktop/ros_example/turtlesim_project/install/turtlesim_launch_bringup:/home/melih/Desktop/ros_example/turtlesim_project/install/turtlesim_py:/home/melih/Desktop/ros_example/edouard_turtlesim_project/install/turtlesim_catch_them_all_launch_bringup:/home/melih/Desktop/ros_example/edouard_turtlesim_project/install/turtlesim_catch_them_all:/home/melih/Desktop/ros_example/battery_led_states/install/package_py:/home/melih/Desktop/ros_example/battery_led_states/install/package_cpp:/home/melih/Desktop/ros_msgs/install/my_robot_interfaces:/home/melih/Desktop/ros_cpp2/install/rdr2:/home/melih/Desktop/ros_py/install/my_robot_bringup:/home/melih/Desktop/ros_py/install/my_robot:/home/melih/Desktop/ros_action/install/actions_py:/home/melih/Desktop/ros_action/install/actions_cpp:/home/melih/Desktop/ros_action/install/robot_action_interfaces:/opt/ros/humble CMAKE_PREFIX_PATH=/home/melih/Desktop/AGV/install/agv_cpp:/home/melih/Desktop/AGV/install/agv_interfaces:/home/melih/Desktop/AGV/install/agv_launch:/home/melih/Desktop/New_Folder_1/install/ydlidar_ros2_driver:/home/melih/Desktop/ros_lifecycle_node/install/lifecycle_node_cpp:/home/melih/Desktop/ros_example/turtlesim_project/install/turtlesim_launch_bringup:/home/melih/Desktop/ros_example/edouard_turtlesim_project/install/turtlesim_catch_them_all_launch_bringup:/home/melih/Desktop/ros_example/battery_led_states/install/package_cpp:/home/melih/Desktop/ros_msgs/install/my_robot_interfaces:/home/melih/Desktop/ros_cpp2/install/rdr2:/home/melih/Desktop/ros_py/install/my_robot_bringup:/home/melih/Desktop/ros_action/install/actions_cpp:/home/melih/Desktop/ros_action/install/robot_action_interfaces:/home/melih/Desktop/AGV/install/agv_py:/home/melih/Desktop/ros_lifecycle_node/install/lifecycle_node_py:/home/melih/Desktop/ros_example/turtlesim_project/install/turtlesim_py:/home/melih/Desktop/ros_example/edouard_turtlesim_project/install/turtlesim_catch_them_all:/home/melih/Desktop/ros_example/battery_led_states/install/package_py:/home/melih/Desktop/ros_py/install/my_robot:/home/melih/Desktop/ros_action/install/actions_py:/opt/ros/humble /usr/bin/cmake --build /home/melih/Desktop/AGV/build/agv_launch -- -j4 -l4
[33.559s] DEBUG:colcon.colcon_core.event_handler.log_command:Invoking command in '/home/melih/Desktop/AGV/build/agv_launch': AMENT_PREFIX_PATH=/home/melih/Desktop/AGV/install/agv_py:/home/melih/Desktop/AGV/install/agv_launch:/home/melih/Desktop/AGV/install/agv_cpp:/home/melih/Desktop/AGV/install/agv_interfaces:/home/melih/Desktop/New_Folder_1/install/ydlidar_ros2_driver:/home/melih/Desktop/ros_lifecycle_node/install/lifecycle_node_py:/home/melih/Desktop/ros_lifecycle_node/install/lifecycle_node_cpp:/home/melih/Desktop/ros_example/turtlesim_project/install/turtlesim_launch_bringup:/home/melih/Desktop/ros_example/turtlesim_project/install/turtlesim_py:/home/melih/Desktop/ros_example/edouard_turtlesim_project/install/turtlesim_catch_them_all_launch_bringup:/home/melih/Desktop/ros_example/edouard_turtlesim_project/install/turtlesim_catch_them_all:/home/melih/Desktop/ros_example/battery_led_states/install/package_py:/home/melih/Desktop/ros_example/battery_led_states/install/package_cpp:/home/melih/Desktop/ros_msgs/install/my_robot_interfaces:/home/melih/Desktop/ros_cpp2/install/rdr2:/home/melih/Desktop/ros_py/install/my_robot_bringup:/home/melih/Desktop/ros_py/install/my_robot:/home/melih/Desktop/ros_action/install/actions_py:/home/melih/Desktop/ros_action/install/actions_cpp:/home/melih/Desktop/ros_action/install/robot_action_interfaces:/opt/ros/humble CMAKE_PREFIX_PATH=/home/melih/Desktop/AGV/install/agv_cpp:/home/melih/Desktop/AGV/install/agv_interfaces:/home/melih/Desktop/AGV/install/agv_launch:/home/melih/Desktop/New_Folder_1/install/ydlidar_ros2_driver:/home/melih/Desktop/ros_lifecycle_node/install/lifecycle_node_cpp:/home/melih/Desktop/ros_example/turtlesim_project/install/turtlesim_launch_bringup:/home/melih/Desktop/ros_example/edouard_turtlesim_project/install/turtlesim_catch_them_all_launch_bringup:/home/melih/Desktop/ros_example/battery_led_states/install/package_cpp:/home/melih/Desktop/ros_msgs/install/my_robot_interfaces:/home/melih/Desktop/ros_cpp2/install/rdr2:/home/melih/Desktop/ros_py/install/my_robot_bringup:/home/melih/Desktop/ros_action/install/actions_cpp:/home/melih/Desktop/ros_action/install/robot_action_interfaces:/home/melih/Desktop/AGV/install/agv_py:/home/melih/Desktop/ros_lifecycle_node/install/lifecycle_node_py:/home/melih/Desktop/ros_example/turtlesim_project/install/turtlesim_py:/home/melih/Desktop/ros_example/edouard_turtlesim_project/install/turtlesim_catch_them_all:/home/melih/Desktop/ros_example/battery_led_states/install/package_py:/home/melih/Desktop/ros_py/install/my_robot:/home/melih/Desktop/ros_action/install/actions_py:/opt/ros/humble /usr/bin/cmake --install /home/melih/Desktop/AGV/build/agv_launch
[33.577s] Level 1:colcon.colcon_core.environment:create_environment_scripts_only(agv_launch)
[33.578s] Level 1:colcon.colcon_core.environment:checking '/home/melih/Desktop/AGV/install/agv_launch' for CMake module files
[33.579s] DEBUG:colcon.colcon_core.event_handler.log_command:Invoked command in '/home/melih/Desktop/AGV/build/agv_launch' returned '0': AMENT_PREFIX_PATH=/home/melih/Desktop/AGV/install/agv_py:/home/melih/Desktop/AGV/install/agv_launch:/home/melih/Desktop/AGV/install/agv_cpp:/home/melih/Desktop/AGV/install/agv_interfaces:/home/melih/Desktop/New_Folder_1/install/ydlidar_ros2_driver:/home/melih/Desktop/ros_lifecycle_node/install/lifecycle_node_py:/home/melih/Desktop/ros_lifecycle_node/install/lifecycle_node_cpp:/home/melih/Desktop/ros_example/turtlesim_project/install/turtlesim_launch_bringup:/home/melih/Desktop/ros_example/turtlesim_project/install/turtlesim_py:/home/melih/Desktop/ros_example/edouard_turtlesim_project/install/turtlesim_catch_them_all_launch_bringup:/home/melih/Desktop/ros_example/edouard_turtlesim_project/install/turtlesim_catch_them_all:/home/melih/Desktop/ros_example/battery_led_states/install/package_py:/home/melih/Desktop/ros_example/battery_led_states/install/package_cpp:/home/melih/Desktop/ros_msgs/install/my_robot_interfaces:/home/melih/Desktop/ros_cpp2/install/rdr2:/home/melih/Desktop/ros_py/install/my_robot_bringup:/home/melih/Desktop/ros_py/install/my_robot:/home/melih/Desktop/ros_action/install/actions_py:/home/melih/Desktop/ros_action/install/actions_cpp:/home/melih/Desktop/ros_action/install/robot_action_interfaces:/opt/ros/humble CMAKE_PREFIX_PATH=/home/melih/Desktop/AGV/install/agv_cpp:/home/melih/Desktop/AGV/install/agv_interfaces:/home/melih/Desktop/AGV/install/agv_launch:/home/melih/Desktop/New_Folder_1/install/ydlidar_ros2_driver:/home/melih/Desktop/ros_lifecycle_node/install/lifecycle_node_cpp:/home/melih/Desktop/ros_example/turtlesim_project/install/turtlesim_launch_bringup:/home/melih/Desktop/ros_example/edouard_turtlesim_project/install/turtlesim_catch_them_all_launch_bringup:/home/melih/Desktop/ros_example/battery_led_states/install/package_cpp:/home/melih/Desktop/ros_msgs/install/my_robot_interfaces:/home/melih/Desktop/ros_cpp2/install/rdr2:/home/melih/Desktop/ros_py/install/my_robot_bringup:/home/melih/Desktop/ros_action/install/actions_cpp:/home/melih/Desktop/ros_action/install/robot_action_interfaces:/home/melih/Desktop/AGV/install/agv_py:/home/melih/Desktop/ros_lifecycle_node/install/lifecycle_node_py:/home/melih/Desktop/ros_example/turtlesim_project/install/turtlesim_py:/home/melih/Desktop/ros_example/edouard_turtlesim_project/install/turtlesim_catch_them_all:/home/melih/Desktop/ros_example/battery_led_states/install/package_py:/home/melih/Desktop/ros_py/install/my_robot:/home/melih/Desktop/ros_action/install/actions_py:/opt/ros/humble /usr/bin/cmake --install /home/melih/Desktop/AGV/build/agv_launch
[33.579s] Level 1:colcon.colcon_core.environment:checking '/home/melih/Desktop/AGV/install/agv_launch' for CMake config files
[33.580s] Level 1:colcon.colcon_core.shell:create_environment_hook('agv_launch', 'cmake_prefix_path')
[33.580s] INFO:colcon.colcon_core.shell:Creating environment hook '/home/melih/Desktop/AGV/install/agv_launch/share/agv_launch/hook/cmake_prefix_path.ps1'
[33.581s] INFO:colcon.colcon_core.shell:Creating environment descriptor '/home/melih/Desktop/AGV/install/agv_launch/share/agv_launch/hook/cmake_prefix_path.dsv'
[33.582s] INFO:colcon.colcon_core.shell:Creating environment hook '/home/melih/Desktop/AGV/install/agv_launch/share/agv_launch/hook/cmake_prefix_path.sh'
[33.583s] Level 1:colcon.colcon_core.environment:checking '/home/melih/Desktop/AGV/install/agv_launch/bin'
[33.584s] Level 1:colcon.colcon_core.environment:checking '/home/melih/Desktop/AGV/install/agv_launch/lib/pkgconfig/agv_launch.pc'
[33.585s] Level 1:colcon.colcon_core.environment:checking '/home/melih/Desktop/AGV/install/agv_launch/lib/python3.10/site-packages'
[33.586s] Level 1:colcon.colcon_core.environment:checking '/home/melih/Desktop/AGV/install/agv_launch/bin'
[33.587s] INFO:colcon.colcon_core.shell:Creating package script '/home/melih/Desktop/AGV/install/agv_launch/share/agv_launch/package.ps1'
[33.589s] INFO:colcon.colcon_core.shell:Creating package descriptor '/home/melih/Desktop/AGV/install/agv_launch/share/agv_launch/package.dsv'
[33.590s] INFO:colcon.colcon_core.shell:Creating package script '/home/melih/Desktop/AGV/install/agv_launch/share/agv_launch/package.sh'
[33.591s] INFO:colcon.colcon_core.shell:Creating package script '/home/melih/Desktop/AGV/install/agv_launch/share/agv_launch/package.bash'
[33.592s] INFO:colcon.colcon_core.shell:Creating package script '/home/melih/Desktop/AGV/install/agv_launch/share/agv_launch/package.zsh'
[33.593s] Level 1:colcon.colcon_core.environment:create_file_with_runtime_dependencies(/home/melih/Desktop/AGV/install/agv_launch/share/colcon-core/packages/agv_launch)
[33.640s] Level 1:colcon.colcon_core.environment:create_environment_scripts_only(agv_launch)
[33.641s] Level 1:colcon.colcon_core.environment:checking '/home/melih/Desktop/AGV/install/agv_launch' for CMake module files
[33.642s] Level 1:colcon.colcon_core.environment:checking '/home/melih/Desktop/AGV/install/agv_launch' for CMake config files
[33.642s] Level 1:colcon.colcon_core.shell:create_environment_hook('agv_launch', 'cmake_prefix_path')
[33.643s] INFO:colcon.colcon_core.shell:Creating environment hook '/home/melih/Desktop/AGV/install/agv_launch/share/agv_launch/hook/cmake_prefix_path.ps1'
[33.644s] INFO:colcon.colcon_core.shell:Creating environment descriptor '/home/melih/Desktop/AGV/install/agv_launch/share/agv_launch/hook/cmake_prefix_path.dsv'
[33.644s] INFO:colcon.colcon_core.shell:Creating environment hook '/home/melih/Desktop/AGV/install/agv_launch/share/agv_launch/hook/cmake_prefix_path.sh'
[33.645s] Level 1:colcon.colcon_core.environment:checking '/home/melih/Desktop/AGV/install/agv_launch/bin'
[33.646s] Level 1:colcon.colcon_core.environment:checking '/home/melih/Desktop/AGV/install/agv_launch/lib/pkgconfig/agv_launch.pc'
[33.646s] Level 1:colcon.colcon_core.environment:checking '/home/melih/Desktop/AGV/install/agv_launch/lib/python3.10/site-packages'
[33.646s] Level 1:colcon.colcon_core.environment:checking '/home/melih/Desktop/AGV/install/agv_launch/bin'
[33.647s] INFO:colcon.colcon_core.shell:Creating package script '/home/melih/Desktop/AGV/install/agv_launch/share/agv_launch/package.ps1'
[33.648s] INFO:colcon.colcon_core.shell:Creating package descriptor '/home/melih/Desktop/AGV/install/agv_launch/share/agv_launch/package.dsv'
[33.649s] INFO:colcon.colcon_core.shell:Creating package script '/home/melih/Desktop/AGV/install/agv_launch/share/agv_launch/package.sh'
[33.650s] INFO:colcon.colcon_core.shell:Creating package script '/home/melih/Desktop/AGV/install/agv_launch/share/agv_launch/package.bash'
[33.651s] INFO:colcon.colcon_core.shell:Creating package script '/home/melih/Desktop/AGV/install/agv_launch/share/agv_launch/package.zsh'
[33.652s] Level 1:colcon.colcon_core.environment:create_file_with_runtime_dependencies(/home/melih/Desktop/AGV/install/agv_launch/share/colcon-core/packages/agv_launch)
[33.652s] DEBUG:colcon.colcon_parallel_executor.executor.parallel:closing loop
[33.653s] DEBUG:colcon.colcon_parallel_executor.executor.parallel:loop closed
[33.653s] DEBUG:colcon.colcon_parallel_executor.executor.parallel:run_until_complete finished with '0'
[33.653s] DEBUG:colcon.colcon_core.event_reactor:joining thread
[33.670s] INFO:colcon.colcon_core.plugin_system:Skipping extension 'colcon_notification.desktop_notification.terminal_notifier': Not used on non-Darwin systems
[33.670s] INFO:colcon.colcon_core.plugin_system:Skipping extension 'colcon_notification.desktop_notification.win32': Not used on non-Windows systems
[33.670s] INFO:colcon.colcon_notification.desktop_notification:Sending desktop notification using 'notify2'
[33.697s] DEBUG:colcon.colcon_core.event_reactor:joined thread
[33.697s] INFO:colcon.colcon_core.shell:Creating prefix script '/home/melih/Desktop/AGV/install/local_setup.ps1'
[33.700s] INFO:colcon.colcon_core.shell:Creating prefix util module '/home/melih/Desktop/AGV/install/_local_setup_util_ps1.py'
[33.706s] INFO:colcon.colcon_core.shell:Creating prefix chain script '/home/melih/Desktop/AGV/install/setup.ps1'
[33.714s] INFO:colcon.colcon_core.shell:Creating prefix script '/home/melih/Desktop/AGV/install/local_setup.sh'
[33.715s] INFO:colcon.colcon_core.shell:Creating prefix util module '/home/melih/Desktop/AGV/install/_local_setup_util_sh.py'
[33.716s] INFO:colcon.colcon_core.shell:Creating prefix chain script '/home/melih/Desktop/AGV/install/setup.sh'
[33.723s] INFO:colcon.colcon_core.shell:Creating prefix script '/home/melih/Desktop/AGV/install/local_setup.bash'
[33.724s] INFO:colcon.colcon_core.shell:Creating prefix chain script '/home/melih/Desktop/AGV/install/setup.bash'
[33.728s] INFO:colcon.colcon_core.shell:Creating prefix script '/home/melih/Desktop/AGV/install/local_setup.zsh'
[33.729s] INFO:colcon.colcon_core.shell:Creating prefix chain script '/home/melih/Desktop/AGV/install/setup.zsh'
