[0.312s] DEBUG:colcon:Command line arguments: ['/home/melih/.local/bin/colcon', 'build']
[0.312s] DEBUG:colcon:Parsed command line arguments: Namespace(log_base=None, log_level=None, verb_name='build', build_base='build', install_base='install', merge_install=False, symlink_install=False, test_result_base=None, continue_on_error=False, executor='parallel', parallel_workers=4, event_handlers=None, ignore_user_meta=False, metas=['./colcon.meta'], base_paths=['.'], packages_ignore=None, packages_ignore_regex=None, paths=None, packages_up_to=None, packages_up_to_regex=None, packages_above=None, packages_above_and_dependencies=None, packages_above_depth=None, packages_select_by_dep=None, packages_skip_by_dep=None, packages_skip_up_to=None, packages_select_build_failed=False, packages_skip_build_finished=False, packages_select_test_failures=False, packages_skip_test_passed=False, packages_select=None, packages_skip=None, packages_select_regex=None, packages_skip_regex=None, packages_start=None, packages_end=None, allow_overriding=[], cmake_args=None, cmake_target=None, cmake_target_skip_unavailable=False, cmake_clean_cache=False, cmake_clean_first=False, cmake_force_configure=False, ament_cmake_args=None, catkin_cmake_args=None, catkin_skip_building_tests=False, verb_parser=<colcon_defaults.argument_parser.defaults.DefaultArgumentsDecorator object at 0x7ee9a98e0b80>, verb_extension=<colcon_core.verb.build.BuildVerb object at 0x7ee9a98e0070>, main=<bound method BuildVerb.main of <colcon_core.verb.build.BuildVerb object at 0x7ee9a98e0070>>)
[0.710s] Level 1:colcon.colcon_core.package_discovery:discover_packages(colcon_meta) check parameters
[0.710s] Level 1:colcon.colcon_core.package_discovery:discover_packages(recursive) check parameters
[0.710s] Level 1:colcon.colcon_core.package_discovery:discover_packages(ignore) check parameters
[0.710s] Level 1:colcon.colcon_core.package_discovery:discover_packages(path) check parameters
[0.710s] Level 1:colcon.colcon_core.package_discovery:discover_packages(colcon_meta) discover
[0.710s] Level 1:colcon.colcon_core.package_discovery:discover_packages(recursive) discover
[0.710s] INFO:colcon.colcon_core.package_discovery:Crawling recursively for packages in '/home/melih/Desktop/AGV'
[0.711s] Level 1:colcon.colcon_core.package_identification:_identify(.) by extensions ['ignore', 'ignore_ament_install']
[0.711s] Level 1:colcon.colcon_core.package_identification:_identify(.) by extension 'ignore'
[0.711s] Level 1:colcon.colcon_core.package_identification:_identify(.) by extension 'ignore_ament_install'
[0.711s] Level 1:colcon.colcon_core.package_identification:_identify(.) by extensions ['colcon_pkg']
[0.711s] Level 1:colcon.colcon_core.package_identification:_identify(.) by extension 'colcon_pkg'
[0.711s] Level 1:colcon.colcon_core.package_identification:_identify(.) by extensions ['colcon_meta']
[0.711s] Level 1:colcon.colcon_core.package_identification:_identify(.) by extension 'colcon_meta'
[0.712s] Level 1:colcon.colcon_core.package_identification:_identify(.) by extensions ['ros']
[0.712s] Level 1:colcon.colcon_core.package_identification:_identify(.) by extension 'ros'
[0.737s] Level 1:colcon.colcon_core.package_identification:_identify(.) by extensions ['cmake', 'python']
[0.737s] Level 1:colcon.colcon_core.package_identification:_identify(.) by extension 'cmake'
[0.737s] Level 1:colcon.colcon_core.package_identification:_identify(.) by extension 'python'
[0.738s] Level 1:colcon.colcon_core.package_identification:_identify(.) by extensions ['python_setup_py']
[0.738s] Level 1:colcon.colcon_core.package_identification:_identify(.) by extension 'python_setup_py'
[0.738s] Level 1:colcon.colcon_core.package_identification:_identify(build) by extensions ['ignore', 'ignore_ament_install']
[0.738s] Level 1:colcon.colcon_core.package_identification:_identify(build) by extension 'ignore'
[0.738s] Level 1:colcon.colcon_core.package_identification:_identify(build) ignored
[0.738s] Level 1:colcon.colcon_core.package_identification:_identify(install) by extensions ['ignore', 'ignore_ament_install']
[0.739s] Level 1:colcon.colcon_core.package_identification:_identify(install) by extension 'ignore'
[0.739s] Level 1:colcon.colcon_core.package_identification:_identify(install) ignored
[0.739s] Level 1:colcon.colcon_core.package_identification:_identify(log) by extensions ['ignore', 'ignore_ament_install']
[0.739s] Level 1:colcon.colcon_core.package_identification:_identify(log) by extension 'ignore'
[0.739s] Level 1:colcon.colcon_core.package_identification:_identify(log) ignored
[0.739s] Level 1:colcon.colcon_core.package_identification:_identify(src) by extensions ['ignore', 'ignore_ament_install']
[0.740s] Level 1:colcon.colcon_core.package_identification:_identify(src) by extension 'ignore'
[0.740s] Level 1:colcon.colcon_core.package_identification:_identify(src) by extension 'ignore_ament_install'
[0.740s] Level 1:colcon.colcon_core.package_identification:_identify(src) by extensions ['colcon_pkg']
[0.740s] Level 1:colcon.colcon_core.package_identification:_identify(src) by extension 'colcon_pkg'
[0.740s] Level 1:colcon.colcon_core.package_identification:_identify(src) by extensions ['colcon_meta']
[0.740s] Level 1:colcon.colcon_core.package_identification:_identify(src) by extension 'colcon_meta'
[0.740s] Level 1:colcon.colcon_core.package_identification:_identify(src) by extensions ['ros']
[0.740s] Level 1:colcon.colcon_core.package_identification:_identify(src) by extension 'ros'
[0.740s] Level 1:colcon.colcon_core.package_identification:_identify(src) by extensions ['cmake', 'python']
[0.740s] Level 1:colcon.colcon_core.package_identification:_identify(src) by extension 'cmake'
[0.740s] Level 1:colcon.colcon_core.package_identification:_identify(src) by extension 'python'
[0.740s] Level 1:colcon.colcon_core.package_identification:_identify(src) by extensions ['python_setup_py']
[0.741s] Level 1:colcon.colcon_core.package_identification:_identify(src) by extension 'python_setup_py'
[0.741s] Level 1:colcon.colcon_core.package_identification:_identify(src/agv_cpp) by extensions ['ignore', 'ignore_ament_install']
[0.741s] Level 1:colcon.colcon_core.package_identification:_identify(src/agv_cpp) by extension 'ignore'
[0.741s] Level 1:colcon.colcon_core.package_identification:_identify(src/agv_cpp) by extension 'ignore_ament_install'
[0.741s] Level 1:colcon.colcon_core.package_identification:_identify(src/agv_cpp) by extensions ['colcon_pkg']
[0.741s] Level 1:colcon.colcon_core.package_identification:_identify(src/agv_cpp) by extension 'colcon_pkg'
[0.741s] Level 1:colcon.colcon_core.package_identification:_identify(src/agv_cpp) by extensions ['colcon_meta']
[0.742s] Level 1:colcon.colcon_core.package_identification:_identify(src/agv_cpp) by extension 'colcon_meta'
[0.742s] Level 1:colcon.colcon_core.package_identification:_identify(src/agv_cpp) by extensions ['ros']
[0.742s] Level 1:colcon.colcon_core.package_identification:_identify(src/agv_cpp) by extension 'ros'
[0.748s] DEBUG:colcon.colcon_core.package_identification:Package 'src/agv_cpp' with type 'ros.ament_cmake' and name 'agv_cpp'
[0.749s] Level 1:colcon.colcon_core.package_identification:_identify(src/agv_interfaces) by extensions ['ignore', 'ignore_ament_install']
[0.749s] Level 1:colcon.colcon_core.package_identification:_identify(src/agv_interfaces) by extension 'ignore'
[0.749s] Level 1:colcon.colcon_core.package_identification:_identify(src/agv_interfaces) by extension 'ignore_ament_install'
[0.749s] Level 1:colcon.colcon_core.package_identification:_identify(src/agv_interfaces) by extensions ['colcon_pkg']
[0.749s] Level 1:colcon.colcon_core.package_identification:_identify(src/agv_interfaces) by extension 'colcon_pkg'
[0.749s] Level 1:colcon.colcon_core.package_identification:_identify(src/agv_interfaces) by extensions ['colcon_meta']
[0.749s] Level 1:colcon.colcon_core.package_identification:_identify(src/agv_interfaces) by extension 'colcon_meta'
[0.750s] Level 1:colcon.colcon_core.package_identification:_identify(src/agv_interfaces) by extensions ['ros']
[0.750s] Level 1:colcon.colcon_core.package_identification:_identify(src/agv_interfaces) by extension 'ros'
[0.751s] DEBUG:colcon.colcon_core.package_identification:Package 'src/agv_interfaces' with type 'ros.ament_cmake' and name 'agv_interfaces'
[0.752s] Level 1:colcon.colcon_core.package_identification:_identify(src/agv_launch) by extensions ['ignore', 'ignore_ament_install']
[0.752s] Level 1:colcon.colcon_core.package_identification:_identify(src/agv_launch) by extension 'ignore'
[0.752s] Level 1:colcon.colcon_core.package_identification:_identify(src/agv_launch) by extension 'ignore_ament_install'
[0.752s] Level 1:colcon.colcon_core.package_identification:_identify(src/agv_launch) by extensions ['colcon_pkg']
[0.752s] Level 1:colcon.colcon_core.package_identification:_identify(src/agv_launch) by extension 'colcon_pkg'
[0.752s] Level 1:colcon.colcon_core.package_identification:_identify(src/agv_launch) by extensions ['colcon_meta']
[0.752s] Level 1:colcon.colcon_core.package_identification:_identify(src/agv_launch) by extension 'colcon_meta'
[0.753s] Level 1:colcon.colcon_core.package_identification:_identify(src/agv_launch) by extensions ['ros']
[0.753s] Level 1:colcon.colcon_core.package_identification:_identify(src/agv_launch) by extension 'ros'
[0.754s] DEBUG:colcon.colcon_core.package_identification:Package 'src/agv_launch' with type 'ros.ament_cmake' and name 'agv_launch'
[0.755s] Level 1:colcon.colcon_core.package_identification:_identify(src/agv_py) by extensions ['ignore', 'ignore_ament_install']
[0.755s] Level 1:colcon.colcon_core.package_identification:_identify(src/agv_py) by extension 'ignore'
[0.755s] Level 1:colcon.colcon_core.package_identification:_identify(src/agv_py) by extension 'ignore_ament_install'
[0.755s] Level 1:colcon.colcon_core.package_identification:_identify(src/agv_py) by extensions ['colcon_pkg']
[0.755s] Level 1:colcon.colcon_core.package_identification:_identify(src/agv_py) by extension 'colcon_pkg'
[0.755s] Level 1:colcon.colcon_core.package_identification:_identify(src/agv_py) by extensions ['colcon_meta']
[0.755s] Level 1:colcon.colcon_core.package_identification:_identify(src/agv_py) by extension 'colcon_meta'
[0.756s] Level 1:colcon.colcon_core.package_identification:_identify(src/agv_py) by extensions ['ros']
[0.756s] Level 1:colcon.colcon_core.package_identification:_identify(src/agv_py) by extension 'ros'
[0.757s] DEBUG:colcon.colcon_core.package_identification:Package 'src/agv_py' with type 'ros.ament_python' and name 'agv_py'
[0.757s] Level 1:colcon.colcon_core.package_discovery:discover_packages(recursive) using defaults
[0.757s] Level 1:colcon.colcon_core.package_discovery:discover_packages(ignore) discover
[0.757s] Level 1:colcon.colcon_core.package_discovery:discover_packages(ignore) using defaults
[0.757s] Level 1:colcon.colcon_core.package_discovery:discover_packages(path) discover
[0.757s] Level 1:colcon.colcon_core.package_discovery:discover_packages(path) using defaults
[0.802s] Level 1:colcon.colcon_core.package_discovery:discover_packages(prefix_path) check parameters
[0.802s] Level 1:colcon.colcon_core.package_discovery:discover_packages(prefix_path) discover
[0.808s] DEBUG:colcon.colcon_installed_package_information.package_discovery:Found 1 installed packages in /home/melih/Desktop/New_Folder_1/install
[0.809s] DEBUG:colcon.colcon_installed_package_information.package_discovery:Found 2 installed packages in /home/melih/Desktop/ros_lifecycle_node/install
[0.810s] DEBUG:colcon.colcon_installed_package_information.package_discovery:Found 2 installed packages in /home/melih/Desktop/ros_example/turtlesim_project/install
[0.811s] DEBUG:colcon.colcon_installed_package_information.package_discovery:Found 2 installed packages in /home/melih/Desktop/ros_example/edouard_turtlesim_project/install
[0.812s] DEBUG:colcon.colcon_installed_package_information.package_discovery:Found 2 installed packages in /home/melih/Desktop/ros_example/battery_led_states/install
[0.813s] DEBUG:colcon.colcon_installed_package_information.package_discovery:Found 1 installed packages in /home/melih/Desktop/ros_msgs/install
[0.814s] DEBUG:colcon.colcon_installed_package_information.package_discovery:Found 1 installed packages in /home/melih/Desktop/ros_cpp2/install
[0.816s] DEBUG:colcon.colcon_installed_package_information.package_discovery:Found 2 installed packages in /home/melih/Desktop/ros_py/install
[0.817s] DEBUG:colcon.colcon_installed_package_information.package_discovery:Found 4 installed packages in /home/melih/Desktop/AGV/install
[0.818s] DEBUG:colcon.colcon_installed_package_information.package_discovery:Found 0 installed packages in /home/melih/Desktop/ros_ws/install
[0.819s] DEBUG:colcon.colcon_installed_package_information.package_discovery:Found 3 installed packages in /home/melih/Desktop/ros_action/install
[0.823s] DEBUG:colcon.colcon_installed_package_information.package_discovery:Found 388 installed packages in /opt/ros/humble
[0.828s] Level 1:colcon.colcon_core.package_discovery:discover_packages(prefix_path) using defaults
[0.965s] Level 5:colcon.colcon_core.verb:set package 'agv_interfaces' build argument 'cmake_args' from command line to 'None'
[0.966s] Level 5:colcon.colcon_core.verb:set package 'agv_interfaces' build argument 'cmake_target' from command line to 'None'
[0.966s] Level 5:colcon.colcon_core.verb:set package 'agv_interfaces' build argument 'cmake_target_skip_unavailable' from command line to 'False'
[0.966s] Level 5:colcon.colcon_core.verb:set package 'agv_interfaces' build argument 'cmake_clean_cache' from command line to 'False'
[0.966s] Level 5:colcon.colcon_core.verb:set package 'agv_interfaces' build argument 'cmake_clean_first' from command line to 'False'
[0.966s] Level 5:colcon.colcon_core.verb:set package 'agv_interfaces' build argument 'cmake_force_configure' from command line to 'False'
[0.966s] Level 5:colcon.colcon_core.verb:set package 'agv_interfaces' build argument 'ament_cmake_args' from command line to 'None'
[0.966s] Level 5:colcon.colcon_core.verb:set package 'agv_interfaces' build argument 'catkin_cmake_args' from command line to 'None'
[0.966s] Level 5:colcon.colcon_core.verb:set package 'agv_interfaces' build argument 'catkin_skip_building_tests' from command line to 'False'
[0.966s] DEBUG:colcon.colcon_core.verb:Building package 'agv_interfaces' with the following arguments: {'ament_cmake_args': None, 'build_base': '/home/melih/Desktop/AGV/build/agv_interfaces', 'catkin_cmake_args': None, 'catkin_skip_building_tests': False, 'cmake_args': None, 'cmake_clean_cache': False, 'cmake_clean_first': False, 'cmake_force_configure': False, 'cmake_target': None, 'cmake_target_skip_unavailable': False, 'install_base': '/home/melih/Desktop/AGV/install/agv_interfaces', 'merge_install': False, 'path': '/home/melih/Desktop/AGV/src/agv_interfaces', 'symlink_install': False, 'test_result_base': None}
[0.967s] Level 5:colcon.colcon_core.verb:set package 'agv_py' build argument 'cmake_args' from command line to 'None'
[0.967s] Level 5:colcon.colcon_core.verb:set package 'agv_py' build argument 'cmake_target' from command line to 'None'
[0.967s] Level 5:colcon.colcon_core.verb:set package 'agv_py' build argument 'cmake_target_skip_unavailable' from command line to 'False'
[0.967s] Level 5:colcon.colcon_core.verb:set package 'agv_py' build argument 'cmake_clean_cache' from command line to 'False'
[0.967s] Level 5:colcon.colcon_core.verb:set package 'agv_py' build argument 'cmake_clean_first' from command line to 'False'
[0.967s] Level 5:colcon.colcon_core.verb:set package 'agv_py' build argument 'cmake_force_configure' from command line to 'False'
[0.968s] Level 5:colcon.colcon_core.verb:set package 'agv_py' build argument 'ament_cmake_args' from command line to 'None'
[0.968s] Level 5:colcon.colcon_core.verb:set package 'agv_py' build argument 'catkin_cmake_args' from command line to 'None'
[0.968s] Level 5:colcon.colcon_core.verb:set package 'agv_py' build argument 'catkin_skip_building_tests' from command line to 'False'
[0.968s] DEBUG:colcon.colcon_core.verb:Building package 'agv_py' with the following arguments: {'ament_cmake_args': None, 'build_base': '/home/melih/Desktop/AGV/build/agv_py', 'catkin_cmake_args': None, 'catkin_skip_building_tests': False, 'cmake_args': None, 'cmake_clean_cache': False, 'cmake_clean_first': False, 'cmake_force_configure': False, 'cmake_target': None, 'cmake_target_skip_unavailable': False, 'install_base': '/home/melih/Desktop/AGV/install/agv_py', 'merge_install': False, 'path': '/home/melih/Desktop/AGV/src/agv_py', 'symlink_install': False, 'test_result_base': None}
[0.968s] Level 5:colcon.colcon_core.verb:set package 'agv_cpp' build argument 'cmake_args' from command line to 'None'
[0.969s] Level 5:colcon.colcon_core.verb:set package 'agv_cpp' build argument 'cmake_target' from command line to 'None'
[0.969s] Level 5:colcon.colcon_core.verb:set package 'agv_cpp' build argument 'cmake_target_skip_unavailable' from command line to 'False'
[0.969s] Level 5:colcon.colcon_core.verb:set package 'agv_cpp' build argument 'cmake_clean_cache' from command line to 'False'
[0.969s] Level 5:colcon.colcon_core.verb:set package 'agv_cpp' build argument 'cmake_clean_first' from command line to 'False'
[0.969s] Level 5:colcon.colcon_core.verb:set package 'agv_cpp' build argument 'cmake_force_configure' from command line to 'False'
[0.969s] Level 5:colcon.colcon_core.verb:set package 'agv_cpp' build argument 'ament_cmake_args' from command line to 'None'
[0.969s] Level 5:colcon.colcon_core.verb:set package 'agv_cpp' build argument 'catkin_cmake_args' from command line to 'None'
[0.969s] Level 5:colcon.colcon_core.verb:set package 'agv_cpp' build argument 'catkin_skip_building_tests' from command line to 'False'
[0.969s] DEBUG:colcon.colcon_core.verb:Building package 'agv_cpp' with the following arguments: {'ament_cmake_args': None, 'build_base': '/home/melih/Desktop/AGV/build/agv_cpp', 'catkin_cmake_args': None, 'catkin_skip_building_tests': False, 'cmake_args': None, 'cmake_clean_cache': False, 'cmake_clean_first': False, 'cmake_force_configure': False, 'cmake_target': None, 'cmake_target_skip_unavailable': False, 'install_base': '/home/melih/Desktop/AGV/install/agv_cpp', 'merge_install': False, 'path': '/home/melih/Desktop/AGV/src/agv_cpp', 'symlink_install': False, 'test_result_base': None}
[0.970s] Level 5:colcon.colcon_core.verb:set package 'agv_launch' build argument 'cmake_args' from command line to 'None'
[0.970s] Level 5:colcon.colcon_core.verb:set package 'agv_launch' build argument 'cmake_target' from command line to 'None'
[0.970s] Level 5:colcon.colcon_core.verb:set package 'agv_launch' build argument 'cmake_target_skip_unavailable' from command line to 'False'
[0.970s] Level 5:colcon.colcon_core.verb:set package 'agv_launch' build argument 'cmake_clean_cache' from command line to 'False'
[0.970s] Level 5:colcon.colcon_core.verb:set package 'agv_launch' build argument 'cmake_clean_first' from command line to 'False'
[0.970s] Level 5:colcon.colcon_core.verb:set package 'agv_launch' build argument 'cmake_force_configure' from command line to 'False'
[0.970s] Level 5:colcon.colcon_core.verb:set package 'agv_launch' build argument 'ament_cmake_args' from command line to 'None'
[0.970s] Level 5:colcon.colcon_core.verb:set package 'agv_launch' build argument 'catkin_cmake_args' from command line to 'None'
[0.970s] Level 5:colcon.colcon_core.verb:set package 'agv_launch' build argument 'catkin_skip_building_tests' from command line to 'False'
[0.970s] DEBUG:colcon.colcon_core.verb:Building package 'agv_launch' with the following arguments: {'ament_cmake_args': None, 'build_base': '/home/melih/Desktop/AGV/build/agv_launch', 'catkin_cmake_args': None, 'catkin_skip_building_tests': False, 'cmake_args': None, 'cmake_clean_cache': False, 'cmake_clean_first': False, 'cmake_force_configure': False, 'cmake_target': None, 'cmake_target_skip_unavailable': False, 'install_base': '/home/melih/Desktop/AGV/install/agv_launch', 'merge_install': False, 'path': '/home/melih/Desktop/AGV/src/agv_launch', 'symlink_install': False, 'test_result_base': None}
[0.970s] INFO:colcon.colcon_core.executor:Executing jobs using 'parallel' executor
[0.972s] DEBUG:colcon.colcon_parallel_executor.executor.parallel:run_until_complete
[0.973s] INFO:colcon.colcon_ros.task.ament_cmake.build:Building ROS package in '/home/melih/Desktop/AGV/src/agv_interfaces' with build type 'ament_cmake'
[0.973s] INFO:colcon.colcon_cmake.task.cmake.build:Building CMake package in '/home/melih/Desktop/AGV/src/agv_interfaces'
[0.978s] INFO:colcon.colcon_core.plugin_system:Skipping extension 'colcon_core.shell.bat': Not used on non-Windows systems
[0.979s] INFO:colcon.colcon_core.shell:Skip shell extension 'powershell' for command environment: Not usable outside of PowerShell
[0.979s] DEBUG:colcon.colcon_core.shell:Skip shell extension 'dsv' for command environment
[0.996s] INFO:colcon.colcon_ros.task.ament_python.build:Building ROS package in '/home/melih/Desktop/AGV/src/agv_py' with build type 'ament_python'
[0.997s] Level 1:colcon.colcon_core.shell:create_environment_hook('agv_py', 'ament_prefix_path')
[0.998s] INFO:colcon.colcon_core.shell:Creating environment hook '/home/melih/Desktop/AGV/install/agv_py/share/agv_py/hook/ament_prefix_path.ps1'
[1.000s] INFO:colcon.colcon_core.shell:Creating environment descriptor '/home/melih/Desktop/AGV/install/agv_py/share/agv_py/hook/ament_prefix_path.dsv'
[1.001s] INFO:colcon.colcon_core.shell:Creating environment hook '/home/melih/Desktop/AGV/install/agv_py/share/agv_py/hook/ament_prefix_path.sh'
[1.002s] INFO:colcon.colcon_core.shell:Skip shell extension 'powershell' for command environment: Not usable outside of PowerShell
[1.003s] DEBUG:colcon.colcon_core.shell:Skip shell extension 'dsv' for command environment
[1.036s] DEBUG:colcon.colcon_core.event_handler.log_command:Invoking command in '/home/melih/Desktop/AGV/build/agv_interfaces': CMAKE_PREFIX_PATH=${CMAKE_PREFIX_PATH}:/home/melih/Desktop/AGV/install/agv_py:/home/melih/Desktop/ros_lifecycle_node/install/lifecycle_node_py:/home/melih/Desktop/ros_example/turtlesim_project/install/turtlesim_py:/home/melih/Desktop/ros_example/edouard_turtlesim_project/install/turtlesim_catch_them_all:/home/melih/Desktop/ros_example/battery_led_states/install/package_py:/home/melih/Desktop/ros_py/install/my_robot:/home/melih/Desktop/ros_action/install/actions_py:/opt/ros/humble /usr/bin/cmake --build /home/melih/Desktop/AGV/build/agv_interfaces -- -j4 -l4
[2.337s] INFO:colcon.colcon_core.task.python.build:Building Python package in '/home/melih/Desktop/AGV/src/agv_py'
[2.337s] INFO:colcon.colcon_core.shell:Skip shell extension 'powershell' for command environment: Not usable outside of PowerShell
[2.337s] DEBUG:colcon.colcon_core.shell:Skip shell extension 'dsv' for command environment
[2.519s] DEBUG:colcon.colcon_core.event_handler.log_command:Invoked command in '/home/melih/Desktop/AGV/build/agv_interfaces' returned '0': CMAKE_PREFIX_PATH=${CMAKE_PREFIX_PATH}:/home/melih/Desktop/AGV/install/agv_py:/home/melih/Desktop/ros_lifecycle_node/install/lifecycle_node_py:/home/melih/Desktop/ros_example/turtlesim_project/install/turtlesim_py:/home/melih/Desktop/ros_example/edouard_turtlesim_project/install/turtlesim_catch_them_all:/home/melih/Desktop/ros_example/battery_led_states/install/package_py:/home/melih/Desktop/ros_py/install/my_robot:/home/melih/Desktop/ros_action/install/actions_py:/opt/ros/humble /usr/bin/cmake --build /home/melih/Desktop/AGV/build/agv_interfaces -- -j4 -l4
[2.783s] DEBUG:colcon.colcon_core.event_handler.log_command:Invoking command in '/home/melih/Desktop/AGV/build/agv_interfaces': CMAKE_PREFIX_PATH=${CMAKE_PREFIX_PATH}:/home/melih/Desktop/AGV/install/agv_py:/home/melih/Desktop/ros_lifecycle_node/install/lifecycle_node_py:/home/melih/Desktop/ros_example/turtlesim_project/install/turtlesim_py:/home/melih/Desktop/ros_example/edouard_turtlesim_project/install/turtlesim_catch_them_all:/home/melih/Desktop/ros_example/battery_led_states/install/package_py:/home/melih/Desktop/ros_py/install/my_robot:/home/melih/Desktop/ros_action/install/actions_py:/opt/ros/humble /usr/bin/cmake --install /home/melih/Desktop/AGV/build/agv_interfaces
[3.064s] Level 1:colcon.colcon_core.environment:create_environment_scripts_only(agv_interfaces)
[3.081s] DEBUG:colcon.colcon_core.event_handler.log_command:Invoked command in '/home/melih/Desktop/AGV/build/agv_interfaces' returned '0': CMAKE_PREFIX_PATH=${CMAKE_PREFIX_PATH}:/home/melih/Desktop/AGV/install/agv_py:/home/melih/Desktop/ros_lifecycle_node/install/lifecycle_node_py:/home/melih/Desktop/ros_example/turtlesim_project/install/turtlesim_py:/home/melih/Desktop/ros_example/edouard_turtlesim_project/install/turtlesim_catch_them_all:/home/melih/Desktop/ros_example/battery_led_states/install/package_py:/home/melih/Desktop/ros_py/install/my_robot:/home/melih/Desktop/ros_action/install/actions_py:/opt/ros/humble /usr/bin/cmake --install /home/melih/Desktop/AGV/build/agv_interfaces
[3.083s] Level 1:colcon.colcon_core.environment:checking '/home/melih/Desktop/AGV/install/agv_interfaces' for CMake module files
[3.086s] Level 1:colcon.colcon_core.environment:checking '/home/melih/Desktop/AGV/install/agv_interfaces' for CMake config files
[3.088s] Level 1:colcon.colcon_core.shell:create_environment_hook('agv_interfaces', 'cmake_prefix_path')
[3.090s] INFO:colcon.colcon_core.shell:Creating environment hook '/home/melih/Desktop/AGV/install/agv_interfaces/share/agv_interfaces/hook/cmake_prefix_path.ps1'
[3.092s] INFO:colcon.colcon_core.shell:Creating environment descriptor '/home/melih/Desktop/AGV/install/agv_interfaces/share/agv_interfaces/hook/cmake_prefix_path.dsv'
[3.094s] INFO:colcon.colcon_core.shell:Creating environment hook '/home/melih/Desktop/AGV/install/agv_interfaces/share/agv_interfaces/hook/cmake_prefix_path.sh'
[3.097s] Level 1:colcon.colcon_core.environment:checking '/home/melih/Desktop/AGV/install/agv_interfaces/lib'
[3.097s] Level 1:colcon.colcon_core.shell:create_environment_hook('agv_interfaces', 'ld_library_path_lib')
[3.103s] INFO:colcon.colcon_core.shell:Creating environment hook '/home/melih/Desktop/AGV/install/agv_interfaces/share/agv_interfaces/hook/ld_library_path_lib.ps1'
[3.105s] INFO:colcon.colcon_core.shell:Creating environment descriptor '/home/melih/Desktop/AGV/install/agv_interfaces/share/agv_interfaces/hook/ld_library_path_lib.dsv'
[3.109s] INFO:colcon.colcon_core.shell:Creating environment hook '/home/melih/Desktop/AGV/install/agv_interfaces/share/agv_interfaces/hook/ld_library_path_lib.sh'
[3.111s] Level 1:colcon.colcon_core.environment:checking '/home/melih/Desktop/AGV/install/agv_interfaces/bin'
[3.111s] Level 1:colcon.colcon_core.environment:checking '/home/melih/Desktop/AGV/install/agv_interfaces/lib/pkgconfig/agv_interfaces.pc'
[3.112s] Level 1:colcon.colcon_core.environment:checking '/home/melih/Desktop/AGV/install/agv_interfaces/lib/python3.10/site-packages'
[3.113s] Level 1:colcon.colcon_core.environment:checking '/home/melih/Desktop/AGV/install/agv_interfaces/bin'
[3.114s] INFO:colcon.colcon_core.shell:Creating package script '/home/melih/Desktop/AGV/install/agv_interfaces/share/agv_interfaces/package.ps1'
[3.117s] INFO:colcon.colcon_core.shell:Creating package descriptor '/home/melih/Desktop/AGV/install/agv_interfaces/share/agv_interfaces/package.dsv'
[3.120s] INFO:colcon.colcon_core.shell:Creating package script '/home/melih/Desktop/AGV/install/agv_interfaces/share/agv_interfaces/package.sh'
[3.123s] INFO:colcon.colcon_core.shell:Creating package script '/home/melih/Desktop/AGV/install/agv_interfaces/share/agv_interfaces/package.bash'
[3.125s] INFO:colcon.colcon_core.shell:Creating package script '/home/melih/Desktop/AGV/install/agv_interfaces/share/agv_interfaces/package.zsh'
[3.128s] Level 1:colcon.colcon_core.environment:create_file_with_runtime_dependencies(/home/melih/Desktop/AGV/install/agv_interfaces/share/colcon-core/packages/agv_interfaces)
[3.455s] Level 1:colcon.colcon_core.environment:create_environment_scripts_only(agv_interfaces)
[3.456s] Level 1:colcon.colcon_core.environment:checking '/home/melih/Desktop/AGV/install/agv_interfaces' for CMake module files
[3.458s] Level 1:colcon.colcon_core.environment:checking '/home/melih/Desktop/AGV/install/agv_interfaces' for CMake config files
[3.460s] Level 1:colcon.colcon_core.shell:create_environment_hook('agv_interfaces', 'cmake_prefix_path')
[3.461s] INFO:colcon.colcon_core.shell:Creating environment hook '/home/melih/Desktop/AGV/install/agv_interfaces/share/agv_interfaces/hook/cmake_prefix_path.ps1'
[3.463s] INFO:colcon.colcon_core.shell:Creating environment descriptor '/home/melih/Desktop/AGV/install/agv_interfaces/share/agv_interfaces/hook/cmake_prefix_path.dsv'
[3.464s] INFO:colcon.colcon_core.shell:Creating environment hook '/home/melih/Desktop/AGV/install/agv_interfaces/share/agv_interfaces/hook/cmake_prefix_path.sh'
[3.466s] Level 1:colcon.colcon_core.environment:checking '/home/melih/Desktop/AGV/install/agv_interfaces/lib'
[3.466s] Level 1:colcon.colcon_core.shell:create_environment_hook('agv_interfaces', 'ld_library_path_lib')
[3.467s] INFO:colcon.colcon_core.shell:Creating environment hook '/home/melih/Desktop/AGV/install/agv_interfaces/share/agv_interfaces/hook/ld_library_path_lib.ps1'
[3.469s] INFO:colcon.colcon_core.shell:Creating environment descriptor '/home/melih/Desktop/AGV/install/agv_interfaces/share/agv_interfaces/hook/ld_library_path_lib.dsv'
[3.470s] INFO:colcon.colcon_core.shell:Creating environment hook '/home/melih/Desktop/AGV/install/agv_interfaces/share/agv_interfaces/hook/ld_library_path_lib.sh'
[3.472s] Level 1:colcon.colcon_core.environment:checking '/home/melih/Desktop/AGV/install/agv_interfaces/bin'
[3.472s] Level 1:colcon.colcon_core.environment:checking '/home/melih/Desktop/AGV/install/agv_interfaces/lib/pkgconfig/agv_interfaces.pc'
[3.473s] Level 1:colcon.colcon_core.environment:checking '/home/melih/Desktop/AGV/install/agv_interfaces/lib/python3.10/site-packages'
[3.474s] Level 1:colcon.colcon_core.environment:checking '/home/melih/Desktop/AGV/install/agv_interfaces/bin'
[3.475s] INFO:colcon.colcon_core.shell:Creating package script '/home/melih/Desktop/AGV/install/agv_interfaces/share/agv_interfaces/package.ps1'
[3.477s] INFO:colcon.colcon_core.shell:Creating package descriptor '/home/melih/Desktop/AGV/install/agv_interfaces/share/agv_interfaces/package.dsv'
[3.479s] INFO:colcon.colcon_core.shell:Creating package script '/home/melih/Desktop/AGV/install/agv_interfaces/share/agv_interfaces/package.sh'
[3.481s] INFO:colcon.colcon_core.shell:Creating package script '/home/melih/Desktop/AGV/install/agv_interfaces/share/agv_interfaces/package.bash'
[3.483s] INFO:colcon.colcon_core.shell:Creating package script '/home/melih/Desktop/AGV/install/agv_interfaces/share/agv_interfaces/package.zsh'
[3.484s] Level 1:colcon.colcon_core.environment:create_file_with_runtime_dependencies(/home/melih/Desktop/AGV/install/agv_interfaces/share/colcon-core/packages/agv_interfaces)
[3.486s] INFO:colcon.colcon_ros.task.ament_cmake.build:Building ROS package in '/home/melih/Desktop/AGV/src/agv_cpp' with build type 'ament_cmake'
[3.486s] INFO:colcon.colcon_cmake.task.cmake.build:Building CMake package in '/home/melih/Desktop/AGV/src/agv_cpp'
[3.487s] INFO:colcon.colcon_core.shell:Skip shell extension 'powershell' for command environment: Not usable outside of PowerShell
[3.487s] DEBUG:colcon.colcon_core.shell:Skip shell extension 'dsv' for command environment
[3.537s] DEBUG:colcon.colcon_core.event_handler.log_command:Invoking command in '/home/melih/Desktop/AGV/build/agv_cpp': CMAKE_PREFIX_PATH=/home/melih/Desktop/AGV/install/agv_interfaces:/home/melih/Desktop/AGV/install/agv_launch:/home/melih/Desktop/AGV/install/agv_cpp:/home/melih/Desktop/New_Folder_1/install/ydlidar_ros2_driver:/home/melih/Desktop/ros_lifecycle_node/install/lifecycle_node_cpp:/home/melih/Desktop/ros_example/turtlesim_project/install/turtlesim_launch_bringup:/home/melih/Desktop/ros_example/edouard_turtlesim_project/install/turtlesim_catch_them_all_launch_bringup:/home/melih/Desktop/ros_example/battery_led_states/install/package_cpp:/home/melih/Desktop/ros_msgs/install/my_robot_interfaces:/home/melih/Desktop/ros_cpp2/install/rdr2:/home/melih/Desktop/ros_py/install/my_robot_bringup:/home/melih/Desktop/ros_action/install/actions_cpp:/home/melih/Desktop/ros_action/install/robot_action_interfaces:/home/melih/Desktop/AGV/install/agv_py:/home/melih/Desktop/ros_lifecycle_node/install/lifecycle_node_py:/home/melih/Desktop/ros_example/turtlesim_project/install/turtlesim_py:/home/melih/Desktop/ros_example/edouard_turtlesim_project/install/turtlesim_catch_them_all:/home/melih/Desktop/ros_example/battery_led_states/install/package_py:/home/melih/Desktop/ros_py/install/my_robot:/home/melih/Desktop/ros_action/install/actions_py:/opt/ros/humble /usr/bin/cmake --build /home/melih/Desktop/AGV/build/agv_cpp -- -j4 -l4
[3.738s] DEBUG:colcon.colcon_core.event_handler.log_command:Invoked command in '/home/melih/Desktop/AGV/build/agv_cpp' returned '0': CMAKE_PREFIX_PATH=/home/melih/Desktop/AGV/install/agv_interfaces:/home/melih/Desktop/AGV/install/agv_launch:/home/melih/Desktop/AGV/install/agv_cpp:/home/melih/Desktop/New_Folder_1/install/ydlidar_ros2_driver:/home/melih/Desktop/ros_lifecycle_node/install/lifecycle_node_cpp:/home/melih/Desktop/ros_example/turtlesim_project/install/turtlesim_launch_bringup:/home/melih/Desktop/ros_example/edouard_turtlesim_project/install/turtlesim_catch_them_all_launch_bringup:/home/melih/Desktop/ros_example/battery_led_states/install/package_cpp:/home/melih/Desktop/ros_msgs/install/my_robot_interfaces:/home/melih/Desktop/ros_cpp2/install/rdr2:/home/melih/Desktop/ros_py/install/my_robot_bringup:/home/melih/Desktop/ros_action/install/actions_cpp:/home/melih/Desktop/ros_action/install/robot_action_interfaces:/home/melih/Desktop/AGV/install/agv_py:/home/melih/Desktop/ros_lifecycle_node/install/lifecycle_node_py:/home/melih/Desktop/ros_example/turtlesim_project/install/turtlesim_py:/home/melih/Desktop/ros_example/edouard_turtlesim_project/install/turtlesim_catch_them_all:/home/melih/Desktop/ros_example/battery_led_states/install/package_py:/home/melih/Desktop/ros_py/install/my_robot:/home/melih/Desktop/ros_action/install/actions_py:/opt/ros/humble /usr/bin/cmake --build /home/melih/Desktop/AGV/build/agv_cpp -- -j4 -l4
[3.820s] DEBUG:colcon.colcon_core.event_handler.log_command:Invoking command in '/home/melih/Desktop/AGV/build/agv_cpp': CMAKE_PREFIX_PATH=/home/melih/Desktop/AGV/install/agv_interfaces:/home/melih/Desktop/AGV/install/agv_launch:/home/melih/Desktop/AGV/install/agv_cpp:/home/melih/Desktop/New_Folder_1/install/ydlidar_ros2_driver:/home/melih/Desktop/ros_lifecycle_node/install/lifecycle_node_cpp:/home/melih/Desktop/ros_example/turtlesim_project/install/turtlesim_launch_bringup:/home/melih/Desktop/ros_example/edouard_turtlesim_project/install/turtlesim_catch_them_all_launch_bringup:/home/melih/Desktop/ros_example/battery_led_states/install/package_cpp:/home/melih/Desktop/ros_msgs/install/my_robot_interfaces:/home/melih/Desktop/ros_cpp2/install/rdr2:/home/melih/Desktop/ros_py/install/my_robot_bringup:/home/melih/Desktop/ros_action/install/actions_cpp:/home/melih/Desktop/ros_action/install/robot_action_interfaces:/home/melih/Desktop/AGV/install/agv_py:/home/melih/Desktop/ros_lifecycle_node/install/lifecycle_node_py:/home/melih/Desktop/ros_example/turtlesim_project/install/turtlesim_py:/home/melih/Desktop/ros_example/edouard_turtlesim_project/install/turtlesim_catch_them_all:/home/melih/Desktop/ros_example/battery_led_states/install/package_py:/home/melih/Desktop/ros_py/install/my_robot:/home/melih/Desktop/ros_action/install/actions_py:/opt/ros/humble /usr/bin/cmake --install /home/melih/Desktop/AGV/build/agv_cpp
[3.839s] DEBUG:colcon.colcon_core.event_handler.log_command:Invoking command in '/home/melih/Desktop/AGV/src/agv_py': PYTHONPATH=/home/melih/Desktop/AGV/build/agv_py/prefix_override:/home/melih/.local/lib/python3.10/site-packages/colcon_core/task/python/colcon_distutils_commands:/home/melih/Desktop/AGV/install/agv_py/lib/python3.10/site-packages:${PYTHONPATH} /usr/bin/python3 -W ignore:setup.py install is deprecated setup.py egg_info --egg-base ../../build/agv_py build --build-base /home/melih/Desktop/AGV/build/agv_py/build install --record /home/melih/Desktop/AGV/build/agv_py/install.log --single-version-externally-managed install_data
[3.850s] Level 1:colcon.colcon_core.environment:create_environment_scripts_only(agv_cpp)
[3.850s] Level 1:colcon.colcon_core.environment:checking '/home/melih/Desktop/AGV/install/agv_cpp' for CMake module files
[3.853s] DEBUG:colcon.colcon_core.event_handler.log_command:Invoked command in '/home/melih/Desktop/AGV/build/agv_cpp' returned '0': CMAKE_PREFIX_PATH=/home/melih/Desktop/AGV/install/agv_interfaces:/home/melih/Desktop/AGV/install/agv_launch:/home/melih/Desktop/AGV/install/agv_cpp:/home/melih/Desktop/New_Folder_1/install/ydlidar_ros2_driver:/home/melih/Desktop/ros_lifecycle_node/install/lifecycle_node_cpp:/home/melih/Desktop/ros_example/turtlesim_project/install/turtlesim_launch_bringup:/home/melih/Desktop/ros_example/edouard_turtlesim_project/install/turtlesim_catch_them_all_launch_bringup:/home/melih/Desktop/ros_example/battery_led_states/install/package_cpp:/home/melih/Desktop/ros_msgs/install/my_robot_interfaces:/home/melih/Desktop/ros_cpp2/install/rdr2:/home/melih/Desktop/ros_py/install/my_robot_bringup:/home/melih/Desktop/ros_action/install/actions_cpp:/home/melih/Desktop/ros_action/install/robot_action_interfaces:/home/melih/Desktop/AGV/install/agv_py:/home/melih/Desktop/ros_lifecycle_node/install/lifecycle_node_py:/home/melih/Desktop/ros_example/turtlesim_project/install/turtlesim_py:/home/melih/Desktop/ros_example/edouard_turtlesim_project/install/turtlesim_catch_them_all:/home/melih/Desktop/ros_example/battery_led_states/install/package_py:/home/melih/Desktop/ros_py/install/my_robot:/home/melih/Desktop/ros_action/install/actions_py:/opt/ros/humble /usr/bin/cmake --install /home/melih/Desktop/AGV/build/agv_cpp
[3.853s] Level 1:colcon.colcon_core.environment:checking '/home/melih/Desktop/AGV/install/agv_cpp' for CMake config files
[3.854s] Level 1:colcon.colcon_core.shell:create_environment_hook('agv_cpp', 'cmake_prefix_path')
[3.855s] INFO:colcon.colcon_core.shell:Creating environment hook '/home/melih/Desktop/AGV/install/agv_cpp/share/agv_cpp/hook/cmake_prefix_path.ps1'
[3.856s] INFO:colcon.colcon_core.shell:Creating environment descriptor '/home/melih/Desktop/AGV/install/agv_cpp/share/agv_cpp/hook/cmake_prefix_path.dsv'
[3.857s] INFO:colcon.colcon_core.shell:Creating environment hook '/home/melih/Desktop/AGV/install/agv_cpp/share/agv_cpp/hook/cmake_prefix_path.sh'
[3.859s] Level 1:colcon.colcon_core.environment:checking '/home/melih/Desktop/AGV/install/agv_cpp/lib'
[3.860s] Level 1:colcon.colcon_core.environment:checking '/home/melih/Desktop/AGV/install/agv_cpp/bin'
[3.860s] Level 1:colcon.colcon_core.environment:checking '/home/melih/Desktop/AGV/install/agv_cpp/lib/pkgconfig/agv_cpp.pc'
[3.861s] Level 1:colcon.colcon_core.environment:checking '/home/melih/Desktop/AGV/install/agv_cpp/lib/python3.10/site-packages'
[3.861s] Level 1:colcon.colcon_core.environment:checking '/home/melih/Desktop/AGV/install/agv_cpp/bin'
[3.862s] INFO:colcon.colcon_core.shell:Creating package script '/home/melih/Desktop/AGV/install/agv_cpp/share/agv_cpp/package.ps1'
[3.864s] INFO:colcon.colcon_core.shell:Creating package descriptor '/home/melih/Desktop/AGV/install/agv_cpp/share/agv_cpp/package.dsv'
[3.865s] INFO:colcon.colcon_core.shell:Creating package script '/home/melih/Desktop/AGV/install/agv_cpp/share/agv_cpp/package.sh'
[3.866s] INFO:colcon.colcon_core.shell:Creating package script '/home/melih/Desktop/AGV/install/agv_cpp/share/agv_cpp/package.bash'
[3.867s] INFO:colcon.colcon_core.shell:Creating package script '/home/melih/Desktop/AGV/install/agv_cpp/share/agv_cpp/package.zsh'
[3.868s] Level 1:colcon.colcon_core.environment:create_file_with_runtime_dependencies(/home/melih/Desktop/AGV/install/agv_cpp/share/colcon-core/packages/agv_cpp)
[3.937s] Level 1:colcon.colcon_core.environment:create_environment_scripts_only(agv_cpp)
[3.938s] Level 1:colcon.colcon_core.environment:checking '/home/melih/Desktop/AGV/install/agv_cpp' for CMake module files
[3.939s] Level 1:colcon.colcon_core.environment:checking '/home/melih/Desktop/AGV/install/agv_cpp' for CMake config files
[3.940s] Level 1:colcon.colcon_core.shell:create_environment_hook('agv_cpp', 'cmake_prefix_path')
[3.940s] INFO:colcon.colcon_core.shell:Creating environment hook '/home/melih/Desktop/AGV/install/agv_cpp/share/agv_cpp/hook/cmake_prefix_path.ps1'
[3.941s] INFO:colcon.colcon_core.shell:Creating environment descriptor '/home/melih/Desktop/AGV/install/agv_cpp/share/agv_cpp/hook/cmake_prefix_path.dsv'
[3.942s] INFO:colcon.colcon_core.shell:Creating environment hook '/home/melih/Desktop/AGV/install/agv_cpp/share/agv_cpp/hook/cmake_prefix_path.sh'
[3.944s] Level 1:colcon.colcon_core.environment:checking '/home/melih/Desktop/AGV/install/agv_cpp/lib'
[3.944s] Level 1:colcon.colcon_core.environment:checking '/home/melih/Desktop/AGV/install/agv_cpp/bin'
[3.944s] Level 1:colcon.colcon_core.environment:checking '/home/melih/Desktop/AGV/install/agv_cpp/lib/pkgconfig/agv_cpp.pc'
[3.945s] Level 1:colcon.colcon_core.environment:checking '/home/melih/Desktop/AGV/install/agv_cpp/lib/python3.10/site-packages'
[3.946s] Level 1:colcon.colcon_core.environment:checking '/home/melih/Desktop/AGV/install/agv_cpp/bin'
[3.947s] INFO:colcon.colcon_core.shell:Creating package script '/home/melih/Desktop/AGV/install/agv_cpp/share/agv_cpp/package.ps1'
[3.948s] INFO:colcon.colcon_core.shell:Creating package descriptor '/home/melih/Desktop/AGV/install/agv_cpp/share/agv_cpp/package.dsv'
[3.951s] INFO:colcon.colcon_core.shell:Creating package script '/home/melih/Desktop/AGV/install/agv_cpp/share/agv_cpp/package.sh'
[3.957s] INFO:colcon.colcon_core.shell:Creating package script '/home/melih/Desktop/AGV/install/agv_cpp/share/agv_cpp/package.bash'
[3.958s] INFO:colcon.colcon_core.shell:Creating package script '/home/melih/Desktop/AGV/install/agv_cpp/share/agv_cpp/package.zsh'
[3.963s] Level 1:colcon.colcon_core.environment:create_file_with_runtime_dependencies(/home/melih/Desktop/AGV/install/agv_cpp/share/colcon-core/packages/agv_cpp)
[4.670s] Level 1:colcon.colcon_core.environment:checking '/home/melih/Desktop/AGV/install/agv_py' for CMake module files
[4.672s] DEBUG:colcon.colcon_core.event_handler.log_command:Invoked command in '/home/melih/Desktop/AGV/src/agv_py' returned '0': PYTHONPATH=/home/melih/Desktop/AGV/build/agv_py/prefix_override:/home/melih/.local/lib/python3.10/site-packages/colcon_core/task/python/colcon_distutils_commands:/home/melih/Desktop/AGV/install/agv_py/lib/python3.10/site-packages:${PYTHONPATH} /usr/bin/python3 -W ignore:setup.py install is deprecated setup.py egg_info --egg-base ../../build/agv_py build --build-base /home/melih/Desktop/AGV/build/agv_py/build install --record /home/melih/Desktop/AGV/build/agv_py/install.log --single-version-externally-managed install_data
[4.672s] Level 1:colcon.colcon_core.environment:checking '/home/melih/Desktop/AGV/install/agv_py' for CMake config files
[4.674s] Level 1:colcon.colcon_core.environment:checking '/home/melih/Desktop/AGV/install/agv_py/lib'
[4.674s] Level 1:colcon.colcon_core.environment:checking '/home/melih/Desktop/AGV/install/agv_py/bin'
[4.676s] Level 1:colcon.colcon_core.environment:checking '/home/melih/Desktop/AGV/install/agv_py/lib/pkgconfig/agv_py.pc'
[4.677s] Level 1:colcon.colcon_core.environment:checking '/home/melih/Desktop/AGV/install/agv_py/lib/python3.10/site-packages'
[4.677s] Level 1:colcon.colcon_core.shell:create_environment_hook('agv_py', 'pythonpath')
[4.678s] INFO:colcon.colcon_core.shell:Creating environment hook '/home/melih/Desktop/AGV/install/agv_py/share/agv_py/hook/pythonpath.ps1'
[4.682s] INFO:colcon.colcon_core.shell:Creating environment descriptor '/home/melih/Desktop/AGV/install/agv_py/share/agv_py/hook/pythonpath.dsv'
[4.683s] INFO:colcon.colcon_core.shell:Creating environment hook '/home/melih/Desktop/AGV/install/agv_py/share/agv_py/hook/pythonpath.sh'
[4.685s] Level 1:colcon.colcon_core.environment:checking '/home/melih/Desktop/AGV/install/agv_py/bin'
[4.686s] Level 1:colcon.colcon_core.environment:create_environment_scripts_only(agv_py)
[4.687s] INFO:colcon.colcon_core.shell:Creating package script '/home/melih/Desktop/AGV/install/agv_py/share/agv_py/package.ps1'
[4.690s] INFO:colcon.colcon_core.shell:Creating package descriptor '/home/melih/Desktop/AGV/install/agv_py/share/agv_py/package.dsv'
[4.693s] INFO:colcon.colcon_core.shell:Creating package script '/home/melih/Desktop/AGV/install/agv_py/share/agv_py/package.sh'
[4.695s] INFO:colcon.colcon_core.shell:Creating package script '/home/melih/Desktop/AGV/install/agv_py/share/agv_py/package.bash'
[4.697s] INFO:colcon.colcon_core.shell:Creating package script '/home/melih/Desktop/AGV/install/agv_py/share/agv_py/package.zsh'
[4.698s] Level 1:colcon.colcon_core.environment:create_file_with_runtime_dependencies(/home/melih/Desktop/AGV/install/agv_py/share/colcon-core/packages/agv_py)
[4.699s] INFO:colcon.colcon_ros.task.ament_cmake.build:Building ROS package in '/home/melih/Desktop/AGV/src/agv_launch' with build type 'ament_cmake'
[4.700s] INFO:colcon.colcon_cmake.task.cmake.build:Building CMake package in '/home/melih/Desktop/AGV/src/agv_launch'
[4.701s] INFO:colcon.colcon_core.shell:Skip shell extension 'powershell' for command environment: Not usable outside of PowerShell
[4.702s] DEBUG:colcon.colcon_core.shell:Skip shell extension 'dsv' for command environment
[4.772s] DEBUG:colcon.colcon_core.event_handler.log_command:Invoking command in '/home/melih/Desktop/AGV/build/agv_launch': AMENT_PREFIX_PATH=/home/melih/Desktop/AGV/install/agv_py:/home/melih/Desktop/AGV/install/agv_launch:/home/melih/Desktop/AGV/install/agv_cpp:/home/melih/Desktop/AGV/install/agv_interfaces:/home/melih/Desktop/New_Folder_1/install/ydlidar_ros2_driver:/home/melih/Desktop/ros_lifecycle_node/install/lifecycle_node_py:/home/melih/Desktop/ros_lifecycle_node/install/lifecycle_node_cpp:/home/melih/Desktop/ros_example/turtlesim_project/install/turtlesim_launch_bringup:/home/melih/Desktop/ros_example/turtlesim_project/install/turtlesim_py:/home/melih/Desktop/ros_example/edouard_turtlesim_project/install/turtlesim_catch_them_all_launch_bringup:/home/melih/Desktop/ros_example/edouard_turtlesim_project/install/turtlesim_catch_them_all:/home/melih/Desktop/ros_example/battery_led_states/install/package_py:/home/melih/Desktop/ros_example/battery_led_states/install/package_cpp:/home/melih/Desktop/ros_msgs/install/my_robot_interfaces:/home/melih/Desktop/ros_cpp2/install/rdr2:/home/melih/Desktop/ros_py/install/my_robot_bringup:/home/melih/Desktop/ros_py/install/my_robot:/home/melih/Desktop/ros_action/install/actions_py:/home/melih/Desktop/ros_action/install/actions_cpp:/home/melih/Desktop/ros_action/install/robot_action_interfaces:/opt/ros/humble CMAKE_PREFIX_PATH=/home/melih/Desktop/AGV/install/agv_cpp:/home/melih/Desktop/AGV/install/agv_interfaces:/home/melih/Desktop/AGV/install/agv_launch:/home/melih/Desktop/New_Folder_1/install/ydlidar_ros2_driver:/home/melih/Desktop/ros_lifecycle_node/install/lifecycle_node_cpp:/home/melih/Desktop/ros_example/turtlesim_project/install/turtlesim_launch_bringup:/home/melih/Desktop/ros_example/edouard_turtlesim_project/install/turtlesim_catch_them_all_launch_bringup:/home/melih/Desktop/ros_example/battery_led_states/install/package_cpp:/home/melih/Desktop/ros_msgs/install/my_robot_interfaces:/home/melih/Desktop/ros_cpp2/install/rdr2:/home/melih/Desktop/ros_py/install/my_robot_bringup:/home/melih/Desktop/ros_action/install/actions_cpp:/home/melih/Desktop/ros_action/install/robot_action_interfaces:/home/melih/Desktop/AGV/install/agv_py:/home/melih/Desktop/ros_lifecycle_node/install/lifecycle_node_py:/home/melih/Desktop/ros_example/turtlesim_project/install/turtlesim_py:/home/melih/Desktop/ros_example/edouard_turtlesim_project/install/turtlesim_catch_them_all:/home/melih/Desktop/ros_example/battery_led_states/install/package_py:/home/melih/Desktop/ros_py/install/my_robot:/home/melih/Desktop/ros_action/install/actions_py:/opt/ros/humble /usr/bin/cmake --build /home/melih/Desktop/AGV/build/agv_launch -- -j4 -l4
[4.862s] DEBUG:colcon.colcon_core.event_handler.log_command:Invoked command in '/home/melih/Desktop/AGV/build/agv_launch' returned '0': AMENT_PREFIX_PATH=/home/melih/Desktop/AGV/install/agv_py:/home/melih/Desktop/AGV/install/agv_launch:/home/melih/Desktop/AGV/install/agv_cpp:/home/melih/Desktop/AGV/install/agv_interfaces:/home/melih/Desktop/New_Folder_1/install/ydlidar_ros2_driver:/home/melih/Desktop/ros_lifecycle_node/install/lifecycle_node_py:/home/melih/Desktop/ros_lifecycle_node/install/lifecycle_node_cpp:/home/melih/Desktop/ros_example/turtlesim_project/install/turtlesim_launch_bringup:/home/melih/Desktop/ros_example/turtlesim_project/install/turtlesim_py:/home/melih/Desktop/ros_example/edouard_turtlesim_project/install/turtlesim_catch_them_all_launch_bringup:/home/melih/Desktop/ros_example/edouard_turtlesim_project/install/turtlesim_catch_them_all:/home/melih/Desktop/ros_example/battery_led_states/install/package_py:/home/melih/Desktop/ros_example/battery_led_states/install/package_cpp:/home/melih/Desktop/ros_msgs/install/my_robot_interfaces:/home/melih/Desktop/ros_cpp2/install/rdr2:/home/melih/Desktop/ros_py/install/my_robot_bringup:/home/melih/Desktop/ros_py/install/my_robot:/home/melih/Desktop/ros_action/install/actions_py:/home/melih/Desktop/ros_action/install/actions_cpp:/home/melih/Desktop/ros_action/install/robot_action_interfaces:/opt/ros/humble CMAKE_PREFIX_PATH=/home/melih/Desktop/AGV/install/agv_cpp:/home/melih/Desktop/AGV/install/agv_interfaces:/home/melih/Desktop/AGV/install/agv_launch:/home/melih/Desktop/New_Folder_1/install/ydlidar_ros2_driver:/home/melih/Desktop/ros_lifecycle_node/install/lifecycle_node_cpp:/home/melih/Desktop/ros_example/turtlesim_project/install/turtlesim_launch_bringup:/home/melih/Desktop/ros_example/edouard_turtlesim_project/install/turtlesim_catch_them_all_launch_bringup:/home/melih/Desktop/ros_example/battery_led_states/install/package_cpp:/home/melih/Desktop/ros_msgs/install/my_robot_interfaces:/home/melih/Desktop/ros_cpp2/install/rdr2:/home/melih/Desktop/ros_py/install/my_robot_bringup:/home/melih/Desktop/ros_action/install/actions_cpp:/home/melih/Desktop/ros_action/install/robot_action_interfaces:/home/melih/Desktop/AGV/install/agv_py:/home/melih/Desktop/ros_lifecycle_node/install/lifecycle_node_py:/home/melih/Desktop/ros_example/turtlesim_project/install/turtlesim_py:/home/melih/Desktop/ros_example/edouard_turtlesim_project/install/turtlesim_catch_them_all:/home/melih/Desktop/ros_example/battery_led_states/install/package_py:/home/melih/Desktop/ros_py/install/my_robot:/home/melih/Desktop/ros_action/install/actions_py:/opt/ros/humble /usr/bin/cmake --build /home/melih/Desktop/AGV/build/agv_launch -- -j4 -l4
[4.908s] DEBUG:colcon.colcon_core.event_handler.log_command:Invoking command in '/home/melih/Desktop/AGV/build/agv_launch': AMENT_PREFIX_PATH=/home/melih/Desktop/AGV/install/agv_py:/home/melih/Desktop/AGV/install/agv_launch:/home/melih/Desktop/AGV/install/agv_cpp:/home/melih/Desktop/AGV/install/agv_interfaces:/home/melih/Desktop/New_Folder_1/install/ydlidar_ros2_driver:/home/melih/Desktop/ros_lifecycle_node/install/lifecycle_node_py:/home/melih/Desktop/ros_lifecycle_node/install/lifecycle_node_cpp:/home/melih/Desktop/ros_example/turtlesim_project/install/turtlesim_launch_bringup:/home/melih/Desktop/ros_example/turtlesim_project/install/turtlesim_py:/home/melih/Desktop/ros_example/edouard_turtlesim_project/install/turtlesim_catch_them_all_launch_bringup:/home/melih/Desktop/ros_example/edouard_turtlesim_project/install/turtlesim_catch_them_all:/home/melih/Desktop/ros_example/battery_led_states/install/package_py:/home/melih/Desktop/ros_example/battery_led_states/install/package_cpp:/home/melih/Desktop/ros_msgs/install/my_robot_interfaces:/home/melih/Desktop/ros_cpp2/install/rdr2:/home/melih/Desktop/ros_py/install/my_robot_bringup:/home/melih/Desktop/ros_py/install/my_robot:/home/melih/Desktop/ros_action/install/actions_py:/home/melih/Desktop/ros_action/install/actions_cpp:/home/melih/Desktop/ros_action/install/robot_action_interfaces:/opt/ros/humble CMAKE_PREFIX_PATH=/home/melih/Desktop/AGV/install/agv_cpp:/home/melih/Desktop/AGV/install/agv_interfaces:/home/melih/Desktop/AGV/install/agv_launch:/home/melih/Desktop/New_Folder_1/install/ydlidar_ros2_driver:/home/melih/Desktop/ros_lifecycle_node/install/lifecycle_node_cpp:/home/melih/Desktop/ros_example/turtlesim_project/install/turtlesim_launch_bringup:/home/melih/Desktop/ros_example/edouard_turtlesim_project/install/turtlesim_catch_them_all_launch_bringup:/home/melih/Desktop/ros_example/battery_led_states/install/package_cpp:/home/melih/Desktop/ros_msgs/install/my_robot_interfaces:/home/melih/Desktop/ros_cpp2/install/rdr2:/home/melih/Desktop/ros_py/install/my_robot_bringup:/home/melih/Desktop/ros_action/install/actions_cpp:/home/melih/Desktop/ros_action/install/robot_action_interfaces:/home/melih/Desktop/AGV/install/agv_py:/home/melih/Desktop/ros_lifecycle_node/install/lifecycle_node_py:/home/melih/Desktop/ros_example/turtlesim_project/install/turtlesim_py:/home/melih/Desktop/ros_example/edouard_turtlesim_project/install/turtlesim_catch_them_all:/home/melih/Desktop/ros_example/battery_led_states/install/package_py:/home/melih/Desktop/ros_py/install/my_robot:/home/melih/Desktop/ros_action/install/actions_py:/opt/ros/humble /usr/bin/cmake --install /home/melih/Desktop/AGV/build/agv_launch
[4.934s] Level 1:colcon.colcon_core.environment:create_environment_scripts_only(agv_launch)
[4.935s] Level 1:colcon.colcon_core.environment:checking '/home/melih/Desktop/AGV/install/agv_launch' for CMake module files
[4.937s] DEBUG:colcon.colcon_core.event_handler.log_command:Invoked command in '/home/melih/Desktop/AGV/build/agv_launch' returned '0': AMENT_PREFIX_PATH=/home/melih/Desktop/AGV/install/agv_py:/home/melih/Desktop/AGV/install/agv_launch:/home/melih/Desktop/AGV/install/agv_cpp:/home/melih/Desktop/AGV/install/agv_interfaces:/home/melih/Desktop/New_Folder_1/install/ydlidar_ros2_driver:/home/melih/Desktop/ros_lifecycle_node/install/lifecycle_node_py:/home/melih/Desktop/ros_lifecycle_node/install/lifecycle_node_cpp:/home/melih/Desktop/ros_example/turtlesim_project/install/turtlesim_launch_bringup:/home/melih/Desktop/ros_example/turtlesim_project/install/turtlesim_py:/home/melih/Desktop/ros_example/edouard_turtlesim_project/install/turtlesim_catch_them_all_launch_bringup:/home/melih/Desktop/ros_example/edouard_turtlesim_project/install/turtlesim_catch_them_all:/home/melih/Desktop/ros_example/battery_led_states/install/package_py:/home/melih/Desktop/ros_example/battery_led_states/install/package_cpp:/home/melih/Desktop/ros_msgs/install/my_robot_interfaces:/home/melih/Desktop/ros_cpp2/install/rdr2:/home/melih/Desktop/ros_py/install/my_robot_bringup:/home/melih/Desktop/ros_py/install/my_robot:/home/melih/Desktop/ros_action/install/actions_py:/home/melih/Desktop/ros_action/install/actions_cpp:/home/melih/Desktop/ros_action/install/robot_action_interfaces:/opt/ros/humble CMAKE_PREFIX_PATH=/home/melih/Desktop/AGV/install/agv_cpp:/home/melih/Desktop/AGV/install/agv_interfaces:/home/melih/Desktop/AGV/install/agv_launch:/home/melih/Desktop/New_Folder_1/install/ydlidar_ros2_driver:/home/melih/Desktop/ros_lifecycle_node/install/lifecycle_node_cpp:/home/melih/Desktop/ros_example/turtlesim_project/install/turtlesim_launch_bringup:/home/melih/Desktop/ros_example/edouard_turtlesim_project/install/turtlesim_catch_them_all_launch_bringup:/home/melih/Desktop/ros_example/battery_led_states/install/package_cpp:/home/melih/Desktop/ros_msgs/install/my_robot_interfaces:/home/melih/Desktop/ros_cpp2/install/rdr2:/home/melih/Desktop/ros_py/install/my_robot_bringup:/home/melih/Desktop/ros_action/install/actions_cpp:/home/melih/Desktop/ros_action/install/robot_action_interfaces:/home/melih/Desktop/AGV/install/agv_py:/home/melih/Desktop/ros_lifecycle_node/install/lifecycle_node_py:/home/melih/Desktop/ros_example/turtlesim_project/install/turtlesim_py:/home/melih/Desktop/ros_example/edouard_turtlesim_project/install/turtlesim_catch_them_all:/home/melih/Desktop/ros_example/battery_led_states/install/package_py:/home/melih/Desktop/ros_py/install/my_robot:/home/melih/Desktop/ros_action/install/actions_py:/opt/ros/humble /usr/bin/cmake --install /home/melih/Desktop/AGV/build/agv_launch
[4.938s] Level 1:colcon.colcon_core.environment:checking '/home/melih/Desktop/AGV/install/agv_launch' for CMake config files
[4.939s] Level 1:colcon.colcon_core.shell:create_environment_hook('agv_launch', 'cmake_prefix_path')
[4.939s] INFO:colcon.colcon_core.shell:Creating environment hook '/home/melih/Desktop/AGV/install/agv_launch/share/agv_launch/hook/cmake_prefix_path.ps1'
[4.941s] INFO:colcon.colcon_core.shell:Creating environment descriptor '/home/melih/Desktop/AGV/install/agv_launch/share/agv_launch/hook/cmake_prefix_path.dsv'
[4.942s] INFO:colcon.colcon_core.shell:Creating environment hook '/home/melih/Desktop/AGV/install/agv_launch/share/agv_launch/hook/cmake_prefix_path.sh'
[4.943s] Level 1:colcon.colcon_core.environment:checking '/home/melih/Desktop/AGV/install/agv_launch/bin'
[4.943s] Level 1:colcon.colcon_core.environment:checking '/home/melih/Desktop/AGV/install/agv_launch/lib/pkgconfig/agv_launch.pc'
[4.944s] Level 1:colcon.colcon_core.environment:checking '/home/melih/Desktop/AGV/install/agv_launch/lib/python3.10/site-packages'
[4.944s] Level 1:colcon.colcon_core.environment:checking '/home/melih/Desktop/AGV/install/agv_launch/bin'
[4.945s] INFO:colcon.colcon_core.shell:Creating package script '/home/melih/Desktop/AGV/install/agv_launch/share/agv_launch/package.ps1'
[4.946s] INFO:colcon.colcon_core.shell:Creating package descriptor '/home/melih/Desktop/AGV/install/agv_launch/share/agv_launch/package.dsv'
[4.947s] INFO:colcon.colcon_core.shell:Creating package script '/home/melih/Desktop/AGV/install/agv_launch/share/agv_launch/package.sh'
[4.948s] INFO:colcon.colcon_core.shell:Creating package script '/home/melih/Desktop/AGV/install/agv_launch/share/agv_launch/package.bash'
[4.949s] INFO:colcon.colcon_core.shell:Creating package script '/home/melih/Desktop/AGV/install/agv_launch/share/agv_launch/package.zsh'
[4.950s] Level 1:colcon.colcon_core.environment:create_file_with_runtime_dependencies(/home/melih/Desktop/AGV/install/agv_launch/share/colcon-core/packages/agv_launch)
[4.998s] Level 1:colcon.colcon_core.environment:create_environment_scripts_only(agv_launch)
[4.998s] Level 1:colcon.colcon_core.environment:checking '/home/melih/Desktop/AGV/install/agv_launch' for CMake module files
[4.999s] Level 1:colcon.colcon_core.environment:checking '/home/melih/Desktop/AGV/install/agv_launch' for CMake config files
[5.000s] Level 1:colcon.colcon_core.shell:create_environment_hook('agv_launch', 'cmake_prefix_path')
[5.001s] INFO:colcon.colcon_core.shell:Creating environment hook '/home/melih/Desktop/AGV/install/agv_launch/share/agv_launch/hook/cmake_prefix_path.ps1'
[5.002s] INFO:colcon.colcon_core.shell:Creating environment descriptor '/home/melih/Desktop/AGV/install/agv_launch/share/agv_launch/hook/cmake_prefix_path.dsv'
[5.002s] INFO:colcon.colcon_core.shell:Creating environment hook '/home/melih/Desktop/AGV/install/agv_launch/share/agv_launch/hook/cmake_prefix_path.sh'
[5.003s] Level 1:colcon.colcon_core.environment:checking '/home/melih/Desktop/AGV/install/agv_launch/bin'
[5.004s] Level 1:colcon.colcon_core.environment:checking '/home/melih/Desktop/AGV/install/agv_launch/lib/pkgconfig/agv_launch.pc'
[5.004s] Level 1:colcon.colcon_core.environment:checking '/home/melih/Desktop/AGV/install/agv_launch/lib/python3.10/site-packages'
[5.004s] Level 1:colcon.colcon_core.environment:checking '/home/melih/Desktop/AGV/install/agv_launch/bin'
[5.005s] INFO:colcon.colcon_core.shell:Creating package script '/home/melih/Desktop/AGV/install/agv_launch/share/agv_launch/package.ps1'
[5.006s] INFO:colcon.colcon_core.shell:Creating package descriptor '/home/melih/Desktop/AGV/install/agv_launch/share/agv_launch/package.dsv'
[5.009s] INFO:colcon.colcon_core.shell:Creating package script '/home/melih/Desktop/AGV/install/agv_launch/share/agv_launch/package.sh'
[5.011s] INFO:colcon.colcon_core.shell:Creating package script '/home/melih/Desktop/AGV/install/agv_launch/share/agv_launch/package.bash'
[5.012s] INFO:colcon.colcon_core.shell:Creating package script '/home/melih/Desktop/AGV/install/agv_launch/share/agv_launch/package.zsh'
[5.013s] Level 1:colcon.colcon_core.environment:create_file_with_runtime_dependencies(/home/melih/Desktop/AGV/install/agv_launch/share/colcon-core/packages/agv_launch)
[5.014s] DEBUG:colcon.colcon_parallel_executor.executor.parallel:closing loop
[5.014s] DEBUG:colcon.colcon_parallel_executor.executor.parallel:loop closed
[5.015s] DEBUG:colcon.colcon_parallel_executor.executor.parallel:run_until_complete finished with '0'
[5.015s] DEBUG:colcon.colcon_core.event_reactor:joining thread
[5.028s] INFO:colcon.colcon_core.plugin_system:Skipping extension 'colcon_notification.desktop_notification.terminal_notifier': Not used on non-Darwin systems
[5.028s] INFO:colcon.colcon_core.plugin_system:Skipping extension 'colcon_notification.desktop_notification.win32': Not used on non-Windows systems
[5.028s] INFO:colcon.colcon_notification.desktop_notification:Sending desktop notification using 'notify2'
[5.059s] DEBUG:colcon.colcon_core.event_reactor:joined thread
[5.060s] INFO:colcon.colcon_core.shell:Creating prefix script '/home/melih/Desktop/AGV/install/local_setup.ps1'
[5.062s] INFO:colcon.colcon_core.shell:Creating prefix util module '/home/melih/Desktop/AGV/install/_local_setup_util_ps1.py'
[5.065s] INFO:colcon.colcon_core.shell:Creating prefix chain script '/home/melih/Desktop/AGV/install/setup.ps1'
[5.070s] INFO:colcon.colcon_core.shell:Creating prefix script '/home/melih/Desktop/AGV/install/local_setup.sh'
[5.071s] INFO:colcon.colcon_core.shell:Creating prefix util module '/home/melih/Desktop/AGV/install/_local_setup_util_sh.py'
[5.072s] INFO:colcon.colcon_core.shell:Creating prefix chain script '/home/melih/Desktop/AGV/install/setup.sh'
[5.078s] INFO:colcon.colcon_core.shell:Creating prefix script '/home/melih/Desktop/AGV/install/local_setup.bash'
[5.079s] INFO:colcon.colcon_core.shell:Creating prefix chain script '/home/melih/Desktop/AGV/install/setup.bash'
[5.084s] INFO:colcon.colcon_core.shell:Creating prefix script '/home/melih/Desktop/AGV/install/local_setup.zsh'
[5.086s] INFO:colcon.colcon_core.shell:Creating prefix chain script '/home/melih/Desktop/AGV/install/setup.zsh'
