[0.294s] DEBUG:colcon:Command line arguments: ['/home/melih/.local/bin/colcon', 'build']
[0.295s] DEBUG:colcon:Parsed command line arguments: Namespace(log_base=None, log_level=None, verb_name='build', build_base='build', install_base='install', merge_install=False, symlink_install=False, test_result_base=None, continue_on_error=False, executor='parallel', parallel_workers=4, event_handlers=None, ignore_user_meta=False, metas=['./colcon.meta'], base_paths=['.'], packages_ignore=None, packages_ignore_regex=None, paths=None, packages_up_to=None, packages_up_to_regex=None, packages_above=None, packages_above_and_dependencies=None, packages_above_depth=None, packages_select_by_dep=None, packages_skip_by_dep=None, packages_skip_up_to=None, packages_select_build_failed=False, packages_skip_build_finished=False, packages_select_test_failures=False, packages_skip_test_passed=False, packages_select=None, packages_skip=None, packages_select_regex=None, packages_skip_regex=None, packages_start=None, packages_end=None, allow_overriding=[], cmake_args=None, cmake_target=None, cmake_target_skip_unavailable=False, cmake_clean_cache=False, cmake_clean_first=False, cmake_force_configure=False, ament_cmake_args=None, catkin_cmake_args=None, catkin_skip_building_tests=False, verb_parser=<colcon_defaults.argument_parser.defaults.DefaultArgumentsDecorator object at 0x704911cdcb80>, verb_extension=<colcon_core.verb.build.BuildVerb object at 0x704911cdc070>, main=<bound method BuildVerb.main of <colcon_core.verb.build.BuildVerb object at 0x704911cdc070>>)
[0.653s] Level 1:colcon.colcon_core.package_discovery:discover_packages(colcon_meta) check parameters
[0.653s] Level 1:colcon.colcon_core.package_discovery:discover_packages(recursive) check parameters
[0.653s] Level 1:colcon.colcon_core.package_discovery:discover_packages(ignore) check parameters
[0.653s] Level 1:colcon.colcon_core.package_discovery:discover_packages(path) check parameters
[0.654s] Level 1:colcon.colcon_core.package_discovery:discover_packages(colcon_meta) discover
[0.654s] Level 1:colcon.colcon_core.package_discovery:discover_packages(recursive) discover
[0.654s] INFO:colcon.colcon_core.package_discovery:Crawling recursively for packages in '/home/melih/Desktop/AGV'
[0.654s] Level 1:colcon.colcon_core.package_identification:_identify(.) by extensions ['ignore', 'ignore_ament_install']
[0.654s] Level 1:colcon.colcon_core.package_identification:_identify(.) by extension 'ignore'
[0.654s] Level 1:colcon.colcon_core.package_identification:_identify(.) by extension 'ignore_ament_install'
[0.654s] Level 1:colcon.colcon_core.package_identification:_identify(.) by extensions ['colcon_pkg']
[0.654s] Level 1:colcon.colcon_core.package_identification:_identify(.) by extension 'colcon_pkg'
[0.654s] Level 1:colcon.colcon_core.package_identification:_identify(.) by extensions ['colcon_meta']
[0.655s] Level 1:colcon.colcon_core.package_identification:_identify(.) by extension 'colcon_meta'
[0.655s] Level 1:colcon.colcon_core.package_identification:_identify(.) by extensions ['ros']
[0.655s] Level 1:colcon.colcon_core.package_identification:_identify(.) by extension 'ros'
[0.677s] Level 1:colcon.colcon_core.package_identification:_identify(.) by extensions ['cmake', 'python']
[0.677s] Level 1:colcon.colcon_core.package_identification:_identify(.) by extension 'cmake'
[0.677s] Level 1:colcon.colcon_core.package_identification:_identify(.) by extension 'python'
[0.677s] Level 1:colcon.colcon_core.package_identification:_identify(.) by extensions ['python_setup_py']
[0.677s] Level 1:colcon.colcon_core.package_identification:_identify(.) by extension 'python_setup_py'
[0.678s] Level 1:colcon.colcon_core.package_identification:_identify(build) by extensions ['ignore', 'ignore_ament_install']
[0.678s] Level 1:colcon.colcon_core.package_identification:_identify(build) by extension 'ignore'
[0.678s] Level 1:colcon.colcon_core.package_identification:_identify(build) ignored
[0.679s] Level 1:colcon.colcon_core.package_identification:_identify(install) by extensions ['ignore', 'ignore_ament_install']
[0.679s] Level 1:colcon.colcon_core.package_identification:_identify(install) by extension 'ignore'
[0.679s] Level 1:colcon.colcon_core.package_identification:_identify(install) ignored
[0.680s] Level 1:colcon.colcon_core.package_identification:_identify(log) by extensions ['ignore', 'ignore_ament_install']
[0.680s] Level 1:colcon.colcon_core.package_identification:_identify(log) by extension 'ignore'
[0.680s] Level 1:colcon.colcon_core.package_identification:_identify(log) ignored
[0.680s] Level 1:colcon.colcon_core.package_identification:_identify(src) by extensions ['ignore', 'ignore_ament_install']
[0.680s] Level 1:colcon.colcon_core.package_identification:_identify(src) by extension 'ignore'
[0.680s] Level 1:colcon.colcon_core.package_identification:_identify(src) by extension 'ignore_ament_install'
[0.681s] Level 1:colcon.colcon_core.package_identification:_identify(src) by extensions ['colcon_pkg']
[0.681s] Level 1:colcon.colcon_core.package_identification:_identify(src) by extension 'colcon_pkg'
[0.681s] Level 1:colcon.colcon_core.package_identification:_identify(src) by extensions ['colcon_meta']
[0.681s] Level 1:colcon.colcon_core.package_identification:_identify(src) by extension 'colcon_meta'
[0.681s] Level 1:colcon.colcon_core.package_identification:_identify(src) by extensions ['ros']
[0.681s] Level 1:colcon.colcon_core.package_identification:_identify(src) by extension 'ros'
[0.681s] Level 1:colcon.colcon_core.package_identification:_identify(src) by extensions ['cmake', 'python']
[0.681s] Level 1:colcon.colcon_core.package_identification:_identify(src) by extension 'cmake'
[0.681s] Level 1:colcon.colcon_core.package_identification:_identify(src) by extension 'python'
[0.681s] Level 1:colcon.colcon_core.package_identification:_identify(src) by extensions ['python_setup_py']
[0.681s] Level 1:colcon.colcon_core.package_identification:_identify(src) by extension 'python_setup_py'
[0.682s] Level 1:colcon.colcon_core.package_identification:_identify(src/agv_cpp) by extensions ['ignore', 'ignore_ament_install']
[0.682s] Level 1:colcon.colcon_core.package_identification:_identify(src/agv_cpp) by extension 'ignore'
[0.682s] Level 1:colcon.colcon_core.package_identification:_identify(src/agv_cpp) by extension 'ignore_ament_install'
[0.682s] Level 1:colcon.colcon_core.package_identification:_identify(src/agv_cpp) by extensions ['colcon_pkg']
[0.682s] Level 1:colcon.colcon_core.package_identification:_identify(src/agv_cpp) by extension 'colcon_pkg'
[0.682s] Level 1:colcon.colcon_core.package_identification:_identify(src/agv_cpp) by extensions ['colcon_meta']
[0.682s] Level 1:colcon.colcon_core.package_identification:_identify(src/agv_cpp) by extension 'colcon_meta'
[0.682s] Level 1:colcon.colcon_core.package_identification:_identify(src/agv_cpp) by extensions ['ros']
[0.682s] Level 1:colcon.colcon_core.package_identification:_identify(src/agv_cpp) by extension 'ros'
[0.687s] DEBUG:colcon.colcon_core.package_identification:Package 'src/agv_cpp' with type 'ros.ament_cmake' and name 'agv_cpp'
[0.688s] Level 1:colcon.colcon_core.package_identification:_identify(src/agv_interfaces) by extensions ['ignore', 'ignore_ament_install']
[0.688s] Level 1:colcon.colcon_core.package_identification:_identify(src/agv_interfaces) by extension 'ignore'
[0.688s] Level 1:colcon.colcon_core.package_identification:_identify(src/agv_interfaces) by extension 'ignore_ament_install'
[0.688s] Level 1:colcon.colcon_core.package_identification:_identify(src/agv_interfaces) by extensions ['colcon_pkg']
[0.688s] Level 1:colcon.colcon_core.package_identification:_identify(src/agv_interfaces) by extension 'colcon_pkg'
[0.688s] Level 1:colcon.colcon_core.package_identification:_identify(src/agv_interfaces) by extensions ['colcon_meta']
[0.688s] Level 1:colcon.colcon_core.package_identification:_identify(src/agv_interfaces) by extension 'colcon_meta'
[0.689s] Level 1:colcon.colcon_core.package_identification:_identify(src/agv_interfaces) by extensions ['ros']
[0.689s] Level 1:colcon.colcon_core.package_identification:_identify(src/agv_interfaces) by extension 'ros'
[0.691s] DEBUG:colcon.colcon_core.package_identification:Package 'src/agv_interfaces' with type 'ros.ament_cmake' and name 'agv_interfaces'
[0.691s] Level 1:colcon.colcon_core.package_identification:_identify(src/agv_launch) by extensions ['ignore', 'ignore_ament_install']
[0.691s] Level 1:colcon.colcon_core.package_identification:_identify(src/agv_launch) by extension 'ignore'
[0.691s] Level 1:colcon.colcon_core.package_identification:_identify(src/agv_launch) by extension 'ignore_ament_install'
[0.691s] Level 1:colcon.colcon_core.package_identification:_identify(src/agv_launch) by extensions ['colcon_pkg']
[0.691s] Level 1:colcon.colcon_core.package_identification:_identify(src/agv_launch) by extension 'colcon_pkg'
[0.692s] Level 1:colcon.colcon_core.package_identification:_identify(src/agv_launch) by extensions ['colcon_meta']
[0.692s] Level 1:colcon.colcon_core.package_identification:_identify(src/agv_launch) by extension 'colcon_meta'
[0.692s] Level 1:colcon.colcon_core.package_identification:_identify(src/agv_launch) by extensions ['ros']
[0.692s] Level 1:colcon.colcon_core.package_identification:_identify(src/agv_launch) by extension 'ros'
[0.693s] DEBUG:colcon.colcon_core.package_identification:Package 'src/agv_launch' with type 'ros.ament_cmake' and name 'agv_launch'
[0.693s] Level 1:colcon.colcon_core.package_identification:_identify(src/agv_py) by extensions ['ignore', 'ignore_ament_install']
[0.693s] Level 1:colcon.colcon_core.package_identification:_identify(src/agv_py) by extension 'ignore'
[0.693s] Level 1:colcon.colcon_core.package_identification:_identify(src/agv_py) by extension 'ignore_ament_install'
[0.693s] Level 1:colcon.colcon_core.package_identification:_identify(src/agv_py) by extensions ['colcon_pkg']
[0.694s] Level 1:colcon.colcon_core.package_identification:_identify(src/agv_py) by extension 'colcon_pkg'
[0.694s] Level 1:colcon.colcon_core.package_identification:_identify(src/agv_py) by extensions ['colcon_meta']
[0.694s] Level 1:colcon.colcon_core.package_identification:_identify(src/agv_py) by extension 'colcon_meta'
[0.694s] Level 1:colcon.colcon_core.package_identification:_identify(src/agv_py) by extensions ['ros']
[0.694s] Level 1:colcon.colcon_core.package_identification:_identify(src/agv_py) by extension 'ros'
[0.696s] DEBUG:colcon.colcon_core.package_identification:Package 'src/agv_py' with type 'ros.ament_python' and name 'agv_py'
[0.696s] Level 1:colcon.colcon_core.package_discovery:discover_packages(recursive) using defaults
[0.696s] Level 1:colcon.colcon_core.package_discovery:discover_packages(ignore) discover
[0.696s] Level 1:colcon.colcon_core.package_discovery:discover_packages(ignore) using defaults
[0.697s] Level 1:colcon.colcon_core.package_discovery:discover_packages(path) discover
[0.697s] Level 1:colcon.colcon_core.package_discovery:discover_packages(path) using defaults
[0.741s] Level 1:colcon.colcon_core.package_discovery:discover_packages(prefix_path) check parameters
[0.741s] Level 1:colcon.colcon_core.package_discovery:discover_packages(prefix_path) discover
[0.754s] DEBUG:colcon.colcon_installed_package_information.package_discovery:Found 1 installed packages in /home/melih/Desktop/New_Folder_1/install
[0.756s] DEBUG:colcon.colcon_installed_package_information.package_discovery:Found 2 installed packages in /home/melih/Desktop/ros_lifecycle_node/install
[0.757s] DEBUG:colcon.colcon_installed_package_information.package_discovery:Found 2 installed packages in /home/melih/Desktop/ros_example/turtlesim_project/install
[0.759s] DEBUG:colcon.colcon_installed_package_information.package_discovery:Found 2 installed packages in /home/melih/Desktop/ros_example/edouard_turtlesim_project/install
[0.760s] DEBUG:colcon.colcon_installed_package_information.package_discovery:Found 2 installed packages in /home/melih/Desktop/ros_example/battery_led_states/install
[0.761s] DEBUG:colcon.colcon_installed_package_information.package_discovery:Found 1 installed packages in /home/melih/Desktop/ros_msgs/install
[0.763s] DEBUG:colcon.colcon_installed_package_information.package_discovery:Found 1 installed packages in /home/melih/Desktop/ros_cpp2/install
[0.764s] DEBUG:colcon.colcon_installed_package_information.package_discovery:Found 2 installed packages in /home/melih/Desktop/ros_py/install
[0.765s] DEBUG:colcon.colcon_installed_package_information.package_discovery:Found 4 installed packages in /home/melih/Desktop/AGV/install
[0.767s] DEBUG:colcon.colcon_installed_package_information.package_discovery:Found 0 installed packages in /home/melih/Desktop/ros_ws/install
[0.768s] DEBUG:colcon.colcon_installed_package_information.package_discovery:Found 3 installed packages in /home/melih/Desktop/ros_action/install
[0.772s] DEBUG:colcon.colcon_installed_package_information.package_discovery:Found 388 installed packages in /opt/ros/humble
[0.777s] Level 1:colcon.colcon_core.package_discovery:discover_packages(prefix_path) using defaults
[0.929s] Level 5:colcon.colcon_core.verb:set package 'agv_interfaces' build argument 'cmake_args' from command line to 'None'
[0.929s] Level 5:colcon.colcon_core.verb:set package 'agv_interfaces' build argument 'cmake_target' from command line to 'None'
[0.929s] Level 5:colcon.colcon_core.verb:set package 'agv_interfaces' build argument 'cmake_target_skip_unavailable' from command line to 'False'
[0.929s] Level 5:colcon.colcon_core.verb:set package 'agv_interfaces' build argument 'cmake_clean_cache' from command line to 'False'
[0.929s] Level 5:colcon.colcon_core.verb:set package 'agv_interfaces' build argument 'cmake_clean_first' from command line to 'False'
[0.929s] Level 5:colcon.colcon_core.verb:set package 'agv_interfaces' build argument 'cmake_force_configure' from command line to 'False'
[0.929s] Level 5:colcon.colcon_core.verb:set package 'agv_interfaces' build argument 'ament_cmake_args' from command line to 'None'
[0.929s] Level 5:colcon.colcon_core.verb:set package 'agv_interfaces' build argument 'catkin_cmake_args' from command line to 'None'
[0.930s] Level 5:colcon.colcon_core.verb:set package 'agv_interfaces' build argument 'catkin_skip_building_tests' from command line to 'False'
[0.930s] DEBUG:colcon.colcon_core.verb:Building package 'agv_interfaces' with the following arguments: {'ament_cmake_args': None, 'build_base': '/home/melih/Desktop/AGV/build/agv_interfaces', 'catkin_cmake_args': None, 'catkin_skip_building_tests': False, 'cmake_args': None, 'cmake_clean_cache': False, 'cmake_clean_first': False, 'cmake_force_configure': False, 'cmake_target': None, 'cmake_target_skip_unavailable': False, 'install_base': '/home/melih/Desktop/AGV/install/agv_interfaces', 'merge_install': False, 'path': '/home/melih/Desktop/AGV/src/agv_interfaces', 'symlink_install': False, 'test_result_base': None}
[0.930s] Level 5:colcon.colcon_core.verb:set package 'agv_py' build argument 'cmake_args' from command line to 'None'
[0.930s] Level 5:colcon.colcon_core.verb:set package 'agv_py' build argument 'cmake_target' from command line to 'None'
[0.931s] Level 5:colcon.colcon_core.verb:set package 'agv_py' build argument 'cmake_target_skip_unavailable' from command line to 'False'
[0.931s] Level 5:colcon.colcon_core.verb:set package 'agv_py' build argument 'cmake_clean_cache' from command line to 'False'
[0.931s] Level 5:colcon.colcon_core.verb:set package 'agv_py' build argument 'cmake_clean_first' from command line to 'False'
[0.931s] Level 5:colcon.colcon_core.verb:set package 'agv_py' build argument 'cmake_force_configure' from command line to 'False'
[0.931s] Level 5:colcon.colcon_core.verb:set package 'agv_py' build argument 'ament_cmake_args' from command line to 'None'
[0.931s] Level 5:colcon.colcon_core.verb:set package 'agv_py' build argument 'catkin_cmake_args' from command line to 'None'
[0.931s] Level 5:colcon.colcon_core.verb:set package 'agv_py' build argument 'catkin_skip_building_tests' from command line to 'False'
[0.931s] DEBUG:colcon.colcon_core.verb:Building package 'agv_py' with the following arguments: {'ament_cmake_args': None, 'build_base': '/home/melih/Desktop/AGV/build/agv_py', 'catkin_cmake_args': None, 'catkin_skip_building_tests': False, 'cmake_args': None, 'cmake_clean_cache': False, 'cmake_clean_first': False, 'cmake_force_configure': False, 'cmake_target': None, 'cmake_target_skip_unavailable': False, 'install_base': '/home/melih/Desktop/AGV/install/agv_py', 'merge_install': False, 'path': '/home/melih/Desktop/AGV/src/agv_py', 'symlink_install': False, 'test_result_base': None}
[0.932s] Level 5:colcon.colcon_core.verb:set package 'agv_cpp' build argument 'cmake_args' from command line to 'None'
[0.932s] Level 5:colcon.colcon_core.verb:set package 'agv_cpp' build argument 'cmake_target' from command line to 'None'
[0.932s] Level 5:colcon.colcon_core.verb:set package 'agv_cpp' build argument 'cmake_target_skip_unavailable' from command line to 'False'
[0.932s] Level 5:colcon.colcon_core.verb:set package 'agv_cpp' build argument 'cmake_clean_cache' from command line to 'False'
[0.932s] Level 5:colcon.colcon_core.verb:set package 'agv_cpp' build argument 'cmake_clean_first' from command line to 'False'
[0.932s] Level 5:colcon.colcon_core.verb:set package 'agv_cpp' build argument 'cmake_force_configure' from command line to 'False'
[0.932s] Level 5:colcon.colcon_core.verb:set package 'agv_cpp' build argument 'ament_cmake_args' from command line to 'None'
[0.932s] Level 5:colcon.colcon_core.verb:set package 'agv_cpp' build argument 'catkin_cmake_args' from command line to 'None'
[0.932s] Level 5:colcon.colcon_core.verb:set package 'agv_cpp' build argument 'catkin_skip_building_tests' from command line to 'False'
[0.932s] DEBUG:colcon.colcon_core.verb:Building package 'agv_cpp' with the following arguments: {'ament_cmake_args': None, 'build_base': '/home/melih/Desktop/AGV/build/agv_cpp', 'catkin_cmake_args': None, 'catkin_skip_building_tests': False, 'cmake_args': None, 'cmake_clean_cache': False, 'cmake_clean_first': False, 'cmake_force_configure': False, 'cmake_target': None, 'cmake_target_skip_unavailable': False, 'install_base': '/home/melih/Desktop/AGV/install/agv_cpp', 'merge_install': False, 'path': '/home/melih/Desktop/AGV/src/agv_cpp', 'symlink_install': False, 'test_result_base': None}
[0.933s] Level 5:colcon.colcon_core.verb:set package 'agv_launch' build argument 'cmake_args' from command line to 'None'
[0.933s] Level 5:colcon.colcon_core.verb:set package 'agv_launch' build argument 'cmake_target' from command line to 'None'
[0.933s] Level 5:colcon.colcon_core.verb:set package 'agv_launch' build argument 'cmake_target_skip_unavailable' from command line to 'False'
[0.933s] Level 5:colcon.colcon_core.verb:set package 'agv_launch' build argument 'cmake_clean_cache' from command line to 'False'
[0.933s] Level 5:colcon.colcon_core.verb:set package 'agv_launch' build argument 'cmake_clean_first' from command line to 'False'
[0.934s] Level 5:colcon.colcon_core.verb:set package 'agv_launch' build argument 'cmake_force_configure' from command line to 'False'
[0.934s] Level 5:colcon.colcon_core.verb:set package 'agv_launch' build argument 'ament_cmake_args' from command line to 'None'
[0.934s] Level 5:colcon.colcon_core.verb:set package 'agv_launch' build argument 'catkin_cmake_args' from command line to 'None'
[0.934s] Level 5:colcon.colcon_core.verb:set package 'agv_launch' build argument 'catkin_skip_building_tests' from command line to 'False'
[0.934s] DEBUG:colcon.colcon_core.verb:Building package 'agv_launch' with the following arguments: {'ament_cmake_args': None, 'build_base': '/home/melih/Desktop/AGV/build/agv_launch', 'catkin_cmake_args': None, 'catkin_skip_building_tests': False, 'cmake_args': None, 'cmake_clean_cache': False, 'cmake_clean_first': False, 'cmake_force_configure': False, 'cmake_target': None, 'cmake_target_skip_unavailable': False, 'install_base': '/home/melih/Desktop/AGV/install/agv_launch', 'merge_install': False, 'path': '/home/melih/Desktop/AGV/src/agv_launch', 'symlink_install': False, 'test_result_base': None}
[0.934s] INFO:colcon.colcon_core.executor:Executing jobs using 'parallel' executor
[0.936s] DEBUG:colcon.colcon_parallel_executor.executor.parallel:run_until_complete
[0.936s] INFO:colcon.colcon_ros.task.ament_cmake.build:Building ROS package in '/home/melih/Desktop/AGV/src/agv_interfaces' with build type 'ament_cmake'
[0.937s] INFO:colcon.colcon_cmake.task.cmake.build:Building CMake package in '/home/melih/Desktop/AGV/src/agv_interfaces'
[0.944s] INFO:colcon.colcon_core.plugin_system:Skipping extension 'colcon_core.shell.bat': Not used on non-Windows systems
[0.944s] INFO:colcon.colcon_core.shell:Skip shell extension 'powershell' for command environment: Not usable outside of PowerShell
[0.944s] DEBUG:colcon.colcon_core.shell:Skip shell extension 'dsv' for command environment
[0.969s] INFO:colcon.colcon_ros.task.ament_python.build:Building ROS package in '/home/melih/Desktop/AGV/src/agv_py' with build type 'ament_python'
[0.969s] Level 1:colcon.colcon_core.shell:create_environment_hook('agv_py', 'ament_prefix_path')
[0.970s] INFO:colcon.colcon_core.shell:Creating environment hook '/home/melih/Desktop/AGV/install/agv_py/share/agv_py/hook/ament_prefix_path.ps1'
[0.974s] INFO:colcon.colcon_core.shell:Creating environment descriptor '/home/melih/Desktop/AGV/install/agv_py/share/agv_py/hook/ament_prefix_path.dsv'
[0.975s] INFO:colcon.colcon_core.shell:Creating environment hook '/home/melih/Desktop/AGV/install/agv_py/share/agv_py/hook/ament_prefix_path.sh'
[0.976s] INFO:colcon.colcon_core.shell:Skip shell extension 'powershell' for command environment: Not usable outside of PowerShell
[0.977s] DEBUG:colcon.colcon_core.shell:Skip shell extension 'dsv' for command environment
[1.003s] DEBUG:colcon.colcon_core.event_handler.log_command:Invoking command in '/home/melih/Desktop/AGV/build/agv_interfaces': CMAKE_PREFIX_PATH=${CMAKE_PREFIX_PATH}:/home/melih/Desktop/AGV/install/agv_py:/home/melih/Desktop/ros_lifecycle_node/install/lifecycle_node_py:/home/melih/Desktop/ros_example/turtlesim_project/install/turtlesim_py:/home/melih/Desktop/ros_example/edouard_turtlesim_project/install/turtlesim_catch_them_all:/home/melih/Desktop/ros_example/battery_led_states/install/package_py:/home/melih/Desktop/ros_py/install/my_robot:/home/melih/Desktop/ros_action/install/actions_py:/opt/ros/humble /usr/bin/cmake --build /home/melih/Desktop/AGV/build/agv_interfaces -- -j4 -l4
[1.947s] INFO:colcon.colcon_core.task.python.build:Building Python package in '/home/melih/Desktop/AGV/src/agv_py'
[1.947s] INFO:colcon.colcon_core.shell:Skip shell extension 'powershell' for command environment: Not usable outside of PowerShell
[1.947s] DEBUG:colcon.colcon_core.shell:Skip shell extension 'dsv' for command environment
[2.169s] DEBUG:colcon.colcon_core.event_handler.log_command:Invoked command in '/home/melih/Desktop/AGV/build/agv_interfaces' returned '0': CMAKE_PREFIX_PATH=${CMAKE_PREFIX_PATH}:/home/melih/Desktop/AGV/install/agv_py:/home/melih/Desktop/ros_lifecycle_node/install/lifecycle_node_py:/home/melih/Desktop/ros_example/turtlesim_project/install/turtlesim_py:/home/melih/Desktop/ros_example/edouard_turtlesim_project/install/turtlesim_catch_them_all:/home/melih/Desktop/ros_example/battery_led_states/install/package_py:/home/melih/Desktop/ros_py/install/my_robot:/home/melih/Desktop/ros_action/install/actions_py:/opt/ros/humble /usr/bin/cmake --build /home/melih/Desktop/AGV/build/agv_interfaces -- -j4 -l4
[2.357s] DEBUG:colcon.colcon_core.event_handler.log_command:Invoking command in '/home/melih/Desktop/AGV/build/agv_interfaces': CMAKE_PREFIX_PATH=${CMAKE_PREFIX_PATH}:/home/melih/Desktop/AGV/install/agv_py:/home/melih/Desktop/ros_lifecycle_node/install/lifecycle_node_py:/home/melih/Desktop/ros_example/turtlesim_project/install/turtlesim_py:/home/melih/Desktop/ros_example/edouard_turtlesim_project/install/turtlesim_catch_them_all:/home/melih/Desktop/ros_example/battery_led_states/install/package_py:/home/melih/Desktop/ros_py/install/my_robot:/home/melih/Desktop/ros_action/install/actions_py:/opt/ros/humble /usr/bin/cmake --install /home/melih/Desktop/AGV/build/agv_interfaces
[2.512s] Level 1:colcon.colcon_core.environment:create_environment_scripts_only(agv_interfaces)
[2.517s] DEBUG:colcon.colcon_core.event_handler.log_command:Invoked command in '/home/melih/Desktop/AGV/build/agv_interfaces' returned '0': CMAKE_PREFIX_PATH=${CMAKE_PREFIX_PATH}:/home/melih/Desktop/AGV/install/agv_py:/home/melih/Desktop/ros_lifecycle_node/install/lifecycle_node_py:/home/melih/Desktop/ros_example/turtlesim_project/install/turtlesim_py:/home/melih/Desktop/ros_example/edouard_turtlesim_project/install/turtlesim_catch_them_all:/home/melih/Desktop/ros_example/battery_led_states/install/package_py:/home/melih/Desktop/ros_py/install/my_robot:/home/melih/Desktop/ros_action/install/actions_py:/opt/ros/humble /usr/bin/cmake --install /home/melih/Desktop/AGV/build/agv_interfaces
[2.522s] Level 1:colcon.colcon_core.environment:checking '/home/melih/Desktop/AGV/install/agv_interfaces' for CMake module files
[2.524s] Level 1:colcon.colcon_core.environment:checking '/home/melih/Desktop/AGV/install/agv_interfaces' for CMake config files
[2.526s] Level 1:colcon.colcon_core.shell:create_environment_hook('agv_interfaces', 'cmake_prefix_path')
[2.527s] INFO:colcon.colcon_core.shell:Creating environment hook '/home/melih/Desktop/AGV/install/agv_interfaces/share/agv_interfaces/hook/cmake_prefix_path.ps1'
[2.528s] INFO:colcon.colcon_core.shell:Creating environment descriptor '/home/melih/Desktop/AGV/install/agv_interfaces/share/agv_interfaces/hook/cmake_prefix_path.dsv'
[2.529s] INFO:colcon.colcon_core.shell:Creating environment hook '/home/melih/Desktop/AGV/install/agv_interfaces/share/agv_interfaces/hook/cmake_prefix_path.sh'
[2.531s] Level 1:colcon.colcon_core.environment:checking '/home/melih/Desktop/AGV/install/agv_interfaces/lib'
[2.531s] Level 1:colcon.colcon_core.shell:create_environment_hook('agv_interfaces', 'ld_library_path_lib')
[2.532s] INFO:colcon.colcon_core.shell:Creating environment hook '/home/melih/Desktop/AGV/install/agv_interfaces/share/agv_interfaces/hook/ld_library_path_lib.ps1'
[2.533s] INFO:colcon.colcon_core.shell:Creating environment descriptor '/home/melih/Desktop/AGV/install/agv_interfaces/share/agv_interfaces/hook/ld_library_path_lib.dsv'
[2.535s] INFO:colcon.colcon_core.shell:Creating environment hook '/home/melih/Desktop/AGV/install/agv_interfaces/share/agv_interfaces/hook/ld_library_path_lib.sh'
[2.536s] Level 1:colcon.colcon_core.environment:checking '/home/melih/Desktop/AGV/install/agv_interfaces/bin'
[2.536s] Level 1:colcon.colcon_core.environment:checking '/home/melih/Desktop/AGV/install/agv_interfaces/lib/pkgconfig/agv_interfaces.pc'
[2.537s] Level 1:colcon.colcon_core.environment:checking '/home/melih/Desktop/AGV/install/agv_interfaces/lib/python3.10/site-packages'
[2.538s] Level 1:colcon.colcon_core.environment:checking '/home/melih/Desktop/AGV/install/agv_interfaces/bin'
[2.539s] INFO:colcon.colcon_core.shell:Creating package script '/home/melih/Desktop/AGV/install/agv_interfaces/share/agv_interfaces/package.ps1'
[2.541s] INFO:colcon.colcon_core.shell:Creating package descriptor '/home/melih/Desktop/AGV/install/agv_interfaces/share/agv_interfaces/package.dsv'
[2.543s] INFO:colcon.colcon_core.shell:Creating package script '/home/melih/Desktop/AGV/install/agv_interfaces/share/agv_interfaces/package.sh'
[2.546s] INFO:colcon.colcon_core.shell:Creating package script '/home/melih/Desktop/AGV/install/agv_interfaces/share/agv_interfaces/package.bash'
[2.548s] INFO:colcon.colcon_core.shell:Creating package script '/home/melih/Desktop/AGV/install/agv_interfaces/share/agv_interfaces/package.zsh'
[2.549s] Level 1:colcon.colcon_core.environment:create_file_with_runtime_dependencies(/home/melih/Desktop/AGV/install/agv_interfaces/share/colcon-core/packages/agv_interfaces)
[2.760s] Level 1:colcon.colcon_core.environment:create_environment_scripts_only(agv_interfaces)
[2.761s] Level 1:colcon.colcon_core.environment:checking '/home/melih/Desktop/AGV/install/agv_interfaces' for CMake module files
[2.763s] Level 1:colcon.colcon_core.environment:checking '/home/melih/Desktop/AGV/install/agv_interfaces' for CMake config files
[2.764s] Level 1:colcon.colcon_core.shell:create_environment_hook('agv_interfaces', 'cmake_prefix_path')
[2.765s] INFO:colcon.colcon_core.shell:Creating environment hook '/home/melih/Desktop/AGV/install/agv_interfaces/share/agv_interfaces/hook/cmake_prefix_path.ps1'
[2.766s] INFO:colcon.colcon_core.shell:Creating environment descriptor '/home/melih/Desktop/AGV/install/agv_interfaces/share/agv_interfaces/hook/cmake_prefix_path.dsv'
[2.767s] INFO:colcon.colcon_core.shell:Creating environment hook '/home/melih/Desktop/AGV/install/agv_interfaces/share/agv_interfaces/hook/cmake_prefix_path.sh'
[2.768s] Level 1:colcon.colcon_core.environment:checking '/home/melih/Desktop/AGV/install/agv_interfaces/lib'
[2.769s] Level 1:colcon.colcon_core.shell:create_environment_hook('agv_interfaces', 'ld_library_path_lib')
[2.769s] INFO:colcon.colcon_core.shell:Creating environment hook '/home/melih/Desktop/AGV/install/agv_interfaces/share/agv_interfaces/hook/ld_library_path_lib.ps1'
[2.770s] INFO:colcon.colcon_core.shell:Creating environment descriptor '/home/melih/Desktop/AGV/install/agv_interfaces/share/agv_interfaces/hook/ld_library_path_lib.dsv'
[2.771s] INFO:colcon.colcon_core.shell:Creating environment hook '/home/melih/Desktop/AGV/install/agv_interfaces/share/agv_interfaces/hook/ld_library_path_lib.sh'
[2.771s] Level 1:colcon.colcon_core.environment:checking '/home/melih/Desktop/AGV/install/agv_interfaces/bin'
[2.772s] Level 1:colcon.colcon_core.environment:checking '/home/melih/Desktop/AGV/install/agv_interfaces/lib/pkgconfig/agv_interfaces.pc'
[2.772s] Level 1:colcon.colcon_core.environment:checking '/home/melih/Desktop/AGV/install/agv_interfaces/lib/python3.10/site-packages'
[2.773s] Level 1:colcon.colcon_core.environment:checking '/home/melih/Desktop/AGV/install/agv_interfaces/bin'
[2.773s] INFO:colcon.colcon_core.shell:Creating package script '/home/melih/Desktop/AGV/install/agv_interfaces/share/agv_interfaces/package.ps1'
[2.775s] INFO:colcon.colcon_core.shell:Creating package descriptor '/home/melih/Desktop/AGV/install/agv_interfaces/share/agv_interfaces/package.dsv'
[2.776s] INFO:colcon.colcon_core.shell:Creating package script '/home/melih/Desktop/AGV/install/agv_interfaces/share/agv_interfaces/package.sh'
[2.778s] INFO:colcon.colcon_core.shell:Creating package script '/home/melih/Desktop/AGV/install/agv_interfaces/share/agv_interfaces/package.bash'
[2.779s] INFO:colcon.colcon_core.shell:Creating package script '/home/melih/Desktop/AGV/install/agv_interfaces/share/agv_interfaces/package.zsh'
[2.780s] Level 1:colcon.colcon_core.environment:create_file_with_runtime_dependencies(/home/melih/Desktop/AGV/install/agv_interfaces/share/colcon-core/packages/agv_interfaces)
[2.781s] INFO:colcon.colcon_ros.task.ament_cmake.build:Building ROS package in '/home/melih/Desktop/AGV/src/agv_cpp' with build type 'ament_cmake'
[2.782s] INFO:colcon.colcon_cmake.task.cmake.build:Building CMake package in '/home/melih/Desktop/AGV/src/agv_cpp'
[2.783s] INFO:colcon.colcon_core.shell:Skip shell extension 'powershell' for command environment: Not usable outside of PowerShell
[2.783s] DEBUG:colcon.colcon_core.shell:Skip shell extension 'dsv' for command environment
[2.824s] DEBUG:colcon.colcon_core.event_handler.log_command:Invoking command in '/home/melih/Desktop/AGV/build/agv_cpp': CMAKE_PREFIX_PATH=/home/melih/Desktop/AGV/install/agv_interfaces:/home/melih/Desktop/AGV/install/agv_launch:/home/melih/Desktop/AGV/install/agv_cpp:/home/melih/Desktop/New_Folder_1/install/ydlidar_ros2_driver:/home/melih/Desktop/ros_lifecycle_node/install/lifecycle_node_cpp:/home/melih/Desktop/ros_example/turtlesim_project/install/turtlesim_launch_bringup:/home/melih/Desktop/ros_example/edouard_turtlesim_project/install/turtlesim_catch_them_all_launch_bringup:/home/melih/Desktop/ros_example/battery_led_states/install/package_cpp:/home/melih/Desktop/ros_msgs/install/my_robot_interfaces:/home/melih/Desktop/ros_cpp2/install/rdr2:/home/melih/Desktop/ros_py/install/my_robot_bringup:/home/melih/Desktop/ros_action/install/actions_cpp:/home/melih/Desktop/ros_action/install/robot_action_interfaces:/home/melih/Desktop/AGV/install/agv_py:/home/melih/Desktop/ros_lifecycle_node/install/lifecycle_node_py:/home/melih/Desktop/ros_example/turtlesim_project/install/turtlesim_py:/home/melih/Desktop/ros_example/edouard_turtlesim_project/install/turtlesim_catch_them_all:/home/melih/Desktop/ros_example/battery_led_states/install/package_py:/home/melih/Desktop/ros_py/install/my_robot:/home/melih/Desktop/ros_action/install/actions_py:/opt/ros/humble /usr/bin/cmake --build /home/melih/Desktop/AGV/build/agv_cpp -- -j4 -l4
[2.964s] DEBUG:colcon.colcon_core.event_handler.log_command:Invoked command in '/home/melih/Desktop/AGV/build/agv_cpp' returned '0': CMAKE_PREFIX_PATH=/home/melih/Desktop/AGV/install/agv_interfaces:/home/melih/Desktop/AGV/install/agv_launch:/home/melih/Desktop/AGV/install/agv_cpp:/home/melih/Desktop/New_Folder_1/install/ydlidar_ros2_driver:/home/melih/Desktop/ros_lifecycle_node/install/lifecycle_node_cpp:/home/melih/Desktop/ros_example/turtlesim_project/install/turtlesim_launch_bringup:/home/melih/Desktop/ros_example/edouard_turtlesim_project/install/turtlesim_catch_them_all_launch_bringup:/home/melih/Desktop/ros_example/battery_led_states/install/package_cpp:/home/melih/Desktop/ros_msgs/install/my_robot_interfaces:/home/melih/Desktop/ros_cpp2/install/rdr2:/home/melih/Desktop/ros_py/install/my_robot_bringup:/home/melih/Desktop/ros_action/install/actions_cpp:/home/melih/Desktop/ros_action/install/robot_action_interfaces:/home/melih/Desktop/AGV/install/agv_py:/home/melih/Desktop/ros_lifecycle_node/install/lifecycle_node_py:/home/melih/Desktop/ros_example/turtlesim_project/install/turtlesim_py:/home/melih/Desktop/ros_example/edouard_turtlesim_project/install/turtlesim_catch_them_all:/home/melih/Desktop/ros_example/battery_led_states/install/package_py:/home/melih/Desktop/ros_py/install/my_robot:/home/melih/Desktop/ros_action/install/actions_py:/opt/ros/humble /usr/bin/cmake --build /home/melih/Desktop/AGV/build/agv_cpp -- -j4 -l4
[2.974s] DEBUG:colcon.colcon_core.event_handler.log_command:Invoking command in '/home/melih/Desktop/AGV/src/agv_py': PYTHONPATH=/home/melih/Desktop/AGV/build/agv_py/prefix_override:/home/melih/.local/lib/python3.10/site-packages/colcon_core/task/python/colcon_distutils_commands:/home/melih/Desktop/AGV/install/agv_py/lib/python3.10/site-packages:${PYTHONPATH} /usr/bin/python3 -W ignore:setup.py install is deprecated setup.py egg_info --egg-base ../../build/agv_py build --build-base /home/melih/Desktop/AGV/build/agv_py/build install --record /home/melih/Desktop/AGV/build/agv_py/install.log --single-version-externally-managed install_data
[3.017s] DEBUG:colcon.colcon_core.event_handler.log_command:Invoking command in '/home/melih/Desktop/AGV/build/agv_cpp': CMAKE_PREFIX_PATH=/home/melih/Desktop/AGV/install/agv_interfaces:/home/melih/Desktop/AGV/install/agv_launch:/home/melih/Desktop/AGV/install/agv_cpp:/home/melih/Desktop/New_Folder_1/install/ydlidar_ros2_driver:/home/melih/Desktop/ros_lifecycle_node/install/lifecycle_node_cpp:/home/melih/Desktop/ros_example/turtlesim_project/install/turtlesim_launch_bringup:/home/melih/Desktop/ros_example/edouard_turtlesim_project/install/turtlesim_catch_them_all_launch_bringup:/home/melih/Desktop/ros_example/battery_led_states/install/package_cpp:/home/melih/Desktop/ros_msgs/install/my_robot_interfaces:/home/melih/Desktop/ros_cpp2/install/rdr2:/home/melih/Desktop/ros_py/install/my_robot_bringup:/home/melih/Desktop/ros_action/install/actions_cpp:/home/melih/Desktop/ros_action/install/robot_action_interfaces:/home/melih/Desktop/AGV/install/agv_py:/home/melih/Desktop/ros_lifecycle_node/install/lifecycle_node_py:/home/melih/Desktop/ros_example/turtlesim_project/install/turtlesim_py:/home/melih/Desktop/ros_example/edouard_turtlesim_project/install/turtlesim_catch_them_all:/home/melih/Desktop/ros_example/battery_led_states/install/package_py:/home/melih/Desktop/ros_py/install/my_robot:/home/melih/Desktop/ros_action/install/actions_py:/opt/ros/humble /usr/bin/cmake --install /home/melih/Desktop/AGV/build/agv_cpp
[3.036s] Level 1:colcon.colcon_core.environment:create_environment_scripts_only(agv_cpp)
[3.036s] Level 1:colcon.colcon_core.environment:checking '/home/melih/Desktop/AGV/install/agv_cpp' for CMake module files
[3.037s] DEBUG:colcon.colcon_core.event_handler.log_command:Invoked command in '/home/melih/Desktop/AGV/build/agv_cpp' returned '0': CMAKE_PREFIX_PATH=/home/melih/Desktop/AGV/install/agv_interfaces:/home/melih/Desktop/AGV/install/agv_launch:/home/melih/Desktop/AGV/install/agv_cpp:/home/melih/Desktop/New_Folder_1/install/ydlidar_ros2_driver:/home/melih/Desktop/ros_lifecycle_node/install/lifecycle_node_cpp:/home/melih/Desktop/ros_example/turtlesim_project/install/turtlesim_launch_bringup:/home/melih/Desktop/ros_example/edouard_turtlesim_project/install/turtlesim_catch_them_all_launch_bringup:/home/melih/Desktop/ros_example/battery_led_states/install/package_cpp:/home/melih/Desktop/ros_msgs/install/my_robot_interfaces:/home/melih/Desktop/ros_cpp2/install/rdr2:/home/melih/Desktop/ros_py/install/my_robot_bringup:/home/melih/Desktop/ros_action/install/actions_cpp:/home/melih/Desktop/ros_action/install/robot_action_interfaces:/home/melih/Desktop/AGV/install/agv_py:/home/melih/Desktop/ros_lifecycle_node/install/lifecycle_node_py:/home/melih/Desktop/ros_example/turtlesim_project/install/turtlesim_py:/home/melih/Desktop/ros_example/edouard_turtlesim_project/install/turtlesim_catch_them_all:/home/melih/Desktop/ros_example/battery_led_states/install/package_py:/home/melih/Desktop/ros_py/install/my_robot:/home/melih/Desktop/ros_action/install/actions_py:/opt/ros/humble /usr/bin/cmake --install /home/melih/Desktop/AGV/build/agv_cpp
[3.038s] Level 1:colcon.colcon_core.environment:checking '/home/melih/Desktop/AGV/install/agv_cpp' for CMake config files
[3.039s] Level 1:colcon.colcon_core.shell:create_environment_hook('agv_cpp', 'cmake_prefix_path')
[3.040s] INFO:colcon.colcon_core.shell:Creating environment hook '/home/melih/Desktop/AGV/install/agv_cpp/share/agv_cpp/hook/cmake_prefix_path.ps1'
[3.041s] INFO:colcon.colcon_core.shell:Creating environment descriptor '/home/melih/Desktop/AGV/install/agv_cpp/share/agv_cpp/hook/cmake_prefix_path.dsv'
[3.041s] INFO:colcon.colcon_core.shell:Creating environment hook '/home/melih/Desktop/AGV/install/agv_cpp/share/agv_cpp/hook/cmake_prefix_path.sh'
[3.042s] Level 1:colcon.colcon_core.environment:checking '/home/melih/Desktop/AGV/install/agv_cpp/lib'
[3.043s] Level 1:colcon.colcon_core.environment:checking '/home/melih/Desktop/AGV/install/agv_cpp/bin'
[3.043s] Level 1:colcon.colcon_core.environment:checking '/home/melih/Desktop/AGV/install/agv_cpp/lib/pkgconfig/agv_cpp.pc'
[3.043s] Level 1:colcon.colcon_core.environment:checking '/home/melih/Desktop/AGV/install/agv_cpp/lib/python3.10/site-packages'
[3.044s] Level 1:colcon.colcon_core.environment:checking '/home/melih/Desktop/AGV/install/agv_cpp/bin'
[3.044s] INFO:colcon.colcon_core.shell:Creating package script '/home/melih/Desktop/AGV/install/agv_cpp/share/agv_cpp/package.ps1'
[3.045s] INFO:colcon.colcon_core.shell:Creating package descriptor '/home/melih/Desktop/AGV/install/agv_cpp/share/agv_cpp/package.dsv'
[3.046s] INFO:colcon.colcon_core.shell:Creating package script '/home/melih/Desktop/AGV/install/agv_cpp/share/agv_cpp/package.sh'
[3.047s] INFO:colcon.colcon_core.shell:Creating package script '/home/melih/Desktop/AGV/install/agv_cpp/share/agv_cpp/package.bash'
[3.047s] INFO:colcon.colcon_core.shell:Creating package script '/home/melih/Desktop/AGV/install/agv_cpp/share/agv_cpp/package.zsh'
[3.048s] Level 1:colcon.colcon_core.environment:create_file_with_runtime_dependencies(/home/melih/Desktop/AGV/install/agv_cpp/share/colcon-core/packages/agv_cpp)
[3.101s] Level 1:colcon.colcon_core.environment:create_environment_scripts_only(agv_cpp)
[3.102s] Level 1:colcon.colcon_core.environment:checking '/home/melih/Desktop/AGV/install/agv_cpp' for CMake module files
[3.103s] Level 1:colcon.colcon_core.environment:checking '/home/melih/Desktop/AGV/install/agv_cpp' for CMake config files
[3.103s] Level 1:colcon.colcon_core.shell:create_environment_hook('agv_cpp', 'cmake_prefix_path')
[3.104s] INFO:colcon.colcon_core.shell:Creating environment hook '/home/melih/Desktop/AGV/install/agv_cpp/share/agv_cpp/hook/cmake_prefix_path.ps1'
[3.105s] INFO:colcon.colcon_core.shell:Creating environment descriptor '/home/melih/Desktop/AGV/install/agv_cpp/share/agv_cpp/hook/cmake_prefix_path.dsv'
[3.105s] INFO:colcon.colcon_core.shell:Creating environment hook '/home/melih/Desktop/AGV/install/agv_cpp/share/agv_cpp/hook/cmake_prefix_path.sh'
[3.106s] Level 1:colcon.colcon_core.environment:checking '/home/melih/Desktop/AGV/install/agv_cpp/lib'
[3.107s] Level 1:colcon.colcon_core.environment:checking '/home/melih/Desktop/AGV/install/agv_cpp/bin'
[3.107s] Level 1:colcon.colcon_core.environment:checking '/home/melih/Desktop/AGV/install/agv_cpp/lib/pkgconfig/agv_cpp.pc'
[3.107s] Level 1:colcon.colcon_core.environment:checking '/home/melih/Desktop/AGV/install/agv_cpp/lib/python3.10/site-packages'
[3.108s] Level 1:colcon.colcon_core.environment:checking '/home/melih/Desktop/AGV/install/agv_cpp/bin'
[3.108s] INFO:colcon.colcon_core.shell:Creating package script '/home/melih/Desktop/AGV/install/agv_cpp/share/agv_cpp/package.ps1'
[3.109s] INFO:colcon.colcon_core.shell:Creating package descriptor '/home/melih/Desktop/AGV/install/agv_cpp/share/agv_cpp/package.dsv'
[3.110s] INFO:colcon.colcon_core.shell:Creating package script '/home/melih/Desktop/AGV/install/agv_cpp/share/agv_cpp/package.sh'
[3.111s] INFO:colcon.colcon_core.shell:Creating package script '/home/melih/Desktop/AGV/install/agv_cpp/share/agv_cpp/package.bash'
[3.112s] INFO:colcon.colcon_core.shell:Creating package script '/home/melih/Desktop/AGV/install/agv_cpp/share/agv_cpp/package.zsh'
[3.113s] Level 1:colcon.colcon_core.environment:create_file_with_runtime_dependencies(/home/melih/Desktop/AGV/install/agv_cpp/share/colcon-core/packages/agv_cpp)
[3.673s] Level 1:colcon.colcon_core.environment:checking '/home/melih/Desktop/AGV/install/agv_py' for CMake module files
[3.675s] DEBUG:colcon.colcon_core.event_handler.log_command:Invoked command in '/home/melih/Desktop/AGV/src/agv_py' returned '0': PYTHONPATH=/home/melih/Desktop/AGV/build/agv_py/prefix_override:/home/melih/.local/lib/python3.10/site-packages/colcon_core/task/python/colcon_distutils_commands:/home/melih/Desktop/AGV/install/agv_py/lib/python3.10/site-packages:${PYTHONPATH} /usr/bin/python3 -W ignore:setup.py install is deprecated setup.py egg_info --egg-base ../../build/agv_py build --build-base /home/melih/Desktop/AGV/build/agv_py/build install --record /home/melih/Desktop/AGV/build/agv_py/install.log --single-version-externally-managed install_data
[3.676s] Level 1:colcon.colcon_core.environment:checking '/home/melih/Desktop/AGV/install/agv_py' for CMake config files
[3.680s] Level 1:colcon.colcon_core.environment:checking '/home/melih/Desktop/AGV/install/agv_py/lib'
[3.680s] Level 1:colcon.colcon_core.environment:checking '/home/melih/Desktop/AGV/install/agv_py/bin'
[3.680s] Level 1:colcon.colcon_core.environment:checking '/home/melih/Desktop/AGV/install/agv_py/lib/pkgconfig/agv_py.pc'
[3.681s] Level 1:colcon.colcon_core.environment:checking '/home/melih/Desktop/AGV/install/agv_py/lib/python3.10/site-packages'
[3.681s] Level 1:colcon.colcon_core.shell:create_environment_hook('agv_py', 'pythonpath')
[3.681s] INFO:colcon.colcon_core.shell:Creating environment hook '/home/melih/Desktop/AGV/install/agv_py/share/agv_py/hook/pythonpath.ps1'
[3.682s] INFO:colcon.colcon_core.shell:Creating environment descriptor '/home/melih/Desktop/AGV/install/agv_py/share/agv_py/hook/pythonpath.dsv'
[3.683s] INFO:colcon.colcon_core.shell:Creating environment hook '/home/melih/Desktop/AGV/install/agv_py/share/agv_py/hook/pythonpath.sh'
[3.684s] Level 1:colcon.colcon_core.environment:checking '/home/melih/Desktop/AGV/install/agv_py/bin'
[3.684s] Level 1:colcon.colcon_core.environment:create_environment_scripts_only(agv_py)
[3.684s] INFO:colcon.colcon_core.shell:Creating package script '/home/melih/Desktop/AGV/install/agv_py/share/agv_py/package.ps1'
[3.685s] INFO:colcon.colcon_core.shell:Creating package descriptor '/home/melih/Desktop/AGV/install/agv_py/share/agv_py/package.dsv'
[3.686s] INFO:colcon.colcon_core.shell:Creating package script '/home/melih/Desktop/AGV/install/agv_py/share/agv_py/package.sh'
[3.687s] INFO:colcon.colcon_core.shell:Creating package script '/home/melih/Desktop/AGV/install/agv_py/share/agv_py/package.bash'
[3.688s] INFO:colcon.colcon_core.shell:Creating package script '/home/melih/Desktop/AGV/install/agv_py/share/agv_py/package.zsh'
[3.688s] Level 1:colcon.colcon_core.environment:create_file_with_runtime_dependencies(/home/melih/Desktop/AGV/install/agv_py/share/colcon-core/packages/agv_py)
[3.689s] INFO:colcon.colcon_ros.task.ament_cmake.build:Building ROS package in '/home/melih/Desktop/AGV/src/agv_launch' with build type 'ament_cmake'
[3.689s] INFO:colcon.colcon_cmake.task.cmake.build:Building CMake package in '/home/melih/Desktop/AGV/src/agv_launch'
[3.690s] INFO:colcon.colcon_core.shell:Skip shell extension 'powershell' for command environment: Not usable outside of PowerShell
[3.690s] DEBUG:colcon.colcon_core.shell:Skip shell extension 'dsv' for command environment
[3.725s] DEBUG:colcon.colcon_core.event_handler.log_command:Invoking command in '/home/melih/Desktop/AGV/build/agv_launch': AMENT_PREFIX_PATH=/home/melih/Desktop/AGV/install/agv_py:/home/melih/Desktop/AGV/install/agv_launch:/home/melih/Desktop/AGV/install/agv_cpp:/home/melih/Desktop/AGV/install/agv_interfaces:/home/melih/Desktop/New_Folder_1/install/ydlidar_ros2_driver:/home/melih/Desktop/ros_lifecycle_node/install/lifecycle_node_py:/home/melih/Desktop/ros_lifecycle_node/install/lifecycle_node_cpp:/home/melih/Desktop/ros_example/turtlesim_project/install/turtlesim_launch_bringup:/home/melih/Desktop/ros_example/turtlesim_project/install/turtlesim_py:/home/melih/Desktop/ros_example/edouard_turtlesim_project/install/turtlesim_catch_them_all_launch_bringup:/home/melih/Desktop/ros_example/edouard_turtlesim_project/install/turtlesim_catch_them_all:/home/melih/Desktop/ros_example/battery_led_states/install/package_py:/home/melih/Desktop/ros_example/battery_led_states/install/package_cpp:/home/melih/Desktop/ros_msgs/install/my_robot_interfaces:/home/melih/Desktop/ros_cpp2/install/rdr2:/home/melih/Desktop/ros_py/install/my_robot_bringup:/home/melih/Desktop/ros_py/install/my_robot:/home/melih/Desktop/ros_action/install/actions_py:/home/melih/Desktop/ros_action/install/actions_cpp:/home/melih/Desktop/ros_action/install/robot_action_interfaces:/opt/ros/humble CMAKE_PREFIX_PATH=/home/melih/Desktop/AGV/install/agv_cpp:/home/melih/Desktop/AGV/install/agv_interfaces:/home/melih/Desktop/AGV/install/agv_launch:/home/melih/Desktop/New_Folder_1/install/ydlidar_ros2_driver:/home/melih/Desktop/ros_lifecycle_node/install/lifecycle_node_cpp:/home/melih/Desktop/ros_example/turtlesim_project/install/turtlesim_launch_bringup:/home/melih/Desktop/ros_example/edouard_turtlesim_project/install/turtlesim_catch_them_all_launch_bringup:/home/melih/Desktop/ros_example/battery_led_states/install/package_cpp:/home/melih/Desktop/ros_msgs/install/my_robot_interfaces:/home/melih/Desktop/ros_cpp2/install/rdr2:/home/melih/Desktop/ros_py/install/my_robot_bringup:/home/melih/Desktop/ros_action/install/actions_cpp:/home/melih/Desktop/ros_action/install/robot_action_interfaces:/home/melih/Desktop/AGV/install/agv_py:/home/melih/Desktop/ros_lifecycle_node/install/lifecycle_node_py:/home/melih/Desktop/ros_example/turtlesim_project/install/turtlesim_py:/home/melih/Desktop/ros_example/edouard_turtlesim_project/install/turtlesim_catch_them_all:/home/melih/Desktop/ros_example/battery_led_states/install/package_py:/home/melih/Desktop/ros_py/install/my_robot:/home/melih/Desktop/ros_action/install/actions_py:/opt/ros/humble /usr/bin/cmake --build /home/melih/Desktop/AGV/build/agv_launch -- -j4 -l4
[3.805s] DEBUG:colcon.colcon_core.event_handler.log_command:Invoked command in '/home/melih/Desktop/AGV/build/agv_launch' returned '0': AMENT_PREFIX_PATH=/home/melih/Desktop/AGV/install/agv_py:/home/melih/Desktop/AGV/install/agv_launch:/home/melih/Desktop/AGV/install/agv_cpp:/home/melih/Desktop/AGV/install/agv_interfaces:/home/melih/Desktop/New_Folder_1/install/ydlidar_ros2_driver:/home/melih/Desktop/ros_lifecycle_node/install/lifecycle_node_py:/home/melih/Desktop/ros_lifecycle_node/install/lifecycle_node_cpp:/home/melih/Desktop/ros_example/turtlesim_project/install/turtlesim_launch_bringup:/home/melih/Desktop/ros_example/turtlesim_project/install/turtlesim_py:/home/melih/Desktop/ros_example/edouard_turtlesim_project/install/turtlesim_catch_them_all_launch_bringup:/home/melih/Desktop/ros_example/edouard_turtlesim_project/install/turtlesim_catch_them_all:/home/melih/Desktop/ros_example/battery_led_states/install/package_py:/home/melih/Desktop/ros_example/battery_led_states/install/package_cpp:/home/melih/Desktop/ros_msgs/install/my_robot_interfaces:/home/melih/Desktop/ros_cpp2/install/rdr2:/home/melih/Desktop/ros_py/install/my_robot_bringup:/home/melih/Desktop/ros_py/install/my_robot:/home/melih/Desktop/ros_action/install/actions_py:/home/melih/Desktop/ros_action/install/actions_cpp:/home/melih/Desktop/ros_action/install/robot_action_interfaces:/opt/ros/humble CMAKE_PREFIX_PATH=/home/melih/Desktop/AGV/install/agv_cpp:/home/melih/Desktop/AGV/install/agv_interfaces:/home/melih/Desktop/AGV/install/agv_launch:/home/melih/Desktop/New_Folder_1/install/ydlidar_ros2_driver:/home/melih/Desktop/ros_lifecycle_node/install/lifecycle_node_cpp:/home/melih/Desktop/ros_example/turtlesim_project/install/turtlesim_launch_bringup:/home/melih/Desktop/ros_example/edouard_turtlesim_project/install/turtlesim_catch_them_all_launch_bringup:/home/melih/Desktop/ros_example/battery_led_states/install/package_cpp:/home/melih/Desktop/ros_msgs/install/my_robot_interfaces:/home/melih/Desktop/ros_cpp2/install/rdr2:/home/melih/Desktop/ros_py/install/my_robot_bringup:/home/melih/Desktop/ros_action/install/actions_cpp:/home/melih/Desktop/ros_action/install/robot_action_interfaces:/home/melih/Desktop/AGV/install/agv_py:/home/melih/Desktop/ros_lifecycle_node/install/lifecycle_node_py:/home/melih/Desktop/ros_example/turtlesim_project/install/turtlesim_py:/home/melih/Desktop/ros_example/edouard_turtlesim_project/install/turtlesim_catch_them_all:/home/melih/Desktop/ros_example/battery_led_states/install/package_py:/home/melih/Desktop/ros_py/install/my_robot:/home/melih/Desktop/ros_action/install/actions_py:/opt/ros/humble /usr/bin/cmake --build /home/melih/Desktop/AGV/build/agv_launch -- -j4 -l4
[3.847s] DEBUG:colcon.colcon_core.event_handler.log_command:Invoking command in '/home/melih/Desktop/AGV/build/agv_launch': AMENT_PREFIX_PATH=/home/melih/Desktop/AGV/install/agv_py:/home/melih/Desktop/AGV/install/agv_launch:/home/melih/Desktop/AGV/install/agv_cpp:/home/melih/Desktop/AGV/install/agv_interfaces:/home/melih/Desktop/New_Folder_1/install/ydlidar_ros2_driver:/home/melih/Desktop/ros_lifecycle_node/install/lifecycle_node_py:/home/melih/Desktop/ros_lifecycle_node/install/lifecycle_node_cpp:/home/melih/Desktop/ros_example/turtlesim_project/install/turtlesim_launch_bringup:/home/melih/Desktop/ros_example/turtlesim_project/install/turtlesim_py:/home/melih/Desktop/ros_example/edouard_turtlesim_project/install/turtlesim_catch_them_all_launch_bringup:/home/melih/Desktop/ros_example/edouard_turtlesim_project/install/turtlesim_catch_them_all:/home/melih/Desktop/ros_example/battery_led_states/install/package_py:/home/melih/Desktop/ros_example/battery_led_states/install/package_cpp:/home/melih/Desktop/ros_msgs/install/my_robot_interfaces:/home/melih/Desktop/ros_cpp2/install/rdr2:/home/melih/Desktop/ros_py/install/my_robot_bringup:/home/melih/Desktop/ros_py/install/my_robot:/home/melih/Desktop/ros_action/install/actions_py:/home/melih/Desktop/ros_action/install/actions_cpp:/home/melih/Desktop/ros_action/install/robot_action_interfaces:/opt/ros/humble CMAKE_PREFIX_PATH=/home/melih/Desktop/AGV/install/agv_cpp:/home/melih/Desktop/AGV/install/agv_interfaces:/home/melih/Desktop/AGV/install/agv_launch:/home/melih/Desktop/New_Folder_1/install/ydlidar_ros2_driver:/home/melih/Desktop/ros_lifecycle_node/install/lifecycle_node_cpp:/home/melih/Desktop/ros_example/turtlesim_project/install/turtlesim_launch_bringup:/home/melih/Desktop/ros_example/edouard_turtlesim_project/install/turtlesim_catch_them_all_launch_bringup:/home/melih/Desktop/ros_example/battery_led_states/install/package_cpp:/home/melih/Desktop/ros_msgs/install/my_robot_interfaces:/home/melih/Desktop/ros_cpp2/install/rdr2:/home/melih/Desktop/ros_py/install/my_robot_bringup:/home/melih/Desktop/ros_action/install/actions_cpp:/home/melih/Desktop/ros_action/install/robot_action_interfaces:/home/melih/Desktop/AGV/install/agv_py:/home/melih/Desktop/ros_lifecycle_node/install/lifecycle_node_py:/home/melih/Desktop/ros_example/turtlesim_project/install/turtlesim_py:/home/melih/Desktop/ros_example/edouard_turtlesim_project/install/turtlesim_catch_them_all:/home/melih/Desktop/ros_example/battery_led_states/install/package_py:/home/melih/Desktop/ros_py/install/my_robot:/home/melih/Desktop/ros_action/install/actions_py:/opt/ros/humble /usr/bin/cmake --install /home/melih/Desktop/AGV/build/agv_launch
[3.868s] Level 1:colcon.colcon_core.environment:create_environment_scripts_only(agv_launch)
[3.869s] Level 1:colcon.colcon_core.environment:checking '/home/melih/Desktop/AGV/install/agv_launch' for CMake module files
[3.870s] DEBUG:colcon.colcon_core.event_handler.log_command:Invoked command in '/home/melih/Desktop/AGV/build/agv_launch' returned '0': AMENT_PREFIX_PATH=/home/melih/Desktop/AGV/install/agv_py:/home/melih/Desktop/AGV/install/agv_launch:/home/melih/Desktop/AGV/install/agv_cpp:/home/melih/Desktop/AGV/install/agv_interfaces:/home/melih/Desktop/New_Folder_1/install/ydlidar_ros2_driver:/home/melih/Desktop/ros_lifecycle_node/install/lifecycle_node_py:/home/melih/Desktop/ros_lifecycle_node/install/lifecycle_node_cpp:/home/melih/Desktop/ros_example/turtlesim_project/install/turtlesim_launch_bringup:/home/melih/Desktop/ros_example/turtlesim_project/install/turtlesim_py:/home/melih/Desktop/ros_example/edouard_turtlesim_project/install/turtlesim_catch_them_all_launch_bringup:/home/melih/Desktop/ros_example/edouard_turtlesim_project/install/turtlesim_catch_them_all:/home/melih/Desktop/ros_example/battery_led_states/install/package_py:/home/melih/Desktop/ros_example/battery_led_states/install/package_cpp:/home/melih/Desktop/ros_msgs/install/my_robot_interfaces:/home/melih/Desktop/ros_cpp2/install/rdr2:/home/melih/Desktop/ros_py/install/my_robot_bringup:/home/melih/Desktop/ros_py/install/my_robot:/home/melih/Desktop/ros_action/install/actions_py:/home/melih/Desktop/ros_action/install/actions_cpp:/home/melih/Desktop/ros_action/install/robot_action_interfaces:/opt/ros/humble CMAKE_PREFIX_PATH=/home/melih/Desktop/AGV/install/agv_cpp:/home/melih/Desktop/AGV/install/agv_interfaces:/home/melih/Desktop/AGV/install/agv_launch:/home/melih/Desktop/New_Folder_1/install/ydlidar_ros2_driver:/home/melih/Desktop/ros_lifecycle_node/install/lifecycle_node_cpp:/home/melih/Desktop/ros_example/turtlesim_project/install/turtlesim_launch_bringup:/home/melih/Desktop/ros_example/edouard_turtlesim_project/install/turtlesim_catch_them_all_launch_bringup:/home/melih/Desktop/ros_example/battery_led_states/install/package_cpp:/home/melih/Desktop/ros_msgs/install/my_robot_interfaces:/home/melih/Desktop/ros_cpp2/install/rdr2:/home/melih/Desktop/ros_py/install/my_robot_bringup:/home/melih/Desktop/ros_action/install/actions_cpp:/home/melih/Desktop/ros_action/install/robot_action_interfaces:/home/melih/Desktop/AGV/install/agv_py:/home/melih/Desktop/ros_lifecycle_node/install/lifecycle_node_py:/home/melih/Desktop/ros_example/turtlesim_project/install/turtlesim_py:/home/melih/Desktop/ros_example/edouard_turtlesim_project/install/turtlesim_catch_them_all:/home/melih/Desktop/ros_example/battery_led_states/install/package_py:/home/melih/Desktop/ros_py/install/my_robot:/home/melih/Desktop/ros_action/install/actions_py:/opt/ros/humble /usr/bin/cmake --install /home/melih/Desktop/AGV/build/agv_launch
[3.872s] Level 1:colcon.colcon_core.environment:checking '/home/melih/Desktop/AGV/install/agv_launch' for CMake config files
[3.874s] Level 1:colcon.colcon_core.shell:create_environment_hook('agv_launch', 'cmake_prefix_path')
[3.875s] INFO:colcon.colcon_core.shell:Creating environment hook '/home/melih/Desktop/AGV/install/agv_launch/share/agv_launch/hook/cmake_prefix_path.ps1'
[3.876s] INFO:colcon.colcon_core.shell:Creating environment descriptor '/home/melih/Desktop/AGV/install/agv_launch/share/agv_launch/hook/cmake_prefix_path.dsv'
[3.877s] INFO:colcon.colcon_core.shell:Creating environment hook '/home/melih/Desktop/AGV/install/agv_launch/share/agv_launch/hook/cmake_prefix_path.sh'
[3.878s] Level 1:colcon.colcon_core.environment:checking '/home/melih/Desktop/AGV/install/agv_launch/bin'
[3.878s] Level 1:colcon.colcon_core.environment:checking '/home/melih/Desktop/AGV/install/agv_launch/lib/pkgconfig/agv_launch.pc'
[3.879s] Level 1:colcon.colcon_core.environment:checking '/home/melih/Desktop/AGV/install/agv_launch/lib/python3.10/site-packages'
[3.879s] Level 1:colcon.colcon_core.environment:checking '/home/melih/Desktop/AGV/install/agv_launch/bin'
[3.880s] INFO:colcon.colcon_core.shell:Creating package script '/home/melih/Desktop/AGV/install/agv_launch/share/agv_launch/package.ps1'
[3.881s] INFO:colcon.colcon_core.shell:Creating package descriptor '/home/melih/Desktop/AGV/install/agv_launch/share/agv_launch/package.dsv'
[3.882s] INFO:colcon.colcon_core.shell:Creating package script '/home/melih/Desktop/AGV/install/agv_launch/share/agv_launch/package.sh'
[3.883s] INFO:colcon.colcon_core.shell:Creating package script '/home/melih/Desktop/AGV/install/agv_launch/share/agv_launch/package.bash'
[3.884s] INFO:colcon.colcon_core.shell:Creating package script '/home/melih/Desktop/AGV/install/agv_launch/share/agv_launch/package.zsh'
[3.885s] Level 1:colcon.colcon_core.environment:create_file_with_runtime_dependencies(/home/melih/Desktop/AGV/install/agv_launch/share/colcon-core/packages/agv_launch)
[3.929s] Level 1:colcon.colcon_core.environment:create_environment_scripts_only(agv_launch)
[3.930s] Level 1:colcon.colcon_core.environment:checking '/home/melih/Desktop/AGV/install/agv_launch' for CMake module files
[3.931s] Level 1:colcon.colcon_core.environment:checking '/home/melih/Desktop/AGV/install/agv_launch' for CMake config files
[3.932s] Level 1:colcon.colcon_core.shell:create_environment_hook('agv_launch', 'cmake_prefix_path')
[3.932s] INFO:colcon.colcon_core.shell:Creating environment hook '/home/melih/Desktop/AGV/install/agv_launch/share/agv_launch/hook/cmake_prefix_path.ps1'
[3.933s] INFO:colcon.colcon_core.shell:Creating environment descriptor '/home/melih/Desktop/AGV/install/agv_launch/share/agv_launch/hook/cmake_prefix_path.dsv'
[3.934s] INFO:colcon.colcon_core.shell:Creating environment hook '/home/melih/Desktop/AGV/install/agv_launch/share/agv_launch/hook/cmake_prefix_path.sh'
[3.935s] Level 1:colcon.colcon_core.environment:checking '/home/melih/Desktop/AGV/install/agv_launch/bin'
[3.935s] Level 1:colcon.colcon_core.environment:checking '/home/melih/Desktop/AGV/install/agv_launch/lib/pkgconfig/agv_launch.pc'
[3.936s] Level 1:colcon.colcon_core.environment:checking '/home/melih/Desktop/AGV/install/agv_launch/lib/python3.10/site-packages'
[3.936s] Level 1:colcon.colcon_core.environment:checking '/home/melih/Desktop/AGV/install/agv_launch/bin'
[3.937s] INFO:colcon.colcon_core.shell:Creating package script '/home/melih/Desktop/AGV/install/agv_launch/share/agv_launch/package.ps1'
[3.938s] INFO:colcon.colcon_core.shell:Creating package descriptor '/home/melih/Desktop/AGV/install/agv_launch/share/agv_launch/package.dsv'
[3.939s] INFO:colcon.colcon_core.shell:Creating package script '/home/melih/Desktop/AGV/install/agv_launch/share/agv_launch/package.sh'
[3.940s] INFO:colcon.colcon_core.shell:Creating package script '/home/melih/Desktop/AGV/install/agv_launch/share/agv_launch/package.bash'
[3.940s] INFO:colcon.colcon_core.shell:Creating package script '/home/melih/Desktop/AGV/install/agv_launch/share/agv_launch/package.zsh'
[3.941s] Level 1:colcon.colcon_core.environment:create_file_with_runtime_dependencies(/home/melih/Desktop/AGV/install/agv_launch/share/colcon-core/packages/agv_launch)
[3.941s] DEBUG:colcon.colcon_parallel_executor.executor.parallel:closing loop
[3.942s] DEBUG:colcon.colcon_parallel_executor.executor.parallel:loop closed
[3.942s] DEBUG:colcon.colcon_parallel_executor.executor.parallel:run_until_complete finished with '0'
[3.943s] DEBUG:colcon.colcon_core.event_reactor:joining thread
[3.952s] INFO:colcon.colcon_core.plugin_system:Skipping extension 'colcon_notification.desktop_notification.terminal_notifier': Not used on non-Darwin systems
[3.952s] INFO:colcon.colcon_core.plugin_system:Skipping extension 'colcon_notification.desktop_notification.win32': Not used on non-Windows systems
[3.952s] INFO:colcon.colcon_notification.desktop_notification:Sending desktop notification using 'notify2'
[3.975s] DEBUG:colcon.colcon_core.event_reactor:joined thread
[3.977s] INFO:colcon.colcon_core.shell:Creating prefix script '/home/melih/Desktop/AGV/install/local_setup.ps1'
[3.980s] INFO:colcon.colcon_core.shell:Creating prefix util module '/home/melih/Desktop/AGV/install/_local_setup_util_ps1.py'
[3.985s] INFO:colcon.colcon_core.shell:Creating prefix chain script '/home/melih/Desktop/AGV/install/setup.ps1'
[3.990s] INFO:colcon.colcon_core.shell:Creating prefix script '/home/melih/Desktop/AGV/install/local_setup.sh'
[3.991s] INFO:colcon.colcon_core.shell:Creating prefix util module '/home/melih/Desktop/AGV/install/_local_setup_util_sh.py'
[3.993s] INFO:colcon.colcon_core.shell:Creating prefix chain script '/home/melih/Desktop/AGV/install/setup.sh'
[4.001s] INFO:colcon.colcon_core.shell:Creating prefix script '/home/melih/Desktop/AGV/install/local_setup.bash'
[4.003s] INFO:colcon.colcon_core.shell:Creating prefix chain script '/home/melih/Desktop/AGV/install/setup.bash'
[4.010s] INFO:colcon.colcon_core.shell:Creating prefix script '/home/melih/Desktop/AGV/install/local_setup.zsh'
[4.012s] INFO:colcon.colcon_core.shell:Creating prefix chain script '/home/melih/Desktop/AGV/install/setup.zsh'
