[2.101s] Invoking command in '/home/melih/Desktop/AGV/src/agv_py': PYTHONPATH=/home/melih/Desktop/AGV/build/agv_py/prefix_override:/home/melih/.local/lib/python3.10/site-packages/colcon_core/task/python/colcon_distutils_commands:/home/melih/Desktop/AGV/install/agv_py/lib/python3.10/site-packages:${PYTHONPATH} /usr/bin/python3 -W ignore:setup.py install is deprecated setup.py egg_info --egg-base ../../build/agv_py build --build-base /home/melih/Desktop/AGV/build/agv_py/build install --record /home/melih/Desktop/AGV/build/agv_py/install.log --single-version-externally-managed install_data
[2.644s] running egg_info
[2.645s] writing ../../build/agv_py/agv_py.egg-info/PKG-INFO
[2.646s] writing dependency_links to ../../build/agv_py/agv_py.egg-info/dependency_links.txt
[2.646s] writing entry points to ../../build/agv_py/agv_py.egg-info/entry_points.txt
[2.647s] writing requirements to ../../build/agv_py/agv_py.egg-info/requires.txt
[2.647s] writing top-level names to ../../build/agv_py/agv_py.egg-info/top_level.txt
[2.651s] reading manifest file '../../build/agv_py/agv_py.egg-info/SOURCES.txt'
[2.654s] writing manifest file '../../build/agv_py/agv_py.egg-info/SOURCES.txt'
[2.655s] running build
[2.655s] running build_py
[2.657s] running install
[2.658s] running install_lib
[2.665s] running install_data
[2.665s] running install_egg_info
[2.670s] removing '/home/melih/Desktop/AGV/install/agv_py/lib/python3.10/site-packages/agv_py-0.0.0-py3.10.egg-info' (and everything under it)
[2.671s] Copying ../../build/agv_py/agv_py.egg-info to /home/melih/Desktop/AGV/install/agv_py/lib/python3.10/site-packages/agv_py-0.0.0-py3.10.egg-info
[2.674s] running install_scripts
[2.731s] Installing deneyap_motor_controller script to /home/melih/Desktop/AGV/install/agv_py/lib/agv_py
[2.737s] Installing deneyap_sensor_controller script to /home/melih/Desktop/AGV/install/agv_py/lib/agv_py
[2.737s] Installing interface script to /home/melih/Desktop/AGV/install/agv_py/lib/agv_py
[2.738s] Installing lidar_web_example script to /home/melih/Desktop/AGV/install/agv_py/lib/agv_py
[2.738s] Installing qrcode script to /home/melih/Desktop/AGV/install/agv_py/lib/agv_py
[2.738s] Installing web_interface script to /home/melih/Desktop/AGV/install/agv_py/lib/agv_py
[2.740s] writing list of installed files to '/home/melih/Desktop/AGV/build/agv_py/install.log'
[2.808s] Invoked command in '/home/melih/Desktop/AGV/src/agv_py' returned '0': PYTHONPATH=/home/melih/Desktop/AGV/build/agv_py/prefix_override:/home/melih/.local/lib/python3.10/site-packages/colcon_core/task/python/colcon_distutils_commands:/home/melih/Desktop/AGV/install/agv_py/lib/python3.10/site-packages:${PYTHONPATH} /usr/bin/python3 -W ignore:setup.py install is deprecated setup.py egg_info --egg-base ../../build/agv_py build --build-base /home/melih/Desktop/AGV/build/agv_py/build install --record /home/melih/Desktop/AGV/build/agv_py/install.log --single-version-externally-managed install_data
