[2.534s] Invoking command in '/home/melih/Desktop/AGV/src/agv_py': PYTHONPATH=/home/melih/Desktop/AGV/build/agv_py/prefix_override:/home/melih/.local/lib/python3.10/site-packages/colcon_core/task/python/colcon_distutils_commands:/home/melih/Desktop/AGV/install/agv_py/lib/python3.10/site-packages:${PYTHONPATH} /usr/bin/python3 -W ignore:setup.py install is deprecated setup.py egg_info --egg-base ../../build/agv_py build --build-base /home/melih/Desktop/AGV/build/agv_py/build install --record /home/melih/Desktop/AGV/build/agv_py/install.log --single-version-externally-managed install_data
[3.875s] running egg_info
[3.881s] writing ../../build/agv_py/agv_py.egg-info/PKG-INFO
[3.882s] writing dependency_links to ../../build/agv_py/agv_py.egg-info/dependency_links.txt
[3.882s] writing entry points to ../../build/agv_py/agv_py.egg-info/entry_points.txt
[3.889s] writing requirements to ../../build/agv_py/agv_py.egg-info/requires.txt
[3.889s] writing top-level names to ../../build/agv_py/agv_py.egg-info/top_level.txt
[3.900s] reading manifest file '../../build/agv_py/agv_py.egg-info/SOURCES.txt'
[3.905s] writing manifest file '../../build/agv_py/agv_py.egg-info/SOURCES.txt'
[3.909s] running build
[3.910s] running build_py
[3.914s] copying agv_py/interface.py -> /home/melih/Desktop/AGV/build/agv_py/build/lib/agv_py
[3.914s] copying agv_py/web_interface.py -> /home/melih/Desktop/AGV/build/agv_py/build/lib/agv_py
[3.916s] copying agv_py/deneyap_sensor_controller.py -> /home/melih/Desktop/AGV/build/agv_py/build/lib/agv_py
[3.917s] copying agv_py/deneyap_motor_controller.py -> /home/melih/Desktop/AGV/build/agv_py/build/lib/agv_py
[3.920s] running install
[3.920s] running install_lib
[3.927s] copying /home/melih/Desktop/AGV/build/agv_py/build/lib/agv_py/interface.py -> /home/melih/Desktop/AGV/install/agv_py/lib/python3.10/site-packages/agv_py
[3.929s] copying /home/melih/Desktop/AGV/build/agv_py/build/lib/agv_py/web_interface.py -> /home/melih/Desktop/AGV/install/agv_py/lib/python3.10/site-packages/agv_py
[3.931s] copying /home/melih/Desktop/AGV/build/agv_py/build/lib/agv_py/deneyap_sensor_controller.py -> /home/melih/Desktop/AGV/install/agv_py/lib/python3.10/site-packages/agv_py
[3.932s] copying /home/melih/Desktop/AGV/build/agv_py/build/lib/agv_py/deneyap_motor_controller.py -> /home/melih/Desktop/AGV/install/agv_py/lib/python3.10/site-packages/agv_py
[3.934s] byte-compiling /home/melih/Desktop/AGV/install/agv_py/lib/python3.10/site-packages/agv_py/interface.py to interface.cpython-310.pyc
[3.940s] byte-compiling /home/melih/Desktop/AGV/install/agv_py/lib/python3.10/site-packages/agv_py/web_interface.py to web_interface.cpython-310.pyc
[3.946s] byte-compiling /home/melih/Desktop/AGV/install/agv_py/lib/python3.10/site-packages/agv_py/deneyap_sensor_controller.py to deneyap_sensor_controller.cpython-310.pyc
[3.950s] byte-compiling /home/melih/Desktop/AGV/install/agv_py/lib/python3.10/site-packages/agv_py/deneyap_motor_controller.py to deneyap_motor_controller.cpython-310.pyc
[3.960s] running install_data
[3.961s] running install_egg_info
[3.970s] removing '/home/melih/Desktop/AGV/install/agv_py/lib/python3.10/site-packages/agv_py-0.0.0-py3.10.egg-info' (and everything under it)
[3.971s] Copying ../../build/agv_py/agv_py.egg-info to /home/melih/Desktop/AGV/install/agv_py/lib/python3.10/site-packages/agv_py-0.0.0-py3.10.egg-info
[3.973s] running install_scripts
[4.084s] Installing deneyap_motor_controller script to /home/melih/Desktop/AGV/install/agv_py/lib/agv_py
[4.085s] Installing deneyap_sensor_controller script to /home/melih/Desktop/AGV/install/agv_py/lib/agv_py
[4.085s] Installing interface script to /home/melih/Desktop/AGV/install/agv_py/lib/agv_py
[4.091s] Installing lidar_web_example script to /home/melih/Desktop/AGV/install/agv_py/lib/agv_py
[4.095s] Installing qrcode script to /home/melih/Desktop/AGV/install/agv_py/lib/agv_py
[4.095s] writing list of installed files to '/home/melih/Desktop/AGV/build/agv_py/install.log'
[4.245s] Invoked command in '/home/melih/Desktop/AGV/src/agv_py' returned '0': PYTHONPATH=/home/melih/Desktop/AGV/build/agv_py/prefix_override:/home/melih/.local/lib/python3.10/site-packages/colcon_core/task/python/colcon_distutils_commands:/home/melih/Desktop/AGV/install/agv_py/lib/python3.10/site-packages:${PYTHONPATH} /usr/bin/python3 -W ignore:setup.py install is deprecated setup.py egg_info --egg-base ../../build/agv_py build --build-base /home/melih/Desktop/AGV/build/agv_py/build install --record /home/melih/Desktop/AGV/build/agv_py/install.log --single-version-externally-managed install_data
