[2.209s] Invoking command in '/home/melih/Desktop/AGV/src/agv_py': PYTHONPATH=/home/melih/Desktop/AGV/build/agv_py/prefix_override:/home/melih/.local/lib/python3.10/site-packages/colcon_core/task/python/colcon_distutils_commands:/home/melih/Desktop/AGV/install/agv_py/lib/python3.10/site-packages:${PYTHONPATH} /usr/bin/python3 -W ignore:setup.py install is deprecated setup.py egg_info --egg-base ../../build/agv_py build --build-base /home/melih/Desktop/AGV/build/agv_py/build install --record /home/melih/Desktop/AGV/build/agv_py/install.log --single-version-externally-managed install_data
[2.896s] running egg_info
[2.897s] writing ../../build/agv_py/agv_py.egg-info/PKG-INFO
[2.897s] writing dependency_links to ../../build/agv_py/agv_py.egg-info/dependency_links.txt
[2.898s] writing entry points to ../../build/agv_py/agv_py.egg-info/entry_points.txt
[2.898s] writing requirements to ../../build/agv_py/agv_py.egg-info/requires.txt
[2.899s] writing top-level names to ../../build/agv_py/agv_py.egg-info/top_level.txt
[2.902s] reading manifest file '../../build/agv_py/agv_py.egg-info/SOURCES.txt'
[2.905s] writing manifest file '../../build/agv_py/agv_py.egg-info/SOURCES.txt'
[2.905s] running build
[2.905s] running build_py
[2.906s] running install
[2.907s] running install_lib
[2.914s] running install_data
[2.915s] running install_egg_info
[2.920s] removing '/home/melih/Desktop/AGV/install/agv_py/lib/python3.10/site-packages/agv_py-0.0.0-py3.10.egg-info' (and everything under it)
[2.922s] Copying ../../build/agv_py/agv_py.egg-info to /home/melih/Desktop/AGV/install/agv_py/lib/python3.10/site-packages/agv_py-0.0.0-py3.10.egg-info
[2.925s] running install_scripts
[2.974s] Installing deneyap_motor_controller script to /home/melih/Desktop/AGV/install/agv_py/lib/agv_py
[2.975s] Installing deneyap_sensor_controller script to /home/melih/Desktop/AGV/install/agv_py/lib/agv_py
[2.976s] Installing interface script to /home/melih/Desktop/AGV/install/agv_py/lib/agv_py
[2.976s] Installing lidar_web_example script to /home/melih/Desktop/AGV/install/agv_py/lib/agv_py
[2.976s] Installing qrcode script to /home/melih/Desktop/AGV/install/agv_py/lib/agv_py
[2.977s] Installing web_interface script to /home/melih/Desktop/AGV/install/agv_py/lib/agv_py
[2.978s] writing list of installed files to '/home/melih/Desktop/AGV/build/agv_py/install.log'
[3.042s] Invoked command in '/home/melih/Desktop/AGV/src/agv_py' returned '0': PYTHONPATH=/home/melih/Desktop/AGV/build/agv_py/prefix_override:/home/melih/.local/lib/python3.10/site-packages/colcon_core/task/python/colcon_distutils_commands:/home/melih/Desktop/AGV/install/agv_py/lib/python3.10/site-packages:${PYTHONPATH} /usr/bin/python3 -W ignore:setup.py install is deprecated setup.py egg_info --egg-base ../../build/agv_py build --build-base /home/melih/Desktop/AGV/build/agv_py/build install --record /home/melih/Desktop/AGV/build/agv_py/install.log --single-version-externally-managed install_data
