[0.101s] Invoking command in '/home/melih/Desktop/AGV/build/agv_interfaces': CMAKE_PREFIX_PATH=${CMAKE_PREFIX_PATH}:/home/melih/Desktop/AGV/install/agv_py:/home/melih/Desktop/ros_lifecycle_node/install/lifecycle_node_py:/home/melih/Desktop/ros_example/turtlesim_project/install/turtlesim_py:/home/melih/Desktop/ros_example/edouard_turtlesim_project/install/turtlesim_catch_them_all:/home/melih/Desktop/ros_example/battery_led_states/install/package_py:/home/melih/Desktop/ros_py/install/my_robot:/home/melih/Desktop/ros_action/install/actions_py:/opt/ros/humble /usr/bin/cmake --build /home/melih/Desktop/AGV/build/agv_interfaces -- -j4 -l4
[0.323s] [ 10%] Built target agv_interfaces__rosidl_generator_c
[0.328s] [ 12%] Built target agv_interfaces__cpp
[0.415s] [ 12%] Built target ament_cmake_python_copy_agv_interfaces
[0.545s] [ 23%] Built target agv_interfaces__rosidl_typesupport_introspection_c
[0.545s] [ 33%] Built target agv_interfaces__rosidl_typesupport_cpp
[0.553s] [ 43%] Built target agv_interfaces__rosidl_typesupport_fastrtps_c
[0.563s] [ 53%] Built target agv_interfaces__rosidl_typesupport_c
[0.658s] [ 64%] Built target agv_interfaces__rosidl_typesupport_introspection_cpp
[0.686s] [ 74%] Built target agv_interfaces__rosidl_typesupport_fastrtps_cpp
[0.809s] [ 74%] Built target agv_interfaces
[0.886s] [ 76%] Built target agv_interfaces__py
[0.986s] [ 84%] Built target agv_interfaces__rosidl_generator_py
[1.205s] [ 89%] Built target agv_interfaces__rosidl_typesupport_introspection_c__pyext
[1.212s] [ 94%] Built target agv_interfaces__rosidl_typesupport_fastrtps_c__pyext
[1.216s] [100%] Built target agv_interfaces__rosidl_typesupport_c__pyext
[1.753s] running egg_info
[1.754s] writing agv_interfaces.egg-info/PKG-INFO
[1.755s] writing dependency_links to agv_interfaces.egg-info/dependency_links.txt
[1.755s] writing top-level names to agv_interfaces.egg-info/top_level.txt
[1.760s] reading manifest file 'agv_interfaces.egg-info/SOURCES.txt'
[1.762s] writing manifest file 'agv_interfaces.egg-info/SOURCES.txt'
[1.837s] [100%] Built target ament_cmake_python_build_agv_interfaces_egg
[1.893s] Invoked command in '/home/melih/Desktop/AGV/build/agv_interfaces' returned '0': CMAKE_PREFIX_PATH=${CMAKE_PREFIX_PATH}:/home/melih/Desktop/AGV/install/agv_py:/home/melih/Desktop/ros_lifecycle_node/install/lifecycle_node_py:/home/melih/Desktop/ros_example/turtlesim_project/install/turtlesim_py:/home/melih/Desktop/ros_example/edouard_turtlesim_project/install/turtlesim_catch_them_all:/home/melih/Desktop/ros_example/battery_led_states/install/package_py:/home/melih/Desktop/ros_py/install/my_robot:/home/melih/Desktop/ros_action/install/actions_py:/opt/ros/humble /usr/bin/cmake --build /home/melih/Desktop/AGV/build/agv_interfaces -- -j4 -l4
[2.247s] Invoking command in '/home/melih/Desktop/AGV/build/agv_interfaces': CMAKE_PREFIX_PATH=${CMAKE_PREFIX_PATH}:/home/melih/Desktop/AGV/install/agv_py:/home/melih/Desktop/ros_lifecycle_node/install/lifecycle_node_py:/home/melih/Desktop/ros_example/turtlesim_project/install/turtlesim_py:/home/melih/Desktop/ros_example/edouard_turtlesim_project/install/turtlesim_catch_them_all:/home/melih/Desktop/ros_example/battery_led_states/install/package_py:/home/melih/Desktop/ros_py/install/my_robot:/home/melih/Desktop/ros_action/install/actions_py:/opt/ros/humble /usr/bin/cmake --install /home/melih/Desktop/AGV/build/agv_interfaces
[2.268s] -- Install configuration: ""
[2.269s] -- Up-to-date: /home/melih/Desktop/AGV/install/agv_interfaces/share/ament_index/resource_index/rosidl_interfaces/agv_interfaces
[2.269s] -- Up-to-date: /home/melih/Desktop/AGV/install/agv_interfaces/include/agv_interfaces/agv_interfaces
[2.274s] -- Up-to-date: /home/melih/Desktop/AGV/install/agv_interfaces/include/agv_interfaces/agv_interfaces/srv
[2.275s] -- Up-to-date: /home/melih/Desktop/AGV/install/agv_interfaces/include/agv_interfaces/agv_interfaces/srv/command.h
[2.275s] -- Up-to-date: /home/melih/Desktop/AGV/install/agv_interfaces/include/agv_interfaces/agv_interfaces/srv/detail
[2.275s] -- Up-to-date: /home/melih/Desktop/AGV/install/agv_interfaces/include/agv_interfaces/agv_interfaces/srv/detail/learn_weight__functions.h
[2.276s] -- Up-to-date: /home/melih/Desktop/AGV/install/agv_interfaces/include/agv_interfaces/agv_interfaces/srv/detail/command__type_support.h
[2.276s] -- Up-to-date: /home/melih/Desktop/AGV/install/agv_interfaces/include/agv_interfaces/agv_interfaces/srv/detail/command__functions.h
[2.276s] -- Up-to-date: /home/melih/Desktop/AGV/install/agv_interfaces/include/agv_interfaces/agv_interfaces/srv/detail/command__functions.c
[2.276s] -- Up-to-date: /home/melih/Desktop/AGV/install/agv_interfaces/include/agv_interfaces/agv_interfaces/srv/detail/learn_weight__functions.c
[2.277s] -- Up-to-date: /home/melih/Desktop/AGV/install/agv_interfaces/include/agv_interfaces/agv_interfaces/srv/detail/learn_weight__struct.h
[2.277s] -- Up-to-date: /home/melih/Desktop/AGV/install/agv_interfaces/include/agv_interfaces/agv_interfaces/srv/detail/command__struct.h
[2.277s] -- Up-to-date: /home/melih/Desktop/AGV/install/agv_interfaces/include/agv_interfaces/agv_interfaces/srv/detail/learn_weight__type_support.h
[2.277s] -- Up-to-date: /home/melih/Desktop/AGV/install/agv_interfaces/include/agv_interfaces/agv_interfaces/srv/learn_weight.h
[2.279s] -- Up-to-date: /home/melih/Desktop/AGV/install/agv_interfaces/include/agv_interfaces/agv_interfaces/msg
[2.279s] -- Up-to-date: /home/melih/Desktop/AGV/install/agv_interfaces/include/agv_interfaces/agv_interfaces/msg/rosidl_generator_c__visibility_control.h
[2.279s] -- Up-to-date: /home/melih/Desktop/AGV/install/agv_interfaces/share/agv_interfaces/environment/library_path.sh
[2.279s] -- Up-to-date: /home/melih/Desktop/AGV/install/agv_interfaces/share/agv_interfaces/environment/library_path.dsv
[2.280s] -- Up-to-date: /home/melih/Desktop/AGV/install/agv_interfaces/lib/libagv_interfaces__rosidl_generator_c.so
[2.280s] -- Up-to-date: /home/melih/Desktop/AGV/install/agv_interfaces/include/agv_interfaces/agv_interfaces
[2.280s] -- Up-to-date: /home/melih/Desktop/AGV/install/agv_interfaces/include/agv_interfaces/agv_interfaces/srv
[2.281s] -- Up-to-date: /home/melih/Desktop/AGV/install/agv_interfaces/include/agv_interfaces/agv_interfaces/srv/detail
[2.282s] -- Up-to-date: /home/melih/Desktop/AGV/install/agv_interfaces/include/agv_interfaces/agv_interfaces/srv/detail/learn_weight__rosidl_typesupport_fastrtps_c.h
[2.282s] -- Up-to-date: /home/melih/Desktop/AGV/install/agv_interfaces/include/agv_interfaces/agv_interfaces/srv/detail/command__rosidl_typesupport_fastrtps_c.h
[2.283s] -- Up-to-date: /home/melih/Desktop/AGV/install/agv_interfaces/include/agv_interfaces/agv_interfaces/msg
[2.283s] -- Up-to-date: /home/melih/Desktop/AGV/install/agv_interfaces/include/agv_interfaces/agv_interfaces/msg/rosidl_typesupport_fastrtps_c__visibility_control.h
[2.284s] -- Up-to-date: /home/melih/Desktop/AGV/install/agv_interfaces/lib/libagv_interfaces__rosidl_typesupport_fastrtps_c.so
[2.284s] -- Up-to-date: /home/melih/Desktop/AGV/install/agv_interfaces/include/agv_interfaces/agv_interfaces
[2.284s] -- Up-to-date: /home/melih/Desktop/AGV/install/agv_interfaces/include/agv_interfaces/agv_interfaces/srv
[2.285s] -- Up-to-date: /home/melih/Desktop/AGV/install/agv_interfaces/include/agv_interfaces/agv_interfaces/srv/detail
[2.285s] -- Up-to-date: /home/melih/Desktop/AGV/install/agv_interfaces/include/agv_interfaces/agv_interfaces/srv/detail/command__rosidl_typesupport_introspection_c.h
[2.285s] -- Up-to-date: /home/melih/Desktop/AGV/install/agv_interfaces/include/agv_interfaces/agv_interfaces/srv/detail/command__type_support.c
[2.285s] -- Up-to-date: /home/melih/Desktop/AGV/install/agv_interfaces/include/agv_interfaces/agv_interfaces/srv/detail/learn_weight__type_support.c
[2.286s] -- Up-to-date: /home/melih/Desktop/AGV/install/agv_interfaces/include/agv_interfaces/agv_interfaces/srv/detail/learn_weight__rosidl_typesupport_introspection_c.h
[2.286s] -- Up-to-date: /home/melih/Desktop/AGV/install/agv_interfaces/include/agv_interfaces/agv_interfaces/msg
[2.286s] -- Up-to-date: /home/melih/Desktop/AGV/install/agv_interfaces/include/agv_interfaces/agv_interfaces/msg/rosidl_typesupport_introspection_c__visibility_control.h
[2.286s] -- Up-to-date: /home/melih/Desktop/AGV/install/agv_interfaces/lib/libagv_interfaces__rosidl_typesupport_introspection_c.so
[2.287s] -- Up-to-date: /home/melih/Desktop/AGV/install/agv_interfaces/lib/libagv_interfaces__rosidl_typesupport_c.so
[2.287s] -- Up-to-date: /home/melih/Desktop/AGV/install/agv_interfaces/include/agv_interfaces/agv_interfaces
[2.287s] -- Up-to-date: /home/melih/Desktop/AGV/install/agv_interfaces/include/agv_interfaces/agv_interfaces/srv
[2.287s] -- Up-to-date: /home/melih/Desktop/AGV/install/agv_interfaces/include/agv_interfaces/agv_interfaces/srv/learn_weight.hpp
[2.287s] -- Up-to-date: /home/melih/Desktop/AGV/install/agv_interfaces/include/agv_interfaces/agv_interfaces/srv/detail
[2.288s] -- Up-to-date: /home/melih/Desktop/AGV/install/agv_interfaces/include/agv_interfaces/agv_interfaces/srv/detail/learn_weight__struct.hpp
[2.288s] -- Up-to-date: /home/melih/Desktop/AGV/install/agv_interfaces/include/agv_interfaces/agv_interfaces/srv/detail/learn_weight__traits.hpp
[2.288s] -- Up-to-date: /home/melih/Desktop/AGV/install/agv_interfaces/include/agv_interfaces/agv_interfaces/srv/detail/command__struct.hpp
[2.289s] -- Up-to-date: /home/melih/Desktop/AGV/install/agv_interfaces/include/agv_interfaces/agv_interfaces/srv/detail/command__traits.hpp
[2.291s] -- Up-to-date: /home/melih/Desktop/AGV/install/agv_interfaces/include/agv_interfaces/agv_interfaces/srv/detail/learn_weight__builder.hpp
[2.291s] -- Up-to-date: /home/melih/Desktop/AGV/install/agv_interfaces/include/agv_interfaces/agv_interfaces/srv/detail/command__builder.hpp
[2.292s] -- Up-to-date: /home/melih/Desktop/AGV/install/agv_interfaces/include/agv_interfaces/agv_interfaces/srv/command.hpp
[2.292s] -- Up-to-date: /home/melih/Desktop/AGV/install/agv_interfaces/include/agv_interfaces/agv_interfaces
[2.292s] -- Up-to-date: /home/melih/Desktop/AGV/install/agv_interfaces/include/agv_interfaces/agv_interfaces/srv
[2.293s] -- Up-to-date: /home/melih/Desktop/AGV/install/agv_interfaces/include/agv_interfaces/agv_interfaces/srv/detail
[2.293s] -- Up-to-date: /home/melih/Desktop/AGV/install/agv_interfaces/include/agv_interfaces/agv_interfaces/srv/detail/dds_fastrtps
[2.295s] -- Up-to-date: /home/melih/Desktop/AGV/install/agv_interfaces/include/agv_interfaces/agv_interfaces/srv/detail/learn_weight__rosidl_typesupport_fastrtps_cpp.hpp
[2.296s] -- Up-to-date: /home/melih/Desktop/AGV/install/agv_interfaces/include/agv_interfaces/agv_interfaces/srv/detail/command__rosidl_typesupport_fastrtps_cpp.hpp
[2.296s] -- Up-to-date: /home/melih/Desktop/AGV/install/agv_interfaces/include/agv_interfaces/agv_interfaces/msg
[2.297s] -- Up-to-date: /home/melih/Desktop/AGV/install/agv_interfaces/include/agv_interfaces/agv_interfaces/msg/rosidl_typesupport_fastrtps_cpp__visibility_control.h
[2.297s] -- Up-to-date: /home/melih/Desktop/AGV/install/agv_interfaces/lib/libagv_interfaces__rosidl_typesupport_fastrtps_cpp.so
[2.297s] -- Up-to-date: /home/melih/Desktop/AGV/install/agv_interfaces/include/agv_interfaces/agv_interfaces
[2.297s] -- Up-to-date: /home/melih/Desktop/AGV/install/agv_interfaces/include/agv_interfaces/agv_interfaces/srv
[2.297s] -- Up-to-date: /home/melih/Desktop/AGV/install/agv_interfaces/include/agv_interfaces/agv_interfaces/srv/detail
[2.299s] -- Up-to-date: /home/melih/Desktop/AGV/install/agv_interfaces/include/agv_interfaces/agv_interfaces/srv/detail/command__rosidl_typesupport_introspection_cpp.hpp
[2.300s] -- Up-to-date: /home/melih/Desktop/AGV/install/agv_interfaces/include/agv_interfaces/agv_interfaces/srv/detail/learn_weight__rosidl_typesupport_introspection_cpp.hpp
[2.300s] -- Up-to-date: /home/melih/Desktop/AGV/install/agv_interfaces/include/agv_interfaces/agv_interfaces/srv/detail/command__type_support.cpp
[2.300s] -- Up-to-date: /home/melih/Desktop/AGV/install/agv_interfaces/include/agv_interfaces/agv_interfaces/srv/detail/learn_weight__type_support.cpp
[2.301s] -- Up-to-date: /home/melih/Desktop/AGV/install/agv_interfaces/lib/libagv_interfaces__rosidl_typesupport_introspection_cpp.so
[2.301s] -- Up-to-date: /home/melih/Desktop/AGV/install/agv_interfaces/lib/libagv_interfaces__rosidl_typesupport_cpp.so
[2.301s] -- Up-to-date: /home/melih/Desktop/AGV/install/agv_interfaces/share/agv_interfaces/environment/pythonpath.sh
[2.301s] -- Up-to-date: /home/melih/Desktop/AGV/install/agv_interfaces/share/agv_interfaces/environment/pythonpath.dsv
[2.302s] -- Up-to-date: /home/melih/Desktop/AGV/install/agv_interfaces/local/lib/python3.10/dist-packages/agv_interfaces-0.0.0-py3.10.egg-info
[2.302s] -- Installing: /home/melih/Desktop/AGV/install/agv_interfaces/local/lib/python3.10/dist-packages/agv_interfaces-0.0.0-py3.10.egg-info/PKG-INFO
[2.302s] -- Installing: /home/melih/Desktop/AGV/install/agv_interfaces/local/lib/python3.10/dist-packages/agv_interfaces-0.0.0-py3.10.egg-info/dependency_links.txt
[2.302s] -- Installing: /home/melih/Desktop/AGV/install/agv_interfaces/local/lib/python3.10/dist-packages/agv_interfaces-0.0.0-py3.10.egg-info/SOURCES.txt
[2.303s] -- Installing: /home/melih/Desktop/AGV/install/agv_interfaces/local/lib/python3.10/dist-packages/agv_interfaces-0.0.0-py3.10.egg-info/top_level.txt
[2.303s] -- Up-to-date: /home/melih/Desktop/AGV/install/agv_interfaces/local/lib/python3.10/dist-packages/agv_interfaces
[2.303s] -- Up-to-date: /home/melih/Desktop/AGV/install/agv_interfaces/local/lib/python3.10/dist-packages/agv_interfaces/__init__.py
[2.303s] -- Up-to-date: /home/melih/Desktop/AGV/install/agv_interfaces/local/lib/python3.10/dist-packages/agv_interfaces/libagv_interfaces__rosidl_generator_py.so
[2.304s] -- Up-to-date: /home/melih/Desktop/AGV/install/agv_interfaces/local/lib/python3.10/dist-packages/agv_interfaces/agv_interfaces_s__rosidl_typesupport_introspection_c.cpython-310-x86_64-linux-gnu.so
[2.304s] -- Up-to-date: /home/melih/Desktop/AGV/install/agv_interfaces/local/lib/python3.10/dist-packages/agv_interfaces/_agv_interfaces_s.ep.rosidl_typesupport_c.c
[2.304s] -- Up-to-date: /home/melih/Desktop/AGV/install/agv_interfaces/local/lib/python3.10/dist-packages/agv_interfaces/agv_interfaces_s__rosidl_typesupport_fastrtps_c.cpython-310-x86_64-linux-gnu.so
[2.304s] -- Up-to-date: /home/melih/Desktop/AGV/install/agv_interfaces/local/lib/python3.10/dist-packages/agv_interfaces/srv
[2.305s] -- Up-to-date: /home/melih/Desktop/AGV/install/agv_interfaces/local/lib/python3.10/dist-packages/agv_interfaces/srv/__init__.py
[2.305s] -- Up-to-date: /home/melih/Desktop/AGV/install/agv_interfaces/local/lib/python3.10/dist-packages/agv_interfaces/srv/_command.py
[2.305s] -- Up-to-date: /home/melih/Desktop/AGV/install/agv_interfaces/local/lib/python3.10/dist-packages/agv_interfaces/srv/_learn_weight.py
[2.309s] -- Up-to-date: /home/melih/Desktop/AGV/install/agv_interfaces/local/lib/python3.10/dist-packages/agv_interfaces/srv/_command_s.c
[2.309s] -- Up-to-date: /home/melih/Desktop/AGV/install/agv_interfaces/local/lib/python3.10/dist-packages/agv_interfaces/srv/_learn_weight_s.c
[2.309s] -- Up-to-date: /home/melih/Desktop/AGV/install/agv_interfaces/local/lib/python3.10/dist-packages/agv_interfaces/_agv_interfaces_s.ep.rosidl_typesupport_fastrtps_c.c
[2.309s] -- Up-to-date: /home/melih/Desktop/AGV/install/agv_interfaces/local/lib/python3.10/dist-packages/agv_interfaces/_agv_interfaces_s.ep.rosidl_typesupport_introspection_c.c
[2.313s] -- Up-to-date: /home/melih/Desktop/AGV/install/agv_interfaces/local/lib/python3.10/dist-packages/agv_interfaces/agv_interfaces_s__rosidl_typesupport_c.cpython-310-x86_64-linux-gnu.so
[2.451s] Listing '/home/melih/Desktop/AGV/install/agv_interfaces/local/lib/python3.10/dist-packages/agv_interfaces'...
[2.451s] Listing '/home/melih/Desktop/AGV/install/agv_interfaces/local/lib/python3.10/dist-packages/agv_interfaces/srv'...
[2.467s] -- Up-to-date: /home/melih/Desktop/AGV/install/agv_interfaces/local/lib/python3.10/dist-packages/agv_interfaces/agv_interfaces_s__rosidl_typesupport_fastrtps_c.cpython-310-x86_64-linux-gnu.so
[2.467s] -- Up-to-date: /home/melih/Desktop/AGV/install/agv_interfaces/local/lib/python3.10/dist-packages/agv_interfaces/agv_interfaces_s__rosidl_typesupport_introspection_c.cpython-310-x86_64-linux-gnu.so
[2.469s] -- Up-to-date: /home/melih/Desktop/AGV/install/agv_interfaces/local/lib/python3.10/dist-packages/agv_interfaces/agv_interfaces_s__rosidl_typesupport_c.cpython-310-x86_64-linux-gnu.so
[2.472s] -- Up-to-date: /home/melih/Desktop/AGV/install/agv_interfaces/lib/libagv_interfaces__rosidl_generator_py.so
[2.474s] -- Up-to-date: /home/melih/Desktop/AGV/install/agv_interfaces/share/agv_interfaces/srv/LearnWeight.idl
[2.476s] -- Up-to-date: /home/melih/Desktop/AGV/install/agv_interfaces/share/agv_interfaces/srv/Command.idl
[2.479s] -- Up-to-date: /home/melih/Desktop/AGV/install/agv_interfaces/share/agv_interfaces/srv/LearnWeight.srv
[2.481s] -- Up-to-date: /home/melih/Desktop/AGV/install/agv_interfaces/share/agv_interfaces/srv/LearnWeight_Request.msg
[2.481s] -- Up-to-date: /home/melih/Desktop/AGV/install/agv_interfaces/share/agv_interfaces/srv/LearnWeight_Response.msg
[2.482s] -- Up-to-date: /home/melih/Desktop/AGV/install/agv_interfaces/share/agv_interfaces/srv/Command.srv
[2.487s] -- Up-to-date: /home/melih/Desktop/AGV/install/agv_interfaces/share/agv_interfaces/srv/Command_Request.msg
[2.487s] -- Up-to-date: /home/melih/Desktop/AGV/install/agv_interfaces/share/agv_interfaces/srv/Command_Response.msg
[2.487s] -- Up-to-date: /home/melih/Desktop/AGV/install/agv_interfaces/share/ament_index/resource_index/package_run_dependencies/agv_interfaces
[2.487s] -- Up-to-date: /home/melih/Desktop/AGV/install/agv_interfaces/share/ament_index/resource_index/parent_prefix_path/agv_interfaces
[2.495s] -- Up-to-date: /home/melih/Desktop/AGV/install/agv_interfaces/share/agv_interfaces/environment/ament_prefix_path.sh
[2.496s] -- Up-to-date: /home/melih/Desktop/AGV/install/agv_interfaces/share/agv_interfaces/environment/ament_prefix_path.dsv
[2.496s] -- Up-to-date: /home/melih/Desktop/AGV/install/agv_interfaces/share/agv_interfaces/environment/path.sh
[2.496s] -- Up-to-date: /home/melih/Desktop/AGV/install/agv_interfaces/share/agv_interfaces/environment/path.dsv
[2.496s] -- Up-to-date: /home/melih/Desktop/AGV/install/agv_interfaces/share/agv_interfaces/local_setup.bash
[2.497s] -- Up-to-date: /home/melih/Desktop/AGV/install/agv_interfaces/share/agv_interfaces/local_setup.sh
[2.497s] -- Up-to-date: /home/melih/Desktop/AGV/install/agv_interfaces/share/agv_interfaces/local_setup.zsh
[2.497s] -- Up-to-date: /home/melih/Desktop/AGV/install/agv_interfaces/share/agv_interfaces/local_setup.dsv
[2.497s] -- Installing: /home/melih/Desktop/AGV/install/agv_interfaces/share/agv_interfaces/package.dsv
[2.503s] -- Up-to-date: /home/melih/Desktop/AGV/install/agv_interfaces/share/ament_index/resource_index/packages/agv_interfaces
[2.503s] -- Up-to-date: /home/melih/Desktop/AGV/install/agv_interfaces/share/agv_interfaces/cmake/export_agv_interfaces__rosidl_generator_cExport.cmake
[2.503s] -- Up-to-date: /home/melih/Desktop/AGV/install/agv_interfaces/share/agv_interfaces/cmake/export_agv_interfaces__rosidl_generator_cExport-noconfig.cmake
[2.504s] -- Up-to-date: /home/melih/Desktop/AGV/install/agv_interfaces/share/agv_interfaces/cmake/export_agv_interfaces__rosidl_typesupport_fastrtps_cExport.cmake
[2.504s] -- Up-to-date: /home/melih/Desktop/AGV/install/agv_interfaces/share/agv_interfaces/cmake/export_agv_interfaces__rosidl_typesupport_fastrtps_cExport-noconfig.cmake
[2.504s] -- Up-to-date: /home/melih/Desktop/AGV/install/agv_interfaces/share/agv_interfaces/cmake/agv_interfaces__rosidl_typesupport_introspection_cExport.cmake
[2.505s] -- Up-to-date: /home/melih/Desktop/AGV/install/agv_interfaces/share/agv_interfaces/cmake/agv_interfaces__rosidl_typesupport_introspection_cExport-noconfig.cmake
[2.505s] -- Up-to-date: /home/melih/Desktop/AGV/install/agv_interfaces/share/agv_interfaces/cmake/agv_interfaces__rosidl_typesupport_cExport.cmake
[2.505s] -- Up-to-date: /home/melih/Desktop/AGV/install/agv_interfaces/share/agv_interfaces/cmake/agv_interfaces__rosidl_typesupport_cExport-noconfig.cmake
[2.505s] -- Up-to-date: /home/melih/Desktop/AGV/install/agv_interfaces/share/agv_interfaces/cmake/export_agv_interfaces__rosidl_generator_cppExport.cmake
[2.508s] -- Up-to-date: /home/melih/Desktop/AGV/install/agv_interfaces/share/agv_interfaces/cmake/export_agv_interfaces__rosidl_typesupport_fastrtps_cppExport.cmake
[2.508s] -- Up-to-date: /home/melih/Desktop/AGV/install/agv_interfaces/share/agv_interfaces/cmake/export_agv_interfaces__rosidl_typesupport_fastrtps_cppExport-noconfig.cmake
[2.509s] -- Up-to-date: /home/melih/Desktop/AGV/install/agv_interfaces/share/agv_interfaces/cmake/agv_interfaces__rosidl_typesupport_introspection_cppExport.cmake
[2.509s] -- Up-to-date: /home/melih/Desktop/AGV/install/agv_interfaces/share/agv_interfaces/cmake/agv_interfaces__rosidl_typesupport_introspection_cppExport-noconfig.cmake
[2.509s] -- Up-to-date: /home/melih/Desktop/AGV/install/agv_interfaces/share/agv_interfaces/cmake/agv_interfaces__rosidl_typesupport_cppExport.cmake
[2.509s] -- Up-to-date: /home/melih/Desktop/AGV/install/agv_interfaces/share/agv_interfaces/cmake/agv_interfaces__rosidl_typesupport_cppExport-noconfig.cmake
[2.513s] -- Up-to-date: /home/melih/Desktop/AGV/install/agv_interfaces/share/agv_interfaces/cmake/export_agv_interfaces__rosidl_generator_pyExport.cmake
[2.513s] -- Up-to-date: /home/melih/Desktop/AGV/install/agv_interfaces/share/agv_interfaces/cmake/export_agv_interfaces__rosidl_generator_pyExport-noconfig.cmake
[2.513s] -- Up-to-date: /home/melih/Desktop/AGV/install/agv_interfaces/share/agv_interfaces/cmake/rosidl_cmake-extras.cmake
[2.513s] -- Up-to-date: /home/melih/Desktop/AGV/install/agv_interfaces/share/agv_interfaces/cmake/ament_cmake_export_include_directories-extras.cmake
[2.514s] -- Up-to-date: /home/melih/Desktop/AGV/install/agv_interfaces/share/agv_interfaces/cmake/ament_cmake_export_libraries-extras.cmake
[2.514s] -- Up-to-date: /home/melih/Desktop/AGV/install/agv_interfaces/share/agv_interfaces/cmake/ament_cmake_export_targets-extras.cmake
[2.514s] -- Up-to-date: /home/melih/Desktop/AGV/install/agv_interfaces/share/agv_interfaces/cmake/rosidl_cmake_export_typesupport_targets-extras.cmake
[2.515s] -- Up-to-date: /home/melih/Desktop/AGV/install/agv_interfaces/share/agv_interfaces/cmake/ament_cmake_export_dependencies-extras.cmake
[2.515s] -- Up-to-date: /home/melih/Desktop/AGV/install/agv_interfaces/share/agv_interfaces/cmake/rosidl_cmake_export_typesupport_libraries-extras.cmake
[2.515s] -- Up-to-date: /home/melih/Desktop/AGV/install/agv_interfaces/share/agv_interfaces/cmake/agv_interfacesConfig.cmake
[2.515s] -- Up-to-date: /home/melih/Desktop/AGV/install/agv_interfaces/share/agv_interfaces/cmake/agv_interfacesConfig-version.cmake
[2.515s] -- Up-to-date: /home/melih/Desktop/AGV/install/agv_interfaces/share/agv_interfaces/package.xml
[2.520s] Invoked command in '/home/melih/Desktop/AGV/build/agv_interfaces' returned '0': CMAKE_PREFIX_PATH=${CMAKE_PREFIX_PATH}:/home/melih/Desktop/AGV/install/agv_py:/home/melih/Desktop/ros_lifecycle_node/install/lifecycle_node_py:/home/melih/Desktop/ros_example/turtlesim_project/install/turtlesim_py:/home/melih/Desktop/ros_example/edouard_turtlesim_project/install/turtlesim_catch_them_all:/home/melih/Desktop/ros_example/battery_led_states/install/package_py:/home/melih/Desktop/ros_py/install/my_robot:/home/melih/Desktop/ros_action/install/actions_py:/opt/ros/humble /usr/bin/cmake --install /home/melih/Desktop/AGV/build/agv_interfaces
