[2.444s] Invoking command in '/home/melih/Desktop/AGV/src/agv_py': PYTHONPATH=/home/melih/Desktop/AGV/build/agv_py/prefix_override:/home/melih/.local/lib/python3.10/site-packages/colcon_core/task/python/colcon_distutils_commands:/home/melih/Desktop/AGV/install/agv_py/lib/python3.10/site-packages:${PYTHONPATH} /usr/bin/python3 -W ignore:setup.py install is deprecated setup.py egg_info --egg-base ../../build/agv_py build --build-base /home/melih/Desktop/AGV/build/agv_py/build install --record /home/melih/Desktop/AGV/build/agv_py/install.log --single-version-externally-managed install_data
[3.118s] running egg_info
[3.119s] writing ../../build/agv_py/agv_py.egg-info/PKG-INFO
[3.120s] writing dependency_links to ../../build/agv_py/agv_py.egg-info/dependency_links.txt
[3.120s] writing entry points to ../../build/agv_py/agv_py.egg-info/entry_points.txt
[3.121s] writing requirements to ../../build/agv_py/agv_py.egg-info/requires.txt
[3.121s] writing top-level names to ../../build/agv_py/agv_py.egg-info/top_level.txt
[3.124s] reading manifest file '../../build/agv_py/agv_py.egg-info/SOURCES.txt'
[3.264s] writing manifest file '../../build/agv_py/agv_py.egg-info/SOURCES.txt'
[3.265s] running build
[3.265s] running build_py
[3.265s] copying agv_py/deneyap_motor_controller.py -> /home/melih/Desktop/AGV/build/agv_py/build/lib/agv_py
[3.314s] running install
[3.314s] running install_lib
[3.361s] copying /home/melih/Desktop/AGV/build/agv_py/build/lib/agv_py/deneyap_motor_controller.py -> /home/melih/Desktop/AGV/install/agv_py/lib/python3.10/site-packages/agv_py
[3.363s] byte-compiling /home/melih/Desktop/AGV/install/agv_py/lib/python3.10/site-packages/agv_py/deneyap_motor_controller.py to deneyap_motor_controller.cpython-310.pyc
[3.366s] running install_data
[3.366s] running install_egg_info
[3.370s] removing '/home/melih/Desktop/AGV/install/agv_py/lib/python3.10/site-packages/agv_py-0.0.0-py3.10.egg-info' (and everything under it)
[3.371s] Copying ../../build/agv_py/agv_py.egg-info to /home/melih/Desktop/AGV/install/agv_py/lib/python3.10/site-packages/agv_py-0.0.0-py3.10.egg-info
[3.374s] running install_scripts
[3.421s] Installing deneyap_motor_controller script to /home/melih/Desktop/AGV/install/agv_py/lib/agv_py
[3.421s] Installing deneyap_sensor_controller script to /home/melih/Desktop/AGV/install/agv_py/lib/agv_py
[3.422s] Installing interface script to /home/melih/Desktop/AGV/install/agv_py/lib/agv_py
[3.422s] Installing lidar_web_example script to /home/melih/Desktop/AGV/install/agv_py/lib/agv_py
[3.423s] Installing qrcode script to /home/melih/Desktop/AGV/install/agv_py/lib/agv_py
[3.423s] Installing web_interface script to /home/melih/Desktop/AGV/install/agv_py/lib/agv_py
[3.424s] writing list of installed files to '/home/melih/Desktop/AGV/build/agv_py/install.log'
[3.482s] Invoked command in '/home/melih/Desktop/AGV/src/agv_py' returned '0': PYTHONPATH=/home/melih/Desktop/AGV/build/agv_py/prefix_override:/home/melih/.local/lib/python3.10/site-packages/colcon_core/task/python/colcon_distutils_commands:/home/melih/Desktop/AGV/install/agv_py/lib/python3.10/site-packages:${PYTHONPATH} /usr/bin/python3 -W ignore:setup.py install is deprecated setup.py egg_info --egg-base ../../build/agv_py build --build-base /home/melih/Desktop/AGV/build/agv_py/build install --record /home/melih/Desktop/AGV/build/agv_py/install.log --single-version-externally-managed install_data
