[3.763s] Invoking command in '/home/melih/Desktop/AGV/src/agv_py': PYTHONPATH=/home/melih/Desktop/AGV/build/agv_py/prefix_override:/home/melih/.local/lib/python3.10/site-packages/colcon_core/task/python/colcon_distutils_commands:/home/melih/Desktop/AGV/install/agv_py/lib/python3.10/site-packages:${PYTHONPATH} /usr/bin/python3 -W ignore:setup.py install is deprecated setup.py egg_info --egg-base ../../build/agv_py build --build-base /home/melih/Desktop/AGV/build/agv_py/build install --record /home/melih/Desktop/AGV/build/agv_py/install.log --single-version-externally-managed install_data
[4.859s] running egg_info
[4.867s] writing ../../build/agv_py/agv_py.egg-info/PKG-INFO
[4.867s] writing dependency_links to ../../build/agv_py/agv_py.egg-info/dependency_links.txt
[4.867s] writing entry points to ../../build/agv_py/agv_py.egg-info/entry_points.txt
[4.868s] writing requirements to ../../build/agv_py/agv_py.egg-info/requires.txt
[4.868s] writing top-level names to ../../build/agv_py/agv_py.egg-info/top_level.txt
[4.870s] reading manifest file '../../build/agv_py/agv_py.egg-info/SOURCES.txt'
[4.872s] writing manifest file '../../build/agv_py/agv_py.egg-info/SOURCES.txt'
[4.872s] running build
[4.873s] running build_py
[4.874s] running install
[4.876s] running install_lib
[4.885s] running install_data
[4.886s] running install_egg_info
[4.896s] removing '/home/melih/Desktop/AGV/install/agv_py/lib/python3.10/site-packages/agv_py-0.0.0-py3.10.egg-info' (and everything under it)
[4.896s] Copying ../../build/agv_py/agv_py.egg-info to /home/melih/Desktop/AGV/install/agv_py/lib/python3.10/site-packages/agv_py-0.0.0-py3.10.egg-info
[4.898s] running install_scripts
[4.973s] Installing deneyap_motor_controller script to /home/melih/Desktop/AGV/install/agv_py/lib/agv_py
[4.974s] Installing deneyap_sensor_controller script to /home/melih/Desktop/AGV/install/agv_py/lib/agv_py
[4.974s] Installing interface script to /home/melih/Desktop/AGV/install/agv_py/lib/agv_py
[4.974s] Installing lidar_web_example script to /home/melih/Desktop/AGV/install/agv_py/lib/agv_py
[4.975s] Installing qrcode script to /home/melih/Desktop/AGV/install/agv_py/lib/agv_py
[4.977s] Installing web_interface script to /home/melih/Desktop/AGV/install/agv_py/lib/agv_py
[4.977s] writing list of installed files to '/home/melih/Desktop/AGV/build/agv_py/install.log'
[5.092s] Invoked command in '/home/melih/Desktop/AGV/src/agv_py' returned '0': PYTHONPATH=/home/melih/Desktop/AGV/build/agv_py/prefix_override:/home/melih/.local/lib/python3.10/site-packages/colcon_core/task/python/colcon_distutils_commands:/home/melih/Desktop/AGV/install/agv_py/lib/python3.10/site-packages:${PYTHONPATH} /usr/bin/python3 -W ignore:setup.py install is deprecated setup.py egg_info --egg-base ../../build/agv_py build --build-base /home/melih/Desktop/AGV/build/agv_py/build install --record /home/melih/Desktop/AGV/build/agv_py/install.log --single-version-externally-managed install_data
